[2022-10-02 21:32:16,778] ----------------------------------------------------------------------------------------------------
[2022-10-02 21:32:16,779] Start training for the following setup:
[2022-10-02 21:32:16,779] 	model: spacy
[2022-10-02 21:32:16,779] 	data: ['tempeval_2_italian', 'ancient_time_italian', 'meantime_italian', 'narrative_container']
[2022-10-02 21:32:16,779] 	language: it
[2022-10-02 21:32:16,779] 	n_epochs: 15
[2022-10-02 21:32:16,779] 	dropout: 0.0
[2022-10-02 21:32:16,779] 	batch_size: None
[2022-10-02 21:32:16,779] 	learning_rate: None
[2022-10-02 21:32:16,779] 	embeddings: None
[2022-10-02 21:32:16,779] 	models_path: /home/hugosousa/Projects/tei2go/models
[2022-10-02 21:32:16,779] 	resources_path: /home/hugosousa/Projects/tei2go/resources
[2022-10-02 21:32:16,779] 	logs_path: /home/hugosousa/Projects/tei2go/logs
[2022-10-02 21:32:16,779] 	data_path: /home/hugosousa/Projects/tei2go/data
[2022-10-02 21:32:16,779] 	gpu: False
[2022-10-02 21:32:16,779] Found preprocessed data.
[2022-10-02 21:32:16,781] Corpus statistics:
[2022-10-02 21:32:16,781] 	Train:
[2022-10-02 21:32:16,781] 		# sentences: 753
[2022-10-02 21:32:16,781] 		# timexs: 1105
[2022-10-02 21:32:16,781] 	Validation:
[2022-10-02 21:32:16,781] 		# sentences: 103
[2022-10-02 21:32:16,781] 		# timexs: 153
[2022-10-02 21:32:16,781] Initializing model for language it.
[2022-10-02 21:32:16,866] Started train loop with id 20221002213216
[2022-10-02 21:32:16,868] Created vocabulary
[2022-10-02 21:32:16,869] Finished initializing nlp object
[2022-10-02 21:32:16,920]       |Loss 	|F1
[2022-10-02 21:32:16,920] Epoch |Train	|Train	|Validation
[2022-10-02 21:32:25,352]     1 |1.928	|0.6034	|0.5145
[2022-10-02 21:32:33,595]     2 |0.762	|0.7994	|0.4655
[2022-10-02 21:32:41,766]     3 |0.457	|0.8693	|0.5405
[2022-10-02 21:32:50,080]     4 |0.321	|0.8820	|0.5419
[2022-10-02 21:32:58,260]     5 |0.235	|0.9227	|0.6000
[2022-10-02 21:33:06,438]     6 |0.191	|0.9228	|0.5651
[2022-10-02 21:33:14,664]     7 |0.185	|0.9567	|0.6195
[2022-10-02 21:33:22,915]     8 |0.120	|0.9488	|0.5959
[2022-10-02 21:33:31,146]     9 |0.118	|0.9547	|0.5356
[2022-10-02 21:33:39,509]    10 |0.130	|0.9485	|0.5466
[2022-10-02 21:33:39,511] Training done.
[2022-10-02 21:33:39,511] Best validation f1: 0.6195
[2022-10-02 21:33:39,511] ----------------------------------------------------------------------------------------------------
[2022-10-02 21:33:41,240] ----------------------------------------------------------------------------------------------------
[2022-10-02 21:33:41,240] Start training for the following setup:
[2022-10-02 21:33:41,240] 	model: spacy
[2022-10-02 21:33:41,240] 	data: ['tempeval_2_italian', 'ancient_time_italian', 'meantime_italian', 'narrative_container']
[2022-10-02 21:33:41,240] 	language: it
[2022-10-02 21:33:41,240] 	n_epochs: 15
[2022-10-02 21:33:41,240] 	dropout: 0.1
[2022-10-02 21:33:41,240] 	batch_size: None
[2022-10-02 21:33:41,240] 	learning_rate: None
[2022-10-02 21:33:41,240] 	embeddings: None
[2022-10-02 21:33:41,240] 	models_path: /home/hugosousa/Projects/tei2go/models
[2022-10-02 21:33:41,240] 	resources_path: /home/hugosousa/Projects/tei2go/resources
[2022-10-02 21:33:41,240] 	logs_path: /home/hugosousa/Projects/tei2go/logs
[2022-10-02 21:33:41,240] 	data_path: /home/hugosousa/Projects/tei2go/data
[2022-10-02 21:33:41,240] 	gpu: False
[2022-10-02 21:33:41,240] Found preprocessed data.
[2022-10-02 21:33:41,242] Corpus statistics:
[2022-10-02 21:33:41,242] 	Train:
[2022-10-02 21:33:41,242] 		# sentences: 753
[2022-10-02 21:33:41,243] 		# timexs: 1105
[2022-10-02 21:33:41,243] 	Validation:
[2022-10-02 21:33:41,243] 		# sentences: 103
[2022-10-02 21:33:41,243] 		# timexs: 153
[2022-10-02 21:33:41,243] Initializing model for language it.
[2022-10-02 21:33:41,325] Started train loop with id 20221002213341
[2022-10-02 21:33:41,327] Created vocabulary
[2022-10-02 21:33:41,328] Finished initializing nlp object
[2022-10-02 21:33:41,379]       |Loss 	|F1
[2022-10-02 21:33:41,379] Epoch |Train	|Train	|Validation
[2022-10-02 21:33:50,068]     1 |2.093	|0.5772	|0.4659
[2022-10-02 21:33:58,606]     2 |0.891	|0.7406	|0.4878
[2022-10-02 21:34:07,068]     3 |0.706	|0.8147	|0.4984
[2022-10-02 21:34:15,645]     4 |0.485	|0.8691	|0.5400
[2022-10-02 21:34:24,066]     5 |0.375	|0.8933	|0.5625
[2022-10-02 21:34:32,466]     6 |0.342	|0.9115	|0.6337
[2022-10-02 21:34:40,931]     7 |0.275	|0.9273	|0.5590
[2022-10-02 21:34:49,358]     8 |0.257	|0.9450	|0.5537
[2022-10-02 21:34:57,839]     9 |0.210	|0.9502	|0.5724
[2022-10-02 21:34:57,841] Training done.
[2022-10-02 21:34:57,841] Best validation f1: 0.6337
[2022-10-02 21:34:57,841] ----------------------------------------------------------------------------------------------------
[2022-10-02 21:34:59,561] ----------------------------------------------------------------------------------------------------
[2022-10-02 21:34:59,562] Start training for the following setup:
[2022-10-02 21:34:59,562] 	model: spacy
[2022-10-02 21:34:59,562] 	data: ['tempeval_2_italian', 'ancient_time_italian', 'meantime_italian', 'narrative_container']
[2022-10-02 21:34:59,562] 	language: it
[2022-10-02 21:34:59,562] 	n_epochs: 15
[2022-10-02 21:34:59,562] 	dropout: 0.2
[2022-10-02 21:34:59,562] 	batch_size: None
[2022-10-02 21:34:59,562] 	learning_rate: None
[2022-10-02 21:34:59,562] 	embeddings: None
[2022-10-02 21:34:59,562] 	models_path: /home/hugosousa/Projects/tei2go/models
[2022-10-02 21:34:59,562] 	resources_path: /home/hugosousa/Projects/tei2go/resources
[2022-10-02 21:34:59,562] 	logs_path: /home/hugosousa/Projects/tei2go/logs
[2022-10-02 21:34:59,562] 	data_path: /home/hugosousa/Projects/tei2go/data
[2022-10-02 21:34:59,562] 	gpu: False
[2022-10-02 21:34:59,562] Found preprocessed data.
[2022-10-02 21:34:59,564] Corpus statistics:
[2022-10-02 21:34:59,564] 	Train:
[2022-10-02 21:34:59,564] 		# sentences: 753
[2022-10-02 21:34:59,564] 		# timexs: 1105
[2022-10-02 21:34:59,564] 	Validation:
[2022-10-02 21:34:59,564] 		# sentences: 103
[2022-10-02 21:34:59,564] 		# timexs: 153
[2022-10-02 21:34:59,564] Initializing model for language it.
[2022-10-02 21:34:59,647] Started train loop with id 20221002213459
[2022-10-02 21:34:59,650] Created vocabulary
[2022-10-02 21:34:59,650] Finished initializing nlp object
[2022-10-02 21:34:59,702]       |Loss 	|F1
[2022-10-02 21:34:59,703] Epoch |Train	|Train	|Validation
[2022-10-02 21:35:08,431]     1 |2.247	|0.4958	|0.4332
[2022-10-02 21:35:16,970]     2 |1.072	|0.6700	|0.3893
[2022-10-02 21:35:25,406]     3 |0.788	|0.7073	|0.4387
[2022-10-02 21:35:33,969]     4 |0.670	|0.7639	|0.4952
[2022-10-02 21:35:42,382]     5 |0.546	|0.8439	|0.6291
[2022-10-02 21:35:50,834]     6 |0.474	|0.8997	|0.5965
[2022-10-02 21:35:59,307]     7 |0.429	|0.8824	|0.6111
[2022-10-02 21:36:07,754]     8 |0.372	|0.9210	|0.5987
[2022-10-02 21:36:07,756] Training done.
[2022-10-02 21:36:07,758] Best validation f1: 0.6291
[2022-10-02 21:36:07,758] ----------------------------------------------------------------------------------------------------
[2022-10-02 21:36:09,493] ----------------------------------------------------------------------------------------------------
[2022-10-02 21:36:09,493] Start training for the following setup:
[2022-10-02 21:36:09,493] 	model: spacy
[2022-10-02 21:36:09,493] 	data: ['tempeval_2_italian', 'ancient_time_italian', 'meantime_italian', 'narrative_container']
[2022-10-02 21:36:09,493] 	language: it
[2022-10-02 21:36:09,493] 	n_epochs: 15
[2022-10-02 21:36:09,493] 	dropout: 0.3
[2022-10-02 21:36:09,493] 	batch_size: None
[2022-10-02 21:36:09,494] 	learning_rate: None
[2022-10-02 21:36:09,494] 	embeddings: None
[2022-10-02 21:36:09,494] 	models_path: /home/hugosousa/Projects/tei2go/models
[2022-10-02 21:36:09,494] 	resources_path: /home/hugosousa/Projects/tei2go/resources
[2022-10-02 21:36:09,494] 	logs_path: /home/hugosousa/Projects/tei2go/logs
[2022-10-02 21:36:09,494] 	data_path: /home/hugosousa/Projects/tei2go/data
[2022-10-02 21:36:09,494] 	gpu: False
[2022-10-02 21:36:09,494] Found preprocessed data.
[2022-10-02 21:36:09,496] Corpus statistics:
[2022-10-02 21:36:09,496] 	Train:
[2022-10-02 21:36:09,496] 		# sentences: 753
[2022-10-02 21:36:09,496] 		# timexs: 1105
[2022-10-02 21:36:09,496] 	Validation:
[2022-10-02 21:36:09,496] 		# sentences: 103
[2022-10-02 21:36:09,496] 		# timexs: 153
[2022-10-02 21:36:09,496] Initializing model for language it.
[2022-10-02 21:36:09,579] Started train loop with id 20221002213609
[2022-10-02 21:36:09,581] Created vocabulary
[2022-10-02 21:36:09,582] Finished initializing nlp object
[2022-10-02 21:36:09,634]       |Loss 	|F1
[2022-10-02 21:36:09,634] Epoch |Train	|Train	|Validation
[2022-10-02 21:36:18,273]     1 |2.338	|0.4643	|0.3922
[2022-10-02 21:36:26,754]     2 |1.212	|0.6288	|0.4158
[2022-10-02 21:36:35,195]     3 |0.921	|0.7081	|0.4814
[2022-10-02 21:36:43,771]     4 |0.818	|0.7438	|0.5051
[2022-10-02 21:36:52,213]     5 |0.713	|0.8092	|0.6284
[2022-10-02 21:37:00,673]     6 |0.604	|0.8503	|0.5887
[2022-10-02 21:37:09,159]     7 |0.528	|0.8457	|0.6007
[2022-10-02 21:37:17,657]     8 |0.509	|0.8670	|0.6209
[2022-10-02 21:37:17,658] Training done.
[2022-10-02 21:37:17,659] Best validation f1: 0.6284
[2022-10-02 21:37:17,659] ----------------------------------------------------------------------------------------------------
[2022-10-02 21:37:19,410] ----------------------------------------------------------------------------------------------------
[2022-10-02 21:37:19,411] Start training for the following setup:
[2022-10-02 21:37:19,411] 	model: spacy
[2022-10-02 21:37:19,411] 	data: ['tempeval_2_italian', 'ancient_time_italian', 'meantime_italian', 'narrative_container']
[2022-10-02 21:37:19,411] 	language: it
[2022-10-02 21:37:19,411] 	n_epochs: 15
[2022-10-02 21:37:19,411] 	dropout: 0.4
[2022-10-02 21:37:19,411] 	batch_size: None
[2022-10-02 21:37:19,411] 	learning_rate: None
[2022-10-02 21:37:19,411] 	embeddings: None
[2022-10-02 21:37:19,411] 	models_path: /home/hugosousa/Projects/tei2go/models
[2022-10-02 21:37:19,411] 	resources_path: /home/hugosousa/Projects/tei2go/resources
[2022-10-02 21:37:19,411] 	logs_path: /home/hugosousa/Projects/tei2go/logs
[2022-10-02 21:37:19,411] 	data_path: /home/hugosousa/Projects/tei2go/data
[2022-10-02 21:37:19,411] 	gpu: False
[2022-10-02 21:37:19,411] Found preprocessed data.
[2022-10-02 21:37:19,413] Corpus statistics:
[2022-10-02 21:37:19,413] 	Train:
[2022-10-02 21:37:19,413] 		# sentences: 753
[2022-10-02 21:37:19,413] 		# timexs: 1105
[2022-10-02 21:37:19,413] 	Validation:
[2022-10-02 21:37:19,413] 		# sentences: 103
[2022-10-02 21:37:19,413] 		# timexs: 153
[2022-10-02 21:37:19,413] Initializing model for language it.
[2022-10-02 21:37:19,498] Started train loop with id 20221002213719
[2022-10-02 21:37:19,501] Created vocabulary
[2022-10-02 21:37:19,501] Finished initializing nlp object
[2022-10-02 21:37:19,553]       |Loss 	|F1
[2022-10-02 21:37:19,554] Epoch |Train	|Train	|Validation
[2022-10-02 21:37:28,338]     1 |2.421	|0.3200	|0.2222
[2022-10-02 21:37:36,972]     2 |1.354	|0.4750	|0.3284
[2022-10-02 21:37:45,506]     3 |1.160	|0.6373	|0.4554
[2022-10-02 21:37:54,162]     4 |1.007	|0.6457	|0.4126
[2022-10-02 21:38:02,649]     5 |0.867	|0.7478	|0.5467
[2022-10-02 21:38:11,157]     6 |0.772	|0.7787	|0.5915
[2022-10-02 21:38:19,602]     7 |0.706	|0.7932	|0.5584
[2022-10-02 21:38:28,015]     8 |0.636	|0.8119	|0.6040
[2022-10-02 21:38:36,499]     9 |0.591	|0.8450	|0.6098
[2022-10-02 21:38:44,994]    10 |0.530	|0.8432	|0.6485
[2022-10-02 21:38:53,431]    11 |0.550	|0.8569	|0.6019
[2022-10-02 21:39:01,925]    12 |0.471	|0.8767	|0.6776
[2022-10-02 21:39:10,445]    13 |0.459	|0.8769	|0.6078
[2022-10-02 21:39:18,973]    14 |0.447	|0.9050	|0.6115
[2022-10-02 21:39:27,395]    15 |0.407	|0.8625	|0.5800
[2022-10-02 21:39:27,397] Training done.
[2022-10-02 21:39:27,397] Best validation f1: 0.6776
[2022-10-02 21:39:27,397] ----------------------------------------------------------------------------------------------------
[2022-10-02 21:39:29,124] ----------------------------------------------------------------------------------------------------
[2022-10-02 21:39:29,124] Start training for the following setup:
[2022-10-02 21:39:29,125] 	model: spacy
[2022-10-02 21:39:29,125] 	data: ['tempeval_2_italian', 'ancient_time_italian', 'meantime_italian', 'narrative_container']
[2022-10-02 21:39:29,125] 	language: it
[2022-10-02 21:39:29,125] 	n_epochs: 15
[2022-10-02 21:39:29,125] 	dropout: 0.5
[2022-10-02 21:39:29,125] 	batch_size: None
[2022-10-02 21:39:29,125] 	learning_rate: None
[2022-10-02 21:39:29,125] 	embeddings: None
[2022-10-02 21:39:29,125] 	models_path: /home/hugosousa/Projects/tei2go/models
[2022-10-02 21:39:29,125] 	resources_path: /home/hugosousa/Projects/tei2go/resources
[2022-10-02 21:39:29,125] 	logs_path: /home/hugosousa/Projects/tei2go/logs
[2022-10-02 21:39:29,125] 	data_path: /home/hugosousa/Projects/tei2go/data
[2022-10-02 21:39:29,125] 	gpu: False
[2022-10-02 21:39:29,125] Found preprocessed data.
[2022-10-02 21:39:29,127] Corpus statistics:
[2022-10-02 21:39:29,127] 	Train:
[2022-10-02 21:39:29,127] 		# sentences: 753
[2022-10-02 21:39:29,127] 		# timexs: 1105
[2022-10-02 21:39:29,127] 	Validation:
[2022-10-02 21:39:29,127] 		# sentences: 103
[2022-10-02 21:39:29,127] 		# timexs: 153
[2022-10-02 21:39:29,127] Initializing model for language it.
[2022-10-02 21:39:29,210] Started train loop with id 20221002213929
[2022-10-02 21:39:29,213] Created vocabulary
[2022-10-02 21:39:29,213] Finished initializing nlp object
[2022-10-02 21:39:29,265]       |Loss 	|F1
[2022-10-02 21:39:29,265] Epoch |Train	|Train	|Validation
[2022-10-02 21:39:37,930]     1 |2.515	|0.0862	|0.0128
[2022-10-02 21:39:46,404]     2 |1.593	|0.4785	|0.3004
[2022-10-02 21:39:54,825]     3 |1.314	|0.5724	|0.3974
[2022-10-02 21:40:03,372]     4 |1.157	|0.6036	|0.4321
[2022-10-02 21:40:11,789]     5 |1.061	|0.6611	|0.4898
[2022-10-02 21:40:20,226]     6 |0.961	|0.7100	|0.5101
[2022-10-02 21:40:28,721]     7 |0.915	|0.7102	|0.5513
[2022-10-02 21:40:37,200]     8 |0.848	|0.7305	|0.5472
[2022-10-02 21:40:45,708]     9 |0.777	|0.7678	|0.5292
[2022-10-02 21:40:54,192]    10 |0.794	|0.7878	|0.5894
[2022-10-02 21:41:02,645]    11 |0.699	|0.7731	|0.5226
[2022-10-02 21:41:11,127]    12 |0.646	|0.7922	|0.5472
[2022-10-02 21:41:19,639]    13 |0.613	|0.8202	|0.5935
[2022-10-02 21:41:28,212]    14 |0.554	|0.8345	|0.6078
[2022-10-02 21:41:36,697]    15 |0.577	|0.7683	|0.5190
[2022-10-02 21:41:36,699] Training done.
[2022-10-02 21:41:36,699] Best validation f1: 0.6078
[2022-10-02 21:41:36,699] ----------------------------------------------------------------------------------------------------
[2022-10-14 15:17:28,036] ----------------------------------------------------------------------------------------------------
[2022-10-14 15:17:28,039] Start training for the following setup:
[2022-10-14 15:17:28,039] 	model: spacy
[2022-10-14 15:17:28,039] 	data: ['tempeval_2_italian', 'ancient_time_italian', 'meantime_italian', 'narrative_container']
[2022-10-14 15:17:28,039] 	language: it
[2022-10-14 15:17:28,039] 	n_epochs: 30
[2022-10-14 15:17:28,039] 	dropout: 0.2
[2022-10-14 15:17:28,039] 	learning_rate: None
[2022-10-14 15:17:28,039] 	trans_hidden_width: 8
[2022-10-14 15:17:28,039] 	trans_maxout_pieces: 3
[2022-10-14 15:17:28,039] 	trans_use_upper: True
[2022-10-14 15:17:28,039] 	embed_width: 300
[2022-10-14 15:17:28,039] 	embed_depth: 3
[2022-10-14 15:17:28,039] 	embed_size: 9000
[2022-10-14 15:17:28,039] 	embed_window_size: 2
[2022-10-14 15:17:28,039] 	embed_maxout_pieces: 3
[2022-10-14 15:17:28,040] 	embed_subword_features: True
[2022-10-14 15:17:28,040] 	models_path: /home/hugosousa/Projects/tei2go/models
[2022-10-14 15:17:28,040] 	resources_path: /home/hugosousa/Projects/tei2go/resources
[2022-10-14 15:17:28,040] 	logs_path: /home/hugosousa/Projects/tei2go/logs
[2022-10-14 15:17:28,040] 	data_path: /home/hugosousa/Projects/tei2go/data
[2022-10-14 15:17:28,040] 	gpu: False
[2022-10-14 15:17:28,040] Found preprocessed data.
[2022-10-14 15:17:28,048] Corpus statistics:
[2022-10-14 15:17:28,048] 	Train:
[2022-10-14 15:17:28,048] 		# sentences: 753
[2022-10-14 15:17:28,049] 		# timexs: 1105
[2022-10-14 15:17:28,049] 	Validation:
[2022-10-14 15:17:28,049] 		# sentences: 103
[2022-10-14 15:17:28,049] 		# timexs: 153
[2022-10-14 15:17:28,049] Initializing model for language it.
[2022-10-14 15:17:28,142] Started train loop with id 20221014151728
[2022-10-14 15:17:28,144] Created vocabulary
[2022-10-14 15:17:28,145] Finished initializing nlp object
[2022-10-14 15:17:28,265]       |Loss 	|F1
[2022-10-14 15:17:28,265] Epoch |Train	|Train	|Validation
[2022-10-14 15:18:08,685]     1 |2.301	|0.4299	|0.5818
[2022-10-14 15:18:49,717]     2 |1.020	|0.6873	|0.4686
[2022-10-14 15:19:29,374]     3 |0.614	|0.8166	|0.5541
[2022-10-14 15:20:11,850]     4 |0.439	|0.8883	|0.5786
[2022-10-14 15:20:11,856] Training done.
[2022-10-14 15:20:11,856] Best validation f1: 0.5818
[2022-10-14 15:20:11,856] ----------------------------------------------------------------------------------------------------
[2022-10-14 15:20:13,727] ----------------------------------------------------------------------------------------------------
[2022-10-14 15:20:13,727] Start training for the following setup:
[2022-10-14 15:20:13,727] 	model: spacy
[2022-10-14 15:20:13,727] 	data: ['tempeval_2_italian', 'ancient_time_italian', 'meantime_italian', 'narrative_container']
[2022-10-14 15:20:13,728] 	language: it
[2022-10-14 15:20:13,728] 	n_epochs: 30
[2022-10-14 15:20:13,728] 	dropout: 0.0
[2022-10-14 15:20:13,728] 	learning_rate: None
[2022-10-14 15:20:13,728] 	trans_hidden_width: 64
[2022-10-14 15:20:13,728] 	trans_maxout_pieces: 2
[2022-10-14 15:20:13,728] 	trans_use_upper: True
[2022-10-14 15:20:13,728] 	embed_width: 128
[2022-10-14 15:20:13,728] 	embed_depth: 2
[2022-10-14 15:20:13,728] 	embed_size: 2000
[2022-10-14 15:20:13,728] 	embed_window_size: 2
[2022-10-14 15:20:13,728] 	embed_maxout_pieces: 2
[2022-10-14 15:20:13,728] 	embed_subword_features: True
[2022-10-14 15:20:13,728] 	models_path: /home/hugosousa/Projects/tei2go/models
[2022-10-14 15:20:13,728] 	resources_path: /home/hugosousa/Projects/tei2go/resources
[2022-10-14 15:20:13,728] 	logs_path: /home/hugosousa/Projects/tei2go/logs
[2022-10-14 15:20:13,728] 	data_path: /home/hugosousa/Projects/tei2go/data
[2022-10-14 15:20:13,728] 	gpu: False
[2022-10-14 15:20:13,728] Found preprocessed data.
[2022-10-14 15:20:13,730] Corpus statistics:
[2022-10-14 15:20:13,730] 	Train:
[2022-10-14 15:20:13,730] 		# sentences: 753
[2022-10-14 15:20:13,730] 		# timexs: 1105
[2022-10-14 15:20:13,730] 	Validation:
[2022-10-14 15:20:13,730] 		# sentences: 103
[2022-10-14 15:20:13,730] 		# timexs: 153
[2022-10-14 15:20:13,731] Initializing model for language it.
[2022-10-14 15:20:13,817] Started train loop with id 20221014152013
[2022-10-14 15:20:13,819] Created vocabulary
[2022-10-14 15:20:13,820] Finished initializing nlp object
[2022-10-14 15:20:13,874]       |Loss 	|F1
[2022-10-14 15:20:13,874] Epoch |Train	|Train	|Validation
[2022-10-14 15:20:23,260]     1 |1.967	|0.6154	|0.4549
[2022-10-14 15:20:32,746]     2 |0.748	|0.7969	|0.5076
[2022-10-14 15:20:42,135]     3 |0.465	|0.7957	|0.4756
[2022-10-14 15:20:51,119]     4 |0.335	|0.9131	|0.4865
[2022-10-14 15:20:59,670]     5 |0.235	|0.9477	|0.6061
[2022-10-14 15:21:08,184]     6 |0.171	|0.9461	|0.5921
[2022-10-14 15:21:17,111]     7 |0.156	|0.9613	|0.5583
[2022-10-14 15:21:25,640]     8 |0.111	|0.9616	|0.6154
[2022-10-14 15:21:34,360]     9 |0.092	|0.9769	|0.5479
[2022-10-14 15:21:43,606]    10 |0.082	|0.9738	|0.5570
[2022-10-14 15:21:53,130]    11 |0.100	|0.9701	|0.5103
[2022-10-14 15:21:53,131] Training done.
[2022-10-14 15:21:53,131] Best validation f1: 0.6154
[2022-10-14 15:21:53,131] ----------------------------------------------------------------------------------------------------
[2022-10-14 15:21:55,056] ----------------------------------------------------------------------------------------------------
[2022-10-14 15:21:55,056] Start training for the following setup:
[2022-10-14 15:21:55,056] 	model: spacy
[2022-10-14 15:21:55,056] 	data: ['tempeval_2_italian', 'ancient_time_italian', 'meantime_italian', 'narrative_container']
[2022-10-14 15:21:55,056] 	language: it
[2022-10-14 15:21:55,056] 	n_epochs: 30
[2022-10-14 15:21:55,056] 	dropout: 0.0
[2022-10-14 15:21:55,056] 	learning_rate: None
[2022-10-14 15:21:55,056] 	trans_hidden_width: 64
[2022-10-14 15:21:55,056] 	trans_maxout_pieces: 2
[2022-10-14 15:21:55,056] 	trans_use_upper: True
[2022-10-14 15:21:55,056] 	embed_width: 128
[2022-10-14 15:21:55,057] 	embed_depth: 6
[2022-10-14 15:21:55,057] 	embed_size: 8000
[2022-10-14 15:21:55,057] 	embed_window_size: 1
[2022-10-14 15:21:55,057] 	embed_maxout_pieces: 1
[2022-10-14 15:21:55,057] 	embed_subword_features: True
[2022-10-14 15:21:55,057] 	models_path: /home/hugosousa/Projects/tei2go/models
[2022-10-14 15:21:55,057] 	resources_path: /home/hugosousa/Projects/tei2go/resources
[2022-10-14 15:21:55,057] 	logs_path: /home/hugosousa/Projects/tei2go/logs
[2022-10-14 15:21:55,057] 	data_path: /home/hugosousa/Projects/tei2go/data
[2022-10-14 15:21:55,057] 	gpu: False
[2022-10-14 15:21:55,057] Found preprocessed data.
[2022-10-14 15:21:55,059] Corpus statistics:
[2022-10-14 15:21:55,059] 	Train:
[2022-10-14 15:21:55,059] 		# sentences: 753
[2022-10-14 15:21:55,059] 		# timexs: 1105
[2022-10-14 15:21:55,059] 	Validation:
[2022-10-14 15:21:55,059] 		# sentences: 103
[2022-10-14 15:21:55,059] 		# timexs: 153
[2022-10-14 15:21:55,059] Initializing model for language it.
[2022-10-14 15:21:55,147] Started train loop with id 20221014152155
[2022-10-14 15:21:55,150] Created vocabulary
[2022-10-14 15:21:55,151] Finished initializing nlp object
[2022-10-14 15:21:55,224]       |Loss 	|F1
[2022-10-14 15:21:55,224] Epoch |Train	|Train	|Validation
[2022-10-14 15:22:09,809]     1 |1.832	|0.6064	|0.4710
[2022-10-14 15:22:22,741]     2 |0.788	|0.7090	|0.4032
[2022-10-14 15:22:35,745]     3 |0.531	|0.8201	|0.5425
[2022-10-14 15:22:48,432]     4 |0.441	|0.8236	|0.4336
[2022-10-14 15:23:00,822]     5 |0.293	|0.9096	|0.6230
[2022-10-14 15:23:13,231]     6 |0.218	|0.9378	|0.6159
[2022-10-14 15:23:25,791]     7 |0.209	|0.9267	|0.5267
[2022-10-14 15:23:38,423]     8 |0.202	|0.9419	|0.6133
[2022-10-14 15:23:38,425] Training done.
[2022-10-14 15:23:38,425] Best validation f1: 0.6230
[2022-10-14 15:23:38,425] ----------------------------------------------------------------------------------------------------
[2022-10-14 15:23:40,175] ----------------------------------------------------------------------------------------------------
[2022-10-14 15:23:40,175] Start training for the following setup:
[2022-10-14 15:23:40,175] 	model: spacy
[2022-10-14 15:23:40,175] 	data: ['tempeval_2_italian', 'ancient_time_italian', 'meantime_italian', 'narrative_container']
[2022-10-14 15:23:40,175] 	language: it
[2022-10-14 15:23:40,175] 	n_epochs: 30
[2022-10-14 15:23:40,175] 	dropout: 0.2
[2022-10-14 15:23:40,175] 	learning_rate: None
[2022-10-14 15:23:40,175] 	trans_hidden_width: 128
[2022-10-14 15:23:40,175] 	trans_maxout_pieces: 3
[2022-10-14 15:23:40,175] 	trans_use_upper: True
[2022-10-14 15:23:40,175] 	embed_width: 300
[2022-10-14 15:23:40,175] 	embed_depth: 2
[2022-10-14 15:23:40,175] 	embed_size: 9000
[2022-10-14 15:23:40,175] 	embed_window_size: 2
[2022-10-14 15:23:40,175] 	embed_maxout_pieces: 2
[2022-10-14 15:23:40,175] 	embed_subword_features: True
[2022-10-14 15:23:40,175] 	models_path: /home/hugosousa/Projects/tei2go/models
[2022-10-14 15:23:40,175] 	resources_path: /home/hugosousa/Projects/tei2go/resources
[2022-10-14 15:23:40,175] 	logs_path: /home/hugosousa/Projects/tei2go/logs
[2022-10-14 15:23:40,175] 	data_path: /home/hugosousa/Projects/tei2go/data
[2022-10-14 15:23:40,175] 	gpu: False
[2022-10-14 15:23:40,175] Found preprocessed data.
[2022-10-14 15:23:40,177] Corpus statistics:
[2022-10-14 15:23:40,177] 	Train:
[2022-10-14 15:23:40,178] 		# sentences: 753
[2022-10-14 15:23:40,178] 		# timexs: 1105
[2022-10-14 15:23:40,178] 	Validation:
[2022-10-14 15:23:40,178] 		# sentences: 103
[2022-10-14 15:23:40,178] 		# timexs: 153
[2022-10-14 15:23:40,178] Initializing model for language it.
[2022-10-14 15:23:40,261] Started train loop with id 20221014152340
[2022-10-14 15:23:40,264] Created vocabulary
[2022-10-14 15:23:40,264] Finished initializing nlp object
[2022-10-14 15:23:40,452]       |Loss 	|F1
[2022-10-14 15:23:40,452] Epoch |Train	|Train	|Validation
[2022-10-14 15:24:11,909]     1 |1.789	|0.6589	|0.5296
[2022-10-14 15:24:43,794]     2 |0.846	|0.7387	|0.3881
[2022-10-14 15:25:15,779]     3 |0.558	|0.8493	|0.5492
[2022-10-14 15:25:47,769]     4 |0.427	|0.8810	|0.5281
[2022-10-14 15:26:20,148]     5 |0.319	|0.9225	|0.5886
[2022-10-14 15:26:52,079]     6 |0.254	|0.9272	|0.5863
[2022-10-14 15:27:25,355]     7 |0.224	|0.9273	|0.6013
[2022-10-14 15:27:57,727]     8 |0.222	|0.9579	|0.5914
[2022-10-14 15:28:30,174]     9 |0.150	|0.9478	|0.5303
[2022-10-14 15:29:01,955]    10 |0.164	|0.9505	|0.5567
[2022-10-14 15:29:01,959] Training done.
[2022-10-14 15:29:01,960] Best validation f1: 0.6013
[2022-10-14 15:29:01,960] ----------------------------------------------------------------------------------------------------
[2022-10-14 15:29:03,799] ----------------------------------------------------------------------------------------------------
[2022-10-14 15:29:03,799] Start training for the following setup:
[2022-10-14 15:29:03,799] 	model: spacy
[2022-10-14 15:29:03,799] 	data: ['tempeval_2_italian', 'ancient_time_italian', 'meantime_italian', 'narrative_container']
[2022-10-14 15:29:03,799] 	language: it
[2022-10-14 15:29:03,799] 	n_epochs: 30
[2022-10-14 15:29:03,799] 	dropout: 0.1
[2022-10-14 15:29:03,799] 	learning_rate: None
[2022-10-14 15:29:03,799] 	trans_hidden_width: 16
[2022-10-14 15:29:03,799] 	trans_maxout_pieces: 1
[2022-10-14 15:29:03,799] 	trans_use_upper: True
[2022-10-14 15:29:03,799] 	embed_width: 128
[2022-10-14 15:29:03,799] 	embed_depth: 4
[2022-10-14 15:29:03,799] 	embed_size: 2000
[2022-10-14 15:29:03,799] 	embed_window_size: 1
[2022-10-14 15:29:03,799] 	embed_maxout_pieces: 3
[2022-10-14 15:29:03,799] 	embed_subword_features: True
[2022-10-14 15:29:03,799] 	models_path: /home/hugosousa/Projects/tei2go/models
[2022-10-14 15:29:03,799] 	resources_path: /home/hugosousa/Projects/tei2go/resources
[2022-10-14 15:29:03,799] 	logs_path: /home/hugosousa/Projects/tei2go/logs
[2022-10-14 15:29:03,800] 	data_path: /home/hugosousa/Projects/tei2go/data
[2022-10-14 15:29:03,800] 	gpu: False
[2022-10-14 15:29:03,800] Found preprocessed data.
[2022-10-14 15:29:03,802] Corpus statistics:
[2022-10-14 15:29:03,802] 	Train:
[2022-10-14 15:29:03,802] 		# sentences: 753
[2022-10-14 15:29:03,802] 		# timexs: 1105
[2022-10-14 15:29:03,802] 	Validation:
[2022-10-14 15:29:03,802] 		# sentences: 103
[2022-10-14 15:29:03,802] 		# timexs: 153
[2022-10-14 15:29:03,802] Initializing model for language it.
[2022-10-14 15:29:03,883] Started train loop with id 20221014152903
[2022-10-14 15:29:03,886] Created vocabulary
[2022-10-14 15:29:03,887] Finished initializing nlp object
[2022-10-14 15:29:03,918]       |Loss 	|F1
[2022-10-14 15:29:03,918] Epoch |Train	|Train	|Validation
[2022-10-14 15:29:14,943]     1 |2.458	|0.4690	|0.4526
[2022-10-14 15:29:25,847]     2 |1.033	|0.6658	|0.5033
[2022-10-14 15:29:36,470]     3 |0.735	|0.7866	|0.5587
[2022-10-14 15:29:46,542]     4 |0.538	|0.8359	|0.5249
[2022-10-14 15:29:56,488]     5 |0.417	|0.8477	|0.6576
[2022-10-14 15:30:06,543]     6 |0.339	|0.9054	|0.5819
[2022-10-14 15:30:17,354]     7 |0.293	|0.9342	|0.5781
[2022-10-14 15:30:28,162]     8 |0.246	|0.9300	|0.5705
[2022-10-14 15:30:28,164] Training done.
[2022-10-14 15:30:28,164] Best validation f1: 0.6576
[2022-10-14 15:30:28,164] ----------------------------------------------------------------------------------------------------
[2022-10-14 15:30:30,032] ----------------------------------------------------------------------------------------------------
[2022-10-14 15:30:30,032] Start training for the following setup:
[2022-10-14 15:30:30,032] 	model: spacy
[2022-10-14 15:30:30,032] 	data: ['tempeval_2_italian', 'ancient_time_italian', 'meantime_italian', 'narrative_container']
[2022-10-14 15:30:30,032] 	language: it
[2022-10-14 15:30:30,032] 	n_epochs: 30
[2022-10-14 15:30:30,032] 	dropout: 0.1
[2022-10-14 15:30:30,032] 	learning_rate: None
[2022-10-14 15:30:30,032] 	trans_hidden_width: 128
[2022-10-14 15:30:30,032] 	trans_maxout_pieces: 2
[2022-10-14 15:30:30,032] 	trans_use_upper: True
[2022-10-14 15:30:30,032] 	embed_width: 96
[2022-10-14 15:30:30,032] 	embed_depth: 7
[2022-10-14 15:30:30,032] 	embed_size: 3000
[2022-10-14 15:30:30,032] 	embed_window_size: 1
[2022-10-14 15:30:30,032] 	embed_maxout_pieces: 1
[2022-10-14 15:30:30,033] 	embed_subword_features: True
[2022-10-14 15:30:30,033] 	models_path: /home/hugosousa/Projects/tei2go/models
[2022-10-14 15:30:30,033] 	resources_path: /home/hugosousa/Projects/tei2go/resources
[2022-10-14 15:30:30,033] 	logs_path: /home/hugosousa/Projects/tei2go/logs
[2022-10-14 15:30:30,033] 	data_path: /home/hugosousa/Projects/tei2go/data
[2022-10-14 15:30:30,033] 	gpu: False
[2022-10-14 15:30:30,033] Found preprocessed data.
[2022-10-14 15:30:30,035] Corpus statistics:
[2022-10-14 15:30:30,035] 	Train:
[2022-10-14 15:30:30,035] 		# sentences: 753
[2022-10-14 15:30:30,035] 		# timexs: 1105
[2022-10-14 15:30:30,035] 	Validation:
[2022-10-14 15:30:30,035] 		# sentences: 103
[2022-10-14 15:30:30,035] 		# timexs: 153
[2022-10-14 15:30:30,035] Initializing model for language it.
[2022-10-14 15:30:30,117] Started train loop with id 20221014153030
[2022-10-14 15:30:30,119] Created vocabulary
[2022-10-14 15:30:30,119] Finished initializing nlp object
[2022-10-14 15:30:30,215]       |Loss 	|F1
[2022-10-14 15:30:30,215] Epoch |Train	|Train	|Validation
[2022-10-14 15:30:42,005]     1 |1.845	|0.5940	|0.4255
[2022-10-14 15:30:53,540]     2 |0.904	|0.6997	|0.4672
[2022-10-14 15:31:04,937]     3 |0.668	|0.7603	|0.5361
[2022-10-14 15:31:16,329]     4 |0.535	|0.7351	|0.4502
[2022-10-14 15:31:27,081]     5 |0.441	|0.8376	|0.6525
[2022-10-14 15:31:37,703]     6 |0.370	|0.8844	|0.6027
[2022-10-14 15:31:48,289]     7 |0.334	|0.9096	|0.6020
[2022-10-14 15:31:59,639]     8 |0.294	|0.9205	|0.5684
[2022-10-14 15:31:59,641] Training done.
[2022-10-14 15:31:59,641] Best validation f1: 0.6525
[2022-10-14 15:31:59,641] ----------------------------------------------------------------------------------------------------
[2022-10-14 15:32:01,485] ----------------------------------------------------------------------------------------------------
[2022-10-14 15:32:01,485] Start training for the following setup:
[2022-10-14 15:32:01,485] 	model: spacy
[2022-10-14 15:32:01,485] 	data: ['tempeval_2_italian', 'ancient_time_italian', 'meantime_italian', 'narrative_container']
[2022-10-14 15:32:01,485] 	language: it
[2022-10-14 15:32:01,485] 	n_epochs: 30
[2022-10-14 15:32:01,485] 	dropout: 0.4
[2022-10-14 15:32:01,485] 	learning_rate: None
[2022-10-14 15:32:01,485] 	trans_hidden_width: 16
[2022-10-14 15:32:01,485] 	trans_maxout_pieces: 2
[2022-10-14 15:32:01,485] 	trans_use_upper: True
[2022-10-14 15:32:01,485] 	embed_width: 128
[2022-10-14 15:32:01,485] 	embed_depth: 7
[2022-10-14 15:32:01,485] 	embed_size: 5000
[2022-10-14 15:32:01,485] 	embed_window_size: 2
[2022-10-14 15:32:01,485] 	embed_maxout_pieces: 2
[2022-10-14 15:32:01,485] 	embed_subword_features: True
[2022-10-14 15:32:01,486] 	models_path: /home/hugosousa/Projects/tei2go/models
[2022-10-14 15:32:01,486] 	resources_path: /home/hugosousa/Projects/tei2go/resources
[2022-10-14 15:32:01,486] 	logs_path: /home/hugosousa/Projects/tei2go/logs
[2022-10-14 15:32:01,486] 	data_path: /home/hugosousa/Projects/tei2go/data
[2022-10-14 15:32:01,486] 	gpu: False
[2022-10-14 15:32:01,486] Found preprocessed data.
[2022-10-14 15:32:01,488] Corpus statistics:
[2022-10-14 15:32:01,488] 	Train:
[2022-10-14 15:32:01,488] 		# sentences: 753
[2022-10-14 15:32:01,488] 		# timexs: 1105
[2022-10-14 15:32:01,488] 	Validation:
[2022-10-14 15:32:01,488] 		# sentences: 103
[2022-10-14 15:32:01,488] 		# timexs: 153
[2022-10-14 15:32:01,488] Initializing model for language it.
[2022-10-14 15:32:01,570] Started train loop with id 20221014153201
[2022-10-14 15:32:01,573] Created vocabulary
[2022-10-14 15:32:01,573] Finished initializing nlp object
[2022-10-14 15:32:01,620]       |Loss 	|F1
[2022-10-14 15:32:01,620] Epoch |Train	|Train	|Validation
[2022-10-14 15:32:19,110]     1 |2.518	|0.0032	|0.0118
[2022-10-14 15:32:36,623]     2 |1.363	|0.6005	|0.3986
[2022-10-14 15:32:53,509]     3 |0.958	|0.6947	|0.4922
[2022-10-14 15:33:11,006]     4 |0.782	|0.7369	|0.4598
[2022-10-14 15:33:28,467]     5 |0.657	|0.8126	|0.6250
[2022-10-14 15:33:46,053]     6 |0.547	|0.8521	|0.6254
[2022-10-14 15:34:03,791]     7 |0.494	|0.8718	|0.5781
[2022-10-14 15:34:21,253]     8 |0.405	|0.9021	|0.5589
[2022-10-14 15:34:38,622]     9 |0.388	|0.9176	|0.5687
[2022-10-14 15:34:38,625] Training done.
[2022-10-14 15:34:38,626] Best validation f1: 0.6254
[2022-10-14 15:34:38,626] ----------------------------------------------------------------------------------------------------
[2022-10-14 15:34:40,440] ----------------------------------------------------------------------------------------------------
[2022-10-14 15:34:40,440] Start training for the following setup:
[2022-10-14 15:34:40,440] 	model: spacy
[2022-10-14 15:34:40,440] 	data: ['tempeval_2_italian', 'ancient_time_italian', 'meantime_italian', 'narrative_container']
[2022-10-14 15:34:40,440] 	language: it
[2022-10-14 15:34:40,440] 	n_epochs: 30
[2022-10-14 15:34:40,440] 	dropout: 0.1
[2022-10-14 15:34:40,440] 	learning_rate: None
[2022-10-14 15:34:40,440] 	trans_hidden_width: 8
[2022-10-14 15:34:40,440] 	trans_maxout_pieces: 2
[2022-10-14 15:34:40,440] 	trans_use_upper: True
[2022-10-14 15:34:40,440] 	embed_width: 128
[2022-10-14 15:34:40,440] 	embed_depth: 5
[2022-10-14 15:34:40,440] 	embed_size: 2000
[2022-10-14 15:34:40,440] 	embed_window_size: 1
[2022-10-14 15:34:40,440] 	embed_maxout_pieces: 2
[2022-10-14 15:34:40,440] 	embed_subword_features: True
[2022-10-14 15:34:40,440] 	models_path: /home/hugosousa/Projects/tei2go/models
[2022-10-14 15:34:40,440] 	resources_path: /home/hugosousa/Projects/tei2go/resources
[2022-10-14 15:34:40,440] 	logs_path: /home/hugosousa/Projects/tei2go/logs
[2022-10-14 15:34:40,441] 	data_path: /home/hugosousa/Projects/tei2go/data
[2022-10-14 15:34:40,441] 	gpu: False
[2022-10-14 15:34:40,441] Found preprocessed data.
[2022-10-14 15:34:40,443] Corpus statistics:
[2022-10-14 15:34:40,443] 	Train:
[2022-10-14 15:34:40,443] 		# sentences: 753
[2022-10-14 15:34:40,443] 		# timexs: 1105
[2022-10-14 15:34:40,443] 	Validation:
[2022-10-14 15:34:40,443] 		# sentences: 103
[2022-10-14 15:34:40,443] 		# timexs: 153
[2022-10-14 15:34:40,443] Initializing model for language it.
[2022-10-14 15:34:40,524] Started train loop with id 20221014153440
[2022-10-14 15:34:40,526] Created vocabulary
[2022-10-14 15:34:40,526] Finished initializing nlp object
[2022-10-14 15:34:40,551]       |Loss 	|F1
[2022-10-14 15:34:40,551] Epoch |Train	|Train	|Validation
[2022-10-14 15:34:51,759]     1 |2.504	|0.4597	|0.5401
[2022-10-14 15:35:02,424]     2 |1.132	|0.6682	|0.5256
[2022-10-14 15:35:12,895]     3 |0.728	|0.7274	|0.4675
[2022-10-14 15:35:23,827]     4 |0.542	|0.8266	|0.5121
[2022-10-14 15:35:23,830] Training done.
[2022-10-14 15:35:23,830] Best validation f1: 0.5401
[2022-10-14 15:35:23,830] ----------------------------------------------------------------------------------------------------
[2022-10-14 15:35:25,765] ----------------------------------------------------------------------------------------------------
[2022-10-14 15:35:25,765] Start training for the following setup:
[2022-10-14 15:35:25,765] 	model: spacy
[2022-10-14 15:35:25,765] 	data: ['tempeval_2_italian', 'ancient_time_italian', 'meantime_italian', 'narrative_container']
[2022-10-14 15:35:25,765] 	language: it
[2022-10-14 15:35:25,765] 	n_epochs: 30
[2022-10-14 15:35:25,766] 	dropout: 0.3
[2022-10-14 15:35:25,766] 	learning_rate: None
[2022-10-14 15:35:25,766] 	trans_hidden_width: 16
[2022-10-14 15:35:25,766] 	trans_maxout_pieces: 2
[2022-10-14 15:35:25,766] 	trans_use_upper: True
[2022-10-14 15:35:25,766] 	embed_width: 96
[2022-10-14 15:35:25,766] 	embed_depth: 3
[2022-10-14 15:35:25,766] 	embed_size: 5000
[2022-10-14 15:35:25,766] 	embed_window_size: 1
[2022-10-14 15:35:25,766] 	embed_maxout_pieces: 3
[2022-10-14 15:35:25,766] 	embed_subword_features: True
[2022-10-14 15:35:25,766] 	models_path: /home/hugosousa/Projects/tei2go/models
[2022-10-14 15:35:25,766] 	resources_path: /home/hugosousa/Projects/tei2go/resources
[2022-10-14 15:35:25,766] 	logs_path: /home/hugosousa/Projects/tei2go/logs
[2022-10-14 15:35:25,766] 	data_path: /home/hugosousa/Projects/tei2go/data
[2022-10-14 15:35:25,766] 	gpu: False
[2022-10-14 15:35:25,766] Found preprocessed data.
[2022-10-14 15:35:25,769] Corpus statistics:
[2022-10-14 15:35:25,769] 	Train:
[2022-10-14 15:35:25,769] 		# sentences: 753
[2022-10-14 15:35:25,770] 		# timexs: 1105
[2022-10-14 15:35:25,770] 	Validation:
[2022-10-14 15:35:25,770] 		# sentences: 103
[2022-10-14 15:35:25,770] 		# timexs: 153
[2022-10-14 15:35:25,770] Initializing model for language it.
[2022-10-14 15:35:25,870] Started train loop with id 20221014153525
[2022-10-14 15:35:25,873] Created vocabulary
[2022-10-14 15:35:25,874] Finished initializing nlp object
[2022-10-14 15:35:25,910]       |Loss 	|F1
[2022-10-14 15:35:25,910] Epoch |Train	|Train	|Validation
[2022-10-14 15:35:34,427]     1 |2.785	|0.1264	|0.1302
[2022-10-14 15:35:42,363]     2 |1.713	|0.5906	|0.4421
[2022-10-14 15:35:50,278]     3 |0.935	|0.6703	|0.4968
[2022-10-14 15:35:58,233]     4 |0.786	|0.7789	|0.5232
[2022-10-14 15:36:06,185]     5 |0.622	|0.8193	|0.6250
[2022-10-14 15:36:14,073]     6 |0.561	|0.8491	|0.6361
[2022-10-14 15:36:22,014]     7 |0.470	|0.8753	|0.6000
[2022-10-14 15:36:29,907]     8 |0.436	|0.8629	|0.5831
[2022-10-14 15:36:37,793]     9 |0.398	|0.8887	|0.5966
[2022-10-14 15:36:37,795] Training done.
[2022-10-14 15:36:37,795] Best validation f1: 0.6361
[2022-10-14 15:36:37,795] ----------------------------------------------------------------------------------------------------
[2022-10-14 15:36:39,491] ----------------------------------------------------------------------------------------------------
[2022-10-14 15:36:39,491] Start training for the following setup:
[2022-10-14 15:36:39,491] 	model: spacy
[2022-10-14 15:36:39,491] 	data: ['tempeval_2_italian', 'ancient_time_italian', 'meantime_italian', 'narrative_container']
[2022-10-14 15:36:39,491] 	language: it
[2022-10-14 15:36:39,491] 	n_epochs: 30
[2022-10-14 15:36:39,491] 	dropout: 0.2
[2022-10-14 15:36:39,491] 	learning_rate: None
[2022-10-14 15:36:39,491] 	trans_hidden_width: 64
[2022-10-14 15:36:39,491] 	trans_maxout_pieces: 2
[2022-10-14 15:36:39,491] 	trans_use_upper: True
[2022-10-14 15:36:39,491] 	embed_width: 300
[2022-10-14 15:36:39,491] 	embed_depth: 5
[2022-10-14 15:36:39,491] 	embed_size: 3000
[2022-10-14 15:36:39,491] 	embed_window_size: 2
[2022-10-14 15:36:39,491] 	embed_maxout_pieces: 1
[2022-10-14 15:36:39,491] 	embed_subword_features: True
[2022-10-14 15:36:39,491] 	models_path: /home/hugosousa/Projects/tei2go/models
[2022-10-14 15:36:39,491] 	resources_path: /home/hugosousa/Projects/tei2go/resources
[2022-10-14 15:36:39,491] 	logs_path: /home/hugosousa/Projects/tei2go/logs
[2022-10-14 15:36:39,491] 	data_path: /home/hugosousa/Projects/tei2go/data
[2022-10-14 15:36:39,491] 	gpu: False
[2022-10-14 15:36:39,491] Found preprocessed data.
[2022-10-14 15:36:39,493] Corpus statistics:
[2022-10-14 15:36:39,493] 	Train:
[2022-10-14 15:36:39,494] 		# sentences: 753
[2022-10-14 15:36:39,494] 		# timexs: 1105
[2022-10-14 15:36:39,494] 	Validation:
[2022-10-14 15:36:39,494] 		# sentences: 103
[2022-10-14 15:36:39,494] 		# timexs: 153
[2022-10-14 15:36:39,494] Initializing model for language it.
[2022-10-14 15:36:39,569] Started train loop with id 20221014153639
[2022-10-14 15:36:39,572] Created vocabulary
[2022-10-14 15:36:39,572] Finished initializing nlp object
[2022-10-14 15:36:39,663]       |Loss 	|F1
[2022-10-14 15:36:39,663] Epoch |Train	|Train	|Validation
[2022-10-14 15:37:06,998]     1 |2.031	|0.4936	|0.4588
[2022-10-14 15:37:34,021]     2 |0.885	|0.6504	|0.4521
[2022-10-14 15:38:01,004]     3 |0.638	|0.8020	|0.5485
[2022-10-14 15:38:28,033]     4 |0.476	|0.8486	|0.4855
[2022-10-14 15:38:54,899]     5 |0.387	|0.8568	|0.6129
[2022-10-14 15:39:21,859]     6 |0.280	|0.8466	|0.5109
[2022-10-14 15:39:48,826]     7 |0.290	|0.9391	|0.5695
[2022-10-14 15:40:15,713]     8 |0.229	|0.9411	|0.5493
[2022-10-14 15:40:15,715] Training done.
[2022-10-14 15:40:15,715] Best validation f1: 0.6129
[2022-10-14 15:40:15,715] ----------------------------------------------------------------------------------------------------
[2022-10-14 15:40:17,421] ----------------------------------------------------------------------------------------------------
[2022-10-14 15:40:17,421] Start training for the following setup:
[2022-10-14 15:40:17,421] 	model: spacy
[2022-10-14 15:40:17,421] 	data: ['tempeval_2_italian', 'ancient_time_italian', 'meantime_italian', 'narrative_container']
[2022-10-14 15:40:17,421] 	language: it
[2022-10-14 15:40:17,421] 	n_epochs: 30
[2022-10-14 15:40:17,421] 	dropout: 0.5
[2022-10-14 15:40:17,421] 	learning_rate: None
[2022-10-14 15:40:17,422] 	trans_hidden_width: 8
[2022-10-14 15:40:17,422] 	trans_maxout_pieces: 1
[2022-10-14 15:40:17,422] 	trans_use_upper: True
[2022-10-14 15:40:17,422] 	embed_width: 300
[2022-10-14 15:40:17,422] 	embed_depth: 5
[2022-10-14 15:40:17,422] 	embed_size: 3000
[2022-10-14 15:40:17,422] 	embed_window_size: 1
[2022-10-14 15:40:17,422] 	embed_maxout_pieces: 2
[2022-10-14 15:40:17,422] 	embed_subword_features: True
[2022-10-14 15:40:17,422] 	models_path: /home/hugosousa/Projects/tei2go/models
[2022-10-14 15:40:17,422] 	resources_path: /home/hugosousa/Projects/tei2go/resources
[2022-10-14 15:40:17,422] 	logs_path: /home/hugosousa/Projects/tei2go/logs
[2022-10-14 15:40:17,422] 	data_path: /home/hugosousa/Projects/tei2go/data
[2022-10-14 15:40:17,422] 	gpu: False
[2022-10-14 15:40:17,422] Found preprocessed data.
[2022-10-14 15:40:17,424] Corpus statistics:
[2022-10-14 15:40:17,424] 	Train:
[2022-10-14 15:40:17,424] 		# sentences: 753
[2022-10-14 15:40:17,424] 		# timexs: 1105
[2022-10-14 15:40:17,424] 	Validation:
[2022-10-14 15:40:17,424] 		# sentences: 103
[2022-10-14 15:40:17,424] 		# timexs: 153
[2022-10-14 15:40:17,424] Initializing model for language it.
[2022-10-14 15:40:17,500] Started train loop with id 20221014154017
[2022-10-14 15:40:17,502] Created vocabulary
[2022-10-14 15:40:17,502] Finished initializing nlp object
[2022-10-14 15:40:17,573]       |Loss 	|F1
[2022-10-14 15:40:17,573] Epoch |Train	|Train	|Validation
[2022-10-14 15:40:44,700]     1 |2.764	|0.4593	|0.5054
[2022-10-14 15:41:11,524]     2 |1.323	|0.5461	|0.5217
[2022-10-14 15:41:38,403]     3 |1.045	|0.6588	|0.4908
[2022-10-14 15:42:05,180]     4 |0.898	|0.7385	|0.4868
[2022-10-14 15:42:31,904]     5 |0.758	|0.7465	|0.6070
[2022-10-14 15:42:58,772]     6 |0.679	|0.7257	|0.6038
[2022-10-14 15:43:25,658]     7 |0.605	|0.6542	|0.5752
[2022-10-14 15:43:52,559]     8 |0.588	|0.7367	|0.6078
[2022-10-14 15:44:19,498]     9 |0.487	|0.7131	|0.5537
[2022-10-14 15:44:46,362]    10 |0.456	|0.5261	|0.5437
[2022-10-14 15:45:14,299]    11 |0.424	|0.4926	|0.5065
[2022-10-14 15:45:14,300] Training done.
[2022-10-14 15:45:14,300] Best validation f1: 0.6078
[2022-10-14 15:45:14,300] ----------------------------------------------------------------------------------------------------
[2022-10-14 15:45:16,045] ----------------------------------------------------------------------------------------------------
[2022-10-14 15:45:16,045] Start training for the following setup:
[2022-10-14 15:45:16,045] 	model: spacy
[2022-10-14 15:45:16,045] 	data: ['tempeval_2_italian', 'ancient_time_italian', 'meantime_italian', 'narrative_container']
[2022-10-14 15:45:16,045] 	language: it
[2022-10-14 15:45:16,045] 	n_epochs: 30
[2022-10-14 15:45:16,045] 	dropout: 0.0
[2022-10-14 15:45:16,045] 	learning_rate: None
[2022-10-14 15:45:16,045] 	trans_hidden_width: 16
[2022-10-14 15:45:16,045] 	trans_maxout_pieces: 1
[2022-10-14 15:45:16,045] 	trans_use_upper: True
[2022-10-14 15:45:16,045] 	embed_width: 300
[2022-10-14 15:45:16,045] 	embed_depth: 4
[2022-10-14 15:45:16,045] 	embed_size: 5000
[2022-10-14 15:45:16,045] 	embed_window_size: 1
[2022-10-14 15:45:16,045] 	embed_maxout_pieces: 2
[2022-10-14 15:45:16,045] 	embed_subword_features: True
[2022-10-14 15:45:16,045] 	models_path: /home/hugosousa/Projects/tei2go/models
[2022-10-14 15:45:16,045] 	resources_path: /home/hugosousa/Projects/tei2go/resources
[2022-10-14 15:45:16,045] 	logs_path: /home/hugosousa/Projects/tei2go/logs
[2022-10-14 15:45:16,045] 	data_path: /home/hugosousa/Projects/tei2go/data
[2022-10-14 15:45:16,045] 	gpu: False
[2022-10-14 15:45:16,046] Found preprocessed data.
[2022-10-14 15:45:16,048] Corpus statistics:
[2022-10-14 15:45:16,048] 	Train:
[2022-10-14 15:45:16,048] 		# sentences: 753
[2022-10-14 15:45:16,048] 		# timexs: 1105
[2022-10-14 15:45:16,048] 	Validation:
[2022-10-14 15:45:16,048] 		# sentences: 103
[2022-10-14 15:45:16,048] 		# timexs: 153
[2022-10-14 15:45:16,048] Initializing model for language it.
[2022-10-14 15:45:16,125] Started train loop with id 20221014154516
[2022-10-14 15:45:16,128] Created vocabulary
[2022-10-14 15:45:16,128] Finished initializing nlp object
[2022-10-14 15:45:16,211]       |Loss 	|F1
[2022-10-14 15:45:16,211] Epoch |Train	|Train	|Validation
[2022-10-14 15:45:44,915]     1 |2.011	|0.4439	|0.4924
[2022-10-14 15:46:11,237]     2 |0.855	|0.5610	|0.4747
[2022-10-14 15:46:37,427]     3 |0.620	|0.7294	|0.5405
[2022-10-14 15:47:04,649]     4 |0.493	|0.7240	|0.4353
[2022-10-14 15:47:30,868]     5 |0.370	|0.8181	|0.5946
[2022-10-14 15:47:59,835]     6 |0.320	|0.8985	|0.5741
[2022-10-14 15:48:28,207]     7 |0.216	|0.8986	|0.5813
[2022-10-14 15:48:57,980]     8 |0.219	|0.8755	|0.5774
[2022-10-14 15:48:57,985] Training done.
[2022-10-14 15:48:57,985] Best validation f1: 0.5946
[2022-10-14 15:48:57,985] ----------------------------------------------------------------------------------------------------
[2022-10-14 15:48:59,774] ----------------------------------------------------------------------------------------------------
[2022-10-14 15:48:59,774] Start training for the following setup:
[2022-10-14 15:48:59,774] 	model: spacy
[2022-10-14 15:48:59,774] 	data: ['tempeval_2_italian', 'ancient_time_italian', 'meantime_italian', 'narrative_container']
[2022-10-14 15:48:59,774] 	language: it
[2022-10-14 15:48:59,774] 	n_epochs: 30
[2022-10-14 15:48:59,774] 	dropout: 0.0
[2022-10-14 15:48:59,774] 	learning_rate: None
[2022-10-14 15:48:59,774] 	trans_hidden_width: 256
[2022-10-14 15:48:59,774] 	trans_maxout_pieces: 3
[2022-10-14 15:48:59,774] 	trans_use_upper: True
[2022-10-14 15:48:59,774] 	embed_width: 300
[2022-10-14 15:48:59,774] 	embed_depth: 7
[2022-10-14 15:48:59,774] 	embed_size: 4000
[2022-10-14 15:48:59,774] 	embed_window_size: 1
[2022-10-14 15:48:59,774] 	embed_maxout_pieces: 1
[2022-10-14 15:48:59,774] 	embed_subword_features: True
[2022-10-14 15:48:59,774] 	models_path: /home/hugosousa/Projects/tei2go/models
[2022-10-14 15:48:59,774] 	resources_path: /home/hugosousa/Projects/tei2go/resources
[2022-10-14 15:48:59,774] 	logs_path: /home/hugosousa/Projects/tei2go/logs
[2022-10-14 15:48:59,774] 	data_path: /home/hugosousa/Projects/tei2go/data
[2022-10-14 15:48:59,774] 	gpu: False
[2022-10-14 15:48:59,775] Found preprocessed data.
[2022-10-14 15:48:59,777] Corpus statistics:
[2022-10-14 15:48:59,777] 	Train:
[2022-10-14 15:48:59,777] 		# sentences: 753
[2022-10-14 15:48:59,777] 		# timexs: 1105
[2022-10-14 15:48:59,777] 	Validation:
[2022-10-14 15:48:59,777] 		# sentences: 103
[2022-10-14 15:48:59,777] 		# timexs: 153
[2022-10-14 15:48:59,777] Initializing model for language it.
[2022-10-14 15:48:59,857] Started train loop with id 20221014154859
[2022-10-14 15:48:59,859] Created vocabulary
[2022-10-14 15:48:59,860] Finished initializing nlp object
[2022-10-14 15:49:00,256]       |Loss 	|F1
[2022-10-14 15:49:00,256] Epoch |Train	|Train	|Validation
[2022-10-14 15:49:47,127]     1 |1.659	|0.5638	|0.5394
[2022-10-14 15:50:32,494]     2 |1.005	|0.6319	|0.4524
[2022-10-14 15:51:15,816]     3 |0.747	|0.7767	|0.5492
[2022-10-14 15:52:00,424]     4 |0.588	|0.8142	|0.5685
[2022-10-14 15:52:49,685]     5 |0.469	|0.8234	|0.5430
[2022-10-14 15:53:34,897]     6 |0.464	|0.8534	|0.4863
[2022-10-14 15:54:18,738]     7 |0.399	|0.8763	|0.5364
[2022-10-14 15:54:18,739] Training done.
[2022-10-14 15:54:18,740] Best validation f1: 0.5685
[2022-10-14 15:54:18,740] ----------------------------------------------------------------------------------------------------
[2022-10-14 15:54:20,573] ----------------------------------------------------------------------------------------------------
[2022-10-14 15:54:20,573] Start training for the following setup:
[2022-10-14 15:54:20,573] 	model: spacy
[2022-10-14 15:54:20,573] 	data: ['tempeval_2_italian', 'ancient_time_italian', 'meantime_italian', 'narrative_container']
[2022-10-14 15:54:20,573] 	language: it
[2022-10-14 15:54:20,573] 	n_epochs: 30
[2022-10-14 15:54:20,573] 	dropout: 0.1
[2022-10-14 15:54:20,573] 	learning_rate: None
[2022-10-14 15:54:20,573] 	trans_hidden_width: 128
[2022-10-14 15:54:20,573] 	trans_maxout_pieces: 1
[2022-10-14 15:54:20,573] 	trans_use_upper: True
[2022-10-14 15:54:20,573] 	embed_width: 96
[2022-10-14 15:54:20,573] 	embed_depth: 5
[2022-10-14 15:54:20,573] 	embed_size: 3000
[2022-10-14 15:54:20,573] 	embed_window_size: 1
[2022-10-14 15:54:20,574] 	embed_maxout_pieces: 3
[2022-10-14 15:54:20,574] 	embed_subword_features: True
[2022-10-14 15:54:20,574] 	models_path: /home/hugosousa/Projects/tei2go/models
[2022-10-14 15:54:20,574] 	resources_path: /home/hugosousa/Projects/tei2go/resources
[2022-10-14 15:54:20,574] 	logs_path: /home/hugosousa/Projects/tei2go/logs
[2022-10-14 15:54:20,574] 	data_path: /home/hugosousa/Projects/tei2go/data
[2022-10-14 15:54:20,574] 	gpu: False
[2022-10-14 15:54:20,574] Found preprocessed data.
[2022-10-14 15:54:20,576] Corpus statistics:
[2022-10-14 15:54:20,576] 	Train:
[2022-10-14 15:54:20,576] 		# sentences: 753
[2022-10-14 15:54:20,576] 		# timexs: 1105
[2022-10-14 15:54:20,576] 	Validation:
[2022-10-14 15:54:20,576] 		# sentences: 103
[2022-10-14 15:54:20,576] 		# timexs: 153
[2022-10-14 15:54:20,576] Initializing model for language it.
[2022-10-14 15:54:20,658] Started train loop with id 20221014155420
[2022-10-14 15:54:20,661] Created vocabulary
[2022-10-14 15:54:20,661] Finished initializing nlp object
[2022-10-14 15:54:20,803]       |Loss 	|F1
[2022-10-14 15:54:20,803] Epoch |Train	|Train	|Validation
[2022-10-14 15:54:31,623]     1 |2.081	|0.4848	|0.4562
[2022-10-14 15:54:42,253]     2 |0.886	|0.5643	|0.3333
[2022-10-14 15:54:52,909]     3 |0.618	|0.6295	|0.3542
[2022-10-14 15:55:03,758]     4 |0.491	|0.7141	|0.4385
[2022-10-14 15:55:03,760] Training done.
[2022-10-14 15:55:03,760] Best validation f1: 0.4562
[2022-10-14 15:55:03,760] ----------------------------------------------------------------------------------------------------
[2022-10-14 15:55:05,640] ----------------------------------------------------------------------------------------------------
[2022-10-14 15:55:05,641] Start training for the following setup:
[2022-10-14 15:55:05,641] 	model: spacy
[2022-10-14 15:55:05,641] 	data: ['tempeval_2_italian', 'ancient_time_italian', 'meantime_italian', 'narrative_container']
[2022-10-14 15:55:05,641] 	language: it
[2022-10-14 15:55:05,641] 	n_epochs: 30
[2022-10-14 15:55:05,641] 	dropout: 0.3
[2022-10-14 15:55:05,641] 	learning_rate: None
[2022-10-14 15:55:05,641] 	trans_hidden_width: 32
[2022-10-14 15:55:05,641] 	trans_maxout_pieces: 3
[2022-10-14 15:55:05,641] 	trans_use_upper: True
[2022-10-14 15:55:05,641] 	embed_width: 128
[2022-10-14 15:55:05,641] 	embed_depth: 3
[2022-10-14 15:55:05,641] 	embed_size: 6000
[2022-10-14 15:55:05,641] 	embed_window_size: 2
[2022-10-14 15:55:05,641] 	embed_maxout_pieces: 2
[2022-10-14 15:55:05,641] 	embed_subword_features: True
[2022-10-14 15:55:05,641] 	models_path: /home/hugosousa/Projects/tei2go/models
[2022-10-14 15:55:05,641] 	resources_path: /home/hugosousa/Projects/tei2go/resources
[2022-10-14 15:55:05,641] 	logs_path: /home/hugosousa/Projects/tei2go/logs
[2022-10-14 15:55:05,641] 	data_path: /home/hugosousa/Projects/tei2go/data
[2022-10-14 15:55:05,641] 	gpu: False
[2022-10-14 15:55:05,641] Found preprocessed data.
[2022-10-14 15:55:05,643] Corpus statistics:
[2022-10-14 15:55:05,643] 	Train:
[2022-10-14 15:55:05,644] 		# sentences: 753
[2022-10-14 15:55:05,644] 		# timexs: 1105
[2022-10-14 15:55:05,644] 	Validation:
[2022-10-14 15:55:05,644] 		# sentences: 103
[2022-10-14 15:55:05,644] 		# timexs: 153
[2022-10-14 15:55:05,644] Initializing model for language it.
[2022-10-14 15:55:05,726] Started train loop with id 20221014155505
[2022-10-14 15:55:05,728] Created vocabulary
[2022-10-14 15:55:05,729] Finished initializing nlp object
[2022-10-14 15:55:05,778]       |Loss 	|F1
[2022-10-14 15:55:05,778] Epoch |Train	|Train	|Validation
[2022-10-14 15:55:17,729]     1 |2.411	|0.3833	|0.5020
[2022-10-14 15:55:29,897]     2 |1.074	|0.6496	|0.4781
[2022-10-14 15:55:41,610]     3 |0.771	|0.7342	|0.5016
[2022-10-14 15:55:53,644]     4 |0.614	|0.7879	|0.5017
[2022-10-14 15:55:53,646] Training done.
[2022-10-14 15:55:53,646] Best validation f1: 0.5020
[2022-10-14 15:55:53,646] ----------------------------------------------------------------------------------------------------
[2022-10-14 15:55:55,622] ----------------------------------------------------------------------------------------------------
[2022-10-14 15:55:55,622] Start training for the following setup:
[2022-10-14 15:55:55,622] 	model: spacy
[2022-10-14 15:55:55,622] 	data: ['tempeval_2_italian', 'ancient_time_italian', 'meantime_italian', 'narrative_container']
[2022-10-14 15:55:55,622] 	language: it
[2022-10-14 15:55:55,622] 	n_epochs: 30
[2022-10-14 15:55:55,622] 	dropout: 0.1
[2022-10-14 15:55:55,622] 	learning_rate: None
[2022-10-14 15:55:55,622] 	trans_hidden_width: 64
[2022-10-14 15:55:55,622] 	trans_maxout_pieces: 2
[2022-10-14 15:55:55,622] 	trans_use_upper: True
[2022-10-14 15:55:55,622] 	embed_width: 128
[2022-10-14 15:55:55,622] 	embed_depth: 3
[2022-10-14 15:55:55,622] 	embed_size: 9000
[2022-10-14 15:55:55,622] 	embed_window_size: 2
[2022-10-14 15:55:55,622] 	embed_maxout_pieces: 2
[2022-10-14 15:55:55,622] 	embed_subword_features: True
[2022-10-14 15:55:55,622] 	models_path: /home/hugosousa/Projects/tei2go/models
[2022-10-14 15:55:55,622] 	resources_path: /home/hugosousa/Projects/tei2go/resources
[2022-10-14 15:55:55,622] 	logs_path: /home/hugosousa/Projects/tei2go/logs
[2022-10-14 15:55:55,623] 	data_path: /home/hugosousa/Projects/tei2go/data
[2022-10-14 15:55:55,623] 	gpu: False
[2022-10-14 15:55:55,623] Found preprocessed data.
[2022-10-14 15:55:55,625] Corpus statistics:
[2022-10-14 15:55:55,625] 	Train:
[2022-10-14 15:55:55,625] 		# sentences: 753
[2022-10-14 15:55:55,625] 		# timexs: 1105
[2022-10-14 15:55:55,625] 	Validation:
[2022-10-14 15:55:55,625] 		# sentences: 103
[2022-10-14 15:55:55,625] 		# timexs: 153
[2022-10-14 15:55:55,625] Initializing model for language it.
[2022-10-14 15:55:55,708] Started train loop with id 20221014155555
[2022-10-14 15:55:55,710] Created vocabulary
[2022-10-14 15:55:55,711] Finished initializing nlp object
[2022-10-14 15:55:55,778]       |Loss 	|F1
[2022-10-14 15:55:55,778] Epoch |Train	|Train	|Validation
[2022-10-14 15:56:09,691]     1 |2.026	|0.6281	|0.4928
[2022-10-14 15:56:23,222]     2 |0.773	|0.8172	|0.5773
[2022-10-14 15:56:36,633]     3 |0.489	|0.8461	|0.5631
[2022-10-14 15:56:50,350]     4 |0.334	|0.8898	|0.5215
[2022-10-14 15:57:04,070]     5 |0.249	|0.9377	|0.6441
[2022-10-14 15:57:19,079]     6 |0.206	|0.9623	|0.6084
[2022-10-14 15:57:32,665]     7 |0.149	|0.9681	|0.5926
[2022-10-14 15:57:46,588]     8 |0.107	|0.9710	|0.5850
[2022-10-14 15:57:46,590] Training done.
[2022-10-14 15:57:46,590] Best validation f1: 0.6441
[2022-10-14 15:57:46,590] ----------------------------------------------------------------------------------------------------
[2022-10-14 15:57:48,535] ----------------------------------------------------------------------------------------------------
[2022-10-14 15:57:48,535] Start training for the following setup:
[2022-10-14 15:57:48,535] 	model: spacy
[2022-10-14 15:57:48,535] 	data: ['tempeval_2_italian', 'ancient_time_italian', 'meantime_italian', 'narrative_container']
[2022-10-14 15:57:48,535] 	language: it
[2022-10-14 15:57:48,535] 	n_epochs: 30
[2022-10-14 15:57:48,535] 	dropout: 0.4
[2022-10-14 15:57:48,535] 	learning_rate: None
[2022-10-14 15:57:48,535] 	trans_hidden_width: 256
[2022-10-14 15:57:48,535] 	trans_maxout_pieces: 3
[2022-10-14 15:57:48,535] 	trans_use_upper: True
[2022-10-14 15:57:48,535] 	embed_width: 128
[2022-10-14 15:57:48,535] 	embed_depth: 4
[2022-10-14 15:57:48,535] 	embed_size: 3000
[2022-10-14 15:57:48,535] 	embed_window_size: 1
[2022-10-14 15:57:48,535] 	embed_maxout_pieces: 3
[2022-10-14 15:57:48,535] 	embed_subword_features: True
[2022-10-14 15:57:48,535] 	models_path: /home/hugosousa/Projects/tei2go/models
[2022-10-14 15:57:48,535] 	resources_path: /home/hugosousa/Projects/tei2go/resources
[2022-10-14 15:57:48,535] 	logs_path: /home/hugosousa/Projects/tei2go/logs
[2022-10-14 15:57:48,535] 	data_path: /home/hugosousa/Projects/tei2go/data
[2022-10-14 15:57:48,536] 	gpu: False
[2022-10-14 15:57:48,536] Found preprocessed data.
[2022-10-14 15:57:48,538] Corpus statistics:
[2022-10-14 15:57:48,538] 	Train:
[2022-10-14 15:57:48,538] 		# sentences: 753
[2022-10-14 15:57:48,538] 		# timexs: 1105
[2022-10-14 15:57:48,538] 	Validation:
[2022-10-14 15:57:48,538] 		# sentences: 103
[2022-10-14 15:57:48,538] 		# timexs: 153
[2022-10-14 15:57:48,538] Initializing model for language it.
[2022-10-14 15:57:48,622] Started train loop with id 20221014155748
[2022-10-14 15:57:48,625] Created vocabulary
[2022-10-14 15:57:48,625] Finished initializing nlp object
[2022-10-14 15:57:48,982]       |Loss 	|F1
[2022-10-14 15:57:48,983] Epoch |Train	|Train	|Validation
[2022-10-14 15:58:19,132]     1 |2.059	|0.3260	|0.4519
[2022-10-14 15:58:50,940]     2 |1.404	|0.5348	|0.3731
[2022-10-14 15:59:22,376]     3 |1.120	|0.6251	|0.4596
[2022-10-14 15:59:53,824]     4 |0.985	|0.7215	|0.5581
[2022-10-14 16:00:24,668]     5 |0.878	|0.7129	|0.6460
[2022-10-14 16:00:54,248]     6 |0.811	|0.8038	|0.6113
[2022-10-14 16:01:26,127]     7 |0.725	|0.7623	|0.5273
[2022-10-14 16:01:58,114]     8 |0.661	|0.8049	|0.5938
[2022-10-14 16:01:58,116] Training done.
[2022-10-14 16:01:58,116] Best validation f1: 0.6460
[2022-10-14 16:01:58,116] ----------------------------------------------------------------------------------------------------
[2022-10-14 16:01:59,928] ----------------------------------------------------------------------------------------------------
[2022-10-14 16:01:59,928] Start training for the following setup:
[2022-10-14 16:01:59,929] 	model: spacy
[2022-10-14 16:01:59,929] 	data: ['tempeval_2_italian', 'ancient_time_italian', 'meantime_italian', 'narrative_container']
[2022-10-14 16:01:59,929] 	language: it
[2022-10-14 16:01:59,929] 	n_epochs: 30
[2022-10-14 16:01:59,929] 	dropout: 0.4
[2022-10-14 16:01:59,929] 	learning_rate: None
[2022-10-14 16:01:59,929] 	trans_hidden_width: 64
[2022-10-14 16:01:59,929] 	trans_maxout_pieces: 3
[2022-10-14 16:01:59,929] 	trans_use_upper: True
[2022-10-14 16:01:59,929] 	embed_width: 300
[2022-10-14 16:01:59,929] 	embed_depth: 2
[2022-10-14 16:01:59,929] 	embed_size: 7000
[2022-10-14 16:01:59,929] 	embed_window_size: 2
[2022-10-14 16:01:59,929] 	embed_maxout_pieces: 3
[2022-10-14 16:01:59,929] 	embed_subword_features: True
[2022-10-14 16:01:59,929] 	models_path: /home/hugosousa/Projects/tei2go/models
[2022-10-14 16:01:59,929] 	resources_path: /home/hugosousa/Projects/tei2go/resources
[2022-10-14 16:01:59,929] 	logs_path: /home/hugosousa/Projects/tei2go/logs
[2022-10-14 16:01:59,929] 	data_path: /home/hugosousa/Projects/tei2go/data
[2022-10-14 16:01:59,929] 	gpu: False
[2022-10-14 16:01:59,929] Found preprocessed data.
[2022-10-14 16:01:59,931] Corpus statistics:
[2022-10-14 16:01:59,931] 	Train:
[2022-10-14 16:01:59,931] 		# sentences: 753
[2022-10-14 16:01:59,931] 		# timexs: 1105
[2022-10-14 16:01:59,932] 	Validation:
[2022-10-14 16:01:59,932] 		# sentences: 103
[2022-10-14 16:01:59,932] 		# timexs: 153
[2022-10-14 16:01:59,932] Initializing model for language it.
[2022-10-14 16:02:00,012] Started train loop with id 20221014160200
[2022-10-14 16:02:00,014] Created vocabulary
[2022-10-14 16:02:00,015] Finished initializing nlp object
[2022-10-14 16:02:00,135]       |Loss 	|F1
[2022-10-14 16:02:00,135] Epoch |Train	|Train	|Validation
[2022-10-14 16:02:35,462]     1 |2.101	|0.5700	|0.5098
[2022-10-14 16:03:07,961]     2 |0.980	|0.7305	|0.5627
[2022-10-14 16:03:40,315]     3 |0.699	|0.7696	|0.5091
[2022-10-14 16:04:12,393]     4 |0.562	|0.8384	|0.5529
[2022-10-14 16:04:45,818]     5 |0.447	|0.8810	|0.5356
[2022-10-14 16:04:45,820] Training done.
[2022-10-14 16:04:45,820] Best validation f1: 0.5627
[2022-10-14 16:04:45,820] ----------------------------------------------------------------------------------------------------
[2022-10-14 16:04:47,738] ----------------------------------------------------------------------------------------------------
[2022-10-14 16:04:47,738] Start training for the following setup:
[2022-10-14 16:04:47,738] 	model: spacy
[2022-10-14 16:04:47,738] 	data: ['tempeval_2_italian', 'ancient_time_italian', 'meantime_italian', 'narrative_container']
[2022-10-14 16:04:47,738] 	language: it
[2022-10-14 16:04:47,738] 	n_epochs: 30
[2022-10-14 16:04:47,738] 	dropout: 0.3
[2022-10-14 16:04:47,738] 	learning_rate: None
[2022-10-14 16:04:47,738] 	trans_hidden_width: 64
[2022-10-14 16:04:47,738] 	trans_maxout_pieces: 2
[2022-10-14 16:04:47,739] 	trans_use_upper: True
[2022-10-14 16:04:47,739] 	embed_width: 96
[2022-10-14 16:04:47,739] 	embed_depth: 3
[2022-10-14 16:04:47,739] 	embed_size: 3000
[2022-10-14 16:04:47,739] 	embed_window_size: 1
[2022-10-14 16:04:47,739] 	embed_maxout_pieces: 2
[2022-10-14 16:04:47,739] 	embed_subword_features: True
[2022-10-14 16:04:47,739] 	models_path: /home/hugosousa/Projects/tei2go/models
[2022-10-14 16:04:47,739] 	resources_path: /home/hugosousa/Projects/tei2go/resources
[2022-10-14 16:04:47,739] 	logs_path: /home/hugosousa/Projects/tei2go/logs
[2022-10-14 16:04:47,739] 	data_path: /home/hugosousa/Projects/tei2go/data
[2022-10-14 16:04:47,739] 	gpu: False
[2022-10-14 16:04:47,739] Found preprocessed data.
[2022-10-14 16:04:47,741] Corpus statistics:
[2022-10-14 16:04:47,741] 	Train:
[2022-10-14 16:04:47,741] 		# sentences: 753
[2022-10-14 16:04:47,741] 		# timexs: 1105
[2022-10-14 16:04:47,741] 	Validation:
[2022-10-14 16:04:47,741] 		# sentences: 103
[2022-10-14 16:04:47,741] 		# timexs: 153
[2022-10-14 16:04:47,741] Initializing model for language it.
[2022-10-14 16:04:47,819] Started train loop with id 20221014160447
[2022-10-14 16:04:47,822] Created vocabulary
[2022-10-14 16:04:47,822] Finished initializing nlp object
[2022-10-14 16:04:47,867]       |Loss 	|F1
[2022-10-14 16:04:47,867] Epoch |Train	|Train	|Validation
[2022-10-14 16:04:55,827]     1 |2.315	|0.4146	|0.4494
[2022-10-14 16:05:04,138]     2 |1.152	|0.5484	|0.4207
[2022-10-14 16:05:12,609]     3 |0.890	|0.6806	|0.4952
[2022-10-14 16:05:21,001]     4 |0.794	|0.7612	|0.5065
[2022-10-14 16:05:29,135]     5 |0.640	|0.8145	|0.6111
[2022-10-14 16:05:37,266]     6 |0.595	|0.8508	|0.6379
[2022-10-14 16:05:45,228]     7 |0.533	|0.8618	|0.5928
[2022-10-14 16:05:53,294]     8 |0.469	|0.8844	|0.5974
[2022-10-14 16:06:01,153]     9 |0.441	|0.9005	|0.5886
[2022-10-14 16:06:01,155] Training done.
[2022-10-14 16:06:01,155] Best validation f1: 0.6379
[2022-10-14 16:06:01,155] ----------------------------------------------------------------------------------------------------
[2022-10-14 16:06:02,910] ----------------------------------------------------------------------------------------------------
[2022-10-14 16:06:02,910] Start training for the following setup:
[2022-10-14 16:06:02,910] 	model: spacy
[2022-10-14 16:06:02,910] 	data: ['tempeval_2_italian', 'ancient_time_italian', 'meantime_italian', 'narrative_container']
[2022-10-14 16:06:02,910] 	language: it
[2022-10-14 16:06:02,910] 	n_epochs: 30
[2022-10-14 16:06:02,910] 	dropout: 0.1
[2022-10-14 16:06:02,910] 	learning_rate: None
[2022-10-14 16:06:02,910] 	trans_hidden_width: 32
[2022-10-14 16:06:02,910] 	trans_maxout_pieces: 2
[2022-10-14 16:06:02,910] 	trans_use_upper: True
[2022-10-14 16:06:02,910] 	embed_width: 96
[2022-10-14 16:06:02,910] 	embed_depth: 2
[2022-10-14 16:06:02,910] 	embed_size: 9000
[2022-10-14 16:06:02,910] 	embed_window_size: 2
[2022-10-14 16:06:02,910] 	embed_maxout_pieces: 2
[2022-10-14 16:06:02,910] 	embed_subword_features: True
[2022-10-14 16:06:02,910] 	models_path: /home/hugosousa/Projects/tei2go/models
[2022-10-14 16:06:02,910] 	resources_path: /home/hugosousa/Projects/tei2go/resources
[2022-10-14 16:06:02,910] 	logs_path: /home/hugosousa/Projects/tei2go/logs
[2022-10-14 16:06:02,910] 	data_path: /home/hugosousa/Projects/tei2go/data
[2022-10-14 16:06:02,911] 	gpu: False
[2022-10-14 16:06:02,911] Found preprocessed data.
[2022-10-14 16:06:02,913] Corpus statistics:
[2022-10-14 16:06:02,913] 	Train:
[2022-10-14 16:06:02,913] 		# sentences: 753
[2022-10-14 16:06:02,913] 		# timexs: 1105
[2022-10-14 16:06:02,913] 	Validation:
[2022-10-14 16:06:02,913] 		# sentences: 103
[2022-10-14 16:06:02,913] 		# timexs: 153
[2022-10-14 16:06:02,913] Initializing model for language it.
[2022-10-14 16:06:02,991] Started train loop with id 20221014160602
[2022-10-14 16:06:02,994] Created vocabulary
[2022-10-14 16:06:02,994] Finished initializing nlp object
[2022-10-14 16:06:03,035]       |Loss 	|F1
[2022-10-14 16:06:03,035] Epoch |Train	|Train	|Validation
[2022-10-14 16:06:12,725]     1 |2.356	|0.5843	|0.5099
[2022-10-14 16:06:22,129]     2 |0.839	|0.7613	|0.5356
[2022-10-14 16:06:31,620]     3 |0.542	|0.8215	|0.5033
[2022-10-14 16:06:41,124]     4 |0.347	|0.9176	|0.5658
[2022-10-14 16:06:50,737]     5 |0.280	|0.9485	|0.6133
[2022-10-14 16:07:00,200]     6 |0.185	|0.9371	|0.6473
[2022-10-14 16:07:09,759]     7 |0.173	|0.9508	|0.6443
[2022-10-14 16:07:19,170]     8 |0.128	|0.9681	|0.6431
[2022-10-14 16:07:28,517]     9 |0.108	|0.9710	|0.6014
[2022-10-14 16:07:28,519] Training done.
[2022-10-14 16:07:28,520] Best validation f1: 0.6473
[2022-10-14 16:07:28,520] ----------------------------------------------------------------------------------------------------
