[2022-10-02 21:41:38,442] ----------------------------------------------------------------------------------------------------
[2022-10-02 21:41:38,442] Start training for the following setup:
[2022-10-02 21:41:38,442] 	model: spacy
[2022-10-02 21:41:38,443] 	data: ['spanish_timebank', 'tempeval_2_spanish', 'meantime_spanish', 'ancient_time_spanish']
[2022-10-02 21:41:38,443] 	language: es
[2022-10-02 21:41:38,443] 	n_epochs: 15
[2022-10-02 21:41:38,443] 	dropout: 0.0
[2022-10-02 21:41:38,443] 	batch_size: None
[2022-10-02 21:41:38,443] 	learning_rate: None
[2022-10-02 21:41:38,443] 	embeddings: None
[2022-10-02 21:41:38,443] 	models_path: /tei2go/models
[2022-10-02 21:41:38,443] 	resources_path: /tei2go/resources
[2022-10-02 21:41:38,443] 	logs_path: /tei2go/logs
[2022-10-02 21:41:38,443] 	data_path: /tei2go/data
[2022-10-02 21:41:38,443] 	gpu: False
[2022-10-02 21:41:38,443] Found preprocessed data.
[2022-10-02 21:41:38,448] Corpus statistics:
[2022-10-02 21:41:38,449] 	Train:
[2022-10-02 21:41:38,449] 		# sentences: 1499
[2022-10-02 21:41:38,449] 		# timexs: 2163
[2022-10-02 21:41:38,449] 	Validation:
[2022-10-02 21:41:38,449] 		# sentences: 331
[2022-10-02 21:41:38,449] 		# timexs: 484
[2022-10-02 21:41:38,449] Initializing model for language es.
[2022-10-02 21:41:38,531] Started train loop with id 20221002214138
[2022-10-02 21:41:38,533] Created vocabulary
[2022-10-02 21:41:38,534] Finished initializing nlp object
[2022-10-02 21:41:38,584]       |Loss 	|F1
[2022-10-02 21:41:38,584] Epoch |Train	|Train	|Validation
[2022-10-02 21:41:54,775]     1 |1.308	|0.6331	|0.5043
[2022-10-02 21:42:10,724]     2 |0.587	|0.6963	|0.5468
[2022-10-02 21:42:26,636]     3 |0.481	|0.7062	|0.5466
[2022-10-02 21:42:42,669]     4 |0.437	|0.7132	|0.5346
[2022-10-02 21:42:58,597]     5 |0.409	|0.7184	|0.5617
[2022-10-02 21:43:14,517]     6 |0.390	|0.7194	|0.5720
[2022-10-02 21:43:30,600]     7 |0.373	|0.7305	|0.5597
[2022-10-02 21:43:46,492]     8 |0.359	|0.7262	|0.5624
[2022-10-02 21:44:02,517]     9 |0.354	|0.7305	|0.5569
[2022-10-02 21:44:02,519] Training done.
[2022-10-02 21:44:02,519] Best validation f1: 0.5720
[2022-10-02 21:44:02,520] ----------------------------------------------------------------------------------------------------
[2022-10-02 21:44:04,260] ----------------------------------------------------------------------------------------------------
[2022-10-02 21:44:04,260] Start training for the following setup:
[2022-10-02 21:44:04,260] 	model: spacy
[2022-10-02 21:44:04,260] 	data: ['spanish_timebank', 'tempeval_2_spanish', 'meantime_spanish', 'ancient_time_spanish']
[2022-10-02 21:44:04,260] 	language: es
[2022-10-02 21:44:04,260] 	n_epochs: 15
[2022-10-02 21:44:04,260] 	dropout: 0.1
[2022-10-02 21:44:04,260] 	batch_size: None
[2022-10-02 21:44:04,260] 	learning_rate: None
[2022-10-02 21:44:04,261] 	embeddings: None
[2022-10-02 21:44:04,261] 	models_path: /tei2go/models
[2022-10-02 21:44:04,261] 	resources_path: /tei2go/resources
[2022-10-02 21:44:04,261] 	logs_path: /tei2go/logs
[2022-10-02 21:44:04,261] 	data_path: /tei2go/data
[2022-10-02 21:44:04,261] 	gpu: False
[2022-10-02 21:44:04,261] Found preprocessed data.
[2022-10-02 21:44:04,266] Corpus statistics:
[2022-10-02 21:44:04,266] 	Train:
[2022-10-02 21:44:04,266] 		# sentences: 1499
[2022-10-02 21:44:04,266] 		# timexs: 2163
[2022-10-02 21:44:04,266] 	Validation:
[2022-10-02 21:44:04,266] 		# sentences: 331
[2022-10-02 21:44:04,267] 		# timexs: 484
[2022-10-02 21:44:04,267] Initializing model for language es.
[2022-10-02 21:44:04,346] Started train loop with id 20221002214404
[2022-10-02 21:44:04,348] Created vocabulary
[2022-10-02 21:44:04,349] Finished initializing nlp object
[2022-10-02 21:44:04,399]       |Loss 	|F1
[2022-10-02 21:44:04,400] Epoch |Train	|Train	|Validation
[2022-10-02 21:44:21,172]     1 |1.445	|0.6280	|0.5046
[2022-10-02 21:44:37,653]     2 |0.651	|0.6861	|0.5638
[2022-10-02 21:44:54,156]     3 |0.540	|0.7017	|0.5530
[2022-10-02 21:45:10,690]     4 |0.477	|0.7087	|0.5389
[2022-10-02 21:45:27,159]     5 |0.432	|0.7205	|0.5638
[2022-10-02 21:45:43,654]     6 |0.414	|0.7146	|0.5481
[2022-10-02 21:46:00,227]     7 |0.403	|0.7218	|0.5659
[2022-10-02 21:46:16,655]     8 |0.378	|0.7235	|0.5551
[2022-10-02 21:46:33,112]     9 |0.379	|0.7236	|0.5509
[2022-10-02 21:46:49,527]    10 |0.377	|0.7331	|0.5643
[2022-10-02 21:46:49,529] Training done.
[2022-10-02 21:46:49,529] Best validation f1: 0.5659
[2022-10-02 21:46:49,529] ----------------------------------------------------------------------------------------------------
[2022-10-02 21:46:51,258] ----------------------------------------------------------------------------------------------------
[2022-10-02 21:46:51,258] Start training for the following setup:
[2022-10-02 21:46:51,258] 	model: spacy
[2022-10-02 21:46:51,258] 	data: ['spanish_timebank', 'tempeval_2_spanish', 'meantime_spanish', 'ancient_time_spanish']
[2022-10-02 21:46:51,258] 	language: es
[2022-10-02 21:46:51,258] 	n_epochs: 15
[2022-10-02 21:46:51,258] 	dropout: 0.2
[2022-10-02 21:46:51,258] 	batch_size: None
[2022-10-02 21:46:51,258] 	learning_rate: None
[2022-10-02 21:46:51,258] 	embeddings: None
[2022-10-02 21:46:51,258] 	models_path: /tei2go/models
[2022-10-02 21:46:51,258] 	resources_path: /tei2go/resources
[2022-10-02 21:46:51,258] 	logs_path: /tei2go/logs
[2022-10-02 21:46:51,258] 	data_path: /tei2go/data
[2022-10-02 21:46:51,258] 	gpu: False
[2022-10-02 21:46:51,258] Found preprocessed data.
[2022-10-02 21:46:51,264] Corpus statistics:
[2022-10-02 21:46:51,264] 	Train:
[2022-10-02 21:46:51,264] 		# sentences: 1499
[2022-10-02 21:46:51,264] 		# timexs: 2163
[2022-10-02 21:46:51,264] 	Validation:
[2022-10-02 21:46:51,264] 		# sentences: 331
[2022-10-02 21:46:51,264] 		# timexs: 484
[2022-10-02 21:46:51,264] Initializing model for language es.
[2022-10-02 21:46:51,341] Started train loop with id 20221002214651
[2022-10-02 21:46:51,343] Created vocabulary
[2022-10-02 21:46:51,344] Finished initializing nlp object
[2022-10-02 21:46:51,394]       |Loss 	|F1
[2022-10-02 21:46:51,394] Epoch |Train	|Train	|Validation
[2022-10-02 21:47:07,995]     1 |1.589	|0.5580	|0.4626
[2022-10-02 21:47:24,380]     2 |0.748	|0.6624	|0.5455
[2022-10-02 21:47:40,741]     3 |0.601	|0.6850	|0.5553
[2022-10-02 21:47:57,223]     4 |0.534	|0.6988	|0.5537
[2022-10-02 21:48:13,617]     5 |0.510	|0.7048	|0.5502
[2022-10-02 21:48:30,022]     6 |0.467	|0.7177	|0.5572
[2022-10-02 21:48:46,544]     7 |0.448	|0.7110	|0.5625
[2022-10-02 21:49:02,989]     8 |0.431	|0.7250	|0.5670
[2022-10-02 21:49:19,606]     9 |0.401	|0.7221	|0.5645
[2022-10-02 21:49:36,161]    10 |0.407	|0.7201	|0.5472
[2022-10-02 21:49:52,581]    11 |0.389	|0.7031	|0.5549
[2022-10-02 21:49:52,583] Training done.
[2022-10-02 21:49:52,584] Best validation f1: 0.5670
[2022-10-02 21:49:52,584] ----------------------------------------------------------------------------------------------------
[2022-10-02 21:49:54,325] ----------------------------------------------------------------------------------------------------
[2022-10-02 21:49:54,325] Start training for the following setup:
[2022-10-02 21:49:54,325] 	model: spacy
[2022-10-02 21:49:54,325] 	data: ['spanish_timebank', 'tempeval_2_spanish', 'meantime_spanish', 'ancient_time_spanish']
[2022-10-02 21:49:54,325] 	language: es
[2022-10-02 21:49:54,325] 	n_epochs: 15
[2022-10-02 21:49:54,325] 	dropout: 0.3
[2022-10-02 21:49:54,325] 	batch_size: None
[2022-10-02 21:49:54,325] 	learning_rate: None
[2022-10-02 21:49:54,325] 	embeddings: None
[2022-10-02 21:49:54,325] 	models_path: /tei2go/models
[2022-10-02 21:49:54,325] 	resources_path: /tei2go/resources
[2022-10-02 21:49:54,325] 	logs_path: /tei2go/logs
[2022-10-02 21:49:54,325] 	data_path: /tei2go/data
[2022-10-02 21:49:54,325] 	gpu: False
[2022-10-02 21:49:54,325] Found preprocessed data.
[2022-10-02 21:49:54,331] Corpus statistics:
[2022-10-02 21:49:54,331] 	Train:
[2022-10-02 21:49:54,331] 		# sentences: 1499
[2022-10-02 21:49:54,331] 		# timexs: 2163
[2022-10-02 21:49:54,331] 	Validation:
[2022-10-02 21:49:54,331] 		# sentences: 331
[2022-10-02 21:49:54,331] 		# timexs: 484
[2022-10-02 21:49:54,331] Initializing model for language es.
[2022-10-02 21:49:54,409] Started train loop with id 20221002214954
[2022-10-02 21:49:54,411] Created vocabulary
[2022-10-02 21:49:54,412] Finished initializing nlp object
[2022-10-02 21:49:54,463]       |Loss 	|F1
[2022-10-02 21:49:54,463] Epoch |Train	|Train	|Validation
[2022-10-02 21:50:11,165]     1 |1.709	|0.5201	|0.4841
[2022-10-02 21:50:27,638]     2 |0.846	|0.6548	|0.5403
[2022-10-02 21:50:44,041]     3 |0.670	|0.6667	|0.5593
[2022-10-02 21:51:00,561]     4 |0.605	|0.6724	|0.5295
[2022-10-02 21:51:17,016]     5 |0.558	|0.6952	|0.5702
[2022-10-02 21:51:33,471]     6 |0.533	|0.7064	|0.5681
[2022-10-02 21:51:50,077]     7 |0.494	|0.7158	|0.5588
[2022-10-02 21:52:06,523]     8 |0.477	|0.7129	|0.5654
[2022-10-02 21:52:06,525] Training done.
[2022-10-02 21:52:06,525] Best validation f1: 0.5702
[2022-10-02 21:52:06,525] ----------------------------------------------------------------------------------------------------
[2022-10-02 21:52:08,272] ----------------------------------------------------------------------------------------------------
[2022-10-02 21:52:08,272] Start training for the following setup:
[2022-10-02 21:52:08,272] 	model: spacy
[2022-10-02 21:52:08,272] 	data: ['spanish_timebank', 'tempeval_2_spanish', 'meantime_spanish', 'ancient_time_spanish']
[2022-10-02 21:52:08,272] 	language: es
[2022-10-02 21:52:08,272] 	n_epochs: 15
[2022-10-02 21:52:08,272] 	dropout: 0.4
[2022-10-02 21:52:08,272] 	batch_size: None
[2022-10-02 21:52:08,272] 	learning_rate: None
[2022-10-02 21:52:08,272] 	embeddings: None
[2022-10-02 21:52:08,272] 	models_path: /tei2go/models
[2022-10-02 21:52:08,272] 	resources_path: /tei2go/resources
[2022-10-02 21:52:08,272] 	logs_path: /tei2go/logs
[2022-10-02 21:52:08,272] 	data_path: /tei2go/data
[2022-10-02 21:52:08,272] 	gpu: False
[2022-10-02 21:52:08,272] Found preprocessed data.
[2022-10-02 21:52:08,278] Corpus statistics:
[2022-10-02 21:52:08,278] 	Train:
[2022-10-02 21:52:08,278] 		# sentences: 1499
[2022-10-02 21:52:08,278] 		# timexs: 2163
[2022-10-02 21:52:08,278] 	Validation:
[2022-10-02 21:52:08,278] 		# sentences: 331
[2022-10-02 21:52:08,278] 		# timexs: 484
[2022-10-02 21:52:08,278] Initializing model for language es.
[2022-10-02 21:52:08,357] Started train loop with id 20221002215208
[2022-10-02 21:52:08,360] Created vocabulary
[2022-10-02 21:52:08,360] Finished initializing nlp object
[2022-10-02 21:52:08,412]       |Loss 	|F1
[2022-10-02 21:52:08,412] Epoch |Train	|Train	|Validation
[2022-10-02 21:52:25,198]     1 |1.793	|0.4645	|0.4432
[2022-10-02 21:52:41,701]     2 |0.975	|0.6225	|0.5405
[2022-10-02 21:52:58,138]     3 |0.774	|0.6618	|0.5434
[2022-10-02 21:53:14,925]     4 |0.685	|0.6768	|0.5484
[2022-10-02 21:53:31,606]     5 |0.634	|0.6758	|0.5533
[2022-10-02 21:53:48,244]     6 |0.602	|0.6912	|0.5617
[2022-10-02 21:54:05,031]     7 |0.565	|0.6945	|0.5597
[2022-10-02 21:54:21,683]     8 |0.543	|0.6693	|0.5547
[2022-10-02 21:54:38,417]     9 |0.531	|0.7082	|0.5642
[2022-10-02 21:54:55,217]    10 |0.506	|0.7127	|0.5693
[2022-10-02 21:55:11,988]    11 |0.486	|0.7111	|0.5751
[2022-10-02 21:55:28,599]    12 |0.449	|0.6591	|0.5539
[2022-10-02 21:55:45,267]    13 |0.451	|0.6459	|0.5525
[2022-10-02 21:56:01,936]    14 |0.459	|0.7151	|0.5804
[2022-10-02 21:56:18,575]    15 |0.448	|0.7112	|0.5654
[2022-10-02 21:56:18,578] Training done.
[2022-10-02 21:56:18,578] Best validation f1: 0.5804
[2022-10-02 21:56:18,578] ----------------------------------------------------------------------------------------------------
[2022-10-02 21:56:20,298] ----------------------------------------------------------------------------------------------------
[2022-10-02 21:56:20,298] Start training for the following setup:
[2022-10-02 21:56:20,301] 	model: spacy
[2022-10-02 21:56:20,301] 	data: ['spanish_timebank', 'tempeval_2_spanish', 'meantime_spanish', 'ancient_time_spanish']
[2022-10-02 21:56:20,301] 	language: es
[2022-10-02 21:56:20,301] 	n_epochs: 15
[2022-10-02 21:56:20,301] 	dropout: 0.5
[2022-10-02 21:56:20,302] 	batch_size: None
[2022-10-02 21:56:20,302] 	learning_rate: None
[2022-10-02 21:56:20,302] 	embeddings: None
[2022-10-02 21:56:20,302] 	models_path: /tei2go/models
[2022-10-02 21:56:20,302] 	resources_path: /tei2go/resources
[2022-10-02 21:56:20,302] 	logs_path: /tei2go/logs
[2022-10-02 21:56:20,302] 	data_path: /tei2go/data
[2022-10-02 21:56:20,302] 	gpu: False
[2022-10-02 21:56:20,302] Found preprocessed data.
[2022-10-02 21:56:20,312] Corpus statistics:
[2022-10-02 21:56:20,312] 	Train:
[2022-10-02 21:56:20,312] 		# sentences: 1499
[2022-10-02 21:56:20,313] 		# timexs: 2163
[2022-10-02 21:56:20,313] 	Validation:
[2022-10-02 21:56:20,313] 		# sentences: 331
[2022-10-02 21:56:20,313] 		# timexs: 484
[2022-10-02 21:56:20,313] Initializing model for language es.
[2022-10-02 21:56:20,393] Started train loop with id 20221002215620
[2022-10-02 21:56:20,395] Created vocabulary
[2022-10-02 21:56:20,396] Finished initializing nlp object
[2022-10-02 21:56:20,447]       |Loss 	|F1
[2022-10-02 21:56:20,447] Epoch |Train	|Train	|Validation
[2022-10-02 21:56:37,127]     1 |1.996	|0.4243	|0.3971
[2022-10-02 21:56:53,633]     2 |1.176	|0.5721	|0.4586
[2022-10-02 21:57:10,122]     3 |0.936	|0.6167	|0.5131
[2022-10-02 21:57:26,743]     4 |0.798	|0.6518	|0.5508
[2022-10-02 21:57:43,633]     5 |0.720	|0.6576	|0.5519
[2022-10-02 21:58:00,479]     6 |0.697	|0.6682	|0.5623
[2022-10-02 21:58:17,294]     7 |0.648	|0.6780	|0.5455
[2022-10-02 21:58:33,905]     8 |0.623	|0.6807	|0.5607
[2022-10-02 21:58:50,546]     9 |0.587	|0.6944	|0.5559
[2022-10-02 21:58:50,548] Training done.
[2022-10-02 21:58:50,548] Best validation f1: 0.5623
[2022-10-02 21:58:50,548] ----------------------------------------------------------------------------------------------------
[2022-10-14 16:07:30,579] ----------------------------------------------------------------------------------------------------
[2022-10-14 16:07:30,580] Start training for the following setup:
[2022-10-14 16:07:30,580] 	model: spacy
[2022-10-14 16:07:30,580] 	data: ['spanish_timebank', 'tempeval_2_spanish', 'meantime_spanish', 'ancient_time_spanish']
[2022-10-14 16:07:30,580] 	language: es
[2022-10-14 16:07:30,580] 	n_epochs: 30
[2022-10-14 16:07:30,580] 	dropout: 0.2
[2022-10-14 16:07:30,580] 	learning_rate: None
[2022-10-14 16:07:30,580] 	trans_hidden_width: 8
[2022-10-14 16:07:30,580] 	trans_maxout_pieces: 3
[2022-10-14 16:07:30,580] 	trans_use_upper: True
[2022-10-14 16:07:30,580] 	embed_width: 300
[2022-10-14 16:07:30,580] 	embed_depth: 3
[2022-10-14 16:07:30,580] 	embed_size: 9000
[2022-10-14 16:07:30,580] 	embed_window_size: 2
[2022-10-14 16:07:30,580] 	embed_maxout_pieces: 3
[2022-10-14 16:07:30,580] 	embed_subword_features: True
[2022-10-14 16:07:30,580] 	models_path: /tei2go/models
[2022-10-14 16:07:30,581] 	resources_path: /tei2go/resources
[2022-10-14 16:07:30,581] 	logs_path: /tei2go/logs
[2022-10-14 16:07:30,581] 	data_path: /tei2go/data
[2022-10-14 16:07:30,581] 	gpu: False
[2022-10-14 16:07:30,581] Found preprocessed data.
[2022-10-14 16:07:30,589] Corpus statistics:
[2022-10-14 16:07:30,589] 	Train:
[2022-10-14 16:07:30,589] 		# sentences: 1499
[2022-10-14 16:07:30,589] 		# timexs: 2163
[2022-10-14 16:07:30,589] 	Validation:
[2022-10-14 16:07:30,589] 		# sentences: 331
[2022-10-14 16:07:30,590] 		# timexs: 484
[2022-10-14 16:07:30,590] Initializing model for language es.
[2022-10-14 16:07:30,674] Started train loop with id 20221014160730
[2022-10-14 16:07:30,676] Created vocabulary
[2022-10-14 16:07:30,677] Finished initializing nlp object
[2022-10-14 16:07:30,822]       |Loss 	|F1
[2022-10-14 16:07:30,822] Epoch |Train	|Train	|Validation
[2022-10-14 16:08:56,545]     1 |1.632	|0.5535	|0.5057
[2022-10-14 16:10:21,041]     2 |0.653	|0.6850	|0.5232
[2022-10-14 16:11:45,043]     3 |0.519	|0.7112	|0.5653
[2022-10-14 16:13:07,685]     4 |0.444	|0.7186	|0.5649
[2022-10-14 16:14:31,153]     5 |0.414	|0.7106	|0.5634
[2022-10-14 16:15:49,634]     6 |0.392	|0.7289	|0.5430
[2022-10-14 16:15:49,640] Training done.
[2022-10-14 16:15:49,640] Best validation f1: 0.5653
[2022-10-14 16:15:49,640] ----------------------------------------------------------------------------------------------------
[2022-10-14 16:15:51,539] ----------------------------------------------------------------------------------------------------
[2022-10-14 16:15:51,540] Start training for the following setup:
[2022-10-14 16:15:51,540] 	model: spacy
[2022-10-14 16:15:51,540] 	data: ['spanish_timebank', 'tempeval_2_spanish', 'meantime_spanish', 'ancient_time_spanish']
[2022-10-14 16:15:51,540] 	language: es
[2022-10-14 16:15:51,540] 	n_epochs: 30
[2022-10-14 16:15:51,540] 	dropout: 0.0
[2022-10-14 16:15:51,540] 	learning_rate: None
[2022-10-14 16:15:51,540] 	trans_hidden_width: 64
[2022-10-14 16:15:51,540] 	trans_maxout_pieces: 2
[2022-10-14 16:15:51,540] 	trans_use_upper: True
[2022-10-14 16:15:51,540] 	embed_width: 128
[2022-10-14 16:15:51,540] 	embed_depth: 2
[2022-10-14 16:15:51,540] 	embed_size: 2000
[2022-10-14 16:15:51,540] 	embed_window_size: 2
[2022-10-14 16:15:51,540] 	embed_maxout_pieces: 2
[2022-10-14 16:15:51,540] 	embed_subword_features: True
[2022-10-14 16:15:51,540] 	models_path: /tei2go/models
[2022-10-14 16:15:51,540] 	resources_path: /tei2go/resources
[2022-10-14 16:15:51,540] 	logs_path: /tei2go/logs
[2022-10-14 16:15:51,540] 	data_path: /tei2go/data
[2022-10-14 16:15:51,540] 	gpu: False
[2022-10-14 16:15:51,540] Found preprocessed data.
[2022-10-14 16:15:51,546] Corpus statistics:
[2022-10-14 16:15:51,546] 	Train:
[2022-10-14 16:15:51,547] 		# sentences: 1499
[2022-10-14 16:15:51,547] 		# timexs: 2163
[2022-10-14 16:15:51,547] 	Validation:
[2022-10-14 16:15:51,547] 		# sentences: 331
[2022-10-14 16:15:51,547] 		# timexs: 484
[2022-10-14 16:15:51,547] Initializing model for language es.
[2022-10-14 16:15:51,630] Started train loop with id 20221014161551
[2022-10-14 16:15:51,633] Created vocabulary
[2022-10-14 16:15:51,634] Finished initializing nlp object
[2022-10-14 16:15:51,690]       |Loss 	|F1
[2022-10-14 16:15:51,690] Epoch |Train	|Train	|Validation
[2022-10-14 16:16:08,952]     1 |1.349	|0.6056	|0.5135
[2022-10-14 16:16:25,569]     2 |0.580	|0.6949	|0.5242
[2022-10-14 16:16:42,343]     3 |0.497	|0.7067	|0.5677
[2022-10-14 16:16:59,818]     4 |0.459	|0.7145	|0.5498
[2022-10-14 16:17:17,126]     5 |0.410	|0.7185	|0.5336
[2022-10-14 16:17:35,039]     6 |0.394	|0.7210	|0.5662
[2022-10-14 16:17:35,043] Training done.
[2022-10-14 16:17:35,043] Best validation f1: 0.5677
[2022-10-14 16:17:35,043] ----------------------------------------------------------------------------------------------------
[2022-10-14 16:17:36,992] ----------------------------------------------------------------------------------------------------
[2022-10-14 16:17:36,992] Start training for the following setup:
[2022-10-14 16:17:36,992] 	model: spacy
[2022-10-14 16:17:36,992] 	data: ['spanish_timebank', 'tempeval_2_spanish', 'meantime_spanish', 'ancient_time_spanish']
[2022-10-14 16:17:36,992] 	language: es
[2022-10-14 16:17:36,992] 	n_epochs: 30
[2022-10-14 16:17:36,992] 	dropout: 0.0
[2022-10-14 16:17:36,992] 	learning_rate: None
[2022-10-14 16:17:36,992] 	trans_hidden_width: 64
[2022-10-14 16:17:36,992] 	trans_maxout_pieces: 2
[2022-10-14 16:17:36,992] 	trans_use_upper: True
[2022-10-14 16:17:36,993] 	embed_width: 128
[2022-10-14 16:17:36,993] 	embed_depth: 6
[2022-10-14 16:17:36,993] 	embed_size: 8000
[2022-10-14 16:17:36,993] 	embed_window_size: 1
[2022-10-14 16:17:36,993] 	embed_maxout_pieces: 1
[2022-10-14 16:17:36,993] 	embed_subword_features: True
[2022-10-14 16:17:36,993] 	models_path: /tei2go/models
[2022-10-14 16:17:36,993] 	resources_path: /tei2go/resources
[2022-10-14 16:17:36,993] 	logs_path: /tei2go/logs
[2022-10-14 16:17:36,993] 	data_path: /tei2go/data
[2022-10-14 16:17:36,993] 	gpu: False
[2022-10-14 16:17:36,993] Found preprocessed data.
[2022-10-14 16:17:36,998] Corpus statistics:
[2022-10-14 16:17:36,998] 	Train:
[2022-10-14 16:17:36,999] 		# sentences: 1499
[2022-10-14 16:17:36,999] 		# timexs: 2163
[2022-10-14 16:17:36,999] 	Validation:
[2022-10-14 16:17:36,999] 		# sentences: 331
[2022-10-14 16:17:36,999] 		# timexs: 484
[2022-10-14 16:17:36,999] Initializing model for language es.
[2022-10-14 16:17:37,080] Started train loop with id 20221014161737
[2022-10-14 16:17:37,082] Created vocabulary
[2022-10-14 16:17:37,083] Finished initializing nlp object
[2022-10-14 16:17:37,163]       |Loss 	|F1
[2022-10-14 16:17:37,163] Epoch |Train	|Train	|Validation
[2022-10-14 16:18:02,775]     1 |1.232	|0.5780	|0.4535
[2022-10-14 16:18:28,034]     2 |0.626	|0.6894	|0.5472
[2022-10-14 16:18:53,078]     3 |0.511	|0.6772	|0.5519
[2022-10-14 16:19:15,882]     4 |0.456	|0.7106	|0.5172
[2022-10-14 16:19:38,190]     5 |0.421	|0.7094	|0.5380
[2022-10-14 16:20:00,464]     6 |0.415	|0.7014	|0.5496
[2022-10-14 16:20:00,466] Training done.
[2022-10-14 16:20:00,466] Best validation f1: 0.5519
[2022-10-14 16:20:00,466] ----------------------------------------------------------------------------------------------------
[2022-10-14 16:20:02,167] ----------------------------------------------------------------------------------------------------
[2022-10-14 16:20:02,167] Start training for the following setup:
[2022-10-14 16:20:02,167] 	model: spacy
[2022-10-14 16:20:02,167] 	data: ['spanish_timebank', 'tempeval_2_spanish', 'meantime_spanish', 'ancient_time_spanish']
[2022-10-14 16:20:02,167] 	language: es
[2022-10-14 16:20:02,167] 	n_epochs: 30
[2022-10-14 16:20:02,167] 	dropout: 0.2
[2022-10-14 16:20:02,167] 	learning_rate: None
[2022-10-14 16:20:02,167] 	trans_hidden_width: 128
[2022-10-14 16:20:02,167] 	trans_maxout_pieces: 3
[2022-10-14 16:20:02,168] 	trans_use_upper: True
[2022-10-14 16:20:02,168] 	embed_width: 300
[2022-10-14 16:20:02,168] 	embed_depth: 2
[2022-10-14 16:20:02,168] 	embed_size: 9000
[2022-10-14 16:20:02,168] 	embed_window_size: 2
[2022-10-14 16:20:02,168] 	embed_maxout_pieces: 2
[2022-10-14 16:20:02,168] 	embed_subword_features: True
[2022-10-14 16:20:02,168] 	models_path: /tei2go/models
[2022-10-14 16:20:02,168] 	resources_path: /tei2go/resources
[2022-10-14 16:20:02,168] 	logs_path: /tei2go/logs
[2022-10-14 16:20:02,168] 	data_path: /tei2go/data
[2022-10-14 16:20:02,168] 	gpu: False
[2022-10-14 16:20:02,168] Found preprocessed data.
[2022-10-14 16:20:02,173] Corpus statistics:
[2022-10-14 16:20:02,173] 	Train:
[2022-10-14 16:20:02,173] 		# sentences: 1499
[2022-10-14 16:20:02,174] 		# timexs: 2163
[2022-10-14 16:20:02,174] 	Validation:
[2022-10-14 16:20:02,174] 		# sentences: 331
[2022-10-14 16:20:02,174] 		# timexs: 484
[2022-10-14 16:20:02,174] Initializing model for language es.
[2022-10-14 16:20:02,244] Started train loop with id 20221014162002
[2022-10-14 16:20:02,246] Created vocabulary
[2022-10-14 16:20:02,247] Finished initializing nlp object
[2022-10-14 16:20:02,433]       |Loss 	|F1
[2022-10-14 16:20:02,433] Epoch |Train	|Train	|Validation
[2022-10-14 16:21:06,900]     1 |1.438	|0.5926	|0.5098
[2022-10-14 16:22:10,705]     2 |0.660	|0.6654	|0.5342
[2022-10-14 16:23:12,300]     3 |0.553	|0.6861	|0.5576
[2022-10-14 16:24:16,780]     4 |0.485	|0.7067	|0.5479
[2022-10-14 16:25:17,901]     5 |0.458	|0.7021	|0.5435
[2022-10-14 16:26:18,669]     6 |0.443	|0.7165	|0.5526
[2022-10-14 16:26:18,674] Training done.
[2022-10-14 16:26:18,674] Best validation f1: 0.5576
[2022-10-14 16:26:18,675] ----------------------------------------------------------------------------------------------------
[2022-10-14 16:26:20,560] ----------------------------------------------------------------------------------------------------
[2022-10-14 16:26:20,560] Start training for the following setup:
[2022-10-14 16:26:20,560] 	model: spacy
[2022-10-14 16:26:20,560] 	data: ['spanish_timebank', 'tempeval_2_spanish', 'meantime_spanish', 'ancient_time_spanish']
[2022-10-14 16:26:20,560] 	language: es
[2022-10-14 16:26:20,560] 	n_epochs: 30
[2022-10-14 16:26:20,560] 	dropout: 0.1
[2022-10-14 16:26:20,560] 	learning_rate: None
[2022-10-14 16:26:20,560] 	trans_hidden_width: 16
[2022-10-14 16:26:20,560] 	trans_maxout_pieces: 1
[2022-10-14 16:26:20,560] 	trans_use_upper: True
[2022-10-14 16:26:20,560] 	embed_width: 128
[2022-10-14 16:26:20,560] 	embed_depth: 4
[2022-10-14 16:26:20,561] 	embed_size: 2000
[2022-10-14 16:26:20,561] 	embed_window_size: 1
[2022-10-14 16:26:20,561] 	embed_maxout_pieces: 3
[2022-10-14 16:26:20,561] 	embed_subword_features: True
[2022-10-14 16:26:20,561] 	models_path: /tei2go/models
[2022-10-14 16:26:20,561] 	resources_path: /tei2go/resources
[2022-10-14 16:26:20,561] 	logs_path: /tei2go/logs
[2022-10-14 16:26:20,561] 	data_path: /tei2go/data
[2022-10-14 16:26:20,561] 	gpu: False
[2022-10-14 16:26:20,561] Found preprocessed data.
[2022-10-14 16:26:20,567] Corpus statistics:
[2022-10-14 16:26:20,567] 	Train:
[2022-10-14 16:26:20,567] 		# sentences: 1499
[2022-10-14 16:26:20,567] 		# timexs: 2163
[2022-10-14 16:26:20,567] 	Validation:
[2022-10-14 16:26:20,567] 		# sentences: 331
[2022-10-14 16:26:20,567] 		# timexs: 484
[2022-10-14 16:26:20,567] Initializing model for language es.
[2022-10-14 16:26:20,646] Started train loop with id 20221014162620
[2022-10-14 16:26:20,648] Created vocabulary
[2022-10-14 16:26:20,649] Finished initializing nlp object
[2022-10-14 16:26:20,692]       |Loss 	|F1
[2022-10-14 16:26:20,693] Epoch |Train	|Train	|Validation
[2022-10-14 16:26:42,407]     1 |1.707	|0.5178	|0.4604
[2022-10-14 16:27:00,824]     2 |0.717	|0.6221	|0.5096
[2022-10-14 16:27:19,047]     3 |0.538	|0.6712	|0.5359
[2022-10-14 16:27:37,333]     4 |0.481	|0.7108	|0.5462
[2022-10-14 16:27:55,603]     5 |0.438	|0.7031	|0.5502
[2022-10-14 16:28:13,863]     6 |0.429	|0.7168	|0.5755
[2022-10-14 16:28:32,264]     7 |0.408	|0.7157	|0.5512
[2022-10-14 16:28:50,580]     8 |0.391	|0.7228	|0.5544
[2022-10-14 16:29:08,867]     9 |0.380	|0.7308	|0.5566
[2022-10-14 16:29:08,869] Training done.
[2022-10-14 16:29:08,869] Best validation f1: 0.5755
[2022-10-14 16:29:08,869] ----------------------------------------------------------------------------------------------------
[2022-10-14 16:29:10,565] ----------------------------------------------------------------------------------------------------
[2022-10-14 16:29:10,565] Start training for the following setup:
[2022-10-14 16:29:10,565] 	model: spacy
[2022-10-14 16:29:10,565] 	data: ['spanish_timebank', 'tempeval_2_spanish', 'meantime_spanish', 'ancient_time_spanish']
[2022-10-14 16:29:10,565] 	language: es
[2022-10-14 16:29:10,565] 	n_epochs: 30
[2022-10-14 16:29:10,565] 	dropout: 0.1
[2022-10-14 16:29:10,565] 	learning_rate: None
[2022-10-14 16:29:10,565] 	trans_hidden_width: 128
[2022-10-14 16:29:10,565] 	trans_maxout_pieces: 2
[2022-10-14 16:29:10,565] 	trans_use_upper: True
[2022-10-14 16:29:10,565] 	embed_width: 96
[2022-10-14 16:29:10,565] 	embed_depth: 7
[2022-10-14 16:29:10,566] 	embed_size: 3000
[2022-10-14 16:29:10,566] 	embed_window_size: 1
[2022-10-14 16:29:10,566] 	embed_maxout_pieces: 1
[2022-10-14 16:29:10,566] 	embed_subword_features: True
[2022-10-14 16:29:10,566] 	models_path: /tei2go/models
[2022-10-14 16:29:10,566] 	resources_path: /tei2go/resources
[2022-10-14 16:29:10,566] 	logs_path: /tei2go/logs
[2022-10-14 16:29:10,566] 	data_path: /tei2go/data
[2022-10-14 16:29:10,566] 	gpu: False
[2022-10-14 16:29:10,566] Found preprocessed data.
[2022-10-14 16:29:10,571] Corpus statistics:
[2022-10-14 16:29:10,571] 	Train:
[2022-10-14 16:29:10,571] 		# sentences: 1499
[2022-10-14 16:29:10,572] 		# timexs: 2163
[2022-10-14 16:29:10,572] 	Validation:
[2022-10-14 16:29:10,572] 		# sentences: 331
[2022-10-14 16:29:10,572] 		# timexs: 484
[2022-10-14 16:29:10,572] Initializing model for language es.
[2022-10-14 16:29:10,641] Started train loop with id 20221014162910
[2022-10-14 16:29:10,643] Created vocabulary
[2022-10-14 16:29:10,644] Finished initializing nlp object
[2022-10-14 16:29:10,737]       |Loss 	|F1
[2022-10-14 16:29:10,737] Epoch |Train	|Train	|Validation
[2022-10-14 16:29:30,351]     1 |1.280	|0.5961	|0.5329
[2022-10-14 16:29:49,729]     2 |0.697	|0.6486	|0.5268
[2022-10-14 16:30:09,123]     3 |0.577	|0.6871	|0.5395
[2022-10-14 16:30:28,604]     4 |0.524	|0.6913	|0.5476
[2022-10-14 16:30:48,087]     5 |0.470	|0.6817	|0.5117
[2022-10-14 16:31:07,531]     6 |0.463	|0.7066	|0.5505
[2022-10-14 16:31:27,074]     7 |0.441	|0.6902	|0.5509
[2022-10-14 16:31:46,516]     8 |0.426	|0.7161	|0.5458
[2022-10-14 16:32:06,002]     9 |0.419	|0.7183	|0.5242
[2022-10-14 16:32:25,402]    10 |0.411	|0.7221	|0.5115
[2022-10-14 16:32:25,404] Training done.
[2022-10-14 16:32:25,404] Best validation f1: 0.5509
[2022-10-14 16:32:25,404] ----------------------------------------------------------------------------------------------------
[2022-10-14 16:32:27,142] ----------------------------------------------------------------------------------------------------
[2022-10-14 16:32:27,142] Start training for the following setup:
[2022-10-14 16:32:27,142] 	model: spacy
[2022-10-14 16:32:27,142] 	data: ['spanish_timebank', 'tempeval_2_spanish', 'meantime_spanish', 'ancient_time_spanish']
[2022-10-14 16:32:27,142] 	language: es
[2022-10-14 16:32:27,142] 	n_epochs: 30
[2022-10-14 16:32:27,142] 	dropout: 0.4
[2022-10-14 16:32:27,142] 	learning_rate: None
[2022-10-14 16:32:27,142] 	trans_hidden_width: 16
[2022-10-14 16:32:27,142] 	trans_maxout_pieces: 2
[2022-10-14 16:32:27,142] 	trans_use_upper: True
[2022-10-14 16:32:27,142] 	embed_width: 128
[2022-10-14 16:32:27,142] 	embed_depth: 7
[2022-10-14 16:32:27,142] 	embed_size: 5000
[2022-10-14 16:32:27,142] 	embed_window_size: 2
[2022-10-14 16:32:27,142] 	embed_maxout_pieces: 2
[2022-10-14 16:32:27,142] 	embed_subword_features: True
[2022-10-14 16:32:27,142] 	models_path: /tei2go/models
[2022-10-14 16:32:27,142] 	resources_path: /tei2go/resources
[2022-10-14 16:32:27,142] 	logs_path: /tei2go/logs
[2022-10-14 16:32:27,142] 	data_path: /tei2go/data
[2022-10-14 16:32:27,142] 	gpu: False
[2022-10-14 16:32:27,143] Found preprocessed data.
[2022-10-14 16:32:27,148] Corpus statistics:
[2022-10-14 16:32:27,148] 	Train:
[2022-10-14 16:32:27,148] 		# sentences: 1499
[2022-10-14 16:32:27,148] 		# timexs: 2163
[2022-10-14 16:32:27,148] 	Validation:
[2022-10-14 16:32:27,148] 		# sentences: 331
[2022-10-14 16:32:27,148] 		# timexs: 484
[2022-10-14 16:32:27,148] Initializing model for language es.
[2022-10-14 16:32:27,219] Started train loop with id 20221014163227
[2022-10-14 16:32:27,221] Created vocabulary
[2022-10-14 16:32:27,222] Finished initializing nlp object
[2022-10-14 16:32:27,267]       |Loss 	|F1
[2022-10-14 16:32:27,267] Epoch |Train	|Train	|Validation
[2022-10-14 16:33:00,237]     1 |1.869	|0.4863	|0.4347
[2022-10-14 16:33:32,346]     2 |0.839	|0.6603	|0.5453
[2022-10-14 16:34:04,483]     3 |0.652	|0.6930	|0.5603
[2022-10-14 16:34:36,691]     4 |0.558	|0.7002	|0.5289
[2022-10-14 16:35:08,845]     5 |0.520	|0.7141	|0.5558
[2022-10-14 16:35:41,052]     6 |0.479	|0.7119	|0.5819
[2022-10-14 16:36:13,296]     7 |0.464	|0.7260	|0.5542
[2022-10-14 16:36:45,460]     8 |0.432	|0.7228	|0.5516
[2022-10-14 16:37:17,586]     9 |0.417	|0.7295	|0.5613
[2022-10-14 16:37:17,590] Training done.
[2022-10-14 16:37:17,590] Best validation f1: 0.5819
[2022-10-14 16:37:17,590] ----------------------------------------------------------------------------------------------------
[2022-10-14 16:37:19,293] ----------------------------------------------------------------------------------------------------
[2022-10-14 16:37:19,293] Start training for the following setup:
[2022-10-14 16:37:19,293] 	model: spacy
[2022-10-14 16:37:19,293] 	data: ['spanish_timebank', 'tempeval_2_spanish', 'meantime_spanish', 'ancient_time_spanish']
[2022-10-14 16:37:19,293] 	language: es
[2022-10-14 16:37:19,293] 	n_epochs: 30
[2022-10-14 16:37:19,294] 	dropout: 0.1
[2022-10-14 16:37:19,294] 	learning_rate: None
[2022-10-14 16:37:19,294] 	trans_hidden_width: 8
[2022-10-14 16:37:19,294] 	trans_maxout_pieces: 2
[2022-10-14 16:37:19,294] 	trans_use_upper: True
[2022-10-14 16:37:19,294] 	embed_width: 128
[2022-10-14 16:37:19,294] 	embed_depth: 5
[2022-10-14 16:37:19,294] 	embed_size: 2000
[2022-10-14 16:37:19,294] 	embed_window_size: 1
[2022-10-14 16:37:19,294] 	embed_maxout_pieces: 2
[2022-10-14 16:37:19,294] 	embed_subword_features: True
[2022-10-14 16:37:19,294] 	models_path: /tei2go/models
[2022-10-14 16:37:19,294] 	resources_path: /tei2go/resources
[2022-10-14 16:37:19,294] 	logs_path: /tei2go/logs
[2022-10-14 16:37:19,294] 	data_path: /tei2go/data
[2022-10-14 16:37:19,294] 	gpu: False
[2022-10-14 16:37:19,294] Found preprocessed data.
[2022-10-14 16:37:19,299] Corpus statistics:
[2022-10-14 16:37:19,299] 	Train:
[2022-10-14 16:37:19,299] 		# sentences: 1499
[2022-10-14 16:37:19,300] 		# timexs: 2163
[2022-10-14 16:37:19,300] 	Validation:
[2022-10-14 16:37:19,300] 		# sentences: 331
[2022-10-14 16:37:19,300] 		# timexs: 484
[2022-10-14 16:37:19,300] Initializing model for language es.
[2022-10-14 16:37:19,370] Started train loop with id 20221014163719
[2022-10-14 16:37:19,372] Created vocabulary
[2022-10-14 16:37:19,373] Finished initializing nlp object
[2022-10-14 16:37:19,395]       |Loss 	|F1
[2022-10-14 16:37:19,395] Epoch |Train	|Train	|Validation
[2022-10-14 16:37:38,103]     1 |1.712	|0.5316	|0.4897
[2022-10-14 16:37:56,143]     2 |0.734	|0.6636	|0.5410
[2022-10-14 16:38:14,266]     3 |0.549	|0.6949	|0.5480
[2022-10-14 16:38:32,328]     4 |0.484	|0.7001	|0.5323
[2022-10-14 16:38:50,412]     5 |0.434	|0.6999	|0.5317
[2022-10-14 16:39:08,438]     6 |0.416	|0.7185	|0.5585
[2022-10-14 16:39:26,600]     7 |0.403	|0.7232	|0.5687
[2022-10-14 16:39:44,652]     8 |0.381	|0.7284	|0.5458
[2022-10-14 16:40:02,733]     9 |0.378	|0.7314	|0.5451
[2022-10-14 16:40:20,793]    10 |0.361	|0.7349	|0.5578
[2022-10-14 16:40:20,796] Training done.
[2022-10-14 16:40:20,796] Best validation f1: 0.5687
[2022-10-14 16:40:20,796] ----------------------------------------------------------------------------------------------------
[2022-10-14 16:40:22,500] ----------------------------------------------------------------------------------------------------
[2022-10-14 16:40:22,500] Start training for the following setup:
[2022-10-14 16:40:22,500] 	model: spacy
[2022-10-14 16:40:22,500] 	data: ['spanish_timebank', 'tempeval_2_spanish', 'meantime_spanish', 'ancient_time_spanish']
[2022-10-14 16:40:22,500] 	language: es
[2022-10-14 16:40:22,500] 	n_epochs: 30
[2022-10-14 16:40:22,500] 	dropout: 0.3
[2022-10-14 16:40:22,500] 	learning_rate: None
[2022-10-14 16:40:22,500] 	trans_hidden_width: 16
[2022-10-14 16:40:22,500] 	trans_maxout_pieces: 2
[2022-10-14 16:40:22,500] 	trans_use_upper: True
[2022-10-14 16:40:22,501] 	embed_width: 96
[2022-10-14 16:40:22,501] 	embed_depth: 3
[2022-10-14 16:40:22,501] 	embed_size: 5000
[2022-10-14 16:40:22,501] 	embed_window_size: 1
[2022-10-14 16:40:22,501] 	embed_maxout_pieces: 3
[2022-10-14 16:40:22,501] 	embed_subword_features: True
[2022-10-14 16:40:22,501] 	models_path: /tei2go/models
[2022-10-14 16:40:22,501] 	resources_path: /tei2go/resources
[2022-10-14 16:40:22,501] 	logs_path: /tei2go/logs
[2022-10-14 16:40:22,501] 	data_path: /tei2go/data
[2022-10-14 16:40:22,501] 	gpu: False
[2022-10-14 16:40:22,501] Found preprocessed data.
[2022-10-14 16:40:22,506] Corpus statistics:
[2022-10-14 16:40:22,506] 	Train:
[2022-10-14 16:40:22,506] 		# sentences: 1499
[2022-10-14 16:40:22,506] 		# timexs: 2163
[2022-10-14 16:40:22,506] 	Validation:
[2022-10-14 16:40:22,506] 		# sentences: 331
[2022-10-14 16:40:22,507] 		# timexs: 484
[2022-10-14 16:40:22,507] Initializing model for language es.
[2022-10-14 16:40:22,576] Started train loop with id 20221014164022
[2022-10-14 16:40:22,578] Created vocabulary
[2022-10-14 16:40:22,579] Finished initializing nlp object
[2022-10-14 16:40:22,605]       |Loss 	|F1
[2022-10-14 16:40:22,606] Epoch |Train	|Train	|Validation
[2022-10-14 16:40:37,841]     1 |2.132	|0.4474	|0.4151
[2022-10-14 16:40:52,908]     2 |0.876	|0.6331	|0.5099
[2022-10-14 16:41:07,929]     3 |0.663	|0.6824	|0.5581
[2022-10-14 16:41:23,043]     4 |0.569	|0.6899	|0.5411
[2022-10-14 16:41:38,085]     5 |0.519	|0.7056	|0.5570
[2022-10-14 16:41:53,198]     6 |0.472	|0.7159	|0.5547
[2022-10-14 16:41:53,200] Training done.
[2022-10-14 16:41:53,200] Best validation f1: 0.5581
[2022-10-14 16:41:53,200] ----------------------------------------------------------------------------------------------------
[2022-10-14 16:41:54,893] ----------------------------------------------------------------------------------------------------
[2022-10-14 16:41:54,893] Start training for the following setup:
[2022-10-14 16:41:54,893] 	model: spacy
[2022-10-14 16:41:54,893] 	data: ['spanish_timebank', 'tempeval_2_spanish', 'meantime_spanish', 'ancient_time_spanish']
[2022-10-14 16:41:54,893] 	language: es
[2022-10-14 16:41:54,893] 	n_epochs: 30
[2022-10-14 16:41:54,893] 	dropout: 0.2
[2022-10-14 16:41:54,893] 	learning_rate: None
[2022-10-14 16:41:54,893] 	trans_hidden_width: 64
[2022-10-14 16:41:54,893] 	trans_maxout_pieces: 2
[2022-10-14 16:41:54,893] 	trans_use_upper: True
[2022-10-14 16:41:54,893] 	embed_width: 300
[2022-10-14 16:41:54,893] 	embed_depth: 5
[2022-10-14 16:41:54,893] 	embed_size: 3000
[2022-10-14 16:41:54,893] 	embed_window_size: 2
[2022-10-14 16:41:54,893] 	embed_maxout_pieces: 1
[2022-10-14 16:41:54,893] 	embed_subword_features: True
[2022-10-14 16:41:54,893] 	models_path: /tei2go/models
[2022-10-14 16:41:54,893] 	resources_path: /tei2go/resources
[2022-10-14 16:41:54,894] 	logs_path: /tei2go/logs
[2022-10-14 16:41:54,894] 	data_path: /tei2go/data
[2022-10-14 16:41:54,894] 	gpu: False
[2022-10-14 16:41:54,894] Found preprocessed data.
[2022-10-14 16:41:54,899] Corpus statistics:
[2022-10-14 16:41:54,899] 	Train:
[2022-10-14 16:41:54,899] 		# sentences: 1499
[2022-10-14 16:41:54,899] 		# timexs: 2163
[2022-10-14 16:41:54,899] 	Validation:
[2022-10-14 16:41:54,899] 		# sentences: 331
[2022-10-14 16:41:54,899] 		# timexs: 484
[2022-10-14 16:41:54,899] Initializing model for language es.
[2022-10-14 16:41:54,969] Started train loop with id 20221014164154
[2022-10-14 16:41:54,971] Created vocabulary
[2022-10-14 16:41:54,972] Finished initializing nlp object
[2022-10-14 16:41:55,063]       |Loss 	|F1
[2022-10-14 16:41:55,063] Epoch |Train	|Train	|Validation
[2022-10-14 16:42:48,007]     1 |1.343	|0.5823	|0.5307
[2022-10-14 16:43:40,214]     2 |0.649	|0.6832	|0.5233
[2022-10-14 16:44:32,436]     3 |0.542	|0.6711	|0.5000
[2022-10-14 16:45:24,481]     4 |0.503	|0.7134	|0.5218
[2022-10-14 16:45:24,483] Training done.
[2022-10-14 16:45:24,483] Best validation f1: 0.5307
[2022-10-14 16:45:24,483] ----------------------------------------------------------------------------------------------------
[2022-10-14 16:45:26,182] ----------------------------------------------------------------------------------------------------
[2022-10-14 16:45:26,182] Start training for the following setup:
[2022-10-14 16:45:26,182] 	model: spacy
[2022-10-14 16:45:26,182] 	data: ['spanish_timebank', 'tempeval_2_spanish', 'meantime_spanish', 'ancient_time_spanish']
[2022-10-14 16:45:26,182] 	language: es
[2022-10-14 16:45:26,182] 	n_epochs: 30
[2022-10-14 16:45:26,182] 	dropout: 0.5
[2022-10-14 16:45:26,182] 	learning_rate: None
[2022-10-14 16:45:26,182] 	trans_hidden_width: 8
[2022-10-14 16:45:26,182] 	trans_maxout_pieces: 1
[2022-10-14 16:45:26,182] 	trans_use_upper: True
[2022-10-14 16:45:26,182] 	embed_width: 300
[2022-10-14 16:45:26,182] 	embed_depth: 5
[2022-10-14 16:45:26,182] 	embed_size: 3000
[2022-10-14 16:45:26,182] 	embed_window_size: 1
[2022-10-14 16:45:26,182] 	embed_maxout_pieces: 2
[2022-10-14 16:45:26,182] 	embed_subword_features: True
[2022-10-14 16:45:26,182] 	models_path: /tei2go/models
[2022-10-14 16:45:26,182] 	resources_path: /tei2go/resources
[2022-10-14 16:45:26,183] 	logs_path: /tei2go/logs
[2022-10-14 16:45:26,183] 	data_path: /tei2go/data
[2022-10-14 16:45:26,183] 	gpu: False
[2022-10-14 16:45:26,183] Found preprocessed data.
[2022-10-14 16:45:26,188] Corpus statistics:
[2022-10-14 16:45:26,188] 	Train:
[2022-10-14 16:45:26,188] 		# sentences: 1499
[2022-10-14 16:45:26,188] 		# timexs: 2163
[2022-10-14 16:45:26,188] 	Validation:
[2022-10-14 16:45:26,188] 		# sentences: 331
[2022-10-14 16:45:26,188] 		# timexs: 484
[2022-10-14 16:45:26,189] Initializing model for language es.
[2022-10-14 16:45:26,258] Started train loop with id 20221014164526
[2022-10-14 16:45:26,261] Created vocabulary
[2022-10-14 16:45:26,261] Finished initializing nlp object
[2022-10-14 16:45:26,333]       |Loss 	|F1
[2022-10-14 16:45:26,333] Epoch |Train	|Train	|Validation
[2022-10-14 16:46:19,630]     1 |1.896	|0.4586	|0.4043
[2022-10-14 16:47:11,532]     2 |0.962	|0.4705	|0.3958
[2022-10-14 16:48:06,382]     3 |0.774	|0.5056	|0.4097
[2022-10-14 16:49:01,424]     4 |0.668	|0.5049	|0.4139
[2022-10-14 16:49:57,014]     5 |0.613	|0.6535	|0.5020
[2022-10-14 16:50:52,411]     6 |0.583	|0.6919	|0.5508
[2022-10-14 16:51:49,406]     7 |0.554	|0.6829	|0.5274
[2022-10-14 16:52:45,797]     8 |0.522	|0.3363	|0.2485
[2022-10-14 16:53:39,867]     9 |0.509	|0.5466	|0.4219
[2022-10-14 16:53:39,871] Training done.
[2022-10-14 16:53:39,871] Best validation f1: 0.5508
[2022-10-14 16:53:39,871] ----------------------------------------------------------------------------------------------------
[2022-10-14 16:53:41,658] ----------------------------------------------------------------------------------------------------
[2022-10-14 16:53:41,658] Start training for the following setup:
[2022-10-14 16:53:41,658] 	model: spacy
[2022-10-14 16:53:41,658] 	data: ['spanish_timebank', 'tempeval_2_spanish', 'meantime_spanish', 'ancient_time_spanish']
[2022-10-14 16:53:41,658] 	language: es
[2022-10-14 16:53:41,658] 	n_epochs: 30
[2022-10-14 16:53:41,658] 	dropout: 0.0
[2022-10-14 16:53:41,658] 	learning_rate: None
[2022-10-14 16:53:41,658] 	trans_hidden_width: 16
[2022-10-14 16:53:41,658] 	trans_maxout_pieces: 1
[2022-10-14 16:53:41,658] 	trans_use_upper: True
[2022-10-14 16:53:41,658] 	embed_width: 300
[2022-10-14 16:53:41,658] 	embed_depth: 4
[2022-10-14 16:53:41,658] 	embed_size: 5000
[2022-10-14 16:53:41,658] 	embed_window_size: 1
[2022-10-14 16:53:41,658] 	embed_maxout_pieces: 2
[2022-10-14 16:53:41,658] 	embed_subword_features: True
[2022-10-14 16:53:41,658] 	models_path: /tei2go/models
[2022-10-14 16:53:41,658] 	resources_path: /tei2go/resources
[2022-10-14 16:53:41,658] 	logs_path: /tei2go/logs
[2022-10-14 16:53:41,658] 	data_path: /tei2go/data
[2022-10-14 16:53:41,658] 	gpu: False
[2022-10-14 16:53:41,658] Found preprocessed data.
[2022-10-14 16:53:41,665] Corpus statistics:
[2022-10-14 16:53:41,665] 	Train:
[2022-10-14 16:53:41,665] 		# sentences: 1499
[2022-10-14 16:53:41,665] 		# timexs: 2163
[2022-10-14 16:53:41,665] 	Validation:
[2022-10-14 16:53:41,665] 		# sentences: 331
[2022-10-14 16:53:41,665] 		# timexs: 484
[2022-10-14 16:53:41,665] Initializing model for language es.
[2022-10-14 16:53:41,739] Started train loop with id 20221014165341
[2022-10-14 16:53:41,741] Created vocabulary
[2022-10-14 16:53:41,742] Finished initializing nlp object
[2022-10-14 16:53:41,818]       |Loss 	|F1
[2022-10-14 16:53:41,818] Epoch |Train	|Train	|Validation
[2022-10-14 16:54:34,113]     1 |1.373	|0.5339	|0.4593
[2022-10-14 16:55:28,504]     2 |0.628	|0.6303	|0.4769
[2022-10-14 16:56:21,857]     3 |0.496	|0.6623	|0.5038
[2022-10-14 16:57:16,022]     4 |0.449	|0.7067	|0.5239
[2022-10-14 16:58:07,796]     5 |0.404	|0.6974	|0.5208
[2022-10-14 16:58:58,354]     6 |0.389	|0.7063	|0.5213
[2022-10-14 16:59:49,983]     7 |0.384	|0.7123	|0.5254
[2022-10-14 17:00:43,449]     8 |0.373	|0.6913	|0.5294
[2022-10-14 17:01:35,537]     9 |0.369	|0.5757	|0.3189
[2022-10-14 17:02:27,395]    10 |0.368	|0.6909	|0.4985
[2022-10-14 17:03:17,972]    11 |0.341	|0.7356	|0.5505
[2022-10-14 17:04:09,619]    12 |0.354	|0.5716	|0.4220
[2022-10-14 17:05:02,514]    13 |0.343	|0.7207	|0.5359
[2022-10-14 17:05:54,541]    14 |0.351	|0.7223	|0.5501
[2022-10-14 17:05:54,549] Training done.
[2022-10-14 17:05:54,549] Best validation f1: 0.5505
[2022-10-14 17:05:54,549] ----------------------------------------------------------------------------------------------------
[2022-10-14 17:05:56,504] ----------------------------------------------------------------------------------------------------
[2022-10-14 17:05:56,505] Start training for the following setup:
[2022-10-14 17:05:56,505] 	model: spacy
[2022-10-14 17:05:56,505] 	data: ['spanish_timebank', 'tempeval_2_spanish', 'meantime_spanish', 'ancient_time_spanish']
[2022-10-14 17:05:56,505] 	language: es
[2022-10-14 17:05:56,505] 	n_epochs: 30
[2022-10-14 17:05:56,505] 	dropout: 0.0
[2022-10-14 17:05:56,505] 	learning_rate: None
[2022-10-14 17:05:56,505] 	trans_hidden_width: 256
[2022-10-14 17:05:56,505] 	trans_maxout_pieces: 3
[2022-10-14 17:05:56,505] 	trans_use_upper: True
[2022-10-14 17:05:56,505] 	embed_width: 300
[2022-10-14 17:05:56,505] 	embed_depth: 7
[2022-10-14 17:05:56,505] 	embed_size: 4000
[2022-10-14 17:05:56,505] 	embed_window_size: 1
[2022-10-14 17:05:56,505] 	embed_maxout_pieces: 1
[2022-10-14 17:05:56,505] 	embed_subword_features: True
[2022-10-14 17:05:56,505] 	models_path: /tei2go/models
[2022-10-14 17:05:56,505] 	resources_path: /tei2go/resources
[2022-10-14 17:05:56,505] 	logs_path: /tei2go/logs
[2022-10-14 17:05:56,505] 	data_path: /tei2go/data
[2022-10-14 17:05:56,505] 	gpu: False
[2022-10-14 17:05:56,505] Found preprocessed data.
[2022-10-14 17:05:56,511] Corpus statistics:
[2022-10-14 17:05:56,511] 	Train:
[2022-10-14 17:05:56,511] 		# sentences: 1499
[2022-10-14 17:05:56,511] 		# timexs: 2163
[2022-10-14 17:05:56,511] 	Validation:
[2022-10-14 17:05:56,511] 		# sentences: 331
[2022-10-14 17:05:56,511] 		# timexs: 484
[2022-10-14 17:05:56,511] Initializing model for language es.
[2022-10-14 17:05:56,586] Started train loop with id 20221014170556
[2022-10-14 17:05:56,589] Created vocabulary
[2022-10-14 17:05:56,590] Finished initializing nlp object
[2022-10-14 17:05:57,023]       |Loss 	|F1
[2022-10-14 17:05:57,023] Epoch |Train	|Train	|Validation
[2022-10-14 17:07:23,666]     1 |1.198	|0.6088	|0.5115
[2022-10-14 17:08:50,185]     2 |0.755	|0.5941	|0.4820
[2022-10-14 17:10:16,994]     3 |0.625	|0.6508	|0.4938
[2022-10-14 17:11:39,019]     4 |0.568	|0.6453	|0.4723
[2022-10-14 17:11:39,021] Training done.
[2022-10-14 17:11:39,021] Best validation f1: 0.5115
[2022-10-14 17:11:39,022] ----------------------------------------------------------------------------------------------------
[2022-10-14 17:11:40,801] ----------------------------------------------------------------------------------------------------
[2022-10-14 17:11:40,801] Start training for the following setup:
[2022-10-14 17:11:40,801] 	model: spacy
[2022-10-14 17:11:40,801] 	data: ['spanish_timebank', 'tempeval_2_spanish', 'meantime_spanish', 'ancient_time_spanish']
[2022-10-14 17:11:40,801] 	language: es
[2022-10-14 17:11:40,801] 	n_epochs: 30
[2022-10-14 17:11:40,801] 	dropout: 0.1
[2022-10-14 17:11:40,801] 	learning_rate: None
[2022-10-14 17:11:40,801] 	trans_hidden_width: 128
[2022-10-14 17:11:40,801] 	trans_maxout_pieces: 1
[2022-10-14 17:11:40,801] 	trans_use_upper: True
[2022-10-14 17:11:40,801] 	embed_width: 96
[2022-10-14 17:11:40,801] 	embed_depth: 5
[2022-10-14 17:11:40,801] 	embed_size: 3000
[2022-10-14 17:11:40,801] 	embed_window_size: 1
[2022-10-14 17:11:40,801] 	embed_maxout_pieces: 3
[2022-10-14 17:11:40,801] 	embed_subword_features: True
[2022-10-14 17:11:40,801] 	models_path: /tei2go/models
[2022-10-14 17:11:40,801] 	resources_path: /tei2go/resources
[2022-10-14 17:11:40,801] 	logs_path: /tei2go/logs
[2022-10-14 17:11:40,801] 	data_path: /tei2go/data
[2022-10-14 17:11:40,801] 	gpu: False
[2022-10-14 17:11:40,801] Found preprocessed data.
[2022-10-14 17:11:40,807] Corpus statistics:
[2022-10-14 17:11:40,807] 	Train:
[2022-10-14 17:11:40,807] 		# sentences: 1499
[2022-10-14 17:11:40,807] 		# timexs: 2163
[2022-10-14 17:11:40,807] 	Validation:
[2022-10-14 17:11:40,807] 		# sentences: 331
[2022-10-14 17:11:40,807] 		# timexs: 484
[2022-10-14 17:11:40,807] Initializing model for language es.
[2022-10-14 17:11:40,881] Started train loop with id 20221014171140
[2022-10-14 17:11:40,884] Created vocabulary
[2022-10-14 17:11:40,884] Finished initializing nlp object
[2022-10-14 17:11:41,020]       |Loss 	|F1
[2022-10-14 17:11:41,020] Epoch |Train	|Train	|Validation
[2022-10-14 17:12:00,839]     1 |1.408	|0.6066	|0.4685
[2022-10-14 17:12:21,315]     2 |0.657	|0.5072	|0.4502
[2022-10-14 17:12:41,627]     3 |0.534	|0.6144	|0.5060
[2022-10-14 17:13:01,711]     4 |0.463	|0.6577	|0.5242
[2022-10-14 17:13:21,106]     5 |0.425	|0.6266	|0.5203
[2022-10-14 17:13:40,426]     6 |0.434	|0.6551	|0.5419
[2022-10-14 17:13:59,938]     7 |0.403	|0.7152	|0.5493
[2022-10-14 17:14:19,267]     8 |0.389	|0.7044	|0.5766
[2022-10-14 17:14:38,626]     9 |0.370	|0.6846	|0.5330
[2022-10-14 17:14:57,897]    10 |0.377	|0.7166	|0.5717
[2022-10-14 17:15:17,250]    11 |0.354	|0.7281	|0.5582
[2022-10-14 17:15:17,253] Training done.
[2022-10-14 17:15:17,253] Best validation f1: 0.5766
[2022-10-14 17:15:17,253] ----------------------------------------------------------------------------------------------------
[2022-10-14 17:15:19,017] ----------------------------------------------------------------------------------------------------
[2022-10-14 17:15:19,017] Start training for the following setup:
[2022-10-14 17:15:19,021] 	model: spacy
[2022-10-14 17:15:19,021] 	data: ['spanish_timebank', 'tempeval_2_spanish', 'meantime_spanish', 'ancient_time_spanish']
[2022-10-14 17:15:19,021] 	language: es
[2022-10-14 17:15:19,021] 	n_epochs: 30
[2022-10-14 17:15:19,021] 	dropout: 0.3
[2022-10-14 17:15:19,021] 	learning_rate: None
[2022-10-14 17:15:19,021] 	trans_hidden_width: 32
[2022-10-14 17:15:19,021] 	trans_maxout_pieces: 3
[2022-10-14 17:15:19,021] 	trans_use_upper: True
[2022-10-14 17:15:19,021] 	embed_width: 128
[2022-10-14 17:15:19,021] 	embed_depth: 3
[2022-10-14 17:15:19,021] 	embed_size: 6000
[2022-10-14 17:15:19,021] 	embed_window_size: 2
[2022-10-14 17:15:19,021] 	embed_maxout_pieces: 2
[2022-10-14 17:15:19,021] 	embed_subword_features: True
[2022-10-14 17:15:19,021] 	models_path: /tei2go/models
[2022-10-14 17:15:19,022] 	resources_path: /tei2go/resources
[2022-10-14 17:15:19,022] 	logs_path: /tei2go/logs
[2022-10-14 17:15:19,022] 	data_path: /tei2go/data
[2022-10-14 17:15:19,022] 	gpu: False
[2022-10-14 17:15:19,022] Found preprocessed data.
[2022-10-14 17:15:19,027] Corpus statistics:
[2022-10-14 17:15:19,027] 	Train:
[2022-10-14 17:15:19,027] 		# sentences: 1499
[2022-10-14 17:15:19,028] 		# timexs: 2163
[2022-10-14 17:15:19,028] 	Validation:
[2022-10-14 17:15:19,028] 		# sentences: 331
[2022-10-14 17:15:19,028] 		# timexs: 484
[2022-10-14 17:15:19,028] Initializing model for language es.
[2022-10-14 17:15:19,102] Started train loop with id 20221014171519
[2022-10-14 17:15:19,105] Created vocabulary
[2022-10-14 17:15:19,105] Finished initializing nlp object
[2022-10-14 17:15:19,155]       |Loss 	|F1
[2022-10-14 17:15:19,155] Epoch |Train	|Train	|Validation
[2022-10-14 17:15:40,788]     1 |2.033	|0.5316	|0.4720
[2022-10-14 17:16:02,268]     2 |0.718	|0.6769	|0.5473
[2022-10-14 17:16:23,701]     3 |0.557	|0.6958	|0.5539
[2022-10-14 17:16:45,196]     4 |0.511	|0.7143	|0.5504
[2022-10-14 17:17:06,606]     5 |0.452	|0.7141	|0.5537
[2022-10-14 17:17:28,091]     6 |0.449	|0.7249	|0.5527
[2022-10-14 17:17:28,093] Training done.
[2022-10-14 17:17:28,094] Best validation f1: 0.5539
[2022-10-14 17:17:28,094] ----------------------------------------------------------------------------------------------------
[2022-10-14 17:17:29,855] ----------------------------------------------------------------------------------------------------
[2022-10-14 17:17:29,855] Start training for the following setup:
[2022-10-14 17:17:29,855] 	model: spacy
[2022-10-14 17:17:29,855] 	data: ['spanish_timebank', 'tempeval_2_spanish', 'meantime_spanish', 'ancient_time_spanish']
[2022-10-14 17:17:29,855] 	language: es
[2022-10-14 17:17:29,855] 	n_epochs: 30
[2022-10-14 17:17:29,855] 	dropout: 0.1
[2022-10-14 17:17:29,855] 	learning_rate: None
[2022-10-14 17:17:29,855] 	trans_hidden_width: 64
[2022-10-14 17:17:29,855] 	trans_maxout_pieces: 2
[2022-10-14 17:17:29,855] 	trans_use_upper: True
[2022-10-14 17:17:29,855] 	embed_width: 128
[2022-10-14 17:17:29,855] 	embed_depth: 3
[2022-10-14 17:17:29,855] 	embed_size: 9000
[2022-10-14 17:17:29,855] 	embed_window_size: 2
[2022-10-14 17:17:29,856] 	embed_maxout_pieces: 2
[2022-10-14 17:17:29,856] 	embed_subword_features: True
[2022-10-14 17:17:29,856] 	models_path: /tei2go/models
[2022-10-14 17:17:29,856] 	resources_path: /tei2go/resources
[2022-10-14 17:17:29,856] 	logs_path: /tei2go/logs
[2022-10-14 17:17:29,856] 	data_path: /tei2go/data
[2022-10-14 17:17:29,856] 	gpu: False
[2022-10-14 17:17:29,856] Found preprocessed data.
[2022-10-14 17:17:29,861] Corpus statistics:
[2022-10-14 17:17:29,861] 	Train:
[2022-10-14 17:17:29,861] 		# sentences: 1499
[2022-10-14 17:17:29,861] 		# timexs: 2163
[2022-10-14 17:17:29,862] 	Validation:
[2022-10-14 17:17:29,862] 		# sentences: 331
[2022-10-14 17:17:29,862] 		# timexs: 484
[2022-10-14 17:17:29,862] Initializing model for language es.
[2022-10-14 17:17:29,935] Started train loop with id 20221014171729
[2022-10-14 17:17:29,937] Created vocabulary
[2022-10-14 17:17:29,938] Finished initializing nlp object
[2022-10-14 17:17:30,006]       |Loss 	|F1
[2022-10-14 17:17:30,006] Epoch |Train	|Train	|Validation
[2022-10-14 17:17:54,407]     1 |1.346	|0.5784	|0.5211
[2022-10-14 17:18:18,567]     2 |0.598	|0.6821	|0.5373
[2022-10-14 17:18:42,649]     3 |0.492	|0.7054	|0.5495
[2022-10-14 17:19:06,874]     4 |0.445	|0.7148	|0.5352
[2022-10-14 17:19:30,981]     5 |0.415	|0.7278	|0.5509
[2022-10-14 17:19:55,177]     6 |0.398	|0.7309	|0.5672
[2022-10-14 17:20:19,345]     7 |0.380	|0.7359	|0.5578
[2022-10-14 17:20:43,340]     8 |0.362	|0.7343	|0.5529
[2022-10-14 17:21:07,383]     9 |0.356	|0.7406	|0.5455
[2022-10-14 17:21:07,385] Training done.
[2022-10-14 17:21:07,385] Best validation f1: 0.5672
[2022-10-14 17:21:07,385] ----------------------------------------------------------------------------------------------------
[2022-10-14 17:21:09,126] ----------------------------------------------------------------------------------------------------
[2022-10-14 17:21:09,126] Start training for the following setup:
[2022-10-14 17:21:09,126] 	model: spacy
[2022-10-14 17:21:09,126] 	data: ['spanish_timebank', 'tempeval_2_spanish', 'meantime_spanish', 'ancient_time_spanish']
[2022-10-14 17:21:09,126] 	language: es
[2022-10-14 17:21:09,126] 	n_epochs: 30
[2022-10-14 17:21:09,126] 	dropout: 0.4
[2022-10-14 17:21:09,126] 	learning_rate: None
[2022-10-14 17:21:09,126] 	trans_hidden_width: 256
[2022-10-14 17:21:09,126] 	trans_maxout_pieces: 3
[2022-10-14 17:21:09,126] 	trans_use_upper: True
[2022-10-14 17:21:09,126] 	embed_width: 128
[2022-10-14 17:21:09,126] 	embed_depth: 4
[2022-10-14 17:21:09,126] 	embed_size: 3000
[2022-10-14 17:21:09,126] 	embed_window_size: 1
[2022-10-14 17:21:09,127] 	embed_maxout_pieces: 3
[2022-10-14 17:21:09,127] 	embed_subword_features: True
[2022-10-14 17:21:09,127] 	models_path: /tei2go/models
[2022-10-14 17:21:09,127] 	resources_path: /tei2go/resources
[2022-10-14 17:21:09,127] 	logs_path: /tei2go/logs
[2022-10-14 17:21:09,127] 	data_path: /tei2go/data
[2022-10-14 17:21:09,127] 	gpu: False
[2022-10-14 17:21:09,127] Found preprocessed data.
[2022-10-14 17:21:09,132] Corpus statistics:
[2022-10-14 17:21:09,132] 	Train:
[2022-10-14 17:21:09,132] 		# sentences: 1499
[2022-10-14 17:21:09,132] 		# timexs: 2163
[2022-10-14 17:21:09,133] 	Validation:
[2022-10-14 17:21:09,133] 		# sentences: 331
[2022-10-14 17:21:09,133] 		# timexs: 484
[2022-10-14 17:21:09,133] Initializing model for language es.
[2022-10-14 17:21:09,205] Started train loop with id 20221014172109
[2022-10-14 17:21:09,208] Created vocabulary
[2022-10-14 17:21:09,208] Finished initializing nlp object
[2022-10-14 17:21:09,560]       |Loss 	|F1
[2022-10-14 17:21:09,560] Epoch |Train	|Train	|Validation
[2022-10-14 17:21:59,860]     1 |1.622	|0.4815	|0.4053
[2022-10-14 17:22:49,768]     2 |1.014	|0.6201	|0.5110
[2022-10-14 17:23:39,559]     3 |0.826	|0.6478	|0.5200
[2022-10-14 17:24:35,161]     4 |0.728	|0.6726	|0.5625
[2022-10-14 17:25:31,430]     5 |0.655	|0.6651	|0.5590
[2022-10-14 17:26:27,217]     6 |0.625	|0.6851	|0.5545
[2022-10-14 17:27:20,535]     7 |0.608	|0.6342	|0.5495
[2022-10-14 17:27:20,537] Training done.
[2022-10-14 17:27:20,537] Best validation f1: 0.5625
[2022-10-14 17:27:20,538] ----------------------------------------------------------------------------------------------------
[2022-10-14 17:27:22,403] ----------------------------------------------------------------------------------------------------
[2022-10-14 17:27:22,403] Start training for the following setup:
[2022-10-14 17:27:22,403] 	model: spacy
[2022-10-14 17:27:22,403] 	data: ['spanish_timebank', 'tempeval_2_spanish', 'meantime_spanish', 'ancient_time_spanish']
[2022-10-14 17:27:22,403] 	language: es
[2022-10-14 17:27:22,403] 	n_epochs: 30
[2022-10-14 17:27:22,403] 	dropout: 0.4
[2022-10-14 17:27:22,403] 	learning_rate: None
[2022-10-14 17:27:22,403] 	trans_hidden_width: 64
[2022-10-14 17:27:22,403] 	trans_maxout_pieces: 3
[2022-10-14 17:27:22,403] 	trans_use_upper: True
[2022-10-14 17:27:22,403] 	embed_width: 300
[2022-10-14 17:27:22,403] 	embed_depth: 2
[2022-10-14 17:27:22,403] 	embed_size: 7000
[2022-10-14 17:27:22,403] 	embed_window_size: 2
[2022-10-14 17:27:22,403] 	embed_maxout_pieces: 3
[2022-10-14 17:27:22,403] 	embed_subword_features: True
[2022-10-14 17:27:22,403] 	models_path: /tei2go/models
[2022-10-14 17:27:22,403] 	resources_path: /tei2go/resources
[2022-10-14 17:27:22,403] 	logs_path: /tei2go/logs
[2022-10-14 17:27:22,403] 	data_path: /tei2go/data
[2022-10-14 17:27:22,403] 	gpu: False
[2022-10-14 17:27:22,403] Found preprocessed data.
[2022-10-14 17:27:22,409] Corpus statistics:
[2022-10-14 17:27:22,409] 	Train:
[2022-10-14 17:27:22,409] 		# sentences: 1499
[2022-10-14 17:27:22,410] 		# timexs: 2163
[2022-10-14 17:27:22,410] 	Validation:
[2022-10-14 17:27:22,410] 		# sentences: 331
[2022-10-14 17:27:22,410] 		# timexs: 484
[2022-10-14 17:27:22,410] Initializing model for language es.
[2022-10-14 17:27:22,485] Started train loop with id 20221014172722
[2022-10-14 17:27:22,487] Created vocabulary
[2022-10-14 17:27:22,488] Finished initializing nlp object
[2022-10-14 17:27:22,620]       |Loss 	|F1
[2022-10-14 17:27:22,620] Epoch |Train	|Train	|Validation
[2022-10-14 17:28:22,935]     1 |1.454	|0.5390	|0.4596
[2022-10-14 17:29:23,738]     2 |0.709	|0.6856	|0.5646
[2022-10-14 17:30:25,497]     3 |0.561	|0.7032	|0.5598
[2022-10-14 17:31:26,741]     4 |0.495	|0.7078	|0.5275
[2022-10-14 17:32:27,819]     5 |0.470	|0.7168	|0.5536
[2022-10-14 17:32:27,821] Training done.
[2022-10-14 17:32:27,821] Best validation f1: 0.5646
[2022-10-14 17:32:27,821] ----------------------------------------------------------------------------------------------------
[2022-10-14 17:32:29,584] ----------------------------------------------------------------------------------------------------
[2022-10-14 17:32:29,585] Start training for the following setup:
[2022-10-14 17:32:29,588] 	model: spacy
[2022-10-14 17:32:29,588] 	data: ['spanish_timebank', 'tempeval_2_spanish', 'meantime_spanish', 'ancient_time_spanish']
[2022-10-14 17:32:29,588] 	language: es
[2022-10-14 17:32:29,588] 	n_epochs: 30
[2022-10-14 17:32:29,588] 	dropout: 0.3
[2022-10-14 17:32:29,589] 	learning_rate: None
[2022-10-14 17:32:29,589] 	trans_hidden_width: 64
[2022-10-14 17:32:29,589] 	trans_maxout_pieces: 2
[2022-10-14 17:32:29,589] 	trans_use_upper: True
[2022-10-14 17:32:29,589] 	embed_width: 96
[2022-10-14 17:32:29,589] 	embed_depth: 3
[2022-10-14 17:32:29,589] 	embed_size: 3000
[2022-10-14 17:32:29,589] 	embed_window_size: 1
[2022-10-14 17:32:29,589] 	embed_maxout_pieces: 2
[2022-10-14 17:32:29,589] 	embed_subword_features: True
[2022-10-14 17:32:29,589] 	models_path: /tei2go/models
[2022-10-14 17:32:29,589] 	resources_path: /tei2go/resources
[2022-10-14 17:32:29,589] 	logs_path: /tei2go/logs
[2022-10-14 17:32:29,589] 	data_path: /tei2go/data
[2022-10-14 17:32:29,589] 	gpu: False
[2022-10-14 17:32:29,589] Found preprocessed data.
[2022-10-14 17:32:29,595] Corpus statistics:
[2022-10-14 17:32:29,595] 	Train:
[2022-10-14 17:32:29,595] 		# sentences: 1499
[2022-10-14 17:32:29,595] 		# timexs: 2163
[2022-10-14 17:32:29,595] 	Validation:
[2022-10-14 17:32:29,595] 		# sentences: 331
[2022-10-14 17:32:29,595] 		# timexs: 484
[2022-10-14 17:32:29,595] Initializing model for language es.
[2022-10-14 17:32:29,670] Started train loop with id 20221014173229
[2022-10-14 17:32:29,672] Created vocabulary
[2022-10-14 17:32:29,673] Finished initializing nlp object
[2022-10-14 17:32:29,720]       |Loss 	|F1
[2022-10-14 17:32:29,720] Epoch |Train	|Train	|Validation
[2022-10-14 17:32:44,362]     1 |1.752	|0.5307	|0.4848
[2022-10-14 17:32:58,775]     2 |0.837	|0.6384	|0.5413
[2022-10-14 17:33:13,827]     3 |0.678	|0.6685	|0.5477
[2022-10-14 17:33:29,647]     4 |0.602	|0.6766	|0.5574
[2022-10-14 17:33:45,128]     5 |0.545	|0.6898	|0.5482
[2022-10-14 17:34:01,022]     6 |0.521	|0.7024	|0.5483
[2022-10-14 17:34:17,570]     7 |0.491	|0.7133	|0.5668
[2022-10-14 17:34:33,641]     8 |0.461	|0.7114	|0.5440
[2022-10-14 17:34:48,191]     9 |0.447	|0.7200	|0.5581
[2022-10-14 17:35:02,634]    10 |0.434	|0.7178	|0.5593
[2022-10-14 17:35:02,636] Training done.
[2022-10-14 17:35:02,636] Best validation f1: 0.5668
[2022-10-14 17:35:02,636] ----------------------------------------------------------------------------------------------------
[2022-10-14 17:35:04,403] ----------------------------------------------------------------------------------------------------
[2022-10-14 17:35:04,403] Start training for the following setup:
[2022-10-14 17:35:04,403] 	model: spacy
[2022-10-14 17:35:04,403] 	data: ['spanish_timebank', 'tempeval_2_spanish', 'meantime_spanish', 'ancient_time_spanish']
[2022-10-14 17:35:04,403] 	language: es
[2022-10-14 17:35:04,403] 	n_epochs: 30
[2022-10-14 17:35:04,403] 	dropout: 0.1
[2022-10-14 17:35:04,403] 	learning_rate: None
[2022-10-14 17:35:04,403] 	trans_hidden_width: 32
[2022-10-14 17:35:04,404] 	trans_maxout_pieces: 2
[2022-10-14 17:35:04,404] 	trans_use_upper: True
[2022-10-14 17:35:04,404] 	embed_width: 96
[2022-10-14 17:35:04,404] 	embed_depth: 2
[2022-10-14 17:35:04,404] 	embed_size: 9000
[2022-10-14 17:35:04,404] 	embed_window_size: 2
[2022-10-14 17:35:04,404] 	embed_maxout_pieces: 2
[2022-10-14 17:35:04,404] 	embed_subword_features: True
[2022-10-14 17:35:04,404] 	models_path: /tei2go/models
[2022-10-14 17:35:04,404] 	resources_path: /tei2go/resources
[2022-10-14 17:35:04,404] 	logs_path: /tei2go/logs
[2022-10-14 17:35:04,404] 	data_path: /tei2go/data
[2022-10-14 17:35:04,404] 	gpu: False
[2022-10-14 17:35:04,404] Found preprocessed data.
[2022-10-14 17:35:04,409] Corpus statistics:
[2022-10-14 17:35:04,409] 	Train:
[2022-10-14 17:35:04,409] 		# sentences: 1499
[2022-10-14 17:35:04,410] 		# timexs: 2163
[2022-10-14 17:35:04,410] 	Validation:
[2022-10-14 17:35:04,410] 		# sentences: 331
[2022-10-14 17:35:04,410] 		# timexs: 484
[2022-10-14 17:35:04,410] Initializing model for language es.
[2022-10-14 17:35:04,484] Started train loop with id 20221014173504
[2022-10-14 17:35:04,487] Created vocabulary
[2022-10-14 17:35:04,487] Finished initializing nlp object
[2022-10-14 17:35:04,530]       |Loss 	|F1
[2022-10-14 17:35:04,530] Epoch |Train	|Train	|Validation
[2022-10-14 17:35:23,158]     1 |1.709	|0.6316	|0.4941
[2022-10-14 17:35:41,390]     2 |0.618	|0.6886	|0.5444
[2022-10-14 17:35:59,363]     3 |0.489	|0.7130	|0.5681
[2022-10-14 17:36:17,505]     4 |0.430	|0.7203	|0.5134
[2022-10-14 17:36:35,346]     5 |0.400	|0.7189	|0.5537
[2022-10-14 17:36:53,094]     6 |0.406	|0.7305	|0.5526
[2022-10-14 17:36:53,096] Training done.
[2022-10-14 17:36:53,096] Best validation f1: 0.5681
[2022-10-14 17:36:53,096] ----------------------------------------------------------------------------------------------------
