[2022-10-02 21:04:35,029] ----------------------------------------------------------------------------------------------------
[2022-10-02 21:04:35,029] Start training for the following setup:
[2022-10-02 21:04:35,029] 	model: spacy
[2022-10-02 21:04:35,029] 	data: ['tempeval_3', 'meantime_english', 'tcr', 'ancient_time_english', 'wikiwars']
[2022-10-02 21:04:35,029] 	language: en
[2022-10-02 21:04:35,029] 	n_epochs: 15
[2022-10-02 21:04:35,029] 	dropout: 0.0
[2022-10-02 21:04:35,029] 	batch_size: None
[2022-10-02 21:04:35,029] 	learning_rate: None
[2022-10-02 21:04:35,029] 	embeddings: None
[2022-10-02 21:04:35,029] 	models_path: /home/hugosousa/Projects/tei2go/models
[2022-10-02 21:04:35,029] 	resources_path: /home/hugosousa/Projects/tei2go/resources
[2022-10-02 21:04:35,029] 	logs_path: /home/hugosousa/Projects/tei2go/logs
[2022-10-02 21:04:35,029] 	data_path: /home/hugosousa/Projects/tei2go/data
[2022-10-02 21:04:35,029] 	gpu: False
[2022-10-02 21:04:35,029] Found preprocessed data.
[2022-10-02 21:04:35,036] Corpus statistics:
[2022-10-02 21:04:35,036] 	Train:
[2022-10-02 21:04:35,036] 		# sentences: 3165
[2022-10-02 21:04:35,037] 		# timexs: 4172
[2022-10-02 21:04:35,037] 	Validation:
[2022-10-02 21:04:35,037] 		# sentences: 455
[2022-10-02 21:04:35,037] 		# timexs: 579
[2022-10-02 21:04:35,037] Initializing model for language en.
[2022-10-02 21:04:35,177] Started train loop with id 20221002210435
[2022-10-02 21:04:35,179] Created vocabulary
[2022-10-02 21:04:35,180] Finished initializing nlp object
[2022-10-02 21:04:35,226]       |Loss 	|F1
[2022-10-02 21:04:35,226] Epoch |Train	|Train	|Validation
[2022-10-02 21:05:01,841]     1 |0.755	|0.8687	|0.8052
[2022-10-02 21:05:28,922]     2 |0.340	|0.9029	|0.8190
[2022-10-02 21:05:56,886]     3 |0.260	|0.9354	|0.8476
[2022-10-02 21:06:25,309]     4 |0.216	|0.9450	|0.8527
[2022-10-02 21:06:53,937]     5 |0.159	|0.9434	|0.8217
[2022-10-02 21:07:22,613]     6 |0.148	|0.9535	|0.8400
[2022-10-02 21:07:51,540]     7 |0.130	|0.9643	|0.8532
[2022-10-02 21:08:20,485]     8 |0.112	|0.9679	|0.8466
[2022-10-02 21:08:49,598]     9 |0.098	|0.9701	|0.8088
[2022-10-02 21:09:18,715]    10 |0.097	|0.9687	|0.8285
[2022-10-02 21:09:18,719] Training done.
[2022-10-02 21:09:18,719] Best validation f1: 0.8532
[2022-10-02 21:09:18,719] ----------------------------------------------------------------------------------------------------
[2022-10-02 21:09:20,537] ----------------------------------------------------------------------------------------------------
[2022-10-02 21:09:20,537] Start training for the following setup:
[2022-10-02 21:09:20,537] 	model: spacy
[2022-10-02 21:09:20,537] 	data: ['tempeval_3', 'meantime_english', 'tcr', 'ancient_time_english', 'wikiwars']
[2022-10-02 21:09:20,537] 	language: en
[2022-10-02 21:09:20,537] 	n_epochs: 15
[2022-10-02 21:09:20,537] 	dropout: 0.1
[2022-10-02 21:09:20,537] 	batch_size: None
[2022-10-02 21:09:20,537] 	learning_rate: None
[2022-10-02 21:09:20,537] 	embeddings: None
[2022-10-02 21:09:20,537] 	models_path: /home/hugosousa/Projects/tei2go/models
[2022-10-02 21:09:20,537] 	resources_path: /home/hugosousa/Projects/tei2go/resources
[2022-10-02 21:09:20,537] 	logs_path: /home/hugosousa/Projects/tei2go/logs
[2022-10-02 21:09:20,537] 	data_path: /home/hugosousa/Projects/tei2go/data
[2022-10-02 21:09:20,537] 	gpu: False
[2022-10-02 21:09:20,537] Found preprocessed data.
[2022-10-02 21:09:20,544] Corpus statistics:
[2022-10-02 21:09:20,544] 	Train:
[2022-10-02 21:09:20,544] 		# sentences: 3165
[2022-10-02 21:09:20,545] 		# timexs: 4172
[2022-10-02 21:09:20,545] 	Validation:
[2022-10-02 21:09:20,545] 		# sentences: 455
[2022-10-02 21:09:20,545] 		# timexs: 579
[2022-10-02 21:09:20,545] Initializing model for language en.
[2022-10-02 21:09:20,712] Started train loop with id 20221002210920
[2022-10-02 21:09:20,715] Created vocabulary
[2022-10-02 21:09:20,715] Finished initializing nlp object
[2022-10-02 21:09:20,768]       |Loss 	|F1
[2022-10-02 21:09:20,768] Epoch |Train	|Train	|Validation
[2022-10-02 21:09:51,141]     1 |0.833	|0.8657	|0.7976
[2022-10-02 21:10:21,072]     2 |0.380	|0.9001	|0.8265
[2022-10-02 21:10:51,099]     3 |0.301	|0.9204	|0.8194
[2022-10-02 21:11:19,801]     4 |0.255	|0.9381	|0.8510
[2022-10-02 21:11:47,566]     5 |0.215	|0.9365	|0.8175
[2022-10-02 21:12:14,971]     6 |0.192	|0.9397	|0.8153
[2022-10-02 21:12:42,363]     7 |0.176	|0.9588	|0.8420
[2022-10-02 21:12:42,367] Training done.
[2022-10-02 21:12:42,367] Best validation f1: 0.8510
[2022-10-02 21:12:42,367] ----------------------------------------------------------------------------------------------------
[2022-10-02 21:12:44,088] ----------------------------------------------------------------------------------------------------
[2022-10-02 21:12:44,088] Start training for the following setup:
[2022-10-02 21:12:44,088] 	model: spacy
[2022-10-02 21:12:44,088] 	data: ['tempeval_3', 'meantime_english', 'tcr', 'ancient_time_english', 'wikiwars']
[2022-10-02 21:12:44,088] 	language: en
[2022-10-02 21:12:44,088] 	n_epochs: 15
[2022-10-02 21:12:44,088] 	dropout: 0.2
[2022-10-02 21:12:44,088] 	batch_size: None
[2022-10-02 21:12:44,088] 	learning_rate: None
[2022-10-02 21:12:44,088] 	embeddings: None
[2022-10-02 21:12:44,088] 	models_path: /home/hugosousa/Projects/tei2go/models
[2022-10-02 21:12:44,088] 	resources_path: /home/hugosousa/Projects/tei2go/resources
[2022-10-02 21:12:44,088] 	logs_path: /home/hugosousa/Projects/tei2go/logs
[2022-10-02 21:12:44,088] 	data_path: /home/hugosousa/Projects/tei2go/data
[2022-10-02 21:12:44,088] 	gpu: False
[2022-10-02 21:12:44,088] Found preprocessed data.
[2022-10-02 21:12:44,095] Corpus statistics:
[2022-10-02 21:12:44,095] 	Train:
[2022-10-02 21:12:44,095] 		# sentences: 3165
[2022-10-02 21:12:44,095] 		# timexs: 4172
[2022-10-02 21:12:44,095] 	Validation:
[2022-10-02 21:12:44,095] 		# sentences: 455
[2022-10-02 21:12:44,096] 		# timexs: 579
[2022-10-02 21:12:44,096] Initializing model for language en.
[2022-10-02 21:12:44,249] Started train loop with id 20221002211244
[2022-10-02 21:12:44,251] Created vocabulary
[2022-10-02 21:12:44,252] Finished initializing nlp object
[2022-10-02 21:12:44,300]       |Loss 	|F1
[2022-10-02 21:12:44,300] Epoch |Train	|Train	|Validation
[2022-10-02 21:13:12,011]     1 |0.953	|0.8667	|0.8241
[2022-10-02 21:13:39,260]     2 |0.415	|0.8915	|0.8251
[2022-10-02 21:14:06,556]     3 |0.370	|0.9108	|0.8403
[2022-10-02 21:14:33,924]     4 |0.306	|0.9130	|0.8263
[2022-10-02 21:15:01,200]     5 |0.272	|0.9274	|0.8322
[2022-10-02 21:15:28,396]     6 |0.237	|0.9336	|0.8369
[2022-10-02 21:15:28,399] Training done.
[2022-10-02 21:15:28,399] Best validation f1: 0.8403
[2022-10-02 21:15:28,399] ----------------------------------------------------------------------------------------------------
[2022-10-02 21:15:30,109] ----------------------------------------------------------------------------------------------------
[2022-10-02 21:15:30,110] Start training for the following setup:
[2022-10-02 21:15:30,110] 	model: spacy
[2022-10-02 21:15:30,110] 	data: ['tempeval_3', 'meantime_english', 'tcr', 'ancient_time_english', 'wikiwars']
[2022-10-02 21:15:30,110] 	language: en
[2022-10-02 21:15:30,110] 	n_epochs: 15
[2022-10-02 21:15:30,110] 	dropout: 0.3
[2022-10-02 21:15:30,110] 	batch_size: None
[2022-10-02 21:15:30,110] 	learning_rate: None
[2022-10-02 21:15:30,110] 	embeddings: None
[2022-10-02 21:15:30,110] 	models_path: /home/hugosousa/Projects/tei2go/models
[2022-10-02 21:15:30,110] 	resources_path: /home/hugosousa/Projects/tei2go/resources
[2022-10-02 21:15:30,110] 	logs_path: /home/hugosousa/Projects/tei2go/logs
[2022-10-02 21:15:30,110] 	data_path: /home/hugosousa/Projects/tei2go/data
[2022-10-02 21:15:30,110] 	gpu: False
[2022-10-02 21:15:30,110] Found preprocessed data.
[2022-10-02 21:15:30,117] Corpus statistics:
[2022-10-02 21:15:30,117] 	Train:
[2022-10-02 21:15:30,117] 		# sentences: 3165
[2022-10-02 21:15:30,117] 		# timexs: 4172
[2022-10-02 21:15:30,117] 	Validation:
[2022-10-02 21:15:30,117] 		# sentences: 455
[2022-10-02 21:15:30,118] 		# timexs: 579
[2022-10-02 21:15:30,118] Initializing model for language en.
[2022-10-02 21:15:30,270] Started train loop with id 20221002211530
[2022-10-02 21:15:30,273] Created vocabulary
[2022-10-02 21:15:30,273] Finished initializing nlp object
[2022-10-02 21:15:30,322]       |Loss 	|F1
[2022-10-02 21:15:30,322] Epoch |Train	|Train	|Validation
[2022-10-02 21:15:57,922]     1 |1.062	|0.8320	|0.8003
[2022-10-02 21:16:25,095]     2 |0.486	|0.8849	|0.8180
[2022-10-02 21:16:52,342]     3 |0.410	|0.8989	|0.8361
[2022-10-02 21:17:19,631]     4 |0.367	|0.9083	|0.8397
[2022-10-02 21:17:46,882]     5 |0.325	|0.9207	|0.8457
[2022-10-02 21:18:14,067]     6 |0.295	|0.9160	|0.8197
[2022-10-02 21:18:41,343]     7 |0.287	|0.9340	|0.8425
[2022-10-02 21:19:08,602]     8 |0.255	|0.9359	|0.8357
[2022-10-02 21:19:08,606] Training done.
[2022-10-02 21:19:08,606] Best validation f1: 0.8457
[2022-10-02 21:19:08,606] ----------------------------------------------------------------------------------------------------
[2022-10-02 21:19:10,318] ----------------------------------------------------------------------------------------------------
[2022-10-02 21:19:10,318] Start training for the following setup:
[2022-10-02 21:19:10,318] 	model: spacy
[2022-10-02 21:19:10,318] 	data: ['tempeval_3', 'meantime_english', 'tcr', 'ancient_time_english', 'wikiwars']
[2022-10-02 21:19:10,318] 	language: en
[2022-10-02 21:19:10,318] 	n_epochs: 15
[2022-10-02 21:19:10,319] 	dropout: 0.4
[2022-10-02 21:19:10,319] 	batch_size: None
[2022-10-02 21:19:10,319] 	learning_rate: None
[2022-10-02 21:19:10,319] 	embeddings: None
[2022-10-02 21:19:10,319] 	models_path: /home/hugosousa/Projects/tei2go/models
[2022-10-02 21:19:10,319] 	resources_path: /home/hugosousa/Projects/tei2go/resources
[2022-10-02 21:19:10,319] 	logs_path: /home/hugosousa/Projects/tei2go/logs
[2022-10-02 21:19:10,319] 	data_path: /home/hugosousa/Projects/tei2go/data
[2022-10-02 21:19:10,319] 	gpu: False
[2022-10-02 21:19:10,319] Found preprocessed data.
[2022-10-02 21:19:10,325] Corpus statistics:
[2022-10-02 21:19:10,326] 	Train:
[2022-10-02 21:19:10,326] 		# sentences: 3165
[2022-10-02 21:19:10,326] 		# timexs: 4172
[2022-10-02 21:19:10,326] 	Validation:
[2022-10-02 21:19:10,326] 		# sentences: 455
[2022-10-02 21:19:10,326] 		# timexs: 579
[2022-10-02 21:19:10,326] Initializing model for language en.
[2022-10-02 21:19:10,480] Started train loop with id 20221002211910
[2022-10-02 21:19:10,482] Created vocabulary
[2022-10-02 21:19:10,483] Finished initializing nlp object
[2022-10-02 21:19:10,532]       |Loss 	|F1
[2022-10-02 21:19:10,532] Epoch |Train	|Train	|Validation
[2022-10-02 21:19:38,065]     1 |1.198	|0.8133	|0.7831
[2022-10-02 21:20:05,157]     2 |0.555	|0.8651	|0.8046
[2022-10-02 21:20:32,372]     3 |0.485	|0.8768	|0.8167
[2022-10-02 21:21:00,186]     4 |0.411	|0.8926	|0.8316
[2022-10-02 21:21:27,658]     5 |0.371	|0.8972	|0.8345
[2022-10-02 21:21:55,029]     6 |0.359	|0.9058	|0.8205
[2022-10-02 21:22:22,466]     7 |0.335	|0.9198	|0.8471
[2022-10-02 21:22:49,903]     8 |0.318	|0.9146	|0.8447
[2022-10-02 21:23:17,259]     9 |0.297	|0.9178	|0.8559
[2022-10-02 21:23:44,728]    10 |0.279	|0.9242	|0.8444
[2022-10-02 21:24:12,073]    11 |0.270	|0.9343	|0.8385
[2022-10-02 21:24:39,414]    12 |0.253	|0.9371	|0.8312
[2022-10-02 21:24:39,417] Training done.
[2022-10-02 21:24:39,418] Best validation f1: 0.8559
[2022-10-02 21:24:39,418] ----------------------------------------------------------------------------------------------------
[2022-10-02 21:24:41,122] ----------------------------------------------------------------------------------------------------
[2022-10-02 21:24:41,122] Start training for the following setup:
[2022-10-02 21:24:41,122] 	model: spacy
[2022-10-02 21:24:41,122] 	data: ['tempeval_3', 'meantime_english', 'tcr', 'ancient_time_english', 'wikiwars']
[2022-10-02 21:24:41,122] 	language: en
[2022-10-02 21:24:41,122] 	n_epochs: 15
[2022-10-02 21:24:41,122] 	dropout: 0.5
[2022-10-02 21:24:41,122] 	batch_size: None
[2022-10-02 21:24:41,122] 	learning_rate: None
[2022-10-02 21:24:41,122] 	embeddings: None
[2022-10-02 21:24:41,122] 	models_path: /home/hugosousa/Projects/tei2go/models
[2022-10-02 21:24:41,122] 	resources_path: /home/hugosousa/Projects/tei2go/resources
[2022-10-02 21:24:41,122] 	logs_path: /home/hugosousa/Projects/tei2go/logs
[2022-10-02 21:24:41,123] 	data_path: /home/hugosousa/Projects/tei2go/data
[2022-10-02 21:24:41,123] 	gpu: False
[2022-10-02 21:24:41,123] Found preprocessed data.
[2022-10-02 21:24:41,129] Corpus statistics:
[2022-10-02 21:24:41,129] 	Train:
[2022-10-02 21:24:41,130] 		# sentences: 3165
[2022-10-02 21:24:41,130] 		# timexs: 4172
[2022-10-02 21:24:41,130] 	Validation:
[2022-10-02 21:24:41,130] 		# sentences: 455
[2022-10-02 21:24:41,130] 		# timexs: 579
[2022-10-02 21:24:41,130] Initializing model for language en.
[2022-10-02 21:24:41,282] Started train loop with id 20221002212441
[2022-10-02 21:24:41,284] Created vocabulary
[2022-10-02 21:24:41,285] Finished initializing nlp object
[2022-10-02 21:24:41,335]       |Loss 	|F1
[2022-10-02 21:24:41,335] Epoch |Train	|Train	|Validation
[2022-10-02 21:25:09,046]     1 |1.394	|0.7850	|0.7651
[2022-10-02 21:25:36,323]     2 |0.681	|0.8317	|0.7805
[2022-10-02 21:26:03,785]     3 |0.556	|0.8651	|0.8188
[2022-10-02 21:26:31,372]     4 |0.488	|0.8817	|0.8300
[2022-10-02 21:26:58,960]     5 |0.414	|0.8901	|0.8234
[2022-10-02 21:27:26,419]     6 |0.402	|0.8969	|0.8322
[2022-10-02 21:27:54,022]     7 |0.391	|0.8969	|0.8237
[2022-10-02 21:28:22,701]     8 |0.360	|0.9035	|0.8126
[2022-10-02 21:28:50,438]     9 |0.349	|0.9160	|0.8315
[2022-10-02 21:28:50,442] Training done.
[2022-10-02 21:28:50,442] Best validation f1: 0.8322
[2022-10-02 21:28:50,442] ----------------------------------------------------------------------------------------------------
[2022-10-14 11:25:41,367] ----------------------------------------------------------------------------------------------------
[2022-10-14 11:25:41,367] Start training for the following setup:
[2022-10-14 11:25:41,367] 	model: spacy
[2022-10-14 11:25:41,367] 	data: ['tempeval_3', 'meantime_english', 'tcr', 'ancient_time_english', 'wikiwars']
[2022-10-14 11:25:41,367] 	language: en
[2022-10-14 11:25:41,367] 	n_epochs: 30
[2022-10-14 11:25:41,368] 	dropout: 0.2
[2022-10-14 11:25:41,368] 	learning_rate: None
[2022-10-14 11:25:41,368] 	trans_hidden_width: 8
[2022-10-14 11:25:41,368] 	trans_maxout_pieces: 3
[2022-10-14 11:25:41,368] 	trans_use_upper: True
[2022-10-14 11:25:41,368] 	embed_width: 300
[2022-10-14 11:25:41,368] 	embed_depth: 3
[2022-10-14 11:25:41,368] 	embed_size: 9000
[2022-10-14 11:25:41,368] 	embed_window_size: 2
[2022-10-14 11:25:41,368] 	embed_maxout_pieces: 3
[2022-10-14 11:25:41,368] 	embed_subword_features: True
[2022-10-14 11:25:41,368] 	models_path: /home/hugosousa/Projects/tei2go/models
[2022-10-14 11:25:41,368] 	resources_path: /home/hugosousa/Projects/tei2go/resources
[2022-10-14 11:25:41,368] 	logs_path: /home/hugosousa/Projects/tei2go/logs
[2022-10-14 11:25:41,368] 	data_path: /home/hugosousa/Projects/tei2go/data
[2022-10-14 11:25:41,368] 	gpu: False
[2022-10-14 11:25:41,368] Found preprocessed data.
[2022-10-14 11:25:41,378] Corpus statistics:
[2022-10-14 11:25:41,378] 	Train:
[2022-10-14 11:25:41,378] 		# sentences: 3165
[2022-10-14 11:25:41,379] 		# timexs: 4172
[2022-10-14 11:25:41,379] 	Validation:
[2022-10-14 11:25:41,379] 		# sentences: 455
[2022-10-14 11:25:41,379] 		# timexs: 579
[2022-10-14 11:25:41,379] Initializing model for language en.
[2022-10-14 11:25:41,564] Started train loop with id 20221014112541
[2022-10-14 11:25:41,567] Created vocabulary
[2022-10-14 11:25:41,567] Finished initializing nlp object
[2022-10-14 11:25:41,724]       |Loss 	|F1
[2022-10-14 11:25:41,724] Epoch |Train	|Train	|Validation
[2022-10-14 11:28:50,152]     1 |0.950	|0.8681	|0.7782
[2022-10-14 11:31:45,112]     2 |0.356	|0.8919	|0.8048
[2022-10-14 11:34:39,584]     3 |0.267	|0.9277	|0.8276
[2022-10-14 11:37:22,360]     4 |0.213	|0.9440	|0.8132
[2022-10-14 11:40:00,303]     5 |0.171	|0.9558	|0.7943
[2022-10-14 11:42:35,529]     6 |0.147	|0.9338	|0.8010
[2022-10-14 11:42:35,536] Training done.
[2022-10-14 11:42:35,536] Best validation f1: 0.8276
[2022-10-14 11:42:35,536] ----------------------------------------------------------------------------------------------------
[2022-10-14 11:42:37,564] ----------------------------------------------------------------------------------------------------
[2022-10-14 11:42:37,564] Start training for the following setup:
[2022-10-14 11:42:37,564] 	model: spacy
[2022-10-14 11:42:37,564] 	data: ['tempeval_3', 'meantime_english', 'tcr', 'ancient_time_english', 'wikiwars']
[2022-10-14 11:42:37,564] 	language: en
[2022-10-14 11:42:37,564] 	n_epochs: 30
[2022-10-14 11:42:37,564] 	dropout: 0.0
[2022-10-14 11:42:37,564] 	learning_rate: None
[2022-10-14 11:42:37,564] 	trans_hidden_width: 64
[2022-10-14 11:42:37,564] 	trans_maxout_pieces: 2
[2022-10-14 11:42:37,564] 	trans_use_upper: True
[2022-10-14 11:42:37,564] 	embed_width: 128
[2022-10-14 11:42:37,564] 	embed_depth: 2
[2022-10-14 11:42:37,564] 	embed_size: 2000
[2022-10-14 11:42:37,564] 	embed_window_size: 2
[2022-10-14 11:42:37,564] 	embed_maxout_pieces: 2
[2022-10-14 11:42:37,564] 	embed_subword_features: True
[2022-10-14 11:42:37,564] 	models_path: /home/hugosousa/Projects/tei2go/models
[2022-10-14 11:42:37,564] 	resources_path: /home/hugosousa/Projects/tei2go/resources
[2022-10-14 11:42:37,564] 	logs_path: /home/hugosousa/Projects/tei2go/logs
[2022-10-14 11:42:37,564] 	data_path: /home/hugosousa/Projects/tei2go/data
[2022-10-14 11:42:37,564] 	gpu: False
[2022-10-14 11:42:37,564] Found preprocessed data.
[2022-10-14 11:42:37,572] Corpus statistics:
[2022-10-14 11:42:37,572] 	Train:
[2022-10-14 11:42:37,572] 		# sentences: 3165
[2022-10-14 11:42:37,573] 		# timexs: 4172
[2022-10-14 11:42:37,573] 	Validation:
[2022-10-14 11:42:37,573] 		# sentences: 455
[2022-10-14 11:42:37,573] 		# timexs: 579
[2022-10-14 11:42:37,573] Initializing model for language en.
[2022-10-14 11:42:37,750] Started train loop with id 20221014114237
[2022-10-14 11:42:37,753] Created vocabulary
[2022-10-14 11:42:37,754] Finished initializing nlp object
[2022-10-14 11:42:37,810]       |Loss 	|F1
[2022-10-14 11:42:37,810] Epoch |Train	|Train	|Validation
[2022-10-14 11:43:10,404]     1 |0.764	|0.8640	|0.8058
[2022-10-14 11:43:42,189]     2 |0.342	|0.9043	|0.8211
[2022-10-14 11:44:13,855]     3 |0.252	|0.9354	|0.8322
[2022-10-14 11:44:45,096]     4 |0.203	|0.9465	|0.8426
[2022-10-14 11:45:16,753]     5 |0.158	|0.9411	|0.8031
[2022-10-14 11:45:48,461]     6 |0.144	|0.9621	|0.8393
[2022-10-14 11:46:16,516]     7 |0.118	|0.9527	|0.8168
[2022-10-14 11:46:16,520] Training done.
[2022-10-14 11:46:16,520] Best validation f1: 0.8426
[2022-10-14 11:46:16,520] ----------------------------------------------------------------------------------------------------
[2022-10-14 11:46:18,263] ----------------------------------------------------------------------------------------------------
[2022-10-14 11:46:18,263] Start training for the following setup:
[2022-10-14 11:46:18,263] 	model: spacy
[2022-10-14 11:46:18,263] 	data: ['tempeval_3', 'meantime_english', 'tcr', 'ancient_time_english', 'wikiwars']
[2022-10-14 11:46:18,263] 	language: en
[2022-10-14 11:46:18,263] 	n_epochs: 30
[2022-10-14 11:46:18,263] 	dropout: 0.0
[2022-10-14 11:46:18,263] 	learning_rate: None
[2022-10-14 11:46:18,263] 	trans_hidden_width: 64
[2022-10-14 11:46:18,263] 	trans_maxout_pieces: 2
[2022-10-14 11:46:18,263] 	trans_use_upper: True
[2022-10-14 11:46:18,263] 	embed_width: 128
[2022-10-14 11:46:18,263] 	embed_depth: 6
[2022-10-14 11:46:18,263] 	embed_size: 8000
[2022-10-14 11:46:18,263] 	embed_window_size: 1
[2022-10-14 11:46:18,263] 	embed_maxout_pieces: 1
[2022-10-14 11:46:18,263] 	embed_subword_features: True
[2022-10-14 11:46:18,263] 	models_path: /home/hugosousa/Projects/tei2go/models
[2022-10-14 11:46:18,263] 	resources_path: /home/hugosousa/Projects/tei2go/resources
[2022-10-14 11:46:18,263] 	logs_path: /home/hugosousa/Projects/tei2go/logs
[2022-10-14 11:46:18,264] 	data_path: /home/hugosousa/Projects/tei2go/data
[2022-10-14 11:46:18,264] 	gpu: False
[2022-10-14 11:46:18,264] Found preprocessed data.
[2022-10-14 11:46:18,271] Corpus statistics:
[2022-10-14 11:46:18,271] 	Train:
[2022-10-14 11:46:18,271] 		# sentences: 3165
[2022-10-14 11:46:18,271] 		# timexs: 4172
[2022-10-14 11:46:18,271] 	Validation:
[2022-10-14 11:46:18,271] 		# sentences: 455
[2022-10-14 11:46:18,271] 		# timexs: 579
[2022-10-14 11:46:18,271] Initializing model for language en.
[2022-10-14 11:46:18,422] Started train loop with id 20221014114618
[2022-10-14 11:46:18,425] Created vocabulary
[2022-10-14 11:46:18,425] Finished initializing nlp object
[2022-10-14 11:46:18,491]       |Loss 	|F1
[2022-10-14 11:46:18,491] Epoch |Train	|Train	|Validation
[2022-10-14 11:46:58,909]     1 |0.779	|0.8577	|0.7918
[2022-10-14 11:47:39,417]     2 |0.373	|0.8146	|0.7241
[2022-10-14 11:48:19,540]     3 |0.305	|0.9237	|0.8412
[2022-10-14 11:48:59,612]     4 |0.231	|0.9242	|0.8404
[2022-10-14 11:49:39,547]     5 |0.190	|0.9390	|0.8112
[2022-10-14 11:50:19,485]     6 |0.166	|0.9459	|0.8101
[2022-10-14 11:50:19,489] Training done.
[2022-10-14 11:50:19,489] Best validation f1: 0.8412
[2022-10-14 11:50:19,489] ----------------------------------------------------------------------------------------------------
[2022-10-14 11:50:21,243] ----------------------------------------------------------------------------------------------------
[2022-10-14 11:50:21,243] Start training for the following setup:
[2022-10-14 11:50:21,243] 	model: spacy
[2022-10-14 11:50:21,243] 	data: ['tempeval_3', 'meantime_english', 'tcr', 'ancient_time_english', 'wikiwars']
[2022-10-14 11:50:21,243] 	language: en
[2022-10-14 11:50:21,243] 	n_epochs: 30
[2022-10-14 11:50:21,243] 	dropout: 0.2
[2022-10-14 11:50:21,243] 	learning_rate: None
[2022-10-14 11:50:21,243] 	trans_hidden_width: 128
[2022-10-14 11:50:21,243] 	trans_maxout_pieces: 3
[2022-10-14 11:50:21,243] 	trans_use_upper: True
[2022-10-14 11:50:21,243] 	embed_width: 300
[2022-10-14 11:50:21,243] 	embed_depth: 2
[2022-10-14 11:50:21,243] 	embed_size: 9000
[2022-10-14 11:50:21,243] 	embed_window_size: 2
[2022-10-14 11:50:21,243] 	embed_maxout_pieces: 2
[2022-10-14 11:50:21,243] 	embed_subword_features: True
[2022-10-14 11:50:21,243] 	models_path: /home/hugosousa/Projects/tei2go/models
[2022-10-14 11:50:21,243] 	resources_path: /home/hugosousa/Projects/tei2go/resources
[2022-10-14 11:50:21,243] 	logs_path: /home/hugosousa/Projects/tei2go/logs
[2022-10-14 11:50:21,243] 	data_path: /home/hugosousa/Projects/tei2go/data
[2022-10-14 11:50:21,243] 	gpu: False
[2022-10-14 11:50:21,243] Found preprocessed data.
[2022-10-14 11:50:21,250] Corpus statistics:
[2022-10-14 11:50:21,250] 	Train:
[2022-10-14 11:50:21,250] 		# sentences: 3165
[2022-10-14 11:50:21,251] 		# timexs: 4172
[2022-10-14 11:50:21,251] 	Validation:
[2022-10-14 11:50:21,251] 		# sentences: 455
[2022-10-14 11:50:21,251] 		# timexs: 579
[2022-10-14 11:50:21,251] Initializing model for language en.
[2022-10-14 11:50:21,401] Started train loop with id 20221014115021
[2022-10-14 11:50:21,404] Created vocabulary
[2022-10-14 11:50:21,404] Finished initializing nlp object
[2022-10-14 11:50:21,603]       |Loss 	|F1
[2022-10-14 11:50:21,603] Epoch |Train	|Train	|Validation
[2022-10-14 11:52:03,005]     1 |0.791	|0.8201	|0.7632
[2022-10-14 11:53:45,045]     2 |0.396	|0.8883	|0.8246
[2022-10-14 11:55:29,268]     3 |0.302	|0.9247	|0.8105
[2022-10-14 11:57:12,617]     4 |0.245	|0.9358	|0.8233
[2022-10-14 11:58:55,827]     5 |0.217	|0.9268	|0.8147
[2022-10-14 11:58:55,831] Training done.
[2022-10-14 11:58:55,831] Best validation f1: 0.8246
[2022-10-14 11:58:55,831] ----------------------------------------------------------------------------------------------------
[2022-10-14 11:58:57,603] ----------------------------------------------------------------------------------------------------
[2022-10-14 11:58:57,604] Start training for the following setup:
[2022-10-14 11:58:57,604] 	model: spacy
[2022-10-14 11:58:57,604] 	data: ['tempeval_3', 'meantime_english', 'tcr', 'ancient_time_english', 'wikiwars']
[2022-10-14 11:58:57,604] 	language: en
[2022-10-14 11:58:57,604] 	n_epochs: 30
[2022-10-14 11:58:57,604] 	dropout: 0.1
[2022-10-14 11:58:57,604] 	learning_rate: None
[2022-10-14 11:58:57,604] 	trans_hidden_width: 16
[2022-10-14 11:58:57,604] 	trans_maxout_pieces: 1
[2022-10-14 11:58:57,604] 	trans_use_upper: True
[2022-10-14 11:58:57,604] 	embed_width: 128
[2022-10-14 11:58:57,604] 	embed_depth: 4
[2022-10-14 11:58:57,604] 	embed_size: 2000
[2022-10-14 11:58:57,604] 	embed_window_size: 1
[2022-10-14 11:58:57,604] 	embed_maxout_pieces: 3
[2022-10-14 11:58:57,604] 	embed_subword_features: True
[2022-10-14 11:58:57,604] 	models_path: /home/hugosousa/Projects/tei2go/models
[2022-10-14 11:58:57,604] 	resources_path: /home/hugosousa/Projects/tei2go/resources
[2022-10-14 11:58:57,604] 	logs_path: /home/hugosousa/Projects/tei2go/logs
[2022-10-14 11:58:57,604] 	data_path: /home/hugosousa/Projects/tei2go/data
[2022-10-14 11:58:57,604] 	gpu: False
[2022-10-14 11:58:57,604] Found preprocessed data.
[2022-10-14 11:58:57,611] Corpus statistics:
[2022-10-14 11:58:57,611] 	Train:
[2022-10-14 11:58:57,612] 		# sentences: 3165
[2022-10-14 11:58:57,612] 		# timexs: 4172
[2022-10-14 11:58:57,612] 	Validation:
[2022-10-14 11:58:57,612] 		# sentences: 455
[2022-10-14 11:58:57,612] 		# timexs: 579
[2022-10-14 11:58:57,612] Initializing model for language en.
[2022-10-14 11:58:57,761] Started train loop with id 20221014115857
[2022-10-14 11:58:57,763] Created vocabulary
[2022-10-14 11:58:57,764] Finished initializing nlp object
[2022-10-14 11:58:57,794]       |Loss 	|F1
[2022-10-14 11:58:57,795] Epoch |Train	|Train	|Validation
[2022-10-14 11:59:31,132]     1 |1.039	|0.8310	|0.7801
[2022-10-14 12:00:03,775]     2 |0.392	|0.8550	|0.7971
[2022-10-14 12:00:36,538]     3 |0.317	|0.8989	|0.8027
[2022-10-14 12:01:09,467]     4 |0.259	|0.8991	|0.8079
[2022-10-14 12:01:42,520]     5 |0.215	|0.7242	|0.6700
[2022-10-14 12:02:15,552]     6 |0.184	|0.6386	|0.5998
[2022-10-14 12:02:48,485]     7 |0.185	|0.7609	|0.6878
[2022-10-14 12:02:48,489] Training done.
[2022-10-14 12:02:48,489] Best validation f1: 0.8079
[2022-10-14 12:02:48,489] ----------------------------------------------------------------------------------------------------
[2022-10-14 12:02:50,240] ----------------------------------------------------------------------------------------------------
[2022-10-14 12:02:50,240] Start training for the following setup:
[2022-10-14 12:02:50,240] 	model: spacy
[2022-10-14 12:02:50,240] 	data: ['tempeval_3', 'meantime_english', 'tcr', 'ancient_time_english', 'wikiwars']
[2022-10-14 12:02:50,240] 	language: en
[2022-10-14 12:02:50,240] 	n_epochs: 30
[2022-10-14 12:02:50,240] 	dropout: 0.1
[2022-10-14 12:02:50,240] 	learning_rate: None
[2022-10-14 12:02:50,241] 	trans_hidden_width: 128
[2022-10-14 12:02:50,241] 	trans_maxout_pieces: 2
[2022-10-14 12:02:50,241] 	trans_use_upper: True
[2022-10-14 12:02:50,241] 	embed_width: 96
[2022-10-14 12:02:50,241] 	embed_depth: 7
[2022-10-14 12:02:50,241] 	embed_size: 3000
[2022-10-14 12:02:50,241] 	embed_window_size: 1
[2022-10-14 12:02:50,241] 	embed_maxout_pieces: 1
[2022-10-14 12:02:50,241] 	embed_subword_features: True
[2022-10-14 12:02:50,241] 	models_path: /home/hugosousa/Projects/tei2go/models
[2022-10-14 12:02:50,241] 	resources_path: /home/hugosousa/Projects/tei2go/resources
[2022-10-14 12:02:50,241] 	logs_path: /home/hugosousa/Projects/tei2go/logs
[2022-10-14 12:02:50,241] 	data_path: /home/hugosousa/Projects/tei2go/data
[2022-10-14 12:02:50,241] 	gpu: False
[2022-10-14 12:02:50,241] Found preprocessed data.
[2022-10-14 12:02:50,248] Corpus statistics:
[2022-10-14 12:02:50,248] 	Train:
[2022-10-14 12:02:50,248] 		# sentences: 3165
[2022-10-14 12:02:50,250] 		# timexs: 4172
[2022-10-14 12:02:50,250] 	Validation:
[2022-10-14 12:02:50,250] 		# sentences: 455
[2022-10-14 12:02:50,250] 		# timexs: 579
[2022-10-14 12:02:50,250] Initializing model for language en.
[2022-10-14 12:02:50,402] Started train loop with id 20221014120250
[2022-10-14 12:02:50,405] Created vocabulary
[2022-10-14 12:02:50,405] Finished initializing nlp object
[2022-10-14 12:02:50,507]       |Loss 	|F1
[2022-10-14 12:02:50,508] Epoch |Train	|Train	|Validation
[2022-10-14 12:03:25,275]     1 |0.807	|0.8510	|0.7911
[2022-10-14 12:03:59,649]     2 |0.418	|0.8574	|0.7900
[2022-10-14 12:04:34,121]     3 |0.353	|0.8814	|0.8111
[2022-10-14 12:05:08,750]     4 |0.309	|0.9182	|0.8247
[2022-10-14 12:05:43,371]     5 |0.266	|0.9256	|0.8121
[2022-10-14 12:06:17,827]     6 |0.241	|0.9412	|0.8181
[2022-10-14 12:06:52,394]     7 |0.222	|0.9386	|0.8355
[2022-10-14 12:07:27,002]     8 |0.198	|0.9446	|0.8206
[2022-10-14 12:08:01,534]     9 |0.178	|0.9515	|0.8160
[2022-10-14 12:08:35,971]    10 |0.172	|0.9470	|0.8051
[2022-10-14 12:08:35,975] Training done.
[2022-10-14 12:08:35,975] Best validation f1: 0.8355
[2022-10-14 12:08:35,975] ----------------------------------------------------------------------------------------------------
[2022-10-14 12:08:37,750] ----------------------------------------------------------------------------------------------------
[2022-10-14 12:08:37,750] Start training for the following setup:
[2022-10-14 12:08:37,751] 	model: spacy
[2022-10-14 12:08:37,751] 	data: ['tempeval_3', 'meantime_english', 'tcr', 'ancient_time_english', 'wikiwars']
[2022-10-14 12:08:37,751] 	language: en
[2022-10-14 12:08:37,751] 	n_epochs: 30
[2022-10-14 12:08:37,751] 	dropout: 0.4
[2022-10-14 12:08:37,751] 	learning_rate: None
[2022-10-14 12:08:37,751] 	trans_hidden_width: 16
[2022-10-14 12:08:37,751] 	trans_maxout_pieces: 2
[2022-10-14 12:08:37,751] 	trans_use_upper: True
[2022-10-14 12:08:37,751] 	embed_width: 128
[2022-10-14 12:08:37,751] 	embed_depth: 7
[2022-10-14 12:08:37,751] 	embed_size: 5000
[2022-10-14 12:08:37,751] 	embed_window_size: 2
[2022-10-14 12:08:37,751] 	embed_maxout_pieces: 2
[2022-10-14 12:08:37,751] 	embed_subword_features: True
[2022-10-14 12:08:37,751] 	models_path: /home/hugosousa/Projects/tei2go/models
[2022-10-14 12:08:37,751] 	resources_path: /home/hugosousa/Projects/tei2go/resources
[2022-10-14 12:08:37,751] 	logs_path: /home/hugosousa/Projects/tei2go/logs
[2022-10-14 12:08:37,751] 	data_path: /home/hugosousa/Projects/tei2go/data
[2022-10-14 12:08:37,751] 	gpu: False
[2022-10-14 12:08:37,751] Found preprocessed data.
[2022-10-14 12:08:37,759] Corpus statistics:
[2022-10-14 12:08:37,759] 	Train:
[2022-10-14 12:08:37,759] 		# sentences: 3165
[2022-10-14 12:08:37,759] 		# timexs: 4172
[2022-10-14 12:08:37,759] 	Validation:
[2022-10-14 12:08:37,759] 		# sentences: 455
[2022-10-14 12:08:37,759] 		# timexs: 579
[2022-10-14 12:08:37,759] Initializing model for language en.
[2022-10-14 12:08:37,912] Started train loop with id 20221014120837
[2022-10-14 12:08:37,915] Created vocabulary
[2022-10-14 12:08:37,915] Finished initializing nlp object
[2022-10-14 12:08:37,968]       |Loss 	|F1
[2022-10-14 12:08:37,968] Epoch |Train	|Train	|Validation
[2022-10-14 12:09:37,013]     1 |1.163	|0.8544	|0.8105
[2022-10-14 12:10:34,242]     2 |0.487	|0.8758	|0.8038
[2022-10-14 12:11:31,811]     3 |0.401	|0.9046	|0.8237
[2022-10-14 12:12:29,661]     4 |0.335	|0.9168	|0.8318
[2022-10-14 12:13:27,525]     5 |0.306	|0.9324	|0.8512
[2022-10-14 12:14:25,314]     6 |0.278	|0.9372	|0.8387
[2022-10-14 12:15:23,104]     7 |0.251	|0.9448	|0.8441
[2022-10-14 12:16:20,911]     8 |0.228	|0.9481	|0.8262
[2022-10-14 12:16:20,916] Training done.
[2022-10-14 12:16:20,916] Best validation f1: 0.8512
[2022-10-14 12:16:20,916] ----------------------------------------------------------------------------------------------------
[2022-10-14 12:16:22,673] ----------------------------------------------------------------------------------------------------
[2022-10-14 12:16:22,673] Start training for the following setup:
[2022-10-14 12:16:22,673] 	model: spacy
[2022-10-14 12:16:22,673] 	data: ['tempeval_3', 'meantime_english', 'tcr', 'ancient_time_english', 'wikiwars']
[2022-10-14 12:16:22,673] 	language: en
[2022-10-14 12:16:22,673] 	n_epochs: 30
[2022-10-14 12:16:22,673] 	dropout: 0.1
[2022-10-14 12:16:22,673] 	learning_rate: None
[2022-10-14 12:16:22,673] 	trans_hidden_width: 8
[2022-10-14 12:16:22,673] 	trans_maxout_pieces: 2
[2022-10-14 12:16:22,673] 	trans_use_upper: True
[2022-10-14 12:16:22,673] 	embed_width: 128
[2022-10-14 12:16:22,673] 	embed_depth: 5
[2022-10-14 12:16:22,673] 	embed_size: 2000
[2022-10-14 12:16:22,673] 	embed_window_size: 1
[2022-10-14 12:16:22,673] 	embed_maxout_pieces: 2
[2022-10-14 12:16:22,673] 	embed_subword_features: True
[2022-10-14 12:16:22,673] 	models_path: /home/hugosousa/Projects/tei2go/models
[2022-10-14 12:16:22,673] 	resources_path: /home/hugosousa/Projects/tei2go/resources
[2022-10-14 12:16:22,673] 	logs_path: /home/hugosousa/Projects/tei2go/logs
[2022-10-14 12:16:22,673] 	data_path: /home/hugosousa/Projects/tei2go/data
[2022-10-14 12:16:22,673] 	gpu: False
[2022-10-14 12:16:22,674] Found preprocessed data.
[2022-10-14 12:16:22,682] Corpus statistics:
[2022-10-14 12:16:22,682] 	Train:
[2022-10-14 12:16:22,682] 		# sentences: 3165
[2022-10-14 12:16:22,683] 		# timexs: 4172
[2022-10-14 12:16:22,683] 	Validation:
[2022-10-14 12:16:22,683] 		# sentences: 455
[2022-10-14 12:16:22,683] 		# timexs: 579
[2022-10-14 12:16:22,683] Initializing model for language en.
[2022-10-14 12:16:22,836] Started train loop with id 20221014121622
[2022-10-14 12:16:22,838] Created vocabulary
[2022-10-14 12:16:22,839] Finished initializing nlp object
[2022-10-14 12:16:22,867]       |Loss 	|F1
[2022-10-14 12:16:22,867] Epoch |Train	|Train	|Validation
[2022-10-14 12:16:56,087]     1 |1.016	|0.8687	|0.8108
[2022-10-14 12:17:28,748]     2 |0.383	|0.8889	|0.8244
[2022-10-14 12:18:00,877]     3 |0.303	|0.9250	|0.8449
[2022-10-14 12:18:33,017]     4 |0.245	|0.9376	|0.8379
[2022-10-14 12:19:05,023]     5 |0.212	|0.9435	|0.8124
[2022-10-14 12:19:37,173]     6 |0.197	|0.9403	|0.8171
[2022-10-14 12:19:37,177] Training done.
[2022-10-14 12:19:37,177] Best validation f1: 0.8449
[2022-10-14 12:19:37,178] ----------------------------------------------------------------------------------------------------
[2022-10-14 12:19:38,955] ----------------------------------------------------------------------------------------------------
[2022-10-14 12:19:38,955] Start training for the following setup:
[2022-10-14 12:19:38,955] 	model: spacy
[2022-10-14 12:19:38,955] 	data: ['tempeval_3', 'meantime_english', 'tcr', 'ancient_time_english', 'wikiwars']
[2022-10-14 12:19:38,955] 	language: en
[2022-10-14 12:19:38,955] 	n_epochs: 30
[2022-10-14 12:19:38,955] 	dropout: 0.3
[2022-10-14 12:19:38,955] 	learning_rate: None
[2022-10-14 12:19:38,955] 	trans_hidden_width: 16
[2022-10-14 12:19:38,955] 	trans_maxout_pieces: 2
[2022-10-14 12:19:38,955] 	trans_use_upper: True
[2022-10-14 12:19:38,955] 	embed_width: 96
[2022-10-14 12:19:38,955] 	embed_depth: 3
[2022-10-14 12:19:38,955] 	embed_size: 5000
[2022-10-14 12:19:38,955] 	embed_window_size: 1
[2022-10-14 12:19:38,955] 	embed_maxout_pieces: 3
[2022-10-14 12:19:38,955] 	embed_subword_features: True
[2022-10-14 12:19:38,955] 	models_path: /home/hugosousa/Projects/tei2go/models
[2022-10-14 12:19:38,955] 	resources_path: /home/hugosousa/Projects/tei2go/resources
[2022-10-14 12:19:38,955] 	logs_path: /home/hugosousa/Projects/tei2go/logs
[2022-10-14 12:19:38,955] 	data_path: /home/hugosousa/Projects/tei2go/data
[2022-10-14 12:19:38,955] 	gpu: False
[2022-10-14 12:19:38,955] Found preprocessed data.
[2022-10-14 12:19:38,962] Corpus statistics:
[2022-10-14 12:19:38,963] 	Train:
[2022-10-14 12:19:38,963] 		# sentences: 3165
[2022-10-14 12:19:38,963] 		# timexs: 4172
[2022-10-14 12:19:38,963] 	Validation:
[2022-10-14 12:19:38,963] 		# sentences: 455
[2022-10-14 12:19:38,963] 		# timexs: 579
[2022-10-14 12:19:38,963] Initializing model for language en.
[2022-10-14 12:19:39,115] Started train loop with id 20221014121939
[2022-10-14 12:19:39,117] Created vocabulary
[2022-10-14 12:19:39,118] Finished initializing nlp object
[2022-10-14 12:19:39,147]       |Loss 	|F1
[2022-10-14 12:19:39,147] Epoch |Train	|Train	|Validation
[2022-10-14 12:20:06,223]     1 |1.138	|0.8582	|0.8108
[2022-10-14 12:20:32,896]     2 |0.448	|0.8797	|0.8038
[2022-10-14 12:20:59,723]     3 |0.379	|0.9079	|0.8275
[2022-10-14 12:21:26,652]     4 |0.311	|0.9165	|0.8426
[2022-10-14 12:21:53,732]     5 |0.293	|0.9297	|0.8221
[2022-10-14 12:22:20,596]     6 |0.263	|0.9319	|0.8455
[2022-10-14 12:22:47,785]     7 |0.231	|0.9402	|0.8209
[2022-10-14 12:23:14,884]     8 |0.224	|0.9411	|0.8322
[2022-10-14 12:23:41,939]     9 |0.202	|0.9510	|0.8500
[2022-10-14 12:24:09,256]    10 |0.189	|0.9584	|0.8485
[2022-10-14 12:24:36,522]    11 |0.167	|0.9588	|0.8330
[2022-10-14 12:25:03,913]    12 |0.178	|0.9677	|0.8547
[2022-10-14 12:25:31,312]    13 |0.155	|0.9651	|0.8301
[2022-10-14 12:25:58,552]    14 |0.142	|0.9676	|0.8352
[2022-10-14 12:26:25,846]    15 |0.136	|0.9693	|0.8401
[2022-10-14 12:26:25,851] Training done.
[2022-10-14 12:26:25,851] Best validation f1: 0.8547
[2022-10-14 12:26:25,851] ----------------------------------------------------------------------------------------------------
[2022-10-14 12:26:27,628] ----------------------------------------------------------------------------------------------------
[2022-10-14 12:26:27,628] Start training for the following setup:
[2022-10-14 12:26:27,628] 	model: spacy
[2022-10-14 12:26:27,628] 	data: ['tempeval_3', 'meantime_english', 'tcr', 'ancient_time_english', 'wikiwars']
[2022-10-14 12:26:27,628] 	language: en
[2022-10-14 12:26:27,628] 	n_epochs: 30
[2022-10-14 12:26:27,628] 	dropout: 0.2
[2022-10-14 12:26:27,628] 	learning_rate: None
[2022-10-14 12:26:27,628] 	trans_hidden_width: 64
[2022-10-14 12:26:27,628] 	trans_maxout_pieces: 2
[2022-10-14 12:26:27,629] 	trans_use_upper: True
[2022-10-14 12:26:27,629] 	embed_width: 300
[2022-10-14 12:26:27,629] 	embed_depth: 5
[2022-10-14 12:26:27,629] 	embed_size: 3000
[2022-10-14 12:26:27,629] 	embed_window_size: 2
[2022-10-14 12:26:27,629] 	embed_maxout_pieces: 1
[2022-10-14 12:26:27,629] 	embed_subword_features: True
[2022-10-14 12:26:27,629] 	models_path: /home/hugosousa/Projects/tei2go/models
[2022-10-14 12:26:27,629] 	resources_path: /home/hugosousa/Projects/tei2go/resources
[2022-10-14 12:26:27,629] 	logs_path: /home/hugosousa/Projects/tei2go/logs
[2022-10-14 12:26:27,629] 	data_path: /home/hugosousa/Projects/tei2go/data
[2022-10-14 12:26:27,629] 	gpu: False
[2022-10-14 12:26:27,629] Found preprocessed data.
[2022-10-14 12:26:27,640] Corpus statistics:
[2022-10-14 12:26:27,640] 	Train:
[2022-10-14 12:26:27,640] 		# sentences: 3165
[2022-10-14 12:26:27,641] 		# timexs: 4172
[2022-10-14 12:26:27,641] 	Validation:
[2022-10-14 12:26:27,641] 		# sentences: 455
[2022-10-14 12:26:27,641] 		# timexs: 579
[2022-10-14 12:26:27,641] Initializing model for language en.
[2022-10-14 12:26:27,798] Started train loop with id 20221014122627
[2022-10-14 12:26:27,801] Created vocabulary
[2022-10-14 12:26:27,801] Finished initializing nlp object
[2022-10-14 12:26:27,907]       |Loss 	|F1
[2022-10-14 12:26:27,907] Epoch |Train	|Train	|Validation
[2022-10-14 12:28:03,827]     1 |0.801	|0.8239	|0.7580
[2022-10-14 12:29:39,197]     2 |0.414	|0.8438	|0.7620
[2022-10-14 12:31:15,367]     3 |0.360	|0.9037	|0.8175
[2022-10-14 12:32:51,774]     4 |0.293	|0.9159	|0.8017
[2022-10-14 12:34:28,041]     5 |0.260	|0.9214	|0.8044
[2022-10-14 12:36:04,624]     6 |0.225	|0.9369	|0.8048
[2022-10-14 12:36:04,628] Training done.
[2022-10-14 12:36:04,628] Best validation f1: 0.8175
[2022-10-14 12:36:04,628] ----------------------------------------------------------------------------------------------------
[2022-10-14 12:36:06,415] ----------------------------------------------------------------------------------------------------
[2022-10-14 12:36:06,416] Start training for the following setup:
[2022-10-14 12:36:06,416] 	model: spacy
[2022-10-14 12:36:06,416] 	data: ['tempeval_3', 'meantime_english', 'tcr', 'ancient_time_english', 'wikiwars']
[2022-10-14 12:36:06,416] 	language: en
[2022-10-14 12:36:06,416] 	n_epochs: 30
[2022-10-14 12:36:06,416] 	dropout: 0.5
[2022-10-14 12:36:06,416] 	learning_rate: None
[2022-10-14 12:36:06,416] 	trans_hidden_width: 8
[2022-10-14 12:36:06,416] 	trans_maxout_pieces: 1
[2022-10-14 12:36:06,416] 	trans_use_upper: True
[2022-10-14 12:36:06,416] 	embed_width: 300
[2022-10-14 12:36:06,416] 	embed_depth: 5
[2022-10-14 12:36:06,416] 	embed_size: 3000
[2022-10-14 12:36:06,416] 	embed_window_size: 1
[2022-10-14 12:36:06,416] 	embed_maxout_pieces: 2
[2022-10-14 12:36:06,416] 	embed_subword_features: True
[2022-10-14 12:36:06,416] 	models_path: /home/hugosousa/Projects/tei2go/models
[2022-10-14 12:36:06,416] 	resources_path: /home/hugosousa/Projects/tei2go/resources
[2022-10-14 12:36:06,416] 	logs_path: /home/hugosousa/Projects/tei2go/logs
[2022-10-14 12:36:06,416] 	data_path: /home/hugosousa/Projects/tei2go/data
[2022-10-14 12:36:06,416] 	gpu: False
[2022-10-14 12:36:06,416] Found preprocessed data.
[2022-10-14 12:36:06,423] Corpus statistics:
[2022-10-14 12:36:06,424] 	Train:
[2022-10-14 12:36:06,424] 		# sentences: 3165
[2022-10-14 12:36:06,424] 		# timexs: 4172
[2022-10-14 12:36:06,424] 	Validation:
[2022-10-14 12:36:06,424] 		# sentences: 455
[2022-10-14 12:36:06,424] 		# timexs: 579
[2022-10-14 12:36:06,424] Initializing model for language en.
[2022-10-14 12:36:06,584] Started train loop with id 20221014123606
[2022-10-14 12:36:06,586] Created vocabulary
[2022-10-14 12:36:06,587] Finished initializing nlp object
[2022-10-14 12:36:06,670]       |Loss 	|F1
[2022-10-14 12:36:06,670] Epoch |Train	|Train	|Validation
[2022-10-14 12:37:43,097]     1 |1.247	|0.8401	|0.7986
[2022-10-14 12:39:18,103]     2 |0.587	|0.4800	|0.4317
[2022-10-14 12:40:53,946]     3 |0.467	|0.3149	|0.3738
[2022-10-14 12:42:30,627]     4 |0.417	|0.3066	|0.3597
[2022-10-14 12:42:30,633] Training done.
[2022-10-14 12:42:30,634] Best validation f1: 0.7986
[2022-10-14 12:42:30,634] ----------------------------------------------------------------------------------------------------
[2022-10-14 12:42:32,435] ----------------------------------------------------------------------------------------------------
[2022-10-14 12:42:32,435] Start training for the following setup:
[2022-10-14 12:42:32,435] 	model: spacy
[2022-10-14 12:42:32,435] 	data: ['tempeval_3', 'meantime_english', 'tcr', 'ancient_time_english', 'wikiwars']
[2022-10-14 12:42:32,435] 	language: en
[2022-10-14 12:42:32,435] 	n_epochs: 30
[2022-10-14 12:42:32,435] 	dropout: 0.0
[2022-10-14 12:42:32,435] 	learning_rate: None
[2022-10-14 12:42:32,435] 	trans_hidden_width: 16
[2022-10-14 12:42:32,435] 	trans_maxout_pieces: 1
[2022-10-14 12:42:32,435] 	trans_use_upper: True
[2022-10-14 12:42:32,435] 	embed_width: 300
[2022-10-14 12:42:32,435] 	embed_depth: 4
[2022-10-14 12:42:32,435] 	embed_size: 5000
[2022-10-14 12:42:32,435] 	embed_window_size: 1
[2022-10-14 12:42:32,435] 	embed_maxout_pieces: 2
[2022-10-14 12:42:32,435] 	embed_subword_features: True
[2022-10-14 12:42:32,435] 	models_path: /home/hugosousa/Projects/tei2go/models
[2022-10-14 12:42:32,435] 	resources_path: /home/hugosousa/Projects/tei2go/resources
[2022-10-14 12:42:32,435] 	logs_path: /home/hugosousa/Projects/tei2go/logs
[2022-10-14 12:42:32,436] 	data_path: /home/hugosousa/Projects/tei2go/data
[2022-10-14 12:42:32,436] 	gpu: False
[2022-10-14 12:42:32,436] Found preprocessed data.
[2022-10-14 12:42:32,443] Corpus statistics:
[2022-10-14 12:42:32,443] 	Train:
[2022-10-14 12:42:32,443] 		# sentences: 3165
[2022-10-14 12:42:32,443] 		# timexs: 4172
[2022-10-14 12:42:32,443] 	Validation:
[2022-10-14 12:42:32,443] 		# sentences: 455
[2022-10-14 12:42:32,443] 		# timexs: 579
[2022-10-14 12:42:32,443] Initializing model for language en.
[2022-10-14 12:42:32,604] Started train loop with id 20221014124232
[2022-10-14 12:42:32,607] Created vocabulary
[2022-10-14 12:42:32,608] Finished initializing nlp object
[2022-10-14 12:42:32,704]       |Loss 	|F1
[2022-10-14 12:42:32,704] Epoch |Train	|Train	|Validation
[2022-10-14 12:44:00,886]     1 |0.825	|0.8223	|0.7624
[2022-10-14 12:45:28,213]     2 |0.371	|0.8061	|0.7330
[2022-10-14 12:46:55,451]     3 |0.298	|0.8951	|0.8046
[2022-10-14 12:48:22,631]     4 |0.245	|0.6436	|0.5942
[2022-10-14 12:49:49,540]     5 |0.209	|0.8276	|0.7386
[2022-10-14 12:51:16,421]     6 |0.202	|0.6582	|0.6010
[2022-10-14 12:51:16,430] Training done.
[2022-10-14 12:51:16,430] Best validation f1: 0.8046
[2022-10-14 12:51:16,430] ----------------------------------------------------------------------------------------------------
[2022-10-14 12:51:18,237] ----------------------------------------------------------------------------------------------------
[2022-10-14 12:51:18,237] Start training for the following setup:
[2022-10-14 12:51:18,237] 	model: spacy
[2022-10-14 12:51:18,237] 	data: ['tempeval_3', 'meantime_english', 'tcr', 'ancient_time_english', 'wikiwars']
[2022-10-14 12:51:18,237] 	language: en
[2022-10-14 12:51:18,237] 	n_epochs: 30
[2022-10-14 12:51:18,237] 	dropout: 0.0
[2022-10-14 12:51:18,237] 	learning_rate: None
[2022-10-14 12:51:18,237] 	trans_hidden_width: 256
[2022-10-14 12:51:18,237] 	trans_maxout_pieces: 3
[2022-10-14 12:51:18,237] 	trans_use_upper: True
[2022-10-14 12:51:18,237] 	embed_width: 300
[2022-10-14 12:51:18,237] 	embed_depth: 7
[2022-10-14 12:51:18,237] 	embed_size: 4000
[2022-10-14 12:51:18,238] 	embed_window_size: 1
[2022-10-14 12:51:18,238] 	embed_maxout_pieces: 1
[2022-10-14 12:51:18,238] 	embed_subword_features: True
[2022-10-14 12:51:18,238] 	models_path: /home/hugosousa/Projects/tei2go/models
[2022-10-14 12:51:18,238] 	resources_path: /home/hugosousa/Projects/tei2go/resources
[2022-10-14 12:51:18,238] 	logs_path: /home/hugosousa/Projects/tei2go/logs
[2022-10-14 12:51:18,238] 	data_path: /home/hugosousa/Projects/tei2go/data
[2022-10-14 12:51:18,238] 	gpu: False
[2022-10-14 12:51:18,238] Found preprocessed data.
[2022-10-14 12:51:18,246] Corpus statistics:
[2022-10-14 12:51:18,247] 	Train:
[2022-10-14 12:51:18,247] 		# sentences: 3165
[2022-10-14 12:51:18,247] 		# timexs: 4172
[2022-10-14 12:51:18,247] 	Validation:
[2022-10-14 12:51:18,247] 		# sentences: 455
[2022-10-14 12:51:18,247] 		# timexs: 579
[2022-10-14 12:51:18,247] Initializing model for language en.
[2022-10-14 12:51:18,409] Started train loop with id 20221014125118
[2022-10-14 12:51:18,412] Created vocabulary
[2022-10-14 12:51:18,413] Finished initializing nlp object
[2022-10-14 12:51:18,832]       |Loss 	|F1
[2022-10-14 12:51:18,832] Epoch |Train	|Train	|Validation
[2022-10-14 12:53:34,170]     1 |0.834	|0.8412	|0.8007
[2022-10-14 12:55:47,572]     2 |0.470	|0.8454	|0.7758
[2022-10-14 12:58:00,936]     3 |0.398	|0.8244	|0.7414
[2022-10-14 13:00:14,463]     4 |0.325	|0.9059	|0.8258
[2022-10-14 13:02:28,115]     5 |0.282	|0.9160	|0.8081
[2022-10-14 13:04:41,217]     6 |0.251	|0.9083	|0.7980
[2022-10-14 13:06:55,386]     7 |0.243	|0.9360	|0.8323
[2022-10-14 13:09:09,261]     8 |0.208	|0.9246	|0.8087
[2022-10-14 13:11:23,569]     9 |0.184	|0.9383	|0.8170
[2022-10-14 13:13:36,174]    10 |0.190	|0.9310	|0.8135
[2022-10-14 13:13:36,179] Training done.
[2022-10-14 13:13:36,179] Best validation f1: 0.8323
[2022-10-14 13:13:36,179] ----------------------------------------------------------------------------------------------------
[2022-10-14 13:13:37,995] ----------------------------------------------------------------------------------------------------
[2022-10-14 13:13:37,995] Start training for the following setup:
[2022-10-14 13:13:37,995] 	model: spacy
[2022-10-14 13:13:37,995] 	data: ['tempeval_3', 'meantime_english', 'tcr', 'ancient_time_english', 'wikiwars']
[2022-10-14 13:13:37,995] 	language: en
[2022-10-14 13:13:37,995] 	n_epochs: 30
[2022-10-14 13:13:37,995] 	dropout: 0.1
[2022-10-14 13:13:37,995] 	learning_rate: None
[2022-10-14 13:13:37,995] 	trans_hidden_width: 128
[2022-10-14 13:13:37,995] 	trans_maxout_pieces: 1
[2022-10-14 13:13:37,995] 	trans_use_upper: True
[2022-10-14 13:13:37,995] 	embed_width: 96
[2022-10-14 13:13:37,995] 	embed_depth: 5
[2022-10-14 13:13:37,995] 	embed_size: 3000
[2022-10-14 13:13:37,995] 	embed_window_size: 1
[2022-10-14 13:13:37,995] 	embed_maxout_pieces: 3
[2022-10-14 13:13:37,995] 	embed_subword_features: True
[2022-10-14 13:13:37,995] 	models_path: /home/hugosousa/Projects/tei2go/models
[2022-10-14 13:13:37,995] 	resources_path: /home/hugosousa/Projects/tei2go/resources
[2022-10-14 13:13:37,995] 	logs_path: /home/hugosousa/Projects/tei2go/logs
[2022-10-14 13:13:37,995] 	data_path: /home/hugosousa/Projects/tei2go/data
[2022-10-14 13:13:37,996] 	gpu: False
[2022-10-14 13:13:37,996] Found preprocessed data.
[2022-10-14 13:13:38,003] Corpus statistics:
[2022-10-14 13:13:38,003] 	Train:
[2022-10-14 13:13:38,003] 		# sentences: 3165
[2022-10-14 13:13:38,003] 		# timexs: 4172
[2022-10-14 13:13:38,003] 	Validation:
[2022-10-14 13:13:38,003] 		# sentences: 455
[2022-10-14 13:13:38,004] 		# timexs: 579
[2022-10-14 13:13:38,004] Initializing model for language en.
[2022-10-14 13:13:38,165] Started train loop with id 20221014131338
[2022-10-14 13:13:38,168] Created vocabulary
[2022-10-14 13:13:38,168] Finished initializing nlp object
[2022-10-14 13:13:38,314]       |Loss 	|F1
[2022-10-14 13:13:38,314] Epoch |Train	|Train	|Validation
[2022-10-14 13:14:13,093]     1 |0.879	|0.7864	|0.7197
[2022-10-14 13:14:47,428]     2 |0.377	|0.8170	|0.7452
[2022-10-14 13:15:21,917]     3 |0.301	|0.5034	|0.5323
[2022-10-14 13:15:56,308]     4 |0.252	|0.7996	|0.6952
[2022-10-14 13:16:30,578]     5 |0.213	|0.6569	|0.5794
[2022-10-14 13:16:30,582] Training done.
[2022-10-14 13:16:30,582] Best validation f1: 0.7452
[2022-10-14 13:16:30,582] ----------------------------------------------------------------------------------------------------
[2022-10-14 13:16:32,417] ----------------------------------------------------------------------------------------------------
[2022-10-14 13:16:32,417] Start training for the following setup:
[2022-10-14 13:16:32,417] 	model: spacy
[2022-10-14 13:16:32,417] 	data: ['tempeval_3', 'meantime_english', 'tcr', 'ancient_time_english', 'wikiwars']
[2022-10-14 13:16:32,417] 	language: en
[2022-10-14 13:16:32,417] 	n_epochs: 30
[2022-10-14 13:16:32,417] 	dropout: 0.3
[2022-10-14 13:16:32,417] 	learning_rate: None
[2022-10-14 13:16:32,417] 	trans_hidden_width: 32
[2022-10-14 13:16:32,417] 	trans_maxout_pieces: 3
[2022-10-14 13:16:32,417] 	trans_use_upper: True
[2022-10-14 13:16:32,417] 	embed_width: 128
[2022-10-14 13:16:32,417] 	embed_depth: 3
[2022-10-14 13:16:32,417] 	embed_size: 6000
[2022-10-14 13:16:32,417] 	embed_window_size: 2
[2022-10-14 13:16:32,417] 	embed_maxout_pieces: 2
[2022-10-14 13:16:32,417] 	embed_subword_features: True
[2022-10-14 13:16:32,418] 	models_path: /home/hugosousa/Projects/tei2go/models
[2022-10-14 13:16:32,418] 	resources_path: /home/hugosousa/Projects/tei2go/resources
[2022-10-14 13:16:32,418] 	logs_path: /home/hugosousa/Projects/tei2go/logs
[2022-10-14 13:16:32,418] 	data_path: /home/hugosousa/Projects/tei2go/data
[2022-10-14 13:16:32,418] 	gpu: False
[2022-10-14 13:16:32,418] Found preprocessed data.
[2022-10-14 13:16:32,425] Corpus statistics:
[2022-10-14 13:16:32,425] 	Train:
[2022-10-14 13:16:32,425] 		# sentences: 3165
[2022-10-14 13:16:32,426] 		# timexs: 4172
[2022-10-14 13:16:32,426] 	Validation:
[2022-10-14 13:16:32,426] 		# sentences: 455
[2022-10-14 13:16:32,426] 		# timexs: 579
[2022-10-14 13:16:32,426] Initializing model for language en.
[2022-10-14 13:16:32,591] Started train loop with id 20221014131632
[2022-10-14 13:16:32,593] Created vocabulary
[2022-10-14 13:16:32,594] Finished initializing nlp object
[2022-10-14 13:16:32,650]       |Loss 	|F1
[2022-10-14 13:16:32,651] Epoch |Train	|Train	|Validation
[2022-10-14 13:17:10,739]     1 |0.996	|0.8566	|0.8103
[2022-10-14 13:17:48,491]     2 |0.400	|0.8928	|0.8162
[2022-10-14 13:18:26,846]     3 |0.325	|0.9201	|0.8270
[2022-10-14 13:19:05,182]     4 |0.286	|0.9260	|0.8307
[2022-10-14 13:19:43,537]     5 |0.230	|0.9516	|0.8234
[2022-10-14 13:20:21,703]     6 |0.208	|0.9490	|0.8192
[2022-10-14 13:21:00,000]     7 |0.196	|0.9587	|0.8388
[2022-10-14 13:21:38,348]     8 |0.164	|0.9640	|0.8371
[2022-10-14 13:22:16,549]     9 |0.159	|0.9647	|0.8137
[2022-10-14 13:22:54,793]    10 |0.156	|0.9674	|0.8328
[2022-10-14 13:22:54,798] Training done.
[2022-10-14 13:22:54,798] Best validation f1: 0.8388
[2022-10-14 13:22:54,798] ----------------------------------------------------------------------------------------------------
[2022-10-14 13:22:56,600] ----------------------------------------------------------------------------------------------------
[2022-10-14 13:22:56,600] Start training for the following setup:
[2022-10-14 13:22:56,600] 	model: spacy
[2022-10-14 13:22:56,600] 	data: ['tempeval_3', 'meantime_english', 'tcr', 'ancient_time_english', 'wikiwars']
[2022-10-14 13:22:56,600] 	language: en
[2022-10-14 13:22:56,600] 	n_epochs: 30
[2022-10-14 13:22:56,600] 	dropout: 0.1
[2022-10-14 13:22:56,600] 	learning_rate: None
[2022-10-14 13:22:56,600] 	trans_hidden_width: 64
[2022-10-14 13:22:56,601] 	trans_maxout_pieces: 2
[2022-10-14 13:22:56,601] 	trans_use_upper: True
[2022-10-14 13:22:56,601] 	embed_width: 128
[2022-10-14 13:22:56,601] 	embed_depth: 3
[2022-10-14 13:22:56,601] 	embed_size: 9000
[2022-10-14 13:22:56,601] 	embed_window_size: 2
[2022-10-14 13:22:56,601] 	embed_maxout_pieces: 2
[2022-10-14 13:22:56,601] 	embed_subword_features: True
[2022-10-14 13:22:56,601] 	models_path: /home/hugosousa/Projects/tei2go/models
[2022-10-14 13:22:56,601] 	resources_path: /home/hugosousa/Projects/tei2go/resources
[2022-10-14 13:22:56,601] 	logs_path: /home/hugosousa/Projects/tei2go/logs
[2022-10-14 13:22:56,601] 	data_path: /home/hugosousa/Projects/tei2go/data
[2022-10-14 13:22:56,601] 	gpu: False
[2022-10-14 13:22:56,601] Found preprocessed data.
[2022-10-14 13:22:56,608] Corpus statistics:
[2022-10-14 13:22:56,608] 	Train:
[2022-10-14 13:22:56,608] 		# sentences: 3165
[2022-10-14 13:22:56,608] 		# timexs: 4172
[2022-10-14 13:22:56,609] 	Validation:
[2022-10-14 13:22:56,609] 		# sentences: 455
[2022-10-14 13:22:56,609] 		# timexs: 579
[2022-10-14 13:22:56,609] Initializing model for language en.
[2022-10-14 13:22:56,772] Started train loop with id 20221014132256
[2022-10-14 13:22:56,776] Created vocabulary
[2022-10-14 13:22:56,777] Finished initializing nlp object
[2022-10-14 13:22:56,854]       |Loss 	|F1
[2022-10-14 13:22:56,854] Epoch |Train	|Train	|Validation
[2022-10-14 13:23:39,976]     1 |0.793	|0.8625	|0.7937
[2022-10-14 13:24:22,796]     2 |0.347	|0.9110	|0.8263
[2022-10-14 13:25:05,997]     3 |0.242	|0.9422	|0.8514
[2022-10-14 13:25:49,205]     4 |0.210	|0.9454	|0.8330
[2022-10-14 13:26:32,242]     5 |0.158	|0.9526	|0.8333
[2022-10-14 13:27:15,286]     6 |0.145	|0.9299	|0.8182
[2022-10-14 13:27:15,290] Training done.
[2022-10-14 13:27:15,290] Best validation f1: 0.8514
[2022-10-14 13:27:15,290] ----------------------------------------------------------------------------------------------------
[2022-10-14 13:27:17,103] ----------------------------------------------------------------------------------------------------
[2022-10-14 13:27:17,103] Start training for the following setup:
[2022-10-14 13:27:17,103] 	model: spacy
[2022-10-14 13:27:17,103] 	data: ['tempeval_3', 'meantime_english', 'tcr', 'ancient_time_english', 'wikiwars']
[2022-10-14 13:27:17,103] 	language: en
[2022-10-14 13:27:17,103] 	n_epochs: 30
[2022-10-14 13:27:17,103] 	dropout: 0.4
[2022-10-14 13:27:17,103] 	learning_rate: None
[2022-10-14 13:27:17,103] 	trans_hidden_width: 256
[2022-10-14 13:27:17,103] 	trans_maxout_pieces: 3
[2022-10-14 13:27:17,103] 	trans_use_upper: True
[2022-10-14 13:27:17,103] 	embed_width: 128
[2022-10-14 13:27:17,103] 	embed_depth: 4
[2022-10-14 13:27:17,103] 	embed_size: 3000
[2022-10-14 13:27:17,103] 	embed_window_size: 1
[2022-10-14 13:27:17,103] 	embed_maxout_pieces: 3
[2022-10-14 13:27:17,103] 	embed_subword_features: True
[2022-10-14 13:27:17,103] 	models_path: /home/hugosousa/Projects/tei2go/models
[2022-10-14 13:27:17,103] 	resources_path: /home/hugosousa/Projects/tei2go/resources
[2022-10-14 13:27:17,103] 	logs_path: /home/hugosousa/Projects/tei2go/logs
[2022-10-14 13:27:17,103] 	data_path: /home/hugosousa/Projects/tei2go/data
[2022-10-14 13:27:17,103] 	gpu: False
[2022-10-14 13:27:17,104] Found preprocessed data.
[2022-10-14 13:27:17,110] Corpus statistics:
[2022-10-14 13:27:17,111] 	Train:
[2022-10-14 13:27:17,111] 		# sentences: 3165
[2022-10-14 13:27:17,111] 		# timexs: 4172
[2022-10-14 13:27:17,111] 	Validation:
[2022-10-14 13:27:17,111] 		# sentences: 455
[2022-10-14 13:27:17,111] 		# timexs: 579
[2022-10-14 13:27:17,111] Initializing model for language en.
[2022-10-14 13:27:17,272] Started train loop with id 20221014132717
[2022-10-14 13:27:17,275] Created vocabulary
[2022-10-14 13:27:17,275] Finished initializing nlp object
[2022-10-14 13:27:17,643]       |Loss 	|F1
[2022-10-14 13:27:17,643] Epoch |Train	|Train	|Validation
[2022-10-14 13:28:38,875]     1 |1.106	|0.8122	|0.7746
[2022-10-14 13:29:59,579]     2 |0.601	|0.8569	|0.8151
[2022-10-14 13:31:20,602]     3 |0.511	|0.8747	|0.8459
[2022-10-14 13:32:41,904]     4 |0.441	|0.8967	|0.8382
[2022-10-14 13:34:03,097]     5 |0.402	|0.8994	|0.8236
[2022-10-14 13:35:23,895]     6 |0.376	|0.9002	|0.8108
[2022-10-14 13:35:23,899] Training done.
[2022-10-14 13:35:23,899] Best validation f1: 0.8459
[2022-10-14 13:35:23,899] ----------------------------------------------------------------------------------------------------
[2022-10-14 13:35:25,718] ----------------------------------------------------------------------------------------------------
[2022-10-14 13:35:25,718] Start training for the following setup:
[2022-10-14 13:35:25,718] 	model: spacy
[2022-10-14 13:35:25,718] 	data: ['tempeval_3', 'meantime_english', 'tcr', 'ancient_time_english', 'wikiwars']
[2022-10-14 13:35:25,718] 	language: en
[2022-10-14 13:35:25,718] 	n_epochs: 30
[2022-10-14 13:35:25,718] 	dropout: 0.4
[2022-10-14 13:35:25,718] 	learning_rate: None
[2022-10-14 13:35:25,718] 	trans_hidden_width: 64
[2022-10-14 13:35:25,718] 	trans_maxout_pieces: 3
[2022-10-14 13:35:25,718] 	trans_use_upper: True
[2022-10-14 13:35:25,718] 	embed_width: 300
[2022-10-14 13:35:25,718] 	embed_depth: 2
[2022-10-14 13:35:25,718] 	embed_size: 7000
[2022-10-14 13:35:25,718] 	embed_window_size: 2
[2022-10-14 13:35:25,718] 	embed_maxout_pieces: 3
[2022-10-14 13:35:25,718] 	embed_subword_features: True
[2022-10-14 13:35:25,718] 	models_path: /home/hugosousa/Projects/tei2go/models
[2022-10-14 13:35:25,718] 	resources_path: /home/hugosousa/Projects/tei2go/resources
[2022-10-14 13:35:25,718] 	logs_path: /home/hugosousa/Projects/tei2go/logs
[2022-10-14 13:35:25,718] 	data_path: /home/hugosousa/Projects/tei2go/data
[2022-10-14 13:35:25,718] 	gpu: False
[2022-10-14 13:35:25,718] Found preprocessed data.
[2022-10-14 13:35:25,725] Corpus statistics:
[2022-10-14 13:35:25,726] 	Train:
[2022-10-14 13:35:25,726] 		# sentences: 3165
[2022-10-14 13:35:25,726] 		# timexs: 4172
[2022-10-14 13:35:25,726] 	Validation:
[2022-10-14 13:35:25,726] 		# sentences: 455
[2022-10-14 13:35:25,726] 		# timexs: 579
[2022-10-14 13:35:25,726] Initializing model for language en.
[2022-10-14 13:35:25,888] Started train loop with id 20221014133525
[2022-10-14 13:35:25,891] Created vocabulary
[2022-10-14 13:35:25,892] Finished initializing nlp object
[2022-10-14 13:35:26,033]       |Loss 	|F1
[2022-10-14 13:35:26,033] Epoch |Train	|Train	|Validation
[2022-10-14 13:37:10,962]     1 |1.018	|0.8642	|0.8073
[2022-10-14 13:38:56,647]     2 |0.415	|0.8829	|0.8123
[2022-10-14 13:40:44,513]     3 |0.337	|0.9140	|0.8388
[2022-10-14 13:42:32,544]     4 |0.282	|0.9298	|0.8406
[2022-10-14 13:44:20,392]     5 |0.231	|0.9398	|0.8335
[2022-10-14 13:46:08,301]     6 |0.226	|0.9460	|0.8392
[2022-10-14 13:47:56,200]     7 |0.180	|0.9552	|0.8384
[2022-10-14 13:47:56,203] Training done.
[2022-10-14 13:47:56,203] Best validation f1: 0.8406
[2022-10-14 13:47:56,203] ----------------------------------------------------------------------------------------------------
[2022-10-14 13:47:58,017] ----------------------------------------------------------------------------------------------------
[2022-10-14 13:47:58,017] Start training for the following setup:
[2022-10-14 13:47:58,017] 	model: spacy
[2022-10-14 13:47:58,017] 	data: ['tempeval_3', 'meantime_english', 'tcr', 'ancient_time_english', 'wikiwars']
[2022-10-14 13:47:58,017] 	language: en
[2022-10-14 13:47:58,017] 	n_epochs: 30
[2022-10-14 13:47:58,017] 	dropout: 0.3
[2022-10-14 13:47:58,017] 	learning_rate: None
[2022-10-14 13:47:58,017] 	trans_hidden_width: 64
[2022-10-14 13:47:58,017] 	trans_maxout_pieces: 2
[2022-10-14 13:47:58,017] 	trans_use_upper: True
[2022-10-14 13:47:58,017] 	embed_width: 96
[2022-10-14 13:47:58,017] 	embed_depth: 3
[2022-10-14 13:47:58,017] 	embed_size: 3000
[2022-10-14 13:47:58,017] 	embed_window_size: 1
[2022-10-14 13:47:58,017] 	embed_maxout_pieces: 2
[2022-10-14 13:47:58,017] 	embed_subword_features: True
[2022-10-14 13:47:58,017] 	models_path: /home/hugosousa/Projects/tei2go/models
[2022-10-14 13:47:58,017] 	resources_path: /home/hugosousa/Projects/tei2go/resources
[2022-10-14 13:47:58,018] 	logs_path: /home/hugosousa/Projects/tei2go/logs
[2022-10-14 13:47:58,018] 	data_path: /home/hugosousa/Projects/tei2go/data
[2022-10-14 13:47:58,018] 	gpu: False
[2022-10-14 13:47:58,018] Found preprocessed data.
[2022-10-14 13:47:58,025] Corpus statistics:
[2022-10-14 13:47:58,025] 	Train:
[2022-10-14 13:47:58,025] 		# sentences: 3165
[2022-10-14 13:47:58,026] 		# timexs: 4172
[2022-10-14 13:47:58,026] 	Validation:
[2022-10-14 13:47:58,026] 		# sentences: 455
[2022-10-14 13:47:58,026] 		# timexs: 579
[2022-10-14 13:47:58,026] Initializing model for language en.
[2022-10-14 13:47:58,194] Started train loop with id 20221014134758
[2022-10-14 13:47:58,196] Created vocabulary
[2022-10-14 13:47:58,197] Finished initializing nlp object
[2022-10-14 13:47:58,248]       |Loss 	|F1
[2022-10-14 13:47:58,248] Epoch |Train	|Train	|Validation
[2022-10-14 13:48:24,400]     1 |1.024	|0.8420	|0.7885
[2022-10-14 13:48:49,971]     2 |0.482	|0.8668	|0.8127
[2022-10-14 13:49:15,833]     3 |0.402	|0.8940	|0.8336
[2022-10-14 13:49:41,725]     4 |0.346	|0.9099	|0.8336
[2022-10-14 13:50:07,581]     5 |0.312	|0.9183	|0.8303
[2022-10-14 13:50:33,437]     6 |0.300	|0.9223	|0.8229
[2022-10-14 13:50:33,442] Training done.
[2022-10-14 13:50:33,442] Best validation f1: 0.8336
[2022-10-14 13:50:33,442] ----------------------------------------------------------------------------------------------------
[2022-10-14 13:50:35,258] ----------------------------------------------------------------------------------------------------
[2022-10-14 13:50:35,259] Start training for the following setup:
[2022-10-14 13:50:35,259] 	model: spacy
[2022-10-14 13:50:35,259] 	data: ['tempeval_3', 'meantime_english', 'tcr', 'ancient_time_english', 'wikiwars']
[2022-10-14 13:50:35,259] 	language: en
[2022-10-14 13:50:35,259] 	n_epochs: 30
[2022-10-14 13:50:35,259] 	dropout: 0.1
[2022-10-14 13:50:35,259] 	learning_rate: None
[2022-10-14 13:50:35,259] 	trans_hidden_width: 32
[2022-10-14 13:50:35,259] 	trans_maxout_pieces: 2
[2022-10-14 13:50:35,259] 	trans_use_upper: True
[2022-10-14 13:50:35,259] 	embed_width: 96
[2022-10-14 13:50:35,259] 	embed_depth: 2
[2022-10-14 13:50:35,259] 	embed_size: 9000
[2022-10-14 13:50:35,259] 	embed_window_size: 2
[2022-10-14 13:50:35,259] 	embed_maxout_pieces: 2
[2022-10-14 13:50:35,259] 	embed_subword_features: True
[2022-10-14 13:50:35,259] 	models_path: /home/hugosousa/Projects/tei2go/models
[2022-10-14 13:50:35,259] 	resources_path: /home/hugosousa/Projects/tei2go/resources
[2022-10-14 13:50:35,259] 	logs_path: /home/hugosousa/Projects/tei2go/logs
[2022-10-14 13:50:35,259] 	data_path: /home/hugosousa/Projects/tei2go/data
[2022-10-14 13:50:35,259] 	gpu: False
[2022-10-14 13:50:35,259] Found preprocessed data.
[2022-10-14 13:50:35,267] Corpus statistics:
[2022-10-14 13:50:35,267] 	Train:
[2022-10-14 13:50:35,267] 		# sentences: 3165
[2022-10-14 13:50:35,267] 		# timexs: 4172
[2022-10-14 13:50:35,267] 	Validation:
[2022-10-14 13:50:35,267] 		# sentences: 455
[2022-10-14 13:50:35,267] 		# timexs: 579
[2022-10-14 13:50:35,267] Initializing model for language en.
[2022-10-14 13:50:35,430] Started train loop with id 20221014135035
[2022-10-14 13:50:35,432] Created vocabulary
[2022-10-14 13:50:35,433] Finished initializing nlp object
[2022-10-14 13:50:35,477]       |Loss 	|F1
[2022-10-14 13:50:35,478] Epoch |Train	|Train	|Validation
[2022-10-14 13:51:05,887]     1 |0.916	|0.8684	|0.7954
[2022-10-14 13:51:35,942]     2 |0.342	|0.9132	|0.8217
[2022-10-14 13:52:06,226]     3 |0.258	|0.9444	|0.8370
[2022-10-14 13:52:36,525]     4 |0.188	|0.9512	|0.8295
[2022-10-14 13:53:06,687]     5 |0.146	|0.9606	|0.8077
[2022-10-14 13:53:36,891]     6 |0.136	|0.9623	|0.8243
[2022-10-14 13:53:36,895] Training done.
[2022-10-14 13:53:36,895] Best validation f1: 0.8370
[2022-10-14 13:53:36,895] ----------------------------------------------------------------------------------------------------
