[2022-10-02 21:28:52,154] ----------------------------------------------------------------------------------------------------
[2022-10-02 21:28:52,154] Start training for the following setup:
[2022-10-02 21:28:52,154] 	model: spacy
[2022-10-02 21:28:52,154] 	data: ['fr_timebank', 'ancient_time_french']
[2022-10-02 21:28:52,154] 	language: fr
[2022-10-02 21:28:52,154] 	n_epochs: 15
[2022-10-02 21:28:52,154] 	dropout: 0.0
[2022-10-02 21:28:52,155] 	batch_size: None
[2022-10-02 21:28:52,155] 	learning_rate: None
[2022-10-02 21:28:52,155] 	embeddings: None
[2022-10-02 21:28:52,155] 	models_path: /home/hugosousa/Projects/tei2go/models
[2022-10-02 21:28:52,155] 	resources_path: /home/hugosousa/Projects/tei2go/resources
[2022-10-02 21:28:52,155] 	logs_path: /home/hugosousa/Projects/tei2go/logs
[2022-10-02 21:28:52,155] 	data_path: /home/hugosousa/Projects/tei2go/data
[2022-10-02 21:28:52,155] 	gpu: False
[2022-10-02 21:28:52,155] Found preprocessed data.
[2022-10-02 21:28:52,156] Corpus statistics:
[2022-10-02 21:28:52,156] 	Train:
[2022-10-02 21:28:52,156] 		# sentences: 430
[2022-10-02 21:28:52,156] 		# timexs: 579
[2022-10-02 21:28:52,156] 	Validation:
[2022-10-02 21:28:52,156] 		# sentences: 17
[2022-10-02 21:28:52,156] 		# timexs: 22
[2022-10-02 21:28:52,156] Initializing model for language fr.
[2022-10-02 21:28:54,948] Started train loop with id 20221002212854
[2022-10-02 21:28:54,951] Created vocabulary
[2022-10-02 21:28:54,951] Finished initializing nlp object
[2022-10-02 21:28:55,001]       |Loss 	|F1
[2022-10-02 21:28:55,001] Epoch |Train	|Train	|Validation
[2022-10-02 21:28:59,318]     1 |2.617	|0.4787	|0.4000
[2022-10-02 21:29:03,453]     2 |0.574	|0.7981	|0.6842
[2022-10-02 21:29:07,559]     3 |0.305	|0.8587	|0.7179
[2022-10-02 21:29:11,698]     4 |0.227	|0.8806	|0.6829
[2022-10-02 21:29:15,828]     5 |0.119	|0.8836	|0.7000
[2022-10-02 21:29:19,919]     6 |0.119	|0.8940	|0.7111
[2022-10-02 21:29:19,920] Training done.
[2022-10-02 21:29:19,920] Best validation f1: 0.7179
[2022-10-02 21:29:19,920] ----------------------------------------------------------------------------------------------------
[2022-10-02 21:29:21,628] ----------------------------------------------------------------------------------------------------
[2022-10-02 21:29:21,628] Start training for the following setup:
[2022-10-02 21:29:21,628] 	model: spacy
[2022-10-02 21:29:21,628] 	data: ['fr_timebank', 'ancient_time_french']
[2022-10-02 21:29:21,628] 	language: fr
[2022-10-02 21:29:21,628] 	n_epochs: 15
[2022-10-02 21:29:21,628] 	dropout: 0.1
[2022-10-02 21:29:21,628] 	batch_size: None
[2022-10-02 21:29:21,628] 	learning_rate: None
[2022-10-02 21:29:21,628] 	embeddings: None
[2022-10-02 21:29:21,628] 	models_path: /home/hugosousa/Projects/tei2go/models
[2022-10-02 21:29:21,629] 	resources_path: /home/hugosousa/Projects/tei2go/resources
[2022-10-02 21:29:21,629] 	logs_path: /home/hugosousa/Projects/tei2go/logs
[2022-10-02 21:29:21,629] 	data_path: /home/hugosousa/Projects/tei2go/data
[2022-10-02 21:29:21,629] 	gpu: False
[2022-10-02 21:29:21,629] Found preprocessed data.
[2022-10-02 21:29:21,630] Corpus statistics:
[2022-10-02 21:29:21,630] 	Train:
[2022-10-02 21:29:21,630] 		# sentences: 430
[2022-10-02 21:29:21,630] 		# timexs: 579
[2022-10-02 21:29:21,630] 	Validation:
[2022-10-02 21:29:21,630] 		# sentences: 17
[2022-10-02 21:29:21,630] 		# timexs: 22
[2022-10-02 21:29:21,630] Initializing model for language fr.
[2022-10-02 21:29:24,438] Started train loop with id 20221002212924
[2022-10-02 21:29:24,441] Created vocabulary
[2022-10-02 21:29:24,441] Finished initializing nlp object
[2022-10-02 21:29:24,490]       |Loss 	|F1
[2022-10-02 21:29:24,490] Epoch |Train	|Train	|Validation
[2022-10-02 21:29:28,884]     1 |2.487	|0.5021	|0.6857
[2022-10-02 21:29:33,088]     2 |0.830	|0.7878	|0.8421
[2022-10-02 21:29:37,299]     3 |0.451	|0.8322	|0.7619
[2022-10-02 21:29:41,509]     4 |0.318	|0.8387	|0.8205
[2022-10-02 21:29:45,749]     5 |0.250	|0.8745	|0.7692
[2022-10-02 21:29:45,751] Training done.
[2022-10-02 21:29:45,751] Best validation f1: 0.8421
[2022-10-02 21:29:45,751] ----------------------------------------------------------------------------------------------------
[2022-10-02 21:29:47,455] ----------------------------------------------------------------------------------------------------
[2022-10-02 21:29:47,455] Start training for the following setup:
[2022-10-02 21:29:47,455] 	model: spacy
[2022-10-02 21:29:47,455] 	data: ['fr_timebank', 'ancient_time_french']
[2022-10-02 21:29:47,455] 	language: fr
[2022-10-02 21:29:47,456] 	n_epochs: 15
[2022-10-02 21:29:47,456] 	dropout: 0.2
[2022-10-02 21:29:47,456] 	batch_size: None
[2022-10-02 21:29:47,456] 	learning_rate: None
[2022-10-02 21:29:47,456] 	embeddings: None
[2022-10-02 21:29:47,456] 	models_path: /home/hugosousa/Projects/tei2go/models
[2022-10-02 21:29:47,456] 	resources_path: /home/hugosousa/Projects/tei2go/resources
[2022-10-02 21:29:47,456] 	logs_path: /home/hugosousa/Projects/tei2go/logs
[2022-10-02 21:29:47,456] 	data_path: /home/hugosousa/Projects/tei2go/data
[2022-10-02 21:29:47,456] 	gpu: False
[2022-10-02 21:29:47,456] Found preprocessed data.
[2022-10-02 21:29:47,457] Corpus statistics:
[2022-10-02 21:29:47,457] 	Train:
[2022-10-02 21:29:47,457] 		# sentences: 430
[2022-10-02 21:29:47,457] 		# timexs: 579
[2022-10-02 21:29:47,458] 	Validation:
[2022-10-02 21:29:47,458] 		# sentences: 17
[2022-10-02 21:29:47,458] 		# timexs: 22
[2022-10-02 21:29:47,458] Initializing model for language fr.
[2022-10-02 21:29:50,235] Started train loop with id 20221002212950
[2022-10-02 21:29:50,237] Created vocabulary
[2022-10-02 21:29:50,237] Finished initializing nlp object
[2022-10-02 21:29:50,288]       |Loss 	|F1
[2022-10-02 21:29:50,288] Epoch |Train	|Train	|Validation
[2022-10-02 21:29:54,669]     1 |2.924	|0.3630	|0.4138
[2022-10-02 21:29:58,856]     2 |0.948	|0.7774	|0.8000
[2022-10-02 21:30:03,055]     3 |0.575	|0.7996	|0.8205
[2022-10-02 21:30:07,270]     4 |0.480	|0.8290	|0.7692
[2022-10-02 21:30:11,493]     5 |0.333	|0.8627	|0.8500
[2022-10-02 21:30:15,694]     6 |0.330	|0.8632	|0.6818
[2022-10-02 21:30:19,868]     7 |0.236	|0.8846	|0.7000
[2022-10-02 21:30:24,056]     8 |0.277	|0.8626	|0.7907
[2022-10-02 21:30:24,057] Training done.
[2022-10-02 21:30:24,057] Best validation f1: 0.8500
[2022-10-02 21:30:24,057] ----------------------------------------------------------------------------------------------------
[2022-10-02 21:30:25,759] ----------------------------------------------------------------------------------------------------
[2022-10-02 21:30:25,759] Start training for the following setup:
[2022-10-02 21:30:25,759] 	model: spacy
[2022-10-02 21:30:25,759] 	data: ['fr_timebank', 'ancient_time_french']
[2022-10-02 21:30:25,759] 	language: fr
[2022-10-02 21:30:25,759] 	n_epochs: 15
[2022-10-02 21:30:25,759] 	dropout: 0.3
[2022-10-02 21:30:25,759] 	batch_size: None
[2022-10-02 21:30:25,759] 	learning_rate: None
[2022-10-02 21:30:25,759] 	embeddings: None
[2022-10-02 21:30:25,759] 	models_path: /home/hugosousa/Projects/tei2go/models
[2022-10-02 21:30:25,760] 	resources_path: /home/hugosousa/Projects/tei2go/resources
[2022-10-02 21:30:25,760] 	logs_path: /home/hugosousa/Projects/tei2go/logs
[2022-10-02 21:30:25,760] 	data_path: /home/hugosousa/Projects/tei2go/data
[2022-10-02 21:30:25,760] 	gpu: False
[2022-10-02 21:30:25,760] Found preprocessed data.
[2022-10-02 21:30:25,761] Corpus statistics:
[2022-10-02 21:30:25,761] 	Train:
[2022-10-02 21:30:25,761] 		# sentences: 430
[2022-10-02 21:30:25,761] 		# timexs: 579
[2022-10-02 21:30:25,761] 	Validation:
[2022-10-02 21:30:25,761] 		# sentences: 17
[2022-10-02 21:30:25,761] 		# timexs: 22
[2022-10-02 21:30:25,761] Initializing model for language fr.
[2022-10-02 21:30:28,550] Started train loop with id 20221002213028
[2022-10-02 21:30:28,552] Created vocabulary
[2022-10-02 21:30:28,553] Finished initializing nlp object
[2022-10-02 21:30:28,602]       |Loss 	|F1
[2022-10-02 21:30:28,602] Epoch |Train	|Train	|Validation
[2022-10-02 21:30:32,978]     1 |2.677	|0.3007	|0.2143
[2022-10-02 21:30:37,162]     2 |1.139	|0.6223	|0.6154
[2022-10-02 21:30:41,385]     3 |0.755	|0.7672	|0.8293
[2022-10-02 21:30:45,599]     4 |0.610	|0.7822	|0.7895
[2022-10-02 21:30:49,826]     5 |0.482	|0.8024	|0.7442
[2022-10-02 21:30:54,038]     6 |0.414	|0.8484	|0.8095
[2022-10-02 21:30:54,039] Training done.
[2022-10-02 21:30:54,040] Best validation f1: 0.8293
[2022-10-02 21:30:54,040] ----------------------------------------------------------------------------------------------------
[2022-10-02 21:30:55,762] ----------------------------------------------------------------------------------------------------
[2022-10-02 21:30:55,762] Start training for the following setup:
[2022-10-02 21:30:55,762] 	model: spacy
[2022-10-02 21:30:55,762] 	data: ['fr_timebank', 'ancient_time_french']
[2022-10-02 21:30:55,762] 	language: fr
[2022-10-02 21:30:55,762] 	n_epochs: 15
[2022-10-02 21:30:55,762] 	dropout: 0.4
[2022-10-02 21:30:55,762] 	batch_size: None
[2022-10-02 21:30:55,762] 	learning_rate: None
[2022-10-02 21:30:55,762] 	embeddings: None
[2022-10-02 21:30:55,762] 	models_path: /home/hugosousa/Projects/tei2go/models
[2022-10-02 21:30:55,762] 	resources_path: /home/hugosousa/Projects/tei2go/resources
[2022-10-02 21:30:55,762] 	logs_path: /home/hugosousa/Projects/tei2go/logs
[2022-10-02 21:30:55,762] 	data_path: /home/hugosousa/Projects/tei2go/data
[2022-10-02 21:30:55,762] 	gpu: False
[2022-10-02 21:30:55,762] Found preprocessed data.
[2022-10-02 21:30:55,764] Corpus statistics:
[2022-10-02 21:30:55,764] 	Train:
[2022-10-02 21:30:55,764] 		# sentences: 430
[2022-10-02 21:30:55,764] 		# timexs: 579
[2022-10-02 21:30:55,764] 	Validation:
[2022-10-02 21:30:55,764] 		# sentences: 17
[2022-10-02 21:30:55,764] 		# timexs: 22
[2022-10-02 21:30:55,764] Initializing model for language fr.
[2022-10-02 21:30:58,552] Started train loop with id 20221002213058
[2022-10-02 21:30:58,554] Created vocabulary
[2022-10-02 21:30:58,555] Finished initializing nlp object
[2022-10-02 21:30:58,605]       |Loss 	|F1
[2022-10-02 21:30:58,605] Epoch |Train	|Train	|Validation
[2022-10-02 21:31:02,982]     1 |2.779	|0.1758	|0.0769
[2022-10-02 21:31:07,155]     2 |1.345	|0.5205	|0.4444
[2022-10-02 21:31:11,335]     3 |0.959	|0.7440	|0.8500
[2022-10-02 21:31:15,539]     4 |0.782	|0.7782	|0.8571
[2022-10-02 21:31:19,783]     5 |0.630	|0.7951	|0.9000
[2022-10-02 21:31:24,002]     6 |0.643	|0.8056	|0.8293
[2022-10-02 21:31:28,170]     7 |0.477	|0.8074	|0.8293
[2022-10-02 21:31:32,348]     8 |0.457	|0.8305	|0.8293
[2022-10-02 21:31:32,349] Training done.
[2022-10-02 21:31:32,349] Best validation f1: 0.9000
[2022-10-02 21:31:32,349] ----------------------------------------------------------------------------------------------------
[2022-10-02 21:31:34,065] ----------------------------------------------------------------------------------------------------
[2022-10-02 21:31:34,065] Start training for the following setup:
[2022-10-02 21:31:34,065] 	model: spacy
[2022-10-02 21:31:34,065] 	data: ['fr_timebank', 'ancient_time_french']
[2022-10-02 21:31:34,065] 	language: fr
[2022-10-02 21:31:34,065] 	n_epochs: 15
[2022-10-02 21:31:34,065] 	dropout: 0.5
[2022-10-02 21:31:34,065] 	batch_size: None
[2022-10-02 21:31:34,065] 	learning_rate: None
[2022-10-02 21:31:34,065] 	embeddings: None
[2022-10-02 21:31:34,065] 	models_path: /home/hugosousa/Projects/tei2go/models
[2022-10-02 21:31:34,065] 	resources_path: /home/hugosousa/Projects/tei2go/resources
[2022-10-02 21:31:34,065] 	logs_path: /home/hugosousa/Projects/tei2go/logs
[2022-10-02 21:31:34,065] 	data_path: /home/hugosousa/Projects/tei2go/data
[2022-10-02 21:31:34,065] 	gpu: False
[2022-10-02 21:31:34,065] Found preprocessed data.
[2022-10-02 21:31:34,067] Corpus statistics:
[2022-10-02 21:31:34,067] 	Train:
[2022-10-02 21:31:34,067] 		# sentences: 430
[2022-10-02 21:31:34,067] 		# timexs: 579
[2022-10-02 21:31:34,067] 	Validation:
[2022-10-02 21:31:34,067] 		# sentences: 17
[2022-10-02 21:31:34,067] 		# timexs: 22
[2022-10-02 21:31:34,067] Initializing model for language fr.
[2022-10-02 21:31:36,862] Started train loop with id 20221002213136
[2022-10-02 21:31:36,864] Created vocabulary
[2022-10-02 21:31:36,864] Finished initializing nlp object
[2022-10-02 21:31:36,914]       |Loss 	|F1
[2022-10-02 21:31:36,914] Epoch |Train	|Train	|Validation
[2022-10-02 21:31:41,309]     1 |2.812	|0.0000	|0.0000
[2022-10-02 21:31:45,524]     2 |1.519	|0.3704	|0.3636
[2022-10-02 21:31:49,717]     3 |1.285	|0.6724	|0.7000
[2022-10-02 21:31:53,935]     4 |1.051	|0.7071	|0.8182
[2022-10-02 21:31:58,205]     5 |1.178	|0.7598	|0.8571
[2022-10-02 21:32:02,434]     6 |0.764	|0.7726	|0.8571
[2022-10-02 21:32:06,640]     7 |0.663	|0.7728	|0.8000
[2022-10-02 21:32:10,853]     8 |0.590	|0.7972	|0.8372
[2022-10-02 21:32:15,041]     9 |0.575	|0.7863	|0.8372
[2022-10-02 21:32:15,042] Training done.
[2022-10-02 21:32:15,042] Best validation f1: 0.8571
[2022-10-02 21:32:15,042] ----------------------------------------------------------------------------------------------------
[2022-10-14 13:53:38,690] ----------------------------------------------------------------------------------------------------
[2022-10-14 13:53:38,694] Start training for the following setup:
[2022-10-14 13:53:38,694] 	model: spacy
[2022-10-14 13:53:38,694] 	data: ['fr_timebank', 'ancient_time_french']
[2022-10-14 13:53:38,694] 	language: fr
[2022-10-14 13:53:38,694] 	n_epochs: 30
[2022-10-14 13:53:38,694] 	dropout: 0.2
[2022-10-14 13:53:38,694] 	learning_rate: None
[2022-10-14 13:53:38,694] 	trans_hidden_width: 8
[2022-10-14 13:53:38,694] 	trans_maxout_pieces: 3
[2022-10-14 13:53:38,694] 	trans_use_upper: True
[2022-10-14 13:53:38,694] 	embed_width: 300
[2022-10-14 13:53:38,694] 	embed_depth: 3
[2022-10-14 13:53:38,694] 	embed_size: 9000
[2022-10-14 13:53:38,695] 	embed_window_size: 2
[2022-10-14 13:53:38,695] 	embed_maxout_pieces: 3
[2022-10-14 13:53:38,695] 	embed_subword_features: True
[2022-10-14 13:53:38,695] 	models_path: /home/hugosousa/Projects/tei2go/models
[2022-10-14 13:53:38,695] 	resources_path: /home/hugosousa/Projects/tei2go/resources
[2022-10-14 13:53:38,695] 	logs_path: /home/hugosousa/Projects/tei2go/logs
[2022-10-14 13:53:38,695] 	data_path: /home/hugosousa/Projects/tei2go/data
[2022-10-14 13:53:38,695] 	gpu: False
[2022-10-14 13:53:38,695] Found preprocessed data.
[2022-10-14 13:53:38,697] Corpus statistics:
[2022-10-14 13:53:38,698] 	Train:
[2022-10-14 13:53:38,698] 		# sentences: 430
[2022-10-14 13:53:38,698] 		# timexs: 579
[2022-10-14 13:53:38,698] 	Validation:
[2022-10-14 13:53:38,698] 		# sentences: 17
[2022-10-14 13:53:38,698] 		# timexs: 22
[2022-10-14 13:53:38,698] Initializing model for language fr.
[2022-10-14 13:53:41,634] Started train loop with id 20221014135341
[2022-10-14 13:53:41,637] Created vocabulary
[2022-10-14 13:53:41,637] Finished initializing nlp object
[2022-10-14 13:53:41,773]       |Loss 	|F1
[2022-10-14 13:53:41,773] Epoch |Train	|Train	|Validation
[2022-10-14 13:54:02,644]     1 |2.804	|0.0000	|0.0000
[2022-10-14 13:54:23,328]     2 |1.314	|0.6911	|0.6486
[2022-10-14 13:54:43,972]     3 |0.537	|0.7968	|0.7368
[2022-10-14 13:55:04,642]     4 |0.345	|0.8516	|0.8000
[2022-10-14 13:55:25,215]     5 |0.181	|0.8803	|0.8095
[2022-10-14 13:55:45,847]     6 |0.176	|0.8715	|0.7907
[2022-10-14 13:56:06,137]     7 |0.146	|0.8858	|0.7442
[2022-10-14 13:56:26,381]     8 |0.081	|0.8846	|0.7273
[2022-10-14 13:56:26,386] Training done.
[2022-10-14 13:56:26,386] Best validation f1: 0.8095
[2022-10-14 13:56:26,386] ----------------------------------------------------------------------------------------------------
[2022-10-14 13:56:28,211] ----------------------------------------------------------------------------------------------------
[2022-10-14 13:56:28,211] Start training for the following setup:
[2022-10-14 13:56:28,211] 	model: spacy
[2022-10-14 13:56:28,211] 	data: ['fr_timebank', 'ancient_time_french']
[2022-10-14 13:56:28,211] 	language: fr
[2022-10-14 13:56:28,211] 	n_epochs: 30
[2022-10-14 13:56:28,211] 	dropout: 0.0
[2022-10-14 13:56:28,211] 	learning_rate: None
[2022-10-14 13:56:28,211] 	trans_hidden_width: 64
[2022-10-14 13:56:28,211] 	trans_maxout_pieces: 2
[2022-10-14 13:56:28,211] 	trans_use_upper: True
[2022-10-14 13:56:28,211] 	embed_width: 128
[2022-10-14 13:56:28,211] 	embed_depth: 2
[2022-10-14 13:56:28,211] 	embed_size: 2000
[2022-10-14 13:56:28,211] 	embed_window_size: 2
[2022-10-14 13:56:28,211] 	embed_maxout_pieces: 2
[2022-10-14 13:56:28,211] 	embed_subword_features: True
[2022-10-14 13:56:28,211] 	models_path: /home/hugosousa/Projects/tei2go/models
[2022-10-14 13:56:28,211] 	resources_path: /home/hugosousa/Projects/tei2go/resources
[2022-10-14 13:56:28,211] 	logs_path: /home/hugosousa/Projects/tei2go/logs
[2022-10-14 13:56:28,211] 	data_path: /home/hugosousa/Projects/tei2go/data
[2022-10-14 13:56:28,212] 	gpu: False
[2022-10-14 13:56:28,212] Found preprocessed data.
[2022-10-14 13:56:28,213] Corpus statistics:
[2022-10-14 13:56:28,213] 	Train:
[2022-10-14 13:56:28,213] 		# sentences: 430
[2022-10-14 13:56:28,213] 		# timexs: 579
[2022-10-14 13:56:28,213] 	Validation:
[2022-10-14 13:56:28,213] 		# sentences: 17
[2022-10-14 13:56:28,213] 		# timexs: 22
[2022-10-14 13:56:28,213] Initializing model for language fr.
[2022-10-14 13:56:31,145] Started train loop with id 20221014135631
[2022-10-14 13:56:31,147] Created vocabulary
[2022-10-14 13:56:31,148] Finished initializing nlp object
[2022-10-14 13:56:31,200]       |Loss 	|F1
[2022-10-14 13:56:31,200] Epoch |Train	|Train	|Validation
[2022-10-14 13:56:35,750]     1 |2.313	|0.5122	|0.5946
[2022-10-14 13:56:40,114]     2 |0.577	|0.7894	|0.7222
[2022-10-14 13:56:44,480]     3 |0.268	|0.8574	|0.7568
[2022-10-14 13:56:48,878]     4 |0.157	|0.8373	|0.7143
[2022-10-14 13:56:53,232]     5 |0.153	|0.8848	|0.7500
[2022-10-14 13:56:57,620]     6 |0.104	|0.8897	|0.8205
[2022-10-14 13:57:02,010]     7 |0.138	|0.8833	|0.7500
[2022-10-14 13:57:06,454]     8 |0.067	|0.8753	|0.7500
[2022-10-14 13:57:10,833]     9 |0.047	|0.8930	|0.7692
[2022-10-14 13:57:10,834] Training done.
[2022-10-14 13:57:10,834] Best validation f1: 0.8205
[2022-10-14 13:57:10,834] ----------------------------------------------------------------------------------------------------
[2022-10-14 13:57:12,667] ----------------------------------------------------------------------------------------------------
[2022-10-14 13:57:12,667] Start training for the following setup:
[2022-10-14 13:57:12,667] 	model: spacy
[2022-10-14 13:57:12,667] 	data: ['fr_timebank', 'ancient_time_french']
[2022-10-14 13:57:12,667] 	language: fr
[2022-10-14 13:57:12,667] 	n_epochs: 30
[2022-10-14 13:57:12,667] 	dropout: 0.0
[2022-10-14 13:57:12,667] 	learning_rate: None
[2022-10-14 13:57:12,667] 	trans_hidden_width: 64
[2022-10-14 13:57:12,667] 	trans_maxout_pieces: 2
[2022-10-14 13:57:12,667] 	trans_use_upper: True
[2022-10-14 13:57:12,667] 	embed_width: 128
[2022-10-14 13:57:12,667] 	embed_depth: 6
[2022-10-14 13:57:12,667] 	embed_size: 8000
[2022-10-14 13:57:12,667] 	embed_window_size: 1
[2022-10-14 13:57:12,667] 	embed_maxout_pieces: 1
[2022-10-14 13:57:12,667] 	embed_subword_features: True
[2022-10-14 13:57:12,667] 	models_path: /home/hugosousa/Projects/tei2go/models
[2022-10-14 13:57:12,667] 	resources_path: /home/hugosousa/Projects/tei2go/resources
[2022-10-14 13:57:12,667] 	logs_path: /home/hugosousa/Projects/tei2go/logs
[2022-10-14 13:57:12,667] 	data_path: /home/hugosousa/Projects/tei2go/data
[2022-10-14 13:57:12,667] 	gpu: False
[2022-10-14 13:57:12,667] Found preprocessed data.
[2022-10-14 13:57:12,669] Corpus statistics:
[2022-10-14 13:57:12,669] 	Train:
[2022-10-14 13:57:12,669] 		# sentences: 430
[2022-10-14 13:57:12,669] 		# timexs: 579
[2022-10-14 13:57:12,669] 	Validation:
[2022-10-14 13:57:12,669] 		# sentences: 17
[2022-10-14 13:57:12,669] 		# timexs: 22
[2022-10-14 13:57:12,669] Initializing model for language fr.
[2022-10-14 13:57:15,620] Started train loop with id 20221014135715
[2022-10-14 13:57:15,622] Created vocabulary
[2022-10-14 13:57:15,623] Finished initializing nlp object
[2022-10-14 13:57:15,694]       |Loss 	|F1
[2022-10-14 13:57:15,694] Epoch |Train	|Train	|Validation
[2022-10-14 13:57:22,220]     1 |2.518	|0.6907	|0.8205
[2022-10-14 13:57:28,542]     2 |0.593	|0.8076	|0.7500
[2022-10-14 13:57:34,858]     3 |0.290	|0.8531	|0.7179
[2022-10-14 13:57:41,147]     4 |0.254	|0.8432	|0.7907
[2022-10-14 13:57:41,149] Training done.
[2022-10-14 13:57:41,149] Best validation f1: 0.8205
[2022-10-14 13:57:41,149] ----------------------------------------------------------------------------------------------------
[2022-10-14 13:57:42,938] ----------------------------------------------------------------------------------------------------
[2022-10-14 13:57:42,938] Start training for the following setup:
[2022-10-14 13:57:42,938] 	model: spacy
[2022-10-14 13:57:42,938] 	data: ['fr_timebank', 'ancient_time_french']
[2022-10-14 13:57:42,938] 	language: fr
[2022-10-14 13:57:42,938] 	n_epochs: 30
[2022-10-14 13:57:42,938] 	dropout: 0.2
[2022-10-14 13:57:42,938] 	learning_rate: None
[2022-10-14 13:57:42,938] 	trans_hidden_width: 128
[2022-10-14 13:57:42,938] 	trans_maxout_pieces: 3
[2022-10-14 13:57:42,938] 	trans_use_upper: True
[2022-10-14 13:57:42,938] 	embed_width: 300
[2022-10-14 13:57:42,938] 	embed_depth: 2
[2022-10-14 13:57:42,938] 	embed_size: 9000
[2022-10-14 13:57:42,938] 	embed_window_size: 2
[2022-10-14 13:57:42,938] 	embed_maxout_pieces: 2
[2022-10-14 13:57:42,938] 	embed_subword_features: True
[2022-10-14 13:57:42,938] 	models_path: /home/hugosousa/Projects/tei2go/models
[2022-10-14 13:57:42,938] 	resources_path: /home/hugosousa/Projects/tei2go/resources
[2022-10-14 13:57:42,939] 	logs_path: /home/hugosousa/Projects/tei2go/logs
[2022-10-14 13:57:42,939] 	data_path: /home/hugosousa/Projects/tei2go/data
[2022-10-14 13:57:42,939] 	gpu: False
[2022-10-14 13:57:42,939] Found preprocessed data.
[2022-10-14 13:57:42,941] Corpus statistics:
[2022-10-14 13:57:42,941] 	Train:
[2022-10-14 13:57:42,941] 		# sentences: 430
[2022-10-14 13:57:42,941] 		# timexs: 579
[2022-10-14 13:57:42,941] 	Validation:
[2022-10-14 13:57:42,941] 		# sentences: 17
[2022-10-14 13:57:42,941] 		# timexs: 22
[2022-10-14 13:57:42,941] Initializing model for language fr.
[2022-10-14 13:57:45,872] Started train loop with id 20221014135745
[2022-10-14 13:57:45,874] Created vocabulary
[2022-10-14 13:57:45,874] Finished initializing nlp object
[2022-10-14 13:57:46,084]       |Loss 	|F1
[2022-10-14 13:57:46,084] Epoch |Train	|Train	|Validation
[2022-10-14 13:58:02,385]     1 |2.071	|0.6871	|0.8205
[2022-10-14 13:58:18,513]     2 |0.637	|0.7460	|0.7179
[2022-10-14 13:58:34,554]     3 |0.386	|0.7821	|0.7368
[2022-10-14 13:58:50,552]     4 |0.360	|0.8400	|0.6667
[2022-10-14 13:58:50,553] Training done.
[2022-10-14 13:58:50,553] Best validation f1: 0.8205
[2022-10-14 13:58:50,553] ----------------------------------------------------------------------------------------------------
[2022-10-14 13:58:52,362] ----------------------------------------------------------------------------------------------------
[2022-10-14 13:58:52,362] Start training for the following setup:
[2022-10-14 13:58:52,362] 	model: spacy
[2022-10-14 13:58:52,362] 	data: ['fr_timebank', 'ancient_time_french']
[2022-10-14 13:58:52,362] 	language: fr
[2022-10-14 13:58:52,362] 	n_epochs: 30
[2022-10-14 13:58:52,362] 	dropout: 0.1
[2022-10-14 13:58:52,362] 	learning_rate: None
[2022-10-14 13:58:52,362] 	trans_hidden_width: 16
[2022-10-14 13:58:52,362] 	trans_maxout_pieces: 1
[2022-10-14 13:58:52,362] 	trans_use_upper: True
[2022-10-14 13:58:52,362] 	embed_width: 128
[2022-10-14 13:58:52,362] 	embed_depth: 4
[2022-10-14 13:58:52,362] 	embed_size: 2000
[2022-10-14 13:58:52,362] 	embed_window_size: 1
[2022-10-14 13:58:52,362] 	embed_maxout_pieces: 3
[2022-10-14 13:58:52,362] 	embed_subword_features: True
[2022-10-14 13:58:52,362] 	models_path: /home/hugosousa/Projects/tei2go/models
[2022-10-14 13:58:52,362] 	resources_path: /home/hugosousa/Projects/tei2go/resources
[2022-10-14 13:58:52,362] 	logs_path: /home/hugosousa/Projects/tei2go/logs
[2022-10-14 13:58:52,362] 	data_path: /home/hugosousa/Projects/tei2go/data
[2022-10-14 13:58:52,362] 	gpu: False
[2022-10-14 13:58:52,362] Found preprocessed data.
[2022-10-14 13:58:52,365] Corpus statistics:
[2022-10-14 13:58:52,365] 	Train:
[2022-10-14 13:58:52,365] 		# sentences: 430
[2022-10-14 13:58:52,365] 		# timexs: 579
[2022-10-14 13:58:52,365] 	Validation:
[2022-10-14 13:58:52,365] 		# sentences: 17
[2022-10-14 13:58:52,365] 		# timexs: 22
[2022-10-14 13:58:52,365] Initializing model for language fr.
[2022-10-14 13:58:55,295] Started train loop with id 20221014135855
[2022-10-14 13:58:55,297] Created vocabulary
[2022-10-14 13:58:55,298] Finished initializing nlp object
[2022-10-14 13:58:55,331]       |Loss 	|F1
[2022-10-14 13:58:55,331] Epoch |Train	|Train	|Validation
[2022-10-14 13:59:00,644]     1 |2.996	|0.3195	|0.2791
[2022-10-14 13:59:05,770]     2 |1.104	|0.4789	|0.5161
[2022-10-14 13:59:10,895]     3 |0.663	|0.7254	|0.7755
[2022-10-14 13:59:16,018]     4 |0.446	|0.7378	|0.6038
[2022-10-14 13:59:21,397]     5 |0.295	|0.7413	|0.5909
[2022-10-14 14:52:50,828]     6 |0.255	|0.8566	|0.7556
[2022-10-14 14:52:50,829] Training done.
[2022-10-14 14:52:50,829] Best validation f1: 0.7755
[2022-10-14 14:52:50,829] ----------------------------------------------------------------------------------------------------
[2022-10-14 14:52:52,550] ----------------------------------------------------------------------------------------------------
[2022-10-14 14:52:52,550] Start training for the following setup:
[2022-10-14 14:52:52,550] 	model: spacy
[2022-10-14 14:52:52,550] 	data: ['fr_timebank', 'ancient_time_french']
[2022-10-14 14:52:52,550] 	language: fr
[2022-10-14 14:52:52,550] 	n_epochs: 30
[2022-10-14 14:52:52,550] 	dropout: 0.1
[2022-10-14 14:52:52,550] 	learning_rate: None
[2022-10-14 14:52:52,550] 	trans_hidden_width: 128
[2022-10-14 14:52:52,551] 	trans_maxout_pieces: 2
[2022-10-14 14:52:52,551] 	trans_use_upper: True
[2022-10-14 14:52:52,551] 	embed_width: 96
[2022-10-14 14:52:52,551] 	embed_depth: 7
[2022-10-14 14:52:52,551] 	embed_size: 3000
[2022-10-14 14:52:52,551] 	embed_window_size: 1
[2022-10-14 14:52:52,551] 	embed_maxout_pieces: 1
[2022-10-14 14:52:52,551] 	embed_subword_features: True
[2022-10-14 14:52:52,551] 	models_path: /home/hugosousa/Projects/tei2go/models
[2022-10-14 14:52:52,551] 	resources_path: /home/hugosousa/Projects/tei2go/resources
[2022-10-14 14:52:52,551] 	logs_path: /home/hugosousa/Projects/tei2go/logs
[2022-10-14 14:52:52,551] 	data_path: /home/hugosousa/Projects/tei2go/data
[2022-10-14 14:52:52,551] 	gpu: False
[2022-10-14 14:52:52,551] Found preprocessed data.
[2022-10-14 14:52:52,552] Corpus statistics:
[2022-10-14 14:52:52,552] 	Train:
[2022-10-14 14:52:52,552] 		# sentences: 430
[2022-10-14 14:52:52,553] 		# timexs: 579
[2022-10-14 14:52:52,553] 	Validation:
[2022-10-14 14:52:52,553] 		# sentences: 17
[2022-10-14 14:52:52,553] 		# timexs: 22
[2022-10-14 14:52:52,553] Initializing model for language fr.
[2022-10-14 14:52:55,205] Started train loop with id 20221014145255
[2022-10-14 14:52:55,207] Created vocabulary
[2022-10-14 14:52:55,208] Finished initializing nlp object
[2022-10-14 14:52:55,324]       |Loss 	|F1
[2022-10-14 14:52:55,324] Epoch |Train	|Train	|Validation
[2022-10-14 14:53:00,860]     1 |2.088	|0.5661	|0.6667
[2022-10-14 14:53:06,070]     2 |0.726	|0.7559	|0.7317
[2022-10-14 14:53:11,195]     3 |0.455	|0.8152	|0.7907
[2022-10-14 14:53:16,403]     4 |0.303	|0.8218	|0.8085
[2022-10-14 14:53:21,594]     5 |0.276	|0.8806	|0.7143
[2022-10-14 14:53:26,792]     6 |0.276	|0.8652	|0.7556
[2022-10-14 14:53:32,068]     7 |0.201	|0.8722	|0.8000
[2022-10-14 14:53:32,069] Training done.
[2022-10-14 14:53:32,069] Best validation f1: 0.8085
[2022-10-14 14:53:32,069] ----------------------------------------------------------------------------------------------------
[2022-10-14 14:53:33,809] ----------------------------------------------------------------------------------------------------
[2022-10-14 14:53:33,809] Start training for the following setup:
[2022-10-14 14:53:33,809] 	model: spacy
[2022-10-14 14:53:33,809] 	data: ['fr_timebank', 'ancient_time_french']
[2022-10-14 14:53:33,809] 	language: fr
[2022-10-14 14:53:33,809] 	n_epochs: 30
[2022-10-14 14:53:33,809] 	dropout: 0.4
[2022-10-14 14:53:33,809] 	learning_rate: None
[2022-10-14 14:53:33,809] 	trans_hidden_width: 16
[2022-10-14 14:53:33,810] 	trans_maxout_pieces: 2
[2022-10-14 14:53:33,810] 	trans_use_upper: True
[2022-10-14 14:53:33,810] 	embed_width: 128
[2022-10-14 14:53:33,810] 	embed_depth: 7
[2022-10-14 14:53:33,810] 	embed_size: 5000
[2022-10-14 14:53:33,810] 	embed_window_size: 2
[2022-10-14 14:53:33,810] 	embed_maxout_pieces: 2
[2022-10-14 14:53:33,810] 	embed_subword_features: True
[2022-10-14 14:53:33,810] 	models_path: /home/hugosousa/Projects/tei2go/models
[2022-10-14 14:53:33,810] 	resources_path: /home/hugosousa/Projects/tei2go/resources
[2022-10-14 14:53:33,810] 	logs_path: /home/hugosousa/Projects/tei2go/logs
[2022-10-14 14:53:33,810] 	data_path: /home/hugosousa/Projects/tei2go/data
[2022-10-14 14:53:33,810] 	gpu: False
[2022-10-14 14:53:33,810] Found preprocessed data.
[2022-10-14 14:53:33,811] Corpus statistics:
[2022-10-14 14:53:33,811] 	Train:
[2022-10-14 14:53:33,812] 		# sentences: 430
[2022-10-14 14:53:33,812] 		# timexs: 579
[2022-10-14 14:53:33,812] 	Validation:
[2022-10-14 14:53:33,812] 		# sentences: 17
[2022-10-14 14:53:33,812] 		# timexs: 22
[2022-10-14 14:53:33,812] Initializing model for language fr.
[2022-10-14 14:53:36,514] Started train loop with id 20221014145336
[2022-10-14 14:53:36,517] Created vocabulary
[2022-10-14 14:53:36,517] Finished initializing nlp object
[2022-10-14 14:53:36,565]       |Loss 	|F1
[2022-10-14 14:53:36,565] Epoch |Train	|Train	|Validation
[2022-10-14 14:53:45,816]     1 |3.080	|0.0000	|0.0000
[2022-10-14 14:53:54,884]     2 |1.323	|0.5433	|0.6154
[2022-10-14 14:54:03,979]     3 |0.766	|0.7516	|0.7500
[2022-10-14 14:54:12,869]     4 |0.591	|0.7938	|0.8372
[2022-10-14 14:54:22,668]     5 |0.528	|0.8355	|0.8780
[2022-10-14 14:54:31,389]     6 |0.440	|0.8521	|0.8095
[2022-10-14 14:54:40,369]     7 |0.313	|0.8571	|0.8182
[2022-10-14 14:54:48,989]     8 |0.296	|0.8716	|0.7619
[2022-10-14 14:54:48,990] Training done.
[2022-10-14 14:54:48,990] Best validation f1: 0.8780
[2022-10-14 14:54:48,990] ----------------------------------------------------------------------------------------------------
[2022-10-14 14:54:50,773] ----------------------------------------------------------------------------------------------------
[2022-10-14 14:54:50,773] Start training for the following setup:
[2022-10-14 14:54:50,773] 	model: spacy
[2022-10-14 14:54:50,773] 	data: ['fr_timebank', 'ancient_time_french']
[2022-10-14 14:54:50,773] 	language: fr
[2022-10-14 14:54:50,773] 	n_epochs: 30
[2022-10-14 14:54:50,773] 	dropout: 0.1
[2022-10-14 14:54:50,773] 	learning_rate: None
[2022-10-14 14:54:50,773] 	trans_hidden_width: 8
[2022-10-14 14:54:50,773] 	trans_maxout_pieces: 2
[2022-10-14 14:54:50,773] 	trans_use_upper: True
[2022-10-14 14:54:50,773] 	embed_width: 128
[2022-10-14 14:54:50,773] 	embed_depth: 5
[2022-10-14 14:54:50,773] 	embed_size: 2000
[2022-10-14 14:54:50,773] 	embed_window_size: 1
[2022-10-14 14:54:50,773] 	embed_maxout_pieces: 2
[2022-10-14 14:54:50,773] 	embed_subword_features: True
[2022-10-14 14:54:50,773] 	models_path: /home/hugosousa/Projects/tei2go/models
[2022-10-14 14:54:50,774] 	resources_path: /home/hugosousa/Projects/tei2go/resources
[2022-10-14 14:54:50,774] 	logs_path: /home/hugosousa/Projects/tei2go/logs
[2022-10-14 14:54:50,774] 	data_path: /home/hugosousa/Projects/tei2go/data
[2022-10-14 14:54:50,774] 	gpu: False
[2022-10-14 14:54:50,774] Found preprocessed data.
[2022-10-14 14:54:50,775] Corpus statistics:
[2022-10-14 14:54:50,775] 	Train:
[2022-10-14 14:54:50,775] 		# sentences: 430
[2022-10-14 14:54:50,775] 		# timexs: 579
[2022-10-14 14:54:50,775] 	Validation:
[2022-10-14 14:54:50,775] 		# sentences: 17
[2022-10-14 14:54:50,775] 		# timexs: 22
[2022-10-14 14:54:50,775] Initializing model for language fr.
[2022-10-14 14:54:53,742] Started train loop with id 20221014145453
[2022-10-14 14:54:53,744] Created vocabulary
[2022-10-14 14:54:53,745] Finished initializing nlp object
[2022-10-14 14:54:53,771]       |Loss 	|F1
[2022-10-14 14:54:53,771] Epoch |Train	|Train	|Validation
[2022-10-14 14:54:59,369]     1 |3.132	|0.2907	|0.3030
[2022-10-14 14:55:04,444]     2 |1.053	|0.4899	|0.3500
[2022-10-14 14:55:09,595]     3 |0.647	|0.7717	|0.7317
[2022-10-14 14:55:15,004]     4 |0.358	|0.8520	|0.8293
[2022-10-14 14:55:20,280]     5 |0.244	|0.8749	|0.8372
[2022-10-14 14:55:25,780]     6 |0.149	|0.8838	|0.7000
[2022-10-14 14:55:30,985]     7 |0.153	|0.8887	|0.7317
[2022-10-14 14:55:36,079]     8 |0.152	|0.8954	|0.8095
[2022-10-14 14:55:36,080] Training done.
[2022-10-14 14:55:36,083] Best validation f1: 0.8372
[2022-10-14 14:55:36,083] ----------------------------------------------------------------------------------------------------
[2022-10-14 14:55:37,967] ----------------------------------------------------------------------------------------------------
[2022-10-14 14:55:37,967] Start training for the following setup:
[2022-10-14 14:55:37,967] 	model: spacy
[2022-10-14 14:55:37,967] 	data: ['fr_timebank', 'ancient_time_french']
[2022-10-14 14:55:37,967] 	language: fr
[2022-10-14 14:55:37,967] 	n_epochs: 30
[2022-10-14 14:55:37,967] 	dropout: 0.3
[2022-10-14 14:55:37,967] 	learning_rate: None
[2022-10-14 14:55:37,967] 	trans_hidden_width: 16
[2022-10-14 14:55:37,967] 	trans_maxout_pieces: 2
[2022-10-14 14:55:37,967] 	trans_use_upper: True
[2022-10-14 14:55:37,967] 	embed_width: 96
[2022-10-14 14:55:37,967] 	embed_depth: 3
[2022-10-14 14:55:37,967] 	embed_size: 5000
[2022-10-14 14:55:37,967] 	embed_window_size: 1
[2022-10-14 14:55:37,968] 	embed_maxout_pieces: 3
[2022-10-14 14:55:37,968] 	embed_subword_features: True
[2022-10-14 14:55:37,968] 	models_path: /home/hugosousa/Projects/tei2go/models
[2022-10-14 14:55:37,968] 	resources_path: /home/hugosousa/Projects/tei2go/resources
[2022-10-14 14:55:37,968] 	logs_path: /home/hugosousa/Projects/tei2go/logs
[2022-10-14 14:55:37,968] 	data_path: /home/hugosousa/Projects/tei2go/data
[2022-10-14 14:55:37,968] 	gpu: False
[2022-10-14 14:55:37,968] Found preprocessed data.
[2022-10-14 14:55:37,969] Corpus statistics:
[2022-10-14 14:55:37,969] 	Train:
[2022-10-14 14:55:37,969] 		# sentences: 430
[2022-10-14 14:55:37,969] 		# timexs: 579
[2022-10-14 14:55:37,969] 	Validation:
[2022-10-14 14:55:37,970] 		# sentences: 17
[2022-10-14 14:55:37,970] 		# timexs: 22
[2022-10-14 14:55:37,970] Initializing model for language fr.
[2022-10-14 14:55:40,992] Started train loop with id 20221014145540
[2022-10-14 14:55:40,994] Created vocabulary
[2022-10-14 14:55:40,995] Finished initializing nlp object
[2022-10-14 14:55:41,025]       |Loss 	|F1
[2022-10-14 14:55:41,026] Epoch |Train	|Train	|Validation
[2022-10-14 14:55:46,170]     1 |3.444	|0.0000	|0.0000
[2022-10-14 14:55:51,798]     2 |1.219	|0.5033	|0.5500
[2022-10-14 14:55:56,896]     3 |0.845	|0.7243	|0.6829
[2022-10-14 14:56:01,819]     4 |0.558	|0.7975	|0.8571
[2022-10-14 14:56:06,266]     5 |0.418	|0.8561	|0.7805
[2022-10-14 14:56:10,754]     6 |0.358	|0.8549	|0.7727
[2022-10-14 14:56:15,283]     7 |0.302	|0.8736	|0.7907
[2022-10-14 14:56:15,284] Training done.
[2022-10-14 14:56:15,284] Best validation f1: 0.8571
[2022-10-14 14:56:15,284] ----------------------------------------------------------------------------------------------------
[2022-10-14 14:56:17,268] ----------------------------------------------------------------------------------------------------
[2022-10-14 14:56:17,268] Start training for the following setup:
[2022-10-14 14:56:17,268] 	model: spacy
[2022-10-14 14:56:17,268] 	data: ['fr_timebank', 'ancient_time_french']
[2022-10-14 14:56:17,268] 	language: fr
[2022-10-14 14:56:17,269] 	n_epochs: 30
[2022-10-14 14:56:17,269] 	dropout: 0.2
[2022-10-14 14:56:17,269] 	learning_rate: None
[2022-10-14 14:56:17,269] 	trans_hidden_width: 64
[2022-10-14 14:56:17,269] 	trans_maxout_pieces: 2
[2022-10-14 14:56:17,269] 	trans_use_upper: True
[2022-10-14 14:56:17,269] 	embed_width: 300
[2022-10-14 14:56:17,269] 	embed_depth: 5
[2022-10-14 14:56:17,269] 	embed_size: 3000
[2022-10-14 14:56:17,269] 	embed_window_size: 2
[2022-10-14 14:56:17,269] 	embed_maxout_pieces: 1
[2022-10-14 14:56:17,269] 	embed_subword_features: True
[2022-10-14 14:56:17,269] 	models_path: /home/hugosousa/Projects/tei2go/models
[2022-10-14 14:56:17,269] 	resources_path: /home/hugosousa/Projects/tei2go/resources
[2022-10-14 14:56:17,269] 	logs_path: /home/hugosousa/Projects/tei2go/logs
[2022-10-14 14:56:17,269] 	data_path: /home/hugosousa/Projects/tei2go/data
[2022-10-14 14:56:17,269] 	gpu: False
[2022-10-14 14:56:17,269] Found preprocessed data.
[2022-10-14 14:56:17,271] Corpus statistics:
[2022-10-14 14:56:17,271] 	Train:
[2022-10-14 14:56:17,271] 		# sentences: 430
[2022-10-14 14:56:17,271] 		# timexs: 579
[2022-10-14 14:56:17,271] 	Validation:
[2022-10-14 14:56:17,271] 		# sentences: 17
[2022-10-14 14:56:17,271] 		# timexs: 22
[2022-10-14 14:56:17,271] Initializing model for language fr.
[2022-10-14 14:56:20,501] Started train loop with id 20221014145620
[2022-10-14 14:56:20,504] Created vocabulary
[2022-10-14 14:56:20,504] Finished initializing nlp object
[2022-10-14 14:56:20,613]       |Loss 	|F1
[2022-10-14 14:56:20,613] Epoch |Train	|Train	|Validation
[2022-10-14 14:56:36,857]     1 |2.100	|0.6948	|0.7000
[2022-10-14 14:56:52,707]     2 |0.674	|0.7691	|0.6486
[2022-10-14 14:57:07,940]     3 |0.425	|0.8096	|0.6471
[2022-10-14 14:57:25,227]     4 |0.305	|0.8623	|0.7317
[2022-10-14 14:57:42,513]     5 |0.294	|0.8496	|0.7317
[2022-10-14 14:57:57,756]     6 |0.209	|0.8860	|0.6818
[2022-10-14 14:58:13,042]     7 |0.135	|0.8828	|0.7500
[2022-10-14 14:58:27,509]     8 |0.150	|0.8828	|0.7619
[2022-10-14 14:58:42,504]     9 |0.140	|0.8841	|0.7660
[2022-10-14 14:58:58,504]    10 |0.119	|0.8690	|0.6667
[2022-10-14 14:59:14,427]    11 |0.091	|0.8972	|0.7907
[2022-10-14 14:59:29,323]    12 |0.114	|0.8967	|0.6667
[2022-10-14 14:59:44,091]    13 |0.078	|0.9081	|0.7619
[2022-10-14 14:59:58,783]    14 |0.076	|0.8826	|0.8000
[2022-10-14 15:00:13,911]    15 |0.106	|0.9046	|0.6818
[2022-10-14 15:00:28,929]    16 |0.098	|0.9097	|0.7692
[2022-10-14 15:00:43,759]    17 |0.125	|0.9130	|0.7368
[2022-10-14 15:00:43,761] Training done.
[2022-10-14 15:00:43,761] Best validation f1: 0.8000
[2022-10-14 15:00:43,761] ----------------------------------------------------------------------------------------------------
[2022-10-14 15:00:45,614] ----------------------------------------------------------------------------------------------------
[2022-10-14 15:00:45,614] Start training for the following setup:
[2022-10-14 15:00:45,614] 	model: spacy
[2022-10-14 15:00:45,614] 	data: ['fr_timebank', 'ancient_time_french']
[2022-10-14 15:00:45,614] 	language: fr
[2022-10-14 15:00:45,614] 	n_epochs: 30
[2022-10-14 15:00:45,614] 	dropout: 0.5
[2022-10-14 15:00:45,614] 	learning_rate: None
[2022-10-14 15:00:45,615] 	trans_hidden_width: 8
[2022-10-14 15:00:45,615] 	trans_maxout_pieces: 1
[2022-10-14 15:00:45,615] 	trans_use_upper: True
[2022-10-14 15:00:45,615] 	embed_width: 300
[2022-10-14 15:00:45,615] 	embed_depth: 5
[2022-10-14 15:00:45,615] 	embed_size: 3000
[2022-10-14 15:00:45,615] 	embed_window_size: 1
[2022-10-14 15:00:45,615] 	embed_maxout_pieces: 2
[2022-10-14 15:00:45,615] 	embed_subword_features: True
[2022-10-14 15:00:45,615] 	models_path: /home/hugosousa/Projects/tei2go/models
[2022-10-14 15:00:45,615] 	resources_path: /home/hugosousa/Projects/tei2go/resources
[2022-10-14 15:00:45,615] 	logs_path: /home/hugosousa/Projects/tei2go/logs
[2022-10-14 15:00:45,615] 	data_path: /home/hugosousa/Projects/tei2go/data
[2022-10-14 15:00:45,615] 	gpu: False
[2022-10-14 15:00:45,615] Found preprocessed data.
[2022-10-14 15:00:45,616] Corpus statistics:
[2022-10-14 15:00:45,616] 	Train:
[2022-10-14 15:00:45,617] 		# sentences: 430
[2022-10-14 15:00:45,617] 		# timexs: 579
[2022-10-14 15:00:45,617] 	Validation:
[2022-10-14 15:00:45,617] 		# sentences: 17
[2022-10-14 15:00:45,617] 		# timexs: 22
[2022-10-14 15:00:45,617] Initializing model for language fr.
[2022-10-14 15:00:48,563] Started train loop with id 20221014150048
[2022-10-14 15:00:48,565] Created vocabulary
[2022-10-14 15:00:48,566] Finished initializing nlp object
[2022-10-14 15:00:48,648]       |Loss 	|F1
[2022-10-14 15:00:48,648] Epoch |Train	|Train	|Validation
[2022-10-14 15:01:03,553]     1 |3.178	|0.2707	|0.3226
[2022-10-14 15:01:18,355]     2 |1.432	|0.5522	|0.5641
[2022-10-14 15:01:33,946]     3 |0.980	|0.6201	|0.6341
[2022-10-14 15:01:49,915]     4 |0.667	|0.7732	|0.8500
[2022-10-14 15:02:04,470]     5 |0.583	|0.7747	|0.8261
[2022-10-14 15:02:18,625]     6 |0.530	|0.8225	|0.8095
[2022-10-14 15:02:33,419]     7 |0.416	|0.8542	|0.8372
[2022-10-14 15:02:33,420] Training done.
[2022-10-14 15:02:33,420] Best validation f1: 0.8500
[2022-10-14 15:02:33,420] ----------------------------------------------------------------------------------------------------
[2022-10-14 15:02:35,299] ----------------------------------------------------------------------------------------------------
[2022-10-14 15:02:35,299] Start training for the following setup:
[2022-10-14 15:02:35,299] 	model: spacy
[2022-10-14 15:02:35,300] 	data: ['fr_timebank', 'ancient_time_french']
[2022-10-14 15:02:35,300] 	language: fr
[2022-10-14 15:02:35,300] 	n_epochs: 30
[2022-10-14 15:02:35,300] 	dropout: 0.0
[2022-10-14 15:02:35,300] 	learning_rate: None
[2022-10-14 15:02:35,300] 	trans_hidden_width: 16
[2022-10-14 15:02:35,300] 	trans_maxout_pieces: 1
[2022-10-14 15:02:35,300] 	trans_use_upper: True
[2022-10-14 15:02:35,300] 	embed_width: 300
[2022-10-14 15:02:35,300] 	embed_depth: 4
[2022-10-14 15:02:35,300] 	embed_size: 5000
[2022-10-14 15:02:35,300] 	embed_window_size: 1
[2022-10-14 15:02:35,300] 	embed_maxout_pieces: 2
[2022-10-14 15:02:35,300] 	embed_subword_features: True
[2022-10-14 15:02:35,300] 	models_path: /home/hugosousa/Projects/tei2go/models
[2022-10-14 15:02:35,300] 	resources_path: /home/hugosousa/Projects/tei2go/resources
[2022-10-14 15:02:35,300] 	logs_path: /home/hugosousa/Projects/tei2go/logs
[2022-10-14 15:02:35,300] 	data_path: /home/hugosousa/Projects/tei2go/data
[2022-10-14 15:02:35,300] 	gpu: False
[2022-10-14 15:02:35,300] Found preprocessed data.
[2022-10-14 15:02:35,302] Corpus statistics:
[2022-10-14 15:02:35,302] 	Train:
[2022-10-14 15:02:35,302] 		# sentences: 430
[2022-10-14 15:02:35,302] 		# timexs: 579
[2022-10-14 15:02:35,302] 	Validation:
[2022-10-14 15:02:35,302] 		# sentences: 17
[2022-10-14 15:02:35,302] 		# timexs: 22
[2022-10-14 15:02:35,302] Initializing model for language fr.
[2022-10-14 15:02:38,183] Started train loop with id 20221014150238
[2022-10-14 15:02:38,185] Created vocabulary
[2022-10-14 15:02:38,186] Finished initializing nlp object
[2022-10-14 15:02:38,272]       |Loss 	|F1
[2022-10-14 15:02:38,272] Epoch |Train	|Train	|Validation
[2022-10-14 15:02:52,467]     1 |2.465	|0.3905	|0.3478
[2022-10-14 15:03:06,531]     2 |0.733	|0.7322	|0.6154
[2022-10-14 15:03:19,917]     3 |0.424	|0.7908	|0.7826
[2022-10-14 15:03:33,775]     4 |0.298	|0.6635	|0.6400
[2022-10-14 15:03:47,530]     5 |0.226	|0.8167	|0.5200
[2022-10-14 15:04:01,324]     6 |0.193	|0.8047	|0.5581
[2022-10-14 15:04:01,329] Training done.
[2022-10-14 15:04:01,329] Best validation f1: 0.7826
[2022-10-14 15:04:01,329] ----------------------------------------------------------------------------------------------------
[2022-10-14 15:04:03,269] ----------------------------------------------------------------------------------------------------
[2022-10-14 15:04:03,269] Start training for the following setup:
[2022-10-14 15:04:03,269] 	model: spacy
[2022-10-14 15:04:03,269] 	data: ['fr_timebank', 'ancient_time_french']
[2022-10-14 15:04:03,269] 	language: fr
[2022-10-14 15:04:03,269] 	n_epochs: 30
[2022-10-14 15:04:03,269] 	dropout: 0.0
[2022-10-14 15:04:03,269] 	learning_rate: None
[2022-10-14 15:04:03,269] 	trans_hidden_width: 256
[2022-10-14 15:04:03,269] 	trans_maxout_pieces: 3
[2022-10-14 15:04:03,269] 	trans_use_upper: True
[2022-10-14 15:04:03,269] 	embed_width: 300
[2022-10-14 15:04:03,269] 	embed_depth: 7
[2022-10-14 15:04:03,269] 	embed_size: 4000
[2022-10-14 15:04:03,269] 	embed_window_size: 1
[2022-10-14 15:04:03,270] 	embed_maxout_pieces: 1
[2022-10-14 15:04:03,270] 	embed_subword_features: True
[2022-10-14 15:04:03,270] 	models_path: /home/hugosousa/Projects/tei2go/models
[2022-10-14 15:04:03,270] 	resources_path: /home/hugosousa/Projects/tei2go/resources
[2022-10-14 15:04:03,270] 	logs_path: /home/hugosousa/Projects/tei2go/logs
[2022-10-14 15:04:03,270] 	data_path: /home/hugosousa/Projects/tei2go/data
[2022-10-14 15:04:03,270] 	gpu: False
[2022-10-14 15:04:03,270] Found preprocessed data.
[2022-10-14 15:04:03,271] Corpus statistics:
[2022-10-14 15:04:03,271] 	Train:
[2022-10-14 15:04:03,271] 		# sentences: 430
[2022-10-14 15:04:03,271] 		# timexs: 579
[2022-10-14 15:04:03,271] 	Validation:
[2022-10-14 15:04:03,271] 		# sentences: 17
[2022-10-14 15:04:03,272] 		# timexs: 22
[2022-10-14 15:04:03,272] Initializing model for language fr.
[2022-10-14 15:04:06,204] Started train loop with id 20221014150406
[2022-10-14 15:04:06,206] Created vocabulary
[2022-10-14 15:04:06,207] Finished initializing nlp object
[2022-10-14 15:04:06,644]       |Loss 	|F1
[2022-10-14 15:04:06,644] Epoch |Train	|Train	|Validation
[2022-10-14 15:04:29,707]     1 |1.788	|0.5593	|0.6829
[2022-10-14 15:04:52,056]     2 |0.824	|0.6807	|0.5714
[2022-10-14 15:05:14,375]     3 |0.640	|0.7218	|0.7222
[2022-10-14 15:05:36,524]     4 |0.480	|0.8254	|0.7619
[2022-10-14 15:05:58,771]     5 |0.319	|0.8190	|0.7692
[2022-10-14 15:06:20,573]     6 |0.339	|0.8236	|0.8205
[2022-10-14 15:06:42,652]     7 |0.238	|0.8245	|0.7556
[2022-10-14 15:07:05,278]     8 |0.246	|0.8485	|0.8095
[2022-10-14 15:07:27,079]     9 |0.200	|0.8508	|0.8636
[2022-10-14 15:07:49,595]    10 |0.176	|0.8596	|0.7111
[2022-10-14 15:08:11,555]    11 |0.192	|0.8494	|0.8421
[2022-10-14 15:08:32,711]    12 |0.135	|0.8501	|0.7273
[2022-10-14 15:08:32,712] Training done.
[2022-10-14 15:08:32,712] Best validation f1: 0.8636
[2022-10-14 15:08:32,712] ----------------------------------------------------------------------------------------------------
[2022-10-14 15:08:34,589] ----------------------------------------------------------------------------------------------------
[2022-10-14 15:08:34,589] Start training for the following setup:
[2022-10-14 15:08:34,589] 	model: spacy
[2022-10-14 15:08:34,589] 	data: ['fr_timebank', 'ancient_time_french']
[2022-10-14 15:08:34,589] 	language: fr
[2022-10-14 15:08:34,589] 	n_epochs: 30
[2022-10-14 15:08:34,590] 	dropout: 0.1
[2022-10-14 15:08:34,590] 	learning_rate: None
[2022-10-14 15:08:34,590] 	trans_hidden_width: 128
[2022-10-14 15:08:34,590] 	trans_maxout_pieces: 1
[2022-10-14 15:08:34,590] 	trans_use_upper: True
[2022-10-14 15:08:34,590] 	embed_width: 96
[2022-10-14 15:08:34,590] 	embed_depth: 5
[2022-10-14 15:08:34,590] 	embed_size: 3000
[2022-10-14 15:08:34,590] 	embed_window_size: 1
[2022-10-14 15:08:34,590] 	embed_maxout_pieces: 3
[2022-10-14 15:08:34,590] 	embed_subword_features: True
[2022-10-14 15:08:34,590] 	models_path: /home/hugosousa/Projects/tei2go/models
[2022-10-14 15:08:34,590] 	resources_path: /home/hugosousa/Projects/tei2go/resources
[2022-10-14 15:08:34,590] 	logs_path: /home/hugosousa/Projects/tei2go/logs
[2022-10-14 15:08:34,590] 	data_path: /home/hugosousa/Projects/tei2go/data
[2022-10-14 15:08:34,590] 	gpu: False
[2022-10-14 15:08:34,590] Found preprocessed data.
[2022-10-14 15:08:34,591] Corpus statistics:
[2022-10-14 15:08:34,592] 	Train:
[2022-10-14 15:08:34,592] 		# sentences: 430
[2022-10-14 15:08:34,592] 		# timexs: 579
[2022-10-14 15:08:34,592] 	Validation:
[2022-10-14 15:08:34,592] 		# sentences: 17
[2022-10-14 15:08:34,592] 		# timexs: 22
[2022-10-14 15:08:34,592] Initializing model for language fr.
[2022-10-14 15:08:37,443] Started train loop with id 20221014150837
[2022-10-14 15:08:37,446] Created vocabulary
[2022-10-14 15:08:37,446] Finished initializing nlp object
[2022-10-14 15:08:37,586]       |Loss 	|F1
[2022-10-14 15:08:37,586] Epoch |Train	|Train	|Validation
[2022-10-14 15:08:43,391]     1 |2.444	|0.2806	|0.2727
[2022-10-14 15:08:48,898]     2 |0.825	|0.5653	|0.5397
[2022-10-14 15:08:54,363]     3 |0.439	|0.8047	|0.6383
[2022-10-14 15:08:59,819]     4 |0.317	|0.6999	|0.5714
[2022-10-14 15:09:05,234]     5 |0.268	|0.7792	|0.6000
[2022-10-14 15:09:10,779]     6 |0.186	|0.7209	|0.5581
[2022-10-14 15:09:10,780] Training done.
[2022-10-14 15:09:10,782] Best validation f1: 0.6383
[2022-10-14 15:09:10,783] ----------------------------------------------------------------------------------------------------
[2022-10-14 15:09:12,742] ----------------------------------------------------------------------------------------------------
[2022-10-14 15:09:12,742] Start training for the following setup:
[2022-10-14 15:09:12,742] 	model: spacy
[2022-10-14 15:09:12,742] 	data: ['fr_timebank', 'ancient_time_french']
[2022-10-14 15:09:12,743] 	language: fr
[2022-10-14 15:09:12,743] 	n_epochs: 30
[2022-10-14 15:09:12,743] 	dropout: 0.3
[2022-10-14 15:09:12,743] 	learning_rate: None
[2022-10-14 15:09:12,743] 	trans_hidden_width: 32
[2022-10-14 15:09:12,743] 	trans_maxout_pieces: 3
[2022-10-14 15:09:12,743] 	trans_use_upper: True
[2022-10-14 15:09:12,743] 	embed_width: 128
[2022-10-14 15:09:12,743] 	embed_depth: 3
[2022-10-14 15:09:12,743] 	embed_size: 6000
[2022-10-14 15:09:12,743] 	embed_window_size: 2
[2022-10-14 15:09:12,743] 	embed_maxout_pieces: 2
[2022-10-14 15:09:12,743] 	embed_subword_features: True
[2022-10-14 15:09:12,743] 	models_path: /home/hugosousa/Projects/tei2go/models
[2022-10-14 15:09:12,743] 	resources_path: /home/hugosousa/Projects/tei2go/resources
[2022-10-14 15:09:12,743] 	logs_path: /home/hugosousa/Projects/tei2go/logs
[2022-10-14 15:09:12,743] 	data_path: /home/hugosousa/Projects/tei2go/data
[2022-10-14 15:09:12,744] 	gpu: False
[2022-10-14 15:09:12,744] Found preprocessed data.
[2022-10-14 15:09:12,745] Corpus statistics:
[2022-10-14 15:09:12,745] 	Train:
[2022-10-14 15:09:12,745] 		# sentences: 430
[2022-10-14 15:09:12,745] 		# timexs: 579
[2022-10-14 15:09:12,745] 	Validation:
[2022-10-14 15:09:12,746] 		# sentences: 17
[2022-10-14 15:09:12,746] 		# timexs: 22
[2022-10-14 15:09:12,746] Initializing model for language fr.
[2022-10-14 15:09:15,660] Started train loop with id 20221014150915
[2022-10-14 15:09:15,662] Created vocabulary
[2022-10-14 15:09:15,662] Finished initializing nlp object
[2022-10-14 15:09:15,714]       |Loss 	|F1
[2022-10-14 15:09:15,714] Epoch |Train	|Train	|Validation
[2022-10-14 15:09:21,898]     1 |2.902	|0.1702	|0.1481
[2022-10-14 15:09:27,799]     2 |1.121	|0.5688	|0.6486
[2022-10-14 15:09:33,689]     3 |0.572	|0.7943	|0.6486
[2022-10-14 15:09:39,522]     4 |0.427	|0.8569	|0.8293
[2022-10-14 15:09:45,409]     5 |0.313	|0.8571	|0.8293
[2022-10-14 15:09:51,280]     6 |0.243	|0.8649	|0.7179
[2022-10-14 15:09:57,100]     7 |0.222	|0.8780	|0.7000
[2022-10-14 15:10:02,940]     8 |0.175	|0.8774	|0.6667
[2022-10-14 15:10:02,942] Training done.
[2022-10-14 15:10:02,942] Best validation f1: 0.8293
[2022-10-14 15:10:02,942] ----------------------------------------------------------------------------------------------------
[2022-10-14 15:10:04,704] ----------------------------------------------------------------------------------------------------
[2022-10-14 15:10:04,704] Start training for the following setup:
[2022-10-14 15:10:04,704] 	model: spacy
[2022-10-14 15:10:04,704] 	data: ['fr_timebank', 'ancient_time_french']
[2022-10-14 15:10:04,704] 	language: fr
[2022-10-14 15:10:04,704] 	n_epochs: 30
[2022-10-14 15:10:04,704] 	dropout: 0.1
[2022-10-14 15:10:04,704] 	learning_rate: None
[2022-10-14 15:10:04,704] 	trans_hidden_width: 64
[2022-10-14 15:10:04,705] 	trans_maxout_pieces: 2
[2022-10-14 15:10:04,705] 	trans_use_upper: True
[2022-10-14 15:10:04,705] 	embed_width: 128
[2022-10-14 15:10:04,705] 	embed_depth: 3
[2022-10-14 15:10:04,705] 	embed_size: 9000
[2022-10-14 15:10:04,705] 	embed_window_size: 2
[2022-10-14 15:10:04,705] 	embed_maxout_pieces: 2
[2022-10-14 15:10:04,705] 	embed_subword_features: True
[2022-10-14 15:10:04,705] 	models_path: /home/hugosousa/Projects/tei2go/models
[2022-10-14 15:10:04,705] 	resources_path: /home/hugosousa/Projects/tei2go/resources
[2022-10-14 15:10:04,705] 	logs_path: /home/hugosousa/Projects/tei2go/logs
[2022-10-14 15:10:04,705] 	data_path: /home/hugosousa/Projects/tei2go/data
[2022-10-14 15:10:04,705] 	gpu: False
[2022-10-14 15:10:04,705] Found preprocessed data.
[2022-10-14 15:10:04,706] Corpus statistics:
[2022-10-14 15:10:04,706] 	Train:
[2022-10-14 15:10:04,707] 		# sentences: 430
[2022-10-14 15:10:04,707] 		# timexs: 579
[2022-10-14 15:10:04,707] 	Validation:
[2022-10-14 15:10:04,707] 		# sentences: 17
[2022-10-14 15:10:04,707] 		# timexs: 22
[2022-10-14 15:10:04,707] Initializing model for language fr.
[2022-10-14 15:10:07,488] Started train loop with id 20221014151007
[2022-10-14 15:10:07,490] Created vocabulary
[2022-10-14 15:10:07,491] Finished initializing nlp object
[2022-10-14 15:10:07,558]       |Loss 	|F1
[2022-10-14 15:10:07,558] Epoch |Train	|Train	|Validation
[2022-10-14 15:10:14,510]     1 |2.400	|0.5422	|0.6667
[2022-10-14 15:10:21,270]     2 |0.625	|0.8147	|0.8718
[2022-10-14 15:10:28,021]     3 |0.334	|0.8478	|0.7895
[2022-10-14 15:10:34,725]     4 |0.223	|0.8532	|0.8000
[2022-10-14 15:10:41,396]     5 |0.203	|0.8745	|0.6667
[2022-10-14 15:10:41,397] Training done.
[2022-10-14 15:10:41,397] Best validation f1: 0.8718
[2022-10-14 15:10:41,397] ----------------------------------------------------------------------------------------------------
[2022-10-14 15:10:43,168] ----------------------------------------------------------------------------------------------------
[2022-10-14 15:10:43,168] Start training for the following setup:
[2022-10-14 15:10:43,168] 	model: spacy
[2022-10-14 15:10:43,168] 	data: ['fr_timebank', 'ancient_time_french']
[2022-10-14 15:10:43,168] 	language: fr
[2022-10-14 15:10:43,168] 	n_epochs: 30
[2022-10-14 15:10:43,168] 	dropout: 0.4
[2022-10-14 15:10:43,168] 	learning_rate: None
[2022-10-14 15:10:43,168] 	trans_hidden_width: 256
[2022-10-14 15:10:43,168] 	trans_maxout_pieces: 3
[2022-10-14 15:10:43,168] 	trans_use_upper: True
[2022-10-14 15:10:43,168] 	embed_width: 128
[2022-10-14 15:10:43,168] 	embed_depth: 4
[2022-10-14 15:10:43,169] 	embed_size: 3000
[2022-10-14 15:10:43,169] 	embed_window_size: 1
[2022-10-14 15:10:43,169] 	embed_maxout_pieces: 3
[2022-10-14 15:10:43,169] 	embed_subword_features: True
[2022-10-14 15:10:43,169] 	models_path: /home/hugosousa/Projects/tei2go/models
[2022-10-14 15:10:43,169] 	resources_path: /home/hugosousa/Projects/tei2go/resources
[2022-10-14 15:10:43,169] 	logs_path: /home/hugosousa/Projects/tei2go/logs
[2022-10-14 15:10:43,169] 	data_path: /home/hugosousa/Projects/tei2go/data
[2022-10-14 15:10:43,169] 	gpu: False
[2022-10-14 15:10:43,169] Found preprocessed data.
[2022-10-14 15:10:43,170] Corpus statistics:
[2022-10-14 15:10:43,171] 	Train:
[2022-10-14 15:10:43,171] 		# sentences: 430
[2022-10-14 15:10:43,171] 		# timexs: 579
[2022-10-14 15:10:43,171] 	Validation:
[2022-10-14 15:10:43,171] 		# sentences: 17
[2022-10-14 15:10:43,171] 		# timexs: 22
[2022-10-14 15:10:43,171] Initializing model for language fr.
[2022-10-14 15:10:45,941] Started train loop with id 20221014151045
[2022-10-14 15:10:45,944] Created vocabulary
[2022-10-14 15:10:45,944] Finished initializing nlp object
[2022-10-14 15:10:46,301]       |Loss 	|F1
[2022-10-14 15:10:46,302] Epoch |Train	|Train	|Validation
[2022-10-14 15:11:00,170]     1 |1.982	|0.3208	|0.3226
[2022-10-14 15:11:13,804]     2 |1.301	|0.6625	|0.5854
[2022-10-14 15:11:27,448]     3 |0.950	|0.7018	|0.7895
[2022-10-14 15:11:41,268]     4 |0.760	|0.7801	|0.8293
[2022-10-14 15:11:54,976]     5 |0.685	|0.8025	|0.7317
[2022-10-14 15:12:08,707]     6 |0.578	|0.8161	|0.8780
[2022-10-14 15:12:22,892]     7 |0.595	|0.7951	|0.8095
[2022-10-14 15:12:36,731]     8 |0.472	|0.8137	|0.9000
[2022-10-14 15:12:50,378]     9 |0.400	|0.8354	|0.8293
[2022-10-14 15:13:04,285]    10 |0.385	|0.8481	|0.8293
[2022-10-14 15:13:18,026]    11 |0.358	|0.8559	|0.8182
[2022-10-14 15:13:18,027] Training done.
[2022-10-14 15:13:18,027] Best validation f1: 0.9000
[2022-10-14 15:13:18,027] ----------------------------------------------------------------------------------------------------
[2022-10-14 15:13:19,906] ----------------------------------------------------------------------------------------------------
[2022-10-14 15:13:19,906] Start training for the following setup:
[2022-10-14 15:13:19,906] 	model: spacy
[2022-10-14 15:13:19,906] 	data: ['fr_timebank', 'ancient_time_french']
[2022-10-14 15:13:19,906] 	language: fr
[2022-10-14 15:13:19,906] 	n_epochs: 30
[2022-10-14 15:13:19,906] 	dropout: 0.4
[2022-10-14 15:13:19,906] 	learning_rate: None
[2022-10-14 15:13:19,906] 	trans_hidden_width: 64
[2022-10-14 15:13:19,906] 	trans_maxout_pieces: 3
[2022-10-14 15:13:19,906] 	trans_use_upper: True
[2022-10-14 15:13:19,906] 	embed_width: 300
[2022-10-14 15:13:19,906] 	embed_depth: 2
[2022-10-14 15:13:19,906] 	embed_size: 7000
[2022-10-14 15:13:19,907] 	embed_window_size: 2
[2022-10-14 15:13:19,907] 	embed_maxout_pieces: 3
[2022-10-14 15:13:19,907] 	embed_subword_features: True
[2022-10-14 15:13:19,907] 	models_path: /home/hugosousa/Projects/tei2go/models
[2022-10-14 15:13:19,907] 	resources_path: /home/hugosousa/Projects/tei2go/resources
[2022-10-14 15:13:19,907] 	logs_path: /home/hugosousa/Projects/tei2go/logs
[2022-10-14 15:13:19,907] 	data_path: /home/hugosousa/Projects/tei2go/data
[2022-10-14 15:13:19,907] 	gpu: False
[2022-10-14 15:13:19,907] Found preprocessed data.
[2022-10-14 15:13:19,908] Corpus statistics:
[2022-10-14 15:13:19,908] 	Train:
[2022-10-14 15:13:19,908] 		# sentences: 430
[2022-10-14 15:13:19,908] 		# timexs: 579
[2022-10-14 15:13:19,908] 	Validation:
[2022-10-14 15:13:19,909] 		# sentences: 17
[2022-10-14 15:13:19,909] 		# timexs: 22
[2022-10-14 15:13:19,909] Initializing model for language fr.
[2022-10-14 15:13:22,991] Started train loop with id 20221014151322
[2022-10-14 15:13:22,994] Created vocabulary
[2022-10-14 15:13:22,994] Finished initializing nlp object
[2022-10-14 15:13:23,133]       |Loss 	|F1
[2022-10-14 15:13:23,134] Epoch |Train	|Train	|Validation
[2022-10-14 15:13:39,599]     1 |2.770	|0.0372	|0.0000
[2022-10-14 15:13:55,755]     2 |0.946	|0.7300	|0.7179
[2022-10-14 15:14:11,899]     3 |0.577	|0.8070	|0.7368
[2022-10-14 15:14:28,078]     4 |0.411	|0.8428	|0.7442
[2022-10-14 15:14:44,200]     5 |0.297	|0.8680	|0.7692
[2022-10-14 15:15:00,268]     6 |0.272	|0.8539	|0.7273
[2022-10-14 15:15:17,608]     7 |0.201	|0.8791	|0.8205
[2022-10-14 15:15:35,026]     8 |0.217	|0.8707	|0.8000
[2022-10-14 15:15:52,887]     9 |0.137	|0.8823	|0.7619
[2022-10-14 15:16:09,875]    10 |0.104	|0.8862	|0.8000
[2022-10-14 15:16:09,879] Training done.
[2022-10-14 15:16:09,879] Best validation f1: 0.8205
[2022-10-14 15:16:09,879] ----------------------------------------------------------------------------------------------------
[2022-10-14 15:16:11,759] ----------------------------------------------------------------------------------------------------
[2022-10-14 15:16:11,759] Start training for the following setup:
[2022-10-14 15:16:11,759] 	model: spacy
[2022-10-14 15:16:11,759] 	data: ['fr_timebank', 'ancient_time_french']
[2022-10-14 15:16:11,759] 	language: fr
[2022-10-14 15:16:11,759] 	n_epochs: 30
[2022-10-14 15:16:11,759] 	dropout: 0.3
[2022-10-14 15:16:11,759] 	learning_rate: None
[2022-10-14 15:16:11,759] 	trans_hidden_width: 64
[2022-10-14 15:16:11,759] 	trans_maxout_pieces: 2
[2022-10-14 15:16:11,760] 	trans_use_upper: True
[2022-10-14 15:16:11,760] 	embed_width: 96
[2022-10-14 15:16:11,760] 	embed_depth: 3
[2022-10-14 15:16:11,760] 	embed_size: 3000
[2022-10-14 15:16:11,760] 	embed_window_size: 1
[2022-10-14 15:16:11,760] 	embed_maxout_pieces: 2
[2022-10-14 15:16:11,760] 	embed_subword_features: True
[2022-10-14 15:16:11,760] 	models_path: /home/hugosousa/Projects/tei2go/models
[2022-10-14 15:16:11,760] 	resources_path: /home/hugosousa/Projects/tei2go/resources
[2022-10-14 15:16:11,760] 	logs_path: /home/hugosousa/Projects/tei2go/logs
[2022-10-14 15:16:11,760] 	data_path: /home/hugosousa/Projects/tei2go/data
[2022-10-14 15:16:11,760] 	gpu: False
[2022-10-14 15:16:11,760] Found preprocessed data.
[2022-10-14 15:16:11,762] Corpus statistics:
[2022-10-14 15:16:11,762] 	Train:
[2022-10-14 15:16:11,762] 		# sentences: 430
[2022-10-14 15:16:11,762] 		# timexs: 579
[2022-10-14 15:16:11,762] 	Validation:
[2022-10-14 15:16:11,762] 		# sentences: 17
[2022-10-14 15:16:11,762] 		# timexs: 22
[2022-10-14 15:16:11,762] Initializing model for language fr.
[2022-10-14 15:16:14,693] Started train loop with id 20221014151614
[2022-10-14 15:16:14,695] Created vocabulary
[2022-10-14 15:16:14,696] Finished initializing nlp object
[2022-10-14 15:16:14,748]       |Loss 	|F1
[2022-10-14 15:16:14,748] Epoch |Train	|Train	|Validation
[2022-10-14 15:16:19,109]     1 |2.710	|0.3032	|0.3226
[2022-10-14 15:16:23,177]     2 |0.995	|0.7100	|0.7692
[2022-10-14 15:16:27,143]     3 |0.675	|0.7802	|0.8718
[2022-10-14 15:16:31,089]     4 |0.486	|0.8137	|0.8571
[2022-10-14 15:16:34,964]     5 |0.482	|0.8462	|0.8500
[2022-10-14 15:16:38,924]     6 |0.420	|0.8529	|0.9000
[2022-10-14 15:16:42,978]     7 |0.320	|0.8332	|0.8444
[2022-10-14 15:16:47,338]     8 |0.288	|0.8631	|0.8444
[2022-10-14 15:16:51,577]     9 |0.220	|0.8784	|0.7391
[2022-10-14 15:16:51,578] Training done.
[2022-10-14 15:16:51,578] Best validation f1: 0.9000
[2022-10-14 15:16:51,578] ----------------------------------------------------------------------------------------------------
[2022-10-14 15:16:53,490] ----------------------------------------------------------------------------------------------------
[2022-10-14 15:16:53,490] Start training for the following setup:
[2022-10-14 15:16:53,491] 	model: spacy
[2022-10-14 15:16:53,491] 	data: ['fr_timebank', 'ancient_time_french']
[2022-10-14 15:16:53,491] 	language: fr
[2022-10-14 15:16:53,491] 	n_epochs: 30
[2022-10-14 15:16:53,491] 	dropout: 0.1
[2022-10-14 15:16:53,491] 	learning_rate: None
[2022-10-14 15:16:53,491] 	trans_hidden_width: 32
[2022-10-14 15:16:53,491] 	trans_maxout_pieces: 2
[2022-10-14 15:16:53,491] 	trans_use_upper: True
[2022-10-14 15:16:53,491] 	embed_width: 96
[2022-10-14 15:16:53,491] 	embed_depth: 2
[2022-10-14 15:16:53,491] 	embed_size: 9000
[2022-10-14 15:16:53,491] 	embed_window_size: 2
[2022-10-14 15:16:53,491] 	embed_maxout_pieces: 2
[2022-10-14 15:16:53,491] 	embed_subword_features: True
[2022-10-14 15:16:53,491] 	models_path: /home/hugosousa/Projects/tei2go/models
[2022-10-14 15:16:53,491] 	resources_path: /home/hugosousa/Projects/tei2go/resources
[2022-10-14 15:16:53,491] 	logs_path: /home/hugosousa/Projects/tei2go/logs
[2022-10-14 15:16:53,491] 	data_path: /home/hugosousa/Projects/tei2go/data
[2022-10-14 15:16:53,491] 	gpu: False
[2022-10-14 15:16:53,491] Found preprocessed data.
[2022-10-14 15:16:53,493] Corpus statistics:
[2022-10-14 15:16:53,493] 	Train:
[2022-10-14 15:16:53,493] 		# sentences: 430
[2022-10-14 15:16:53,493] 		# timexs: 579
[2022-10-14 15:16:53,493] 	Validation:
[2022-10-14 15:16:53,493] 		# sentences: 17
[2022-10-14 15:16:53,493] 		# timexs: 22
[2022-10-14 15:16:53,493] Initializing model for language fr.
[2022-10-14 15:16:56,277] Started train loop with id 20221014151656
[2022-10-14 15:16:56,280] Created vocabulary
[2022-10-14 15:16:56,280] Finished initializing nlp object
[2022-10-14 15:16:56,324]       |Loss 	|F1
[2022-10-14 15:16:56,324] Epoch |Train	|Train	|Validation
[2022-10-14 15:17:01,549]     1 |3.018	|0.3595	|0.3871
[2022-10-14 15:17:06,543]     2 |0.829	|0.8043	|0.7692
[2022-10-14 15:17:11,439]     3 |0.364	|0.8653	|0.8000
[2022-10-14 15:17:16,445]     4 |0.207	|0.8833	|0.7805
[2022-10-14 15:17:21,213]     5 |0.162	|0.8928	|0.7805
[2022-10-14 15:17:26,095]     6 |0.093	|0.9026	|0.7500
[2022-10-14 15:17:26,097] Training done.
[2022-10-14 15:17:26,097] Best validation f1: 0.8000
[2022-10-14 15:17:26,097] ----------------------------------------------------------------------------------------------------
