[2022-10-02 21:58:52,300] ----------------------------------------------------------------------------------------------------
[2022-10-02 21:58:52,300] Start training for the following setup:
[2022-10-02 21:58:52,300] 	model: spacy
[2022-10-02 21:58:52,300] 	data: ['krauts', 'wikiwars_de', 'ancient_time_german']
[2022-10-02 21:58:52,300] 	language: de
[2022-10-02 21:58:52,300] 	n_epochs: 15
[2022-10-02 21:58:52,300] 	dropout: 0.0
[2022-10-02 21:58:52,300] 	batch_size: None
[2022-10-02 21:58:52,300] 	learning_rate: None
[2022-10-02 21:58:52,300] 	embeddings: None
[2022-10-02 21:58:52,300] 	models_path: /tei2go/models
[2022-10-02 21:58:52,300] 	resources_path: /tei2go/resources
[2022-10-02 21:58:52,300] 	logs_path: /tei2go/logs
[2022-10-02 21:58:52,300] 	data_path: /tei2go/data
[2022-10-02 21:58:52,300] 	gpu: False
[2022-10-02 21:58:52,300] Found preprocessed data.
[2022-10-02 21:58:52,305] Corpus statistics:
[2022-10-02 21:58:52,305] 	Train:
[2022-10-02 21:58:52,305] 		# sentences: 2124
[2022-10-02 21:58:52,306] 		# timexs: 2529
[2022-10-02 21:58:52,306] 	Validation:
[2022-10-02 21:58:52,306] 		# sentences: 160
[2022-10-02 21:58:52,306] 		# timexs: 214
[2022-10-02 21:58:52,306] Initializing model for language de.
[2022-10-02 21:58:52,424] Started train loop with id 20221002215852
[2022-10-02 21:58:52,426] Created vocabulary
[2022-10-02 21:58:52,427] Finished initializing nlp object
[2022-10-02 21:58:52,479]       |Loss 	|F1
[2022-10-02 21:58:52,479] Epoch |Train	|Train	|Validation
[2022-10-02 21:59:08,505]     1 |0.795	|0.6744	|0.6683
[2022-10-02 21:59:24,207]     2 |0.308	|0.7098	|0.6683
[2022-10-02 21:59:39,955]     3 |0.222	|0.6978	|0.6501
[2022-10-02 21:59:55,649]     4 |0.170	|0.7292	|0.6586
[2022-10-02 22:00:11,395]     5 |0.129	|0.7433	|0.6324
[2022-10-02 22:00:11,398] Training done.
[2022-10-02 22:00:11,398] Best validation f1: 0.6683
[2022-10-02 22:00:11,398] ----------------------------------------------------------------------------------------------------
[2022-10-02 22:00:13,145] ----------------------------------------------------------------------------------------------------
[2022-10-02 22:00:13,145] Start training for the following setup:
[2022-10-02 22:00:13,145] 	model: spacy
[2022-10-02 22:00:13,146] 	data: ['krauts', 'wikiwars_de', 'ancient_time_german']
[2022-10-02 22:00:13,146] 	language: de
[2022-10-02 22:00:13,146] 	n_epochs: 15
[2022-10-02 22:00:13,146] 	dropout: 0.1
[2022-10-02 22:00:13,146] 	batch_size: None
[2022-10-02 22:00:13,146] 	learning_rate: None
[2022-10-02 22:00:13,146] 	embeddings: None
[2022-10-02 22:00:13,146] 	models_path: /tei2go/models
[2022-10-02 22:00:13,146] 	resources_path: /tei2go/resources
[2022-10-02 22:00:13,146] 	logs_path: /tei2go/logs
[2022-10-02 22:00:13,146] 	data_path: /tei2go/data
[2022-10-02 22:00:13,146] 	gpu: False
[2022-10-02 22:00:13,146] Found preprocessed data.
[2022-10-02 22:00:13,151] Corpus statistics:
[2022-10-02 22:00:13,151] 	Train:
[2022-10-02 22:00:13,151] 		# sentences: 2124
[2022-10-02 22:00:13,151] 		# timexs: 2529
[2022-10-02 22:00:13,151] 	Validation:
[2022-10-02 22:00:13,151] 		# sentences: 160
[2022-10-02 22:00:13,151] 		# timexs: 214
[2022-10-02 22:00:13,151] Initializing model for language de.
[2022-10-02 22:00:13,262] Started train loop with id 20221002220013
[2022-10-02 22:00:13,264] Created vocabulary
[2022-10-02 22:00:13,265] Finished initializing nlp object
[2022-10-02 22:00:13,318]       |Loss 	|F1
[2022-10-02 22:00:13,318] Epoch |Train	|Train	|Validation
[2022-10-02 22:00:29,655]     1 |0.921	|0.6731	|0.6566
[2022-10-02 22:00:45,678]     2 |0.357	|0.6915	|0.6900
[2022-10-02 22:01:01,714]     3 |0.270	|0.7044	|0.6489
[2022-10-02 22:01:17,688]     4 |0.215	|0.7286	|0.6849
[2022-10-02 22:01:33,732]     5 |0.196	|0.7232	|0.6683
[2022-10-02 22:01:33,735] Training done.
[2022-10-02 22:01:33,735] Best validation f1: 0.6900
[2022-10-02 22:01:33,735] ----------------------------------------------------------------------------------------------------
[2022-10-02 22:01:35,502] ----------------------------------------------------------------------------------------------------
[2022-10-02 22:01:35,502] Start training for the following setup:
[2022-10-02 22:01:35,502] 	model: spacy
[2022-10-02 22:01:35,502] 	data: ['krauts', 'wikiwars_de', 'ancient_time_german']
[2022-10-02 22:01:35,502] 	language: de
[2022-10-02 22:01:35,502] 	n_epochs: 15
[2022-10-02 22:01:35,502] 	dropout: 0.2
[2022-10-02 22:01:35,502] 	batch_size: None
[2022-10-02 22:01:35,502] 	learning_rate: None
[2022-10-02 22:01:35,502] 	embeddings: None
[2022-10-02 22:01:35,502] 	models_path: /tei2go/models
[2022-10-02 22:01:35,502] 	resources_path: /tei2go/resources
[2022-10-02 22:01:35,502] 	logs_path: /tei2go/logs
[2022-10-02 22:01:35,502] 	data_path: /tei2go/data
[2022-10-02 22:01:35,502] 	gpu: False
[2022-10-02 22:01:35,502] Found preprocessed data.
[2022-10-02 22:01:35,507] Corpus statistics:
[2022-10-02 22:01:35,507] 	Train:
[2022-10-02 22:01:35,507] 		# sentences: 2124
[2022-10-02 22:01:35,507] 		# timexs: 2529
[2022-10-02 22:01:35,507] 	Validation:
[2022-10-02 22:01:35,507] 		# sentences: 160
[2022-10-02 22:01:35,508] 		# timexs: 214
[2022-10-02 22:01:35,508] Initializing model for language de.
[2022-10-02 22:01:35,621] Started train loop with id 20221002220135
[2022-10-02 22:01:35,623] Created vocabulary
[2022-10-02 22:01:35,624] Finished initializing nlp object
[2022-10-02 22:01:35,678]       |Loss 	|F1
[2022-10-02 22:01:35,678] Epoch |Train	|Train	|Validation
[2022-10-02 22:01:52,266]     1 |1.058	|0.6921	|0.7005
[2022-10-02 22:02:08,426]     2 |0.398	|0.7060	|0.6821
[2022-10-02 22:02:24,634]     3 |0.338	|0.7232	|0.6750
[2022-10-02 22:02:40,784]     4 |0.270	|0.7090	|0.6650
[2022-10-02 22:02:40,787] Training done.
[2022-10-02 22:02:40,787] Best validation f1: 0.7005
[2022-10-02 22:02:40,787] ----------------------------------------------------------------------------------------------------
[2022-10-02 22:02:42,536] ----------------------------------------------------------------------------------------------------
[2022-10-02 22:02:42,536] Start training for the following setup:
[2022-10-02 22:02:42,536] 	model: spacy
[2022-10-02 22:02:42,536] 	data: ['krauts', 'wikiwars_de', 'ancient_time_german']
[2022-10-02 22:02:42,536] 	language: de
[2022-10-02 22:02:42,536] 	n_epochs: 15
[2022-10-02 22:02:42,536] 	dropout: 0.3
[2022-10-02 22:02:42,536] 	batch_size: None
[2022-10-02 22:02:42,536] 	learning_rate: None
[2022-10-02 22:02:42,536] 	embeddings: None
[2022-10-02 22:02:42,536] 	models_path: /tei2go/models
[2022-10-02 22:02:42,537] 	resources_path: /tei2go/resources
[2022-10-02 22:02:42,537] 	logs_path: /tei2go/logs
[2022-10-02 22:02:42,537] 	data_path: /tei2go/data
[2022-10-02 22:02:42,537] 	gpu: False
[2022-10-02 22:02:42,537] Found preprocessed data.
[2022-10-02 22:02:42,541] Corpus statistics:
[2022-10-02 22:02:42,542] 	Train:
[2022-10-02 22:02:42,542] 		# sentences: 2124
[2022-10-02 22:02:42,542] 		# timexs: 2529
[2022-10-02 22:02:42,542] 	Validation:
[2022-10-02 22:02:42,542] 		# sentences: 160
[2022-10-02 22:02:42,542] 		# timexs: 214
[2022-10-02 22:02:42,542] Initializing model for language de.
[2022-10-02 22:02:42,652] Started train loop with id 20221002220242
[2022-10-02 22:02:42,654] Created vocabulary
[2022-10-02 22:02:42,655] Finished initializing nlp object
[2022-10-02 22:02:42,706]       |Loss 	|F1
[2022-10-02 22:02:42,706] Epoch |Train	|Train	|Validation
[2022-10-02 22:02:58,984]     1 |1.088	|0.6316	|0.6368
[2022-10-02 22:03:14,985]     2 |0.511	|0.6441	|0.6165
[2022-10-02 22:03:31,064]     3 |0.379	|0.6977	|0.6632
[2022-10-02 22:03:47,133]     4 |0.315	|0.6955	|0.6833
[2022-10-02 22:04:03,268]     5 |0.286	|0.6983	|0.6569
[2022-10-02 22:04:19,415]     6 |0.256	|0.7355	|0.6715
[2022-10-02 22:04:35,519]     7 |0.222	|0.7404	|0.6983
[2022-10-02 22:04:51,727]     8 |0.221	|0.7405	|0.6569
[2022-10-02 22:05:07,911]     9 |0.197	|0.7382	|0.6747
[2022-10-02 22:05:24,061]    10 |0.176	|0.7483	|0.6634
[2022-10-02 22:05:24,064] Training done.
[2022-10-02 22:05:24,064] Best validation f1: 0.6983
[2022-10-02 22:05:24,064] ----------------------------------------------------------------------------------------------------
[2022-10-02 22:05:25,820] ----------------------------------------------------------------------------------------------------
[2022-10-02 22:05:25,820] Start training for the following setup:
[2022-10-02 22:05:25,820] 	model: spacy
[2022-10-02 22:05:25,820] 	data: ['krauts', 'wikiwars_de', 'ancient_time_german']
[2022-10-02 22:05:25,821] 	language: de
[2022-10-02 22:05:25,821] 	n_epochs: 15
[2022-10-02 22:05:25,821] 	dropout: 0.4
[2022-10-02 22:05:25,821] 	batch_size: None
[2022-10-02 22:05:25,821] 	learning_rate: None
[2022-10-02 22:05:25,821] 	embeddings: None
[2022-10-02 22:05:25,821] 	models_path: /tei2go/models
[2022-10-02 22:05:25,821] 	resources_path: /tei2go/resources
[2022-10-02 22:05:25,821] 	logs_path: /tei2go/logs
[2022-10-02 22:05:25,821] 	data_path: /tei2go/data
[2022-10-02 22:05:25,821] 	gpu: False
[2022-10-02 22:05:25,821] Found preprocessed data.
[2022-10-02 22:05:25,826] Corpus statistics:
[2022-10-02 22:05:25,826] 	Train:
[2022-10-02 22:05:25,826] 		# sentences: 2124
[2022-10-02 22:05:25,826] 		# timexs: 2529
[2022-10-02 22:05:25,826] 	Validation:
[2022-10-02 22:05:25,826] 		# sentences: 160
[2022-10-02 22:05:25,826] 		# timexs: 214
[2022-10-02 22:05:25,826] Initializing model for language de.
[2022-10-02 22:05:25,936] Started train loop with id 20221002220525
[2022-10-02 22:05:25,938] Created vocabulary
[2022-10-02 22:05:25,939] Finished initializing nlp object
[2022-10-02 22:05:25,990]       |Loss 	|F1
[2022-10-02 22:05:25,991] Epoch |Train	|Train	|Validation
[2022-10-02 22:05:42,452]     1 |1.145	|0.6367	|0.6244
[2022-10-02 22:05:58,609]     2 |0.587	|0.6721	|0.6569
[2022-10-02 22:06:14,871]     3 |0.438	|0.6854	|0.6766
[2022-10-02 22:06:31,130]     4 |0.393	|0.6962	|0.6551
[2022-10-02 22:06:47,404]     5 |0.332	|0.7057	|0.6784
[2022-10-02 22:07:03,694]     6 |0.325	|0.7126	|0.6731
[2022-10-02 22:07:19,964]     7 |0.284	|0.7186	|0.6816
[2022-10-02 22:07:36,220]     8 |0.266	|0.7018	|0.6718
[2022-10-02 22:07:52,477]     9 |0.267	|0.7311	|0.6881
[2022-10-02 22:08:08,771]    10 |0.248	|0.7191	|0.6878
[2022-10-02 22:08:25,066]    11 |0.232	|0.7168	|0.6667
[2022-10-02 22:08:41,307]    12 |0.205	|0.7321	|0.6747
[2022-10-02 22:08:41,310] Training done.
[2022-10-02 22:08:41,310] Best validation f1: 0.6881
[2022-10-02 22:08:41,310] ----------------------------------------------------------------------------------------------------
[2022-10-02 22:08:43,065] ----------------------------------------------------------------------------------------------------
[2022-10-02 22:08:43,066] Start training for the following setup:
[2022-10-02 22:08:43,066] 	model: spacy
[2022-10-02 22:08:43,066] 	data: ['krauts', 'wikiwars_de', 'ancient_time_german']
[2022-10-02 22:08:43,066] 	language: de
[2022-10-02 22:08:43,066] 	n_epochs: 15
[2022-10-02 22:08:43,066] 	dropout: 0.5
[2022-10-02 22:08:43,066] 	batch_size: None
[2022-10-02 22:08:43,066] 	learning_rate: None
[2022-10-02 22:08:43,066] 	embeddings: None
[2022-10-02 22:08:43,066] 	models_path: /tei2go/models
[2022-10-02 22:08:43,066] 	resources_path: /tei2go/resources
[2022-10-02 22:08:43,066] 	logs_path: /tei2go/logs
[2022-10-02 22:08:43,066] 	data_path: /tei2go/data
[2022-10-02 22:08:43,066] 	gpu: False
[2022-10-02 22:08:43,066] Found preprocessed data.
[2022-10-02 22:08:43,071] Corpus statistics:
[2022-10-02 22:08:43,071] 	Train:
[2022-10-02 22:08:43,071] 		# sentences: 2124
[2022-10-02 22:08:43,071] 		# timexs: 2529
[2022-10-02 22:08:43,071] 	Validation:
[2022-10-02 22:08:43,071] 		# sentences: 160
[2022-10-02 22:08:43,071] 		# timexs: 214
[2022-10-02 22:08:43,071] Initializing model for language de.
[2022-10-02 22:08:43,182] Started train loop with id 20221002220843
[2022-10-02 22:08:43,184] Created vocabulary
[2022-10-02 22:08:43,185] Finished initializing nlp object
[2022-10-02 22:08:43,235]       |Loss 	|F1
[2022-10-02 22:08:43,235] Epoch |Train	|Train	|Validation
[2022-10-02 22:08:59,603]     1 |1.328	|0.5599	|0.5677
[2022-10-02 22:09:15,665]     2 |0.730	|0.6696	|0.6667
[2022-10-02 22:09:31,861]     3 |0.551	|0.6523	|0.6220
[2022-10-02 22:09:48,024]     4 |0.492	|0.6802	|0.6700
[2022-10-02 22:10:04,275]     5 |0.426	|0.6814	|0.6552
[2022-10-02 22:10:20,486]     6 |0.379	|0.6927	|0.6650
[2022-10-02 22:10:36,665]     7 |0.353	|0.7189	|0.6765
[2022-10-02 22:10:52,900]     8 |0.325	|0.7034	|0.6734
[2022-10-02 22:11:09,096]     9 |0.296	|0.7111	|0.6816
[2022-10-02 22:11:25,348]    10 |0.298	|0.7230	|0.6898
[2022-10-02 22:11:41,676]    11 |0.258	|0.7057	|0.6801
[2022-10-02 22:11:57,950]    12 |0.284	|0.7225	|0.6698
[2022-10-02 22:12:14,217]    13 |0.271	|0.7350	|0.6683
[2022-10-02 22:12:14,220] Training done.
[2022-10-02 22:12:14,220] Best validation f1: 0.6898
[2022-10-02 22:12:14,220] ----------------------------------------------------------------------------------------------------
[2022-10-14 17:36:54,960] ----------------------------------------------------------------------------------------------------
[2022-10-14 17:36:54,963] Start training for the following setup:
[2022-10-14 17:36:54,963] 	model: spacy
[2022-10-14 17:36:54,963] 	data: ['krauts', 'wikiwars_de', 'ancient_time_german']
[2022-10-14 17:36:54,963] 	language: de
[2022-10-14 17:36:54,964] 	n_epochs: 30
[2022-10-14 17:36:54,964] 	dropout: 0.2
[2022-10-14 17:36:54,964] 	learning_rate: None
[2022-10-14 17:36:54,964] 	trans_hidden_width: 8
[2022-10-14 17:36:54,964] 	trans_maxout_pieces: 3
[2022-10-14 17:36:54,964] 	trans_use_upper: True
[2022-10-14 17:36:54,964] 	embed_width: 300
[2022-10-14 17:36:54,964] 	embed_depth: 3
[2022-10-14 17:36:54,964] 	embed_size: 9000
[2022-10-14 17:36:54,964] 	embed_window_size: 2
[2022-10-14 17:36:54,964] 	embed_maxout_pieces: 3
[2022-10-14 17:36:54,964] 	embed_subword_features: True
[2022-10-14 17:36:54,964] 	models_path: /tei2go/models
[2022-10-14 17:36:54,964] 	resources_path: /tei2go/resources
[2022-10-14 17:36:54,964] 	logs_path: /tei2go/logs
[2022-10-14 17:36:54,964] 	data_path: /tei2go/data
[2022-10-14 17:36:54,964] 	gpu: False
[2022-10-14 17:36:54,964] Found preprocessed data.
[2022-10-14 17:36:54,972] Corpus statistics:
[2022-10-14 17:36:54,972] 	Train:
[2022-10-14 17:36:54,972] 		# sentences: 2124
[2022-10-14 17:36:54,972] 		# timexs: 2529
[2022-10-14 17:36:54,972] 	Validation:
[2022-10-14 17:36:54,972] 		# sentences: 160
[2022-10-14 17:36:54,972] 		# timexs: 214
[2022-10-14 17:36:54,972] Initializing model for language de.
[2022-10-14 17:36:55,077] Started train loop with id 20221014173655
[2022-10-14 17:36:55,079] Created vocabulary
[2022-10-14 17:36:55,080] Finished initializing nlp object
[2022-10-14 17:36:55,207]       |Loss 	|F1
[2022-10-14 17:36:55,207] Epoch |Train	|Train	|Validation
[2022-10-14 17:38:18,164]     1 |0.931	|0.6872	|0.6546
[2022-10-14 17:39:41,145]     2 |0.331	|0.6859	|0.6444
[2022-10-14 17:41:05,220]     3 |0.232	|0.7196	|0.6602
[2022-10-14 17:42:32,969]     4 |0.162	|0.7621	|0.6737
[2022-10-14 17:44:00,682]     5 |0.129	|0.7885	|0.6736
[2022-10-14 17:45:25,912]     6 |0.108	|0.7607	|0.6390
[2022-10-14 17:46:51,596]     7 |0.086	|0.7726	|0.6650
[2022-10-14 17:46:51,603] Training done.
[2022-10-14 17:46:51,603] Best validation f1: 0.6737
[2022-10-14 17:46:51,604] ----------------------------------------------------------------------------------------------------
[2022-10-14 17:46:53,416] ----------------------------------------------------------------------------------------------------
[2022-10-14 17:46:53,416] Start training for the following setup:
[2022-10-14 17:46:53,416] 	model: spacy
[2022-10-14 17:46:53,416] 	data: ['krauts', 'wikiwars_de', 'ancient_time_german']
[2022-10-14 17:46:53,416] 	language: de
[2022-10-14 17:46:53,416] 	n_epochs: 30
[2022-10-14 17:46:53,416] 	dropout: 0.0
[2022-10-14 17:46:53,416] 	learning_rate: None
[2022-10-14 17:46:53,416] 	trans_hidden_width: 64
[2022-10-14 17:46:53,416] 	trans_maxout_pieces: 2
[2022-10-14 17:46:53,416] 	trans_use_upper: True
[2022-10-14 17:46:53,416] 	embed_width: 128
[2022-10-14 17:46:53,416] 	embed_depth: 2
[2022-10-14 17:46:53,416] 	embed_size: 2000
[2022-10-14 17:46:53,416] 	embed_window_size: 2
[2022-10-14 17:46:53,416] 	embed_maxout_pieces: 2
[2022-10-14 17:46:53,417] 	embed_subword_features: True
[2022-10-14 17:46:53,417] 	models_path: /tei2go/models
[2022-10-14 17:46:53,417] 	resources_path: /tei2go/resources
[2022-10-14 17:46:53,417] 	logs_path: /tei2go/logs
[2022-10-14 17:46:53,417] 	data_path: /tei2go/data
[2022-10-14 17:46:53,417] 	gpu: False
[2022-10-14 17:46:53,417] Found preprocessed data.
[2022-10-14 17:46:53,422] Corpus statistics:
[2022-10-14 17:46:53,422] 	Train:
[2022-10-14 17:46:53,422] 		# sentences: 2124
[2022-10-14 17:46:53,423] 		# timexs: 2529
[2022-10-14 17:46:53,423] 	Validation:
[2022-10-14 17:46:53,423] 		# sentences: 160
[2022-10-14 17:46:53,423] 		# timexs: 214
[2022-10-14 17:46:53,423] Initializing model for language de.
[2022-10-14 17:46:53,528] Started train loop with id 20221014174653
[2022-10-14 17:46:53,531] Created vocabulary
[2022-10-14 17:46:53,531] Finished initializing nlp object
[2022-10-14 17:46:53,580]       |Loss 	|F1
[2022-10-14 17:46:53,580] Epoch |Train	|Train	|Validation
[2022-10-14 17:47:10,384]     1 |0.778	|0.6634	|0.6749
[2022-10-14 17:47:27,598]     2 |0.312	|0.7010	|0.6884
[2022-10-14 17:47:44,615]     3 |0.212	|0.7168	|0.6635
[2022-10-14 17:48:01,287]     4 |0.178	|0.7410	|0.6422
[2022-10-14 17:48:17,393]     5 |0.106	|0.7381	|0.6413
[2022-10-14 17:48:17,396] Training done.
[2022-10-14 17:48:17,396] Best validation f1: 0.6884
[2022-10-14 17:48:17,396] ----------------------------------------------------------------------------------------------------
[2022-10-14 17:48:19,205] ----------------------------------------------------------------------------------------------------
[2022-10-14 17:48:19,205] Start training for the following setup:
[2022-10-14 17:48:19,205] 	model: spacy
[2022-10-14 17:48:19,205] 	data: ['krauts', 'wikiwars_de', 'ancient_time_german']
[2022-10-14 17:48:19,206] 	language: de
[2022-10-14 17:48:19,206] 	n_epochs: 30
[2022-10-14 17:48:19,206] 	dropout: 0.0
[2022-10-14 17:48:19,206] 	learning_rate: None
[2022-10-14 17:48:19,206] 	trans_hidden_width: 64
[2022-10-14 17:48:19,206] 	trans_maxout_pieces: 2
[2022-10-14 17:48:19,206] 	trans_use_upper: True
[2022-10-14 17:48:19,206] 	embed_width: 128
[2022-10-14 17:48:19,206] 	embed_depth: 6
[2022-10-14 17:48:19,206] 	embed_size: 8000
[2022-10-14 17:48:19,206] 	embed_window_size: 1
[2022-10-14 17:48:19,206] 	embed_maxout_pieces: 1
[2022-10-14 17:48:19,206] 	embed_subword_features: True
[2022-10-14 17:48:19,206] 	models_path: /tei2go/models
[2022-10-14 17:48:19,206] 	resources_path: /tei2go/resources
[2022-10-14 17:48:19,206] 	logs_path: /tei2go/logs
[2022-10-14 17:48:19,206] 	data_path: /tei2go/data
[2022-10-14 17:48:19,206] 	gpu: False
[2022-10-14 17:48:19,206] Found preprocessed data.
[2022-10-14 17:48:19,211] Corpus statistics:
[2022-10-14 17:48:19,211] 	Train:
[2022-10-14 17:48:19,211] 		# sentences: 2124
[2022-10-14 17:48:19,211] 		# timexs: 2529
[2022-10-14 17:48:19,212] 	Validation:
[2022-10-14 17:48:19,212] 		# sentences: 160
[2022-10-14 17:48:19,212] 		# timexs: 214
[2022-10-14 17:48:19,212] Initializing model for language de.
[2022-10-14 17:48:19,318] Started train loop with id 20221014174819
[2022-10-14 17:48:19,320] Created vocabulary
[2022-10-14 17:48:19,321] Finished initializing nlp object
[2022-10-14 17:48:19,388]       |Loss 	|F1
[2022-10-14 17:48:19,388] Epoch |Train	|Train	|Validation
[2022-10-14 17:48:46,175]     1 |0.741	|0.6617	|0.6535
[2022-10-14 17:49:11,985]     2 |0.314	|0.7007	|0.6667
[2022-10-14 17:49:36,736]     3 |0.228	|0.6967	|0.6420
[2022-10-14 17:50:02,050]     4 |0.199	|0.7205	|0.6260
[2022-10-14 17:50:25,762]     5 |0.149	|0.7250	|0.6441
[2022-10-14 17:50:25,766] Training done.
[2022-10-14 17:50:25,766] Best validation f1: 0.6667
[2022-10-14 17:50:25,766] ----------------------------------------------------------------------------------------------------
[2022-10-14 17:50:27,508] ----------------------------------------------------------------------------------------------------
[2022-10-14 17:50:27,508] Start training for the following setup:
[2022-10-14 17:50:27,508] 	model: spacy
[2022-10-14 17:50:27,508] 	data: ['krauts', 'wikiwars_de', 'ancient_time_german']
[2022-10-14 17:50:27,508] 	language: de
[2022-10-14 17:50:27,508] 	n_epochs: 30
[2022-10-14 17:50:27,508] 	dropout: 0.2
[2022-10-14 17:50:27,508] 	learning_rate: None
[2022-10-14 17:50:27,508] 	trans_hidden_width: 128
[2022-10-14 17:50:27,508] 	trans_maxout_pieces: 3
[2022-10-14 17:50:27,508] 	trans_use_upper: True
[2022-10-14 17:50:27,508] 	embed_width: 300
[2022-10-14 17:50:27,508] 	embed_depth: 2
[2022-10-14 17:50:27,508] 	embed_size: 9000
[2022-10-14 17:50:27,508] 	embed_window_size: 2
[2022-10-14 17:50:27,508] 	embed_maxout_pieces: 2
[2022-10-14 17:50:27,509] 	embed_subword_features: True
[2022-10-14 17:50:27,509] 	models_path: /tei2go/models
[2022-10-14 17:50:27,509] 	resources_path: /tei2go/resources
[2022-10-14 17:50:27,509] 	logs_path: /tei2go/logs
[2022-10-14 17:50:27,509] 	data_path: /tei2go/data
[2022-10-14 17:50:27,509] 	gpu: False
[2022-10-14 17:50:27,509] Found preprocessed data.
[2022-10-14 17:50:27,514] Corpus statistics:
[2022-10-14 17:50:27,514] 	Train:
[2022-10-14 17:50:27,514] 		# sentences: 2124
[2022-10-14 17:50:27,514] 		# timexs: 2529
[2022-10-14 17:50:27,514] 	Validation:
[2022-10-14 17:50:27,514] 		# sentences: 160
[2022-10-14 17:50:27,514] 		# timexs: 214
[2022-10-14 17:50:27,514] Initializing model for language de.
[2022-10-14 17:50:27,617] Started train loop with id 20221014175027
[2022-10-14 17:50:27,620] Created vocabulary
[2022-10-14 17:50:27,620] Finished initializing nlp object
[2022-10-14 17:50:27,815]       |Loss 	|F1
[2022-10-14 17:50:27,815] Epoch |Train	|Train	|Validation
[2022-10-14 17:51:33,561]     1 |0.767	|0.6509	|0.6507
[2022-10-14 17:52:36,506]     2 |0.371	|0.6672	|0.6135
[2022-10-14 17:53:41,414]     3 |0.281	|0.7177	|0.6458
[2022-10-14 17:54:47,726]     4 |0.206	|0.7472	|0.6546
[2022-10-14 17:55:53,246]     5 |0.164	|0.7555	|0.6422
[2022-10-14 17:56:58,352]     6 |0.147	|0.7308	|0.6194
[2022-10-14 17:58:03,676]     7 |0.127	|0.7386	|0.6569
[2022-10-14 17:59:10,028]     8 |0.096	|0.7237	|0.6199
[2022-10-14 18:00:16,993]     9 |0.090	|0.7416	|0.6597
[2022-10-14 18:01:23,722]    10 |0.071	|0.7473	|0.6414
[2022-10-14 18:02:29,857]    11 |0.092	|0.7514	|0.6378
[2022-10-14 18:03:36,785]    12 |0.063	|0.7665	|0.6480
[2022-10-14 18:03:36,788] Training done.
[2022-10-14 18:03:36,788] Best validation f1: 0.6597
[2022-10-14 18:03:36,788] ----------------------------------------------------------------------------------------------------
[2022-10-14 18:03:38,712] ----------------------------------------------------------------------------------------------------
[2022-10-14 18:03:38,712] Start training for the following setup:
[2022-10-14 18:03:38,712] 	model: spacy
[2022-10-14 18:03:38,712] 	data: ['krauts', 'wikiwars_de', 'ancient_time_german']
[2022-10-14 18:03:38,712] 	language: de
[2022-10-14 18:03:38,712] 	n_epochs: 30
[2022-10-14 18:03:38,712] 	dropout: 0.1
[2022-10-14 18:03:38,712] 	learning_rate: None
[2022-10-14 18:03:38,712] 	trans_hidden_width: 16
[2022-10-14 18:03:38,712] 	trans_maxout_pieces: 1
[2022-10-14 18:03:38,712] 	trans_use_upper: True
[2022-10-14 18:03:38,712] 	embed_width: 128
[2022-10-14 18:03:38,712] 	embed_depth: 4
[2022-10-14 18:03:38,712] 	embed_size: 2000
[2022-10-14 18:03:38,712] 	embed_window_size: 1
[2022-10-14 18:03:38,712] 	embed_maxout_pieces: 3
[2022-10-14 18:03:38,712] 	embed_subword_features: True
[2022-10-14 18:03:38,712] 	models_path: /tei2go/models
[2022-10-14 18:03:38,712] 	resources_path: /tei2go/resources
[2022-10-14 18:03:38,712] 	logs_path: /tei2go/logs
[2022-10-14 18:03:38,712] 	data_path: /tei2go/data
[2022-10-14 18:03:38,712] 	gpu: False
[2022-10-14 18:03:38,713] Found preprocessed data.
[2022-10-14 18:03:38,718] Corpus statistics:
[2022-10-14 18:03:38,718] 	Train:
[2022-10-14 18:03:38,718] 		# sentences: 2124
[2022-10-14 18:03:38,718] 		# timexs: 2529
[2022-10-14 18:03:38,718] 	Validation:
[2022-10-14 18:03:38,718] 		# sentences: 160
[2022-10-14 18:03:38,718] 		# timexs: 214
[2022-10-14 18:03:38,718] Initializing model for language de.
[2022-10-14 18:03:38,822] Started train loop with id 20221014180338
[2022-10-14 18:03:38,824] Created vocabulary
[2022-10-14 18:03:38,825] Finished initializing nlp object
[2022-10-14 18:03:38,856]       |Loss 	|F1
[2022-10-14 18:03:38,856] Epoch |Train	|Train	|Validation
[2022-10-14 18:03:59,619]     1 |1.063	|0.4972	|0.4500
[2022-10-14 18:04:21,181]     2 |0.381	|0.5116	|0.4384
[2022-10-14 18:04:41,972]     3 |0.275	|0.4127	|0.3234
[2022-10-14 18:05:03,089]     4 |0.217	|0.4116	|0.3224
[2022-10-14 18:05:03,092] Training done.
[2022-10-14 18:05:03,092] Best validation f1: 0.4500
[2022-10-14 18:05:03,092] ----------------------------------------------------------------------------------------------------
[2022-10-14 18:05:05,085] ----------------------------------------------------------------------------------------------------
[2022-10-14 18:05:05,085] Start training for the following setup:
[2022-10-14 18:05:05,089] 	model: spacy
[2022-10-14 18:05:05,089] 	data: ['krauts', 'wikiwars_de', 'ancient_time_german']
[2022-10-14 18:05:05,089] 	language: de
[2022-10-14 18:05:05,089] 	n_epochs: 30
[2022-10-14 18:05:05,089] 	dropout: 0.1
[2022-10-14 18:05:05,089] 	learning_rate: None
[2022-10-14 18:05:05,089] 	trans_hidden_width: 128
[2022-10-14 18:05:05,089] 	trans_maxout_pieces: 2
[2022-10-14 18:05:05,089] 	trans_use_upper: True
[2022-10-14 18:05:05,089] 	embed_width: 96
[2022-10-14 18:05:05,089] 	embed_depth: 7
[2022-10-14 18:05:05,089] 	embed_size: 3000
[2022-10-14 18:05:05,089] 	embed_window_size: 1
[2022-10-14 18:05:05,089] 	embed_maxout_pieces: 1
[2022-10-14 18:05:05,089] 	embed_subword_features: True
[2022-10-14 18:05:05,089] 	models_path: /tei2go/models
[2022-10-14 18:05:05,089] 	resources_path: /tei2go/resources
[2022-10-14 18:05:05,089] 	logs_path: /tei2go/logs
[2022-10-14 18:05:05,089] 	data_path: /tei2go/data
[2022-10-14 18:05:05,089] 	gpu: False
[2022-10-14 18:05:05,089] Found preprocessed data.
[2022-10-14 18:05:05,094] Corpus statistics:
[2022-10-14 18:05:05,094] 	Train:
[2022-10-14 18:05:05,094] 		# sentences: 2124
[2022-10-14 18:05:05,095] 		# timexs: 2529
[2022-10-14 18:05:05,095] 	Validation:
[2022-10-14 18:05:05,095] 		# sentences: 160
[2022-10-14 18:05:05,095] 		# timexs: 214
[2022-10-14 18:05:05,095] Initializing model for language de.
[2022-10-14 18:05:05,203] Started train loop with id 20221014180505
[2022-10-14 18:05:05,205] Created vocabulary
[2022-10-14 18:05:05,206] Finished initializing nlp object
[2022-10-14 18:05:05,307]       |Loss 	|F1
[2022-10-14 18:05:05,307] Epoch |Train	|Train	|Validation
[2022-10-14 18:05:27,463]     1 |0.785	|0.6492	|0.6517
[2022-10-14 18:05:48,428]     2 |0.397	|0.6887	|0.6566
[2022-10-14 18:06:10,096]     3 |0.307	|0.7280	|0.6650
[2022-10-14 18:06:31,692]     4 |0.244	|0.7159	|0.6822
[2022-10-14 18:06:57,009]     5 |0.227	|0.7204	|0.6750
[2022-10-14 18:07:31,603]     6 |0.192	|0.7477	|0.6484
[2022-10-14 18:07:53,930]     7 |0.163	|0.7489	|0.6338
[2022-10-14 18:07:53,933] Training done.
[2022-10-14 18:07:53,934] Best validation f1: 0.6822
[2022-10-14 18:07:53,934] ----------------------------------------------------------------------------------------------------
[2022-10-14 18:07:55,756] ----------------------------------------------------------------------------------------------------
[2022-10-14 18:07:55,756] Start training for the following setup:
[2022-10-14 18:07:55,756] 	model: spacy
[2022-10-14 18:07:55,756] 	data: ['krauts', 'wikiwars_de', 'ancient_time_german']
[2022-10-14 18:07:55,756] 	language: de
[2022-10-14 18:07:55,756] 	n_epochs: 30
[2022-10-14 18:07:55,756] 	dropout: 0.4
[2022-10-14 18:07:55,756] 	learning_rate: None
[2022-10-14 18:07:55,756] 	trans_hidden_width: 16
[2022-10-14 18:07:55,757] 	trans_maxout_pieces: 2
[2022-10-14 18:07:55,757] 	trans_use_upper: True
[2022-10-14 18:07:55,757] 	embed_width: 128
[2022-10-14 18:07:55,757] 	embed_depth: 7
[2022-10-14 18:07:55,757] 	embed_size: 5000
[2022-10-14 18:07:55,757] 	embed_window_size: 2
[2022-10-14 18:07:55,757] 	embed_maxout_pieces: 2
[2022-10-14 18:07:55,757] 	embed_subword_features: True
[2022-10-14 18:07:55,757] 	models_path: /tei2go/models
[2022-10-14 18:07:55,757] 	resources_path: /tei2go/resources
[2022-10-14 18:07:55,757] 	logs_path: /tei2go/logs
[2022-10-14 18:07:55,757] 	data_path: /tei2go/data
[2022-10-14 18:07:55,757] 	gpu: False
[2022-10-14 18:07:55,757] Found preprocessed data.
[2022-10-14 18:07:55,762] Corpus statistics:
[2022-10-14 18:07:55,762] 	Train:
[2022-10-14 18:07:55,762] 		# sentences: 2124
[2022-10-14 18:07:55,762] 		# timexs: 2529
[2022-10-14 18:07:55,762] 	Validation:
[2022-10-14 18:07:55,762] 		# sentences: 160
[2022-10-14 18:07:55,762] 		# timexs: 214
[2022-10-14 18:07:55,762] Initializing model for language de.
[2022-10-14 18:07:55,872] Started train loop with id 20221014180755
[2022-10-14 18:07:55,874] Created vocabulary
[2022-10-14 18:07:55,875] Finished initializing nlp object
[2022-10-14 18:07:55,926]       |Loss 	|F1
[2022-10-14 18:07:55,927] Epoch |Train	|Train	|Validation
[2022-10-14 18:08:31,054]     1 |1.217	|0.6720	|0.6632
[2022-10-14 18:09:11,013]     2 |0.478	|0.7039	|0.6566
[2022-10-14 18:09:46,939]     3 |0.371	|0.7127	|0.6769
[2022-10-14 18:10:23,031]     4 |0.308	|0.7355	|0.6817
[2022-10-14 18:10:59,030]     5 |0.245	|0.7482	|0.6749
[2022-10-14 18:11:36,134]     6 |0.242	|0.7727	|0.7023
[2022-10-14 18:12:12,712]     7 |0.212	|0.7583	|0.6699
[2022-10-14 18:12:49,307]     8 |0.173	|0.7670	|0.6881
[2022-10-14 18:13:26,274]     9 |0.153	|0.7718	|0.6585
[2022-10-14 18:13:26,278] Training done.
[2022-10-14 18:13:26,278] Best validation f1: 0.7023
[2022-10-14 18:13:26,278] ----------------------------------------------------------------------------------------------------
[2022-10-14 18:13:28,092] ----------------------------------------------------------------------------------------------------
[2022-10-14 18:13:28,092] Start training for the following setup:
[2022-10-14 18:13:28,092] 	model: spacy
[2022-10-14 18:13:28,092] 	data: ['krauts', 'wikiwars_de', 'ancient_time_german']
[2022-10-14 18:13:28,092] 	language: de
[2022-10-14 18:13:28,092] 	n_epochs: 30
[2022-10-14 18:13:28,092] 	dropout: 0.1
[2022-10-14 18:13:28,092] 	learning_rate: None
[2022-10-14 18:13:28,093] 	trans_hidden_width: 8
[2022-10-14 18:13:28,093] 	trans_maxout_pieces: 2
[2022-10-14 18:13:28,093] 	trans_use_upper: True
[2022-10-14 18:13:28,093] 	embed_width: 128
[2022-10-14 18:13:28,093] 	embed_depth: 5
[2022-10-14 18:13:28,093] 	embed_size: 2000
[2022-10-14 18:13:28,093] 	embed_window_size: 1
[2022-10-14 18:13:28,093] 	embed_maxout_pieces: 2
[2022-10-14 18:13:28,093] 	embed_subword_features: True
[2022-10-14 18:13:28,093] 	models_path: /tei2go/models
[2022-10-14 18:13:28,093] 	resources_path: /tei2go/resources
[2022-10-14 18:13:28,093] 	logs_path: /tei2go/logs
[2022-10-14 18:13:28,093] 	data_path: /tei2go/data
[2022-10-14 18:13:28,093] 	gpu: False
[2022-10-14 18:13:28,093] Found preprocessed data.
[2022-10-14 18:13:28,099] Corpus statistics:
[2022-10-14 18:13:28,099] 	Train:
[2022-10-14 18:13:28,099] 		# sentences: 2124
[2022-10-14 18:13:28,099] 		# timexs: 2529
[2022-10-14 18:13:28,099] 	Validation:
[2022-10-14 18:13:28,099] 		# sentences: 160
[2022-10-14 18:13:28,099] 		# timexs: 214
[2022-10-14 18:13:28,099] Initializing model for language de.
[2022-10-14 18:13:28,205] Started train loop with id 20221014181328
[2022-10-14 18:13:28,207] Created vocabulary
[2022-10-14 18:13:28,208] Finished initializing nlp object
[2022-10-14 18:13:28,234]       |Loss 	|F1
[2022-10-14 18:13:28,234] Epoch |Train	|Train	|Validation
[2022-10-14 18:13:48,387]     1 |0.981	|0.7001	|0.6883
[2022-10-14 18:14:08,948]     2 |0.337	|0.7069	|0.6800
[2022-10-14 18:14:28,315]     3 |0.264	|0.7163	|0.6505
[2022-10-14 18:14:48,369]     4 |0.221	|0.7398	|0.6801
[2022-10-14 18:14:48,372] Training done.
[2022-10-14 18:14:48,373] Best validation f1: 0.6883
[2022-10-14 18:14:48,373] ----------------------------------------------------------------------------------------------------
[2022-10-14 18:14:50,232] ----------------------------------------------------------------------------------------------------
[2022-10-14 18:14:50,232] Start training for the following setup:
[2022-10-14 18:14:50,232] 	model: spacy
[2022-10-14 18:14:50,232] 	data: ['krauts', 'wikiwars_de', 'ancient_time_german']
[2022-10-14 18:14:50,232] 	language: de
[2022-10-14 18:14:50,232] 	n_epochs: 30
[2022-10-14 18:14:50,232] 	dropout: 0.3
[2022-10-14 18:14:50,232] 	learning_rate: None
[2022-10-14 18:14:50,232] 	trans_hidden_width: 16
[2022-10-14 18:14:50,232] 	trans_maxout_pieces: 2
[2022-10-14 18:14:50,232] 	trans_use_upper: True
[2022-10-14 18:14:50,232] 	embed_width: 96
[2022-10-14 18:14:50,232] 	embed_depth: 3
[2022-10-14 18:14:50,232] 	embed_size: 5000
[2022-10-14 18:14:50,232] 	embed_window_size: 1
[2022-10-14 18:14:50,233] 	embed_maxout_pieces: 3
[2022-10-14 18:14:50,233] 	embed_subword_features: True
[2022-10-14 18:14:50,233] 	models_path: /tei2go/models
[2022-10-14 18:14:50,233] 	resources_path: /tei2go/resources
[2022-10-14 18:14:50,233] 	logs_path: /tei2go/logs
[2022-10-14 18:14:50,233] 	data_path: /tei2go/data
[2022-10-14 18:14:50,233] 	gpu: False
[2022-10-14 18:14:50,233] Found preprocessed data.
[2022-10-14 18:14:50,238] Corpus statistics:
[2022-10-14 18:14:50,238] 	Train:
[2022-10-14 18:14:50,238] 		# sentences: 2124
[2022-10-14 18:14:50,238] 		# timexs: 2529
[2022-10-14 18:14:50,238] 	Validation:
[2022-10-14 18:14:50,238] 		# sentences: 160
[2022-10-14 18:14:50,238] 		# timexs: 214
[2022-10-14 18:14:50,238] Initializing model for language de.
[2022-10-14 18:14:50,346] Started train loop with id 20221014181450
[2022-10-14 18:14:50,348] Created vocabulary
[2022-10-14 18:14:50,349] Finished initializing nlp object
[2022-10-14 18:14:50,379]       |Loss 	|F1
[2022-10-14 18:14:50,379] Epoch |Train	|Train	|Validation
[2022-10-14 18:15:07,537]     1 |1.220	|0.6909	|0.6807
[2022-10-14 18:15:24,222]     2 |0.450	|0.6933	|0.6796
[2022-10-14 18:15:41,168]     3 |0.340	|0.7364	|0.6780
[2022-10-14 18:15:58,300]     4 |0.272	|0.7224	|0.6877
[2022-10-14 18:16:15,675]     5 |0.221	|0.7381	|0.6700
[2022-10-14 18:16:32,282]     6 |0.220	|0.7552	|0.6716
[2022-10-14 18:16:49,016]     7 |0.199	|0.7474	|0.6961
[2022-10-14 18:17:06,353]     8 |0.176	|0.7429	|0.6716
[2022-10-14 18:17:24,101]     9 |0.155	|0.7418	|0.6683
[2022-10-14 18:17:42,343]    10 |0.128	|0.7676	|0.6846
[2022-10-14 18:17:42,347] Training done.
[2022-10-14 18:17:42,348] Best validation f1: 0.6961
[2022-10-14 18:17:42,348] ----------------------------------------------------------------------------------------------------
[2022-10-14 18:17:44,427] ----------------------------------------------------------------------------------------------------
[2022-10-14 18:17:44,427] Start training for the following setup:
[2022-10-14 18:17:44,427] 	model: spacy
[2022-10-14 18:17:44,427] 	data: ['krauts', 'wikiwars_de', 'ancient_time_german']
[2022-10-14 18:17:44,427] 	language: de
[2022-10-14 18:17:44,427] 	n_epochs: 30
[2022-10-14 18:17:44,427] 	dropout: 0.2
[2022-10-14 18:17:44,427] 	learning_rate: None
[2022-10-14 18:17:44,427] 	trans_hidden_width: 64
[2022-10-14 18:17:44,427] 	trans_maxout_pieces: 2
[2022-10-14 18:17:44,427] 	trans_use_upper: True
[2022-10-14 18:17:44,427] 	embed_width: 300
[2022-10-14 18:17:44,427] 	embed_depth: 5
[2022-10-14 18:17:44,427] 	embed_size: 3000
[2022-10-14 18:17:44,427] 	embed_window_size: 2
[2022-10-14 18:17:44,427] 	embed_maxout_pieces: 1
[2022-10-14 18:17:44,427] 	embed_subword_features: True
[2022-10-14 18:17:44,427] 	models_path: /tei2go/models
[2022-10-14 18:17:44,427] 	resources_path: /tei2go/resources
[2022-10-14 18:17:44,427] 	logs_path: /tei2go/logs
[2022-10-14 18:17:44,427] 	data_path: /tei2go/data
[2022-10-14 18:17:44,427] 	gpu: False
[2022-10-14 18:17:44,427] Found preprocessed data.
[2022-10-14 18:17:44,433] Corpus statistics:
[2022-10-14 18:17:44,433] 	Train:
[2022-10-14 18:17:44,433] 		# sentences: 2124
[2022-10-14 18:17:44,433] 		# timexs: 2529
[2022-10-14 18:17:44,433] 	Validation:
[2022-10-14 18:17:44,433] 		# sentences: 160
[2022-10-14 18:17:44,433] 		# timexs: 214
[2022-10-14 18:17:44,433] Initializing model for language de.
[2022-10-14 18:17:44,555] Started train loop with id 20221014181744
[2022-10-14 18:17:44,558] Created vocabulary
[2022-10-14 18:17:44,558] Finished initializing nlp object
[2022-10-14 18:17:44,672]       |Loss 	|F1
[2022-10-14 18:17:44,672] Epoch |Train	|Train	|Validation
[2022-10-14 18:18:47,186]     1 |0.779	|0.5614	|0.5714
[2022-10-14 18:19:41,541]     2 |0.392	|0.6759	|0.6497
[2022-10-14 18:20:42,323]     3 |0.296	|0.7211	|0.6618
[2022-10-14 18:21:40,765]     4 |0.252	|0.7263	|0.6649
[2022-10-14 18:22:41,237]     5 |0.204	|0.7264	|0.6579
[2022-10-14 18:23:38,870]     6 |0.170	|0.7423	|0.6547
[2022-10-14 18:24:34,125]     7 |0.150	|0.7628	|0.6701
[2022-10-14 18:25:30,576]     8 |0.141	|0.7651	|0.6595
[2022-10-14 18:26:26,880]     9 |0.133	|0.7410	|0.6394
[2022-10-14 18:27:23,081]    10 |0.114	|0.7494	|0.6617
[2022-10-14 18:27:23,085] Training done.
[2022-10-14 18:27:23,085] Best validation f1: 0.6701
[2022-10-14 18:27:23,085] ----------------------------------------------------------------------------------------------------
[2022-10-14 18:27:24,970] ----------------------------------------------------------------------------------------------------
[2022-10-14 18:27:24,970] Start training for the following setup:
[2022-10-14 18:27:24,970] 	model: spacy
[2022-10-14 18:27:24,970] 	data: ['krauts', 'wikiwars_de', 'ancient_time_german']
[2022-10-14 18:27:24,970] 	language: de
[2022-10-14 18:27:24,970] 	n_epochs: 30
[2022-10-14 18:27:24,970] 	dropout: 0.5
[2022-10-14 18:27:24,970] 	learning_rate: None
[2022-10-14 18:27:24,970] 	trans_hidden_width: 8
[2022-10-14 18:27:24,970] 	trans_maxout_pieces: 1
[2022-10-14 18:27:24,970] 	trans_use_upper: True
[2022-10-14 18:27:24,970] 	embed_width: 300
[2022-10-14 18:27:24,970] 	embed_depth: 5
[2022-10-14 18:27:24,971] 	embed_size: 3000
[2022-10-14 18:27:24,971] 	embed_window_size: 1
[2022-10-14 18:27:24,971] 	embed_maxout_pieces: 2
[2022-10-14 18:27:24,971] 	embed_subword_features: True
[2022-10-14 18:27:24,971] 	models_path: /tei2go/models
[2022-10-14 18:27:24,971] 	resources_path: /tei2go/resources
[2022-10-14 18:27:24,971] 	logs_path: /tei2go/logs
[2022-10-14 18:27:24,971] 	data_path: /tei2go/data
[2022-10-14 18:27:24,971] 	gpu: False
[2022-10-14 18:27:24,971] Found preprocessed data.
[2022-10-14 18:27:24,976] Corpus statistics:
[2022-10-14 18:27:24,976] 	Train:
[2022-10-14 18:27:24,976] 		# sentences: 2124
[2022-10-14 18:27:24,976] 		# timexs: 2529
[2022-10-14 18:27:24,976] 	Validation:
[2022-10-14 18:27:24,976] 		# sentences: 160
[2022-10-14 18:27:24,976] 		# timexs: 214
[2022-10-14 18:27:24,976] Initializing model for language de.
[2022-10-14 18:27:25,080] Started train loop with id 20221014182725
[2022-10-14 18:27:25,083] Created vocabulary
[2022-10-14 18:27:25,083] Finished initializing nlp object
[2022-10-14 18:27:25,163]       |Loss 	|F1
[2022-10-14 18:27:25,163] Epoch |Train	|Train	|Validation
[2022-10-14 18:28:20,502]     1 |1.205	|0.6088	|0.6406
[2022-10-14 18:29:15,304]     2 |0.547	|0.6755	|0.6715
[2022-10-14 18:30:11,031]     3 |0.441	|0.7090	|0.6730
[2022-10-14 18:31:06,563]     4 |0.361	|0.7220	|0.6881
[2022-10-14 18:32:01,740]     5 |0.322	|0.7010	|0.6567
[2022-10-14 18:32:57,131]     6 |0.305	|0.7221	|0.6748
[2022-10-14 18:33:51,743]     7 |0.277	|0.7431	|0.6800
[2022-10-14 18:33:51,746] Training done.
[2022-10-14 18:33:51,746] Best validation f1: 0.6881
[2022-10-14 18:33:51,746] ----------------------------------------------------------------------------------------------------
[2022-10-14 18:33:53,585] ----------------------------------------------------------------------------------------------------
[2022-10-14 18:33:53,585] Start training for the following setup:
[2022-10-14 18:33:53,585] 	model: spacy
[2022-10-14 18:33:53,585] 	data: ['krauts', 'wikiwars_de', 'ancient_time_german']
[2022-10-14 18:33:53,585] 	language: de
[2022-10-14 18:33:53,585] 	n_epochs: 30
[2022-10-14 18:33:53,585] 	dropout: 0.0
[2022-10-14 18:33:53,585] 	learning_rate: None
[2022-10-14 18:33:53,585] 	trans_hidden_width: 16
[2022-10-14 18:33:53,585] 	trans_maxout_pieces: 1
[2022-10-14 18:33:53,585] 	trans_use_upper: True
[2022-10-14 18:33:53,586] 	embed_width: 300
[2022-10-14 18:33:53,586] 	embed_depth: 4
[2022-10-14 18:33:53,586] 	embed_size: 5000
[2022-10-14 18:33:53,586] 	embed_window_size: 1
[2022-10-14 18:33:53,586] 	embed_maxout_pieces: 2
[2022-10-14 18:33:53,586] 	embed_subword_features: True
[2022-10-14 18:33:53,586] 	models_path: /tei2go/models
[2022-10-14 18:33:53,586] 	resources_path: /tei2go/resources
[2022-10-14 18:33:53,586] 	logs_path: /tei2go/logs
[2022-10-14 18:33:53,586] 	data_path: /tei2go/data
[2022-10-14 18:33:53,586] 	gpu: False
[2022-10-14 18:33:53,586] Found preprocessed data.
[2022-10-14 18:33:53,591] Corpus statistics:
[2022-10-14 18:33:53,591] 	Train:
[2022-10-14 18:33:53,591] 		# sentences: 2124
[2022-10-14 18:33:53,592] 		# timexs: 2529
[2022-10-14 18:33:53,592] 	Validation:
[2022-10-14 18:33:53,592] 		# sentences: 160
[2022-10-14 18:33:53,592] 		# timexs: 214
[2022-10-14 18:33:53,592] Initializing model for language de.
[2022-10-14 18:33:53,698] Started train loop with id 20221014183353
[2022-10-14 18:33:53,700] Created vocabulary
[2022-10-14 18:33:53,701] Finished initializing nlp object
[2022-10-14 18:33:53,786]       |Loss 	|F1
[2022-10-14 18:33:53,786] Epoch |Train	|Train	|Validation
[2022-10-14 18:34:45,771]     1 |0.800	|0.3808	|0.3261
[2022-10-14 18:35:37,592]     2 |0.342	|0.3687	|0.3125
[2022-10-14 18:36:29,881]     3 |0.256	|0.3481	|0.2306
[2022-10-14 18:37:23,533]     4 |0.210	|0.3927	|0.2974
[2022-10-14 18:37:23,541] Training done.
[2022-10-14 18:37:23,541] Best validation f1: 0.3261
[2022-10-14 18:37:23,541] ----------------------------------------------------------------------------------------------------
[2022-10-14 18:37:25,608] ----------------------------------------------------------------------------------------------------
[2022-10-14 18:37:25,608] Start training for the following setup:
[2022-10-14 18:37:25,608] 	model: spacy
[2022-10-14 18:37:25,608] 	data: ['krauts', 'wikiwars_de', 'ancient_time_german']
[2022-10-14 18:37:25,608] 	language: de
[2022-10-14 18:37:25,608] 	n_epochs: 30
[2022-10-14 18:37:25,608] 	dropout: 0.0
[2022-10-14 18:37:25,608] 	learning_rate: None
[2022-10-14 18:37:25,608] 	trans_hidden_width: 256
[2022-10-14 18:37:25,608] 	trans_maxout_pieces: 3
[2022-10-14 18:37:25,608] 	trans_use_upper: True
[2022-10-14 18:37:25,608] 	embed_width: 300
[2022-10-14 18:37:25,608] 	embed_depth: 7
[2022-10-14 18:37:25,608] 	embed_size: 4000
[2022-10-14 18:37:25,608] 	embed_window_size: 1
[2022-10-14 18:37:25,608] 	embed_maxout_pieces: 1
[2022-10-14 18:37:25,608] 	embed_subword_features: True
[2022-10-14 18:37:25,608] 	models_path: /tei2go/models
[2022-10-14 18:37:25,608] 	resources_path: /tei2go/resources
[2022-10-14 18:37:25,608] 	logs_path: /tei2go/logs
[2022-10-14 18:37:25,608] 	data_path: /tei2go/data
[2022-10-14 18:37:25,608] 	gpu: False
[2022-10-14 18:37:25,608] Found preprocessed data.
[2022-10-14 18:37:25,614] Corpus statistics:
[2022-10-14 18:37:25,614] 	Train:
[2022-10-14 18:37:25,614] 		# sentences: 2124
[2022-10-14 18:37:25,615] 		# timexs: 2529
[2022-10-14 18:37:25,615] 	Validation:
[2022-10-14 18:37:25,615] 		# sentences: 160
[2022-10-14 18:37:25,615] 		# timexs: 214
[2022-10-14 18:37:25,615] Initializing model for language de.
[2022-10-14 18:37:25,736] Started train loop with id 20221014183725
[2022-10-14 18:37:25,739] Created vocabulary
[2022-10-14 18:37:25,740] Finished initializing nlp object
[2022-10-14 18:37:26,164]       |Loss 	|F1
[2022-10-14 18:37:26,164] Epoch |Train	|Train	|Validation
[2022-10-14 18:38:51,631]     1 |0.850	|0.6436	|0.6290
[2022-10-14 18:40:08,298]     2 |0.439	|0.6613	|0.6278
[2022-10-14 18:41:28,955]     3 |0.331	|0.6590	|0.6402
[2022-10-14 18:42:55,458]     4 |0.269	|0.7209	|0.6634
[2022-10-14 18:44:20,184]     5 |0.222	|0.7113	|0.6341
[2022-10-14 18:45:39,166]     6 |0.207	|0.7649	|0.6507
[2022-10-14 18:46:55,823]     7 |0.177	|0.7701	|0.6765
[2022-10-14 18:48:12,794]     8 |0.161	|0.7921	|0.6809
[2022-10-14 18:49:33,127]     9 |0.141	|0.7436	|0.6505
[2022-10-14 18:50:50,718]    10 |0.117	|0.7518	|0.6172
[2022-10-14 18:52:06,267]    11 |0.131	|0.7751	|0.6524
[2022-10-14 18:52:06,270] Training done.
[2022-10-14 18:52:06,270] Best validation f1: 0.6809
[2022-10-14 18:52:06,270] ----------------------------------------------------------------------------------------------------
[2022-10-14 18:52:08,049] ----------------------------------------------------------------------------------------------------
[2022-10-14 18:52:08,049] Start training for the following setup:
[2022-10-14 18:52:08,049] 	model: spacy
[2022-10-14 18:52:08,049] 	data: ['krauts', 'wikiwars_de', 'ancient_time_german']
[2022-10-14 18:52:08,049] 	language: de
[2022-10-14 18:52:08,050] 	n_epochs: 30
[2022-10-14 18:52:08,050] 	dropout: 0.1
[2022-10-14 18:52:08,050] 	learning_rate: None
[2022-10-14 18:52:08,050] 	trans_hidden_width: 128
[2022-10-14 18:52:08,050] 	trans_maxout_pieces: 1
[2022-10-14 18:52:08,050] 	trans_use_upper: True
[2022-10-14 18:52:08,050] 	embed_width: 96
[2022-10-14 18:52:08,050] 	embed_depth: 5
[2022-10-14 18:52:08,050] 	embed_size: 3000
[2022-10-14 18:52:08,050] 	embed_window_size: 1
[2022-10-14 18:52:08,050] 	embed_maxout_pieces: 3
[2022-10-14 18:52:08,050] 	embed_subword_features: True
[2022-10-14 18:52:08,050] 	models_path: /tei2go/models
[2022-10-14 18:52:08,050] 	resources_path: /tei2go/resources
[2022-10-14 18:52:08,050] 	logs_path: /tei2go/logs
[2022-10-14 18:52:08,050] 	data_path: /tei2go/data
[2022-10-14 18:52:08,050] 	gpu: False
[2022-10-14 18:52:08,050] Found preprocessed data.
[2022-10-14 18:52:08,055] Corpus statistics:
[2022-10-14 18:52:08,055] 	Train:
[2022-10-14 18:52:08,055] 		# sentences: 2124
[2022-10-14 18:52:08,055] 		# timexs: 2529
[2022-10-14 18:52:08,056] 	Validation:
[2022-10-14 18:52:08,056] 		# sentences: 160
[2022-10-14 18:52:08,056] 		# timexs: 214
[2022-10-14 18:52:08,056] Initializing model for language de.
[2022-10-14 18:52:08,161] Started train loop with id 20221014185208
[2022-10-14 18:52:08,164] Created vocabulary
[2022-10-14 18:52:08,164] Finished initializing nlp object
[2022-10-14 18:52:08,302]       |Loss 	|F1
[2022-10-14 18:52:08,302] Epoch |Train	|Train	|Validation
[2022-10-14 18:52:27,999]     1 |0.855	|0.4232	|0.3926
[2022-10-14 18:52:47,349]     2 |0.359	|0.3141	|0.2852
[2022-10-14 18:53:06,771]     3 |0.258	|0.4097	|0.3765
[2022-10-14 18:53:26,236]     4 |0.201	|0.5278	|0.4866
[2022-10-14 18:53:45,667]     5 |0.191	|0.5896	|0.5319
[2022-10-14 18:54:05,250]     6 |0.158	|0.6385	|0.5474
[2022-10-14 18:54:24,646]     7 |0.135	|0.6222	|0.5213
[2022-10-14 18:54:45,088]     8 |0.128	|0.5823	|0.5100
[2022-10-14 18:55:05,832]     9 |0.123	|0.6194	|0.5367
[2022-10-14 18:55:05,837] Training done.
[2022-10-14 18:55:05,837] Best validation f1: 0.5474
[2022-10-14 18:55:05,837] ----------------------------------------------------------------------------------------------------
[2022-10-14 18:55:07,730] ----------------------------------------------------------------------------------------------------
[2022-10-14 18:55:07,730] Start training for the following setup:
[2022-10-14 18:55:07,730] 	model: spacy
[2022-10-14 18:55:07,730] 	data: ['krauts', 'wikiwars_de', 'ancient_time_german']
[2022-10-14 18:55:07,730] 	language: de
[2022-10-14 18:55:07,730] 	n_epochs: 30
[2022-10-14 18:55:07,730] 	dropout: 0.3
[2022-10-14 18:55:07,730] 	learning_rate: None
[2022-10-14 18:55:07,730] 	trans_hidden_width: 32
[2022-10-14 18:55:07,730] 	trans_maxout_pieces: 3
[2022-10-14 18:55:07,731] 	trans_use_upper: True
[2022-10-14 18:55:07,731] 	embed_width: 128
[2022-10-14 18:55:07,731] 	embed_depth: 3
[2022-10-14 18:55:07,731] 	embed_size: 6000
[2022-10-14 18:55:07,731] 	embed_window_size: 2
[2022-10-14 18:55:07,731] 	embed_maxout_pieces: 2
[2022-10-14 18:55:07,731] 	embed_subword_features: True
[2022-10-14 18:55:07,731] 	models_path: /tei2go/models
[2022-10-14 18:55:07,731] 	resources_path: /tei2go/resources
[2022-10-14 18:55:07,731] 	logs_path: /tei2go/logs
[2022-10-14 18:55:07,731] 	data_path: /tei2go/data
[2022-10-14 18:55:07,731] 	gpu: False
[2022-10-14 18:55:07,731] Found preprocessed data.
[2022-10-14 18:55:07,736] Corpus statistics:
[2022-10-14 18:55:07,736] 	Train:
[2022-10-14 18:55:07,736] 		# sentences: 2124
[2022-10-14 18:55:07,737] 		# timexs: 2529
[2022-10-14 18:55:07,737] 	Validation:
[2022-10-14 18:55:07,737] 		# sentences: 160
[2022-10-14 18:55:07,737] 		# timexs: 214
[2022-10-14 18:55:07,737] Initializing model for language de.
[2022-10-14 18:55:07,842] Started train loop with id 20221014185507
[2022-10-14 18:55:07,845] Created vocabulary
[2022-10-14 18:55:07,845] Finished initializing nlp object
[2022-10-14 18:55:07,895]       |Loss 	|F1
[2022-10-14 18:55:07,895] Epoch |Train	|Train	|Validation
[2022-10-14 18:55:31,670]     1 |0.996	|0.6855	|0.6734
[2022-10-14 18:55:54,338]     2 |0.396	|0.6902	|0.6427
[2022-10-14 18:56:17,258]     3 |0.286	|0.7241	|0.6814
[2022-10-14 18:56:40,616]     4 |0.234	|0.7387	|0.6784
[2022-10-14 18:57:04,370]     5 |0.190	|0.7216	|0.6373
[2022-10-14 18:57:27,874]     6 |0.158	|0.7608	|0.6667
[2022-10-14 18:57:27,877] Training done.
[2022-10-14 18:57:27,877] Best validation f1: 0.6814
[2022-10-14 18:57:27,877] ----------------------------------------------------------------------------------------------------
[2022-10-14 18:57:29,660] ----------------------------------------------------------------------------------------------------
[2022-10-14 18:57:29,661] Start training for the following setup:
[2022-10-14 18:57:29,661] 	model: spacy
[2022-10-14 18:57:29,661] 	data: ['krauts', 'wikiwars_de', 'ancient_time_german']
[2022-10-14 18:57:29,661] 	language: de
[2022-10-14 18:57:29,661] 	n_epochs: 30
[2022-10-14 18:57:29,661] 	dropout: 0.1
[2022-10-14 18:57:29,661] 	learning_rate: None
[2022-10-14 18:57:29,661] 	trans_hidden_width: 64
[2022-10-14 18:57:29,661] 	trans_maxout_pieces: 2
[2022-10-14 18:57:29,661] 	trans_use_upper: True
[2022-10-14 18:57:29,661] 	embed_width: 128
[2022-10-14 18:57:29,661] 	embed_depth: 3
[2022-10-14 18:57:29,661] 	embed_size: 9000
[2022-10-14 18:57:29,661] 	embed_window_size: 2
[2022-10-14 18:57:29,661] 	embed_maxout_pieces: 2
[2022-10-14 18:57:29,661] 	embed_subword_features: True
[2022-10-14 18:57:29,661] 	models_path: /tei2go/models
[2022-10-14 18:57:29,661] 	resources_path: /tei2go/resources
[2022-10-14 18:57:29,661] 	logs_path: /tei2go/logs
[2022-10-14 18:57:29,661] 	data_path: /tei2go/data
[2022-10-14 18:57:29,661] 	gpu: False
[2022-10-14 18:57:29,661] Found preprocessed data.
[2022-10-14 18:57:29,666] Corpus statistics:
[2022-10-14 18:57:29,666] 	Train:
[2022-10-14 18:57:29,666] 		# sentences: 2124
[2022-10-14 18:57:29,667] 		# timexs: 2529
[2022-10-14 18:57:29,667] 	Validation:
[2022-10-14 18:57:29,667] 		# sentences: 160
[2022-10-14 18:57:29,667] 		# timexs: 214
[2022-10-14 18:57:29,667] Initializing model for language de.
[2022-10-14 18:57:29,772] Started train loop with id 20221014185729
[2022-10-14 18:57:29,774] Created vocabulary
[2022-10-14 18:57:29,775] Finished initializing nlp object
[2022-10-14 18:57:29,844]       |Loss 	|F1
[2022-10-14 18:57:29,844] Epoch |Train	|Train	|Validation
[2022-10-14 18:57:56,329]     1 |0.806	|0.6498	|0.6618
[2022-10-14 18:58:22,897]     2 |0.321	|0.7110	|0.6603
[2022-10-14 18:58:50,834]     3 |0.230	|0.7063	|0.6489
[2022-10-14 18:59:17,065]     4 |0.162	|0.7262	|0.6551
[2022-10-14 18:59:17,071] Training done.
[2022-10-14 18:59:17,071] Best validation f1: 0.6618
[2022-10-14 18:59:17,072] ----------------------------------------------------------------------------------------------------
[2022-10-14 18:59:18,993] ----------------------------------------------------------------------------------------------------
[2022-10-14 18:59:18,993] Start training for the following setup:
[2022-10-14 18:59:18,993] 	model: spacy
[2022-10-14 18:59:18,993] 	data: ['krauts', 'wikiwars_de', 'ancient_time_german']
[2022-10-14 18:59:18,993] 	language: de
[2022-10-14 18:59:18,993] 	n_epochs: 30
[2022-10-14 18:59:18,993] 	dropout: 0.4
[2022-10-14 18:59:18,993] 	learning_rate: None
[2022-10-14 18:59:18,993] 	trans_hidden_width: 256
[2022-10-14 18:59:18,993] 	trans_maxout_pieces: 3
[2022-10-14 18:59:18,993] 	trans_use_upper: True
[2022-10-14 18:59:18,993] 	embed_width: 128
[2022-10-14 18:59:18,993] 	embed_depth: 4
[2022-10-14 18:59:18,993] 	embed_size: 3000
[2022-10-14 18:59:18,993] 	embed_window_size: 1
[2022-10-14 18:59:18,993] 	embed_maxout_pieces: 3
[2022-10-14 18:59:18,993] 	embed_subword_features: True
[2022-10-14 18:59:18,993] 	models_path: /tei2go/models
[2022-10-14 18:59:18,993] 	resources_path: /tei2go/resources
[2022-10-14 18:59:18,993] 	logs_path: /tei2go/logs
[2022-10-14 18:59:18,994] 	data_path: /tei2go/data
[2022-10-14 18:59:18,994] 	gpu: False
[2022-10-14 18:59:18,994] Found preprocessed data.
[2022-10-14 18:59:18,999] Corpus statistics:
[2022-10-14 18:59:18,999] 	Train:
[2022-10-14 18:59:18,999] 		# sentences: 2124
[2022-10-14 18:59:18,999] 		# timexs: 2529
[2022-10-14 18:59:18,999] 	Validation:
[2022-10-14 18:59:18,999] 		# sentences: 160
[2022-10-14 18:59:18,999] 		# timexs: 214
[2022-10-14 18:59:18,999] Initializing model for language de.
[2022-10-14 18:59:19,111] Started train loop with id 20221014185919
[2022-10-14 18:59:19,113] Created vocabulary
[2022-10-14 18:59:19,114] Finished initializing nlp object
[2022-10-14 18:59:19,504]       |Loss 	|F1
[2022-10-14 18:59:19,504] Epoch |Train	|Train	|Validation
[2022-10-14 19:00:13,762]     1 |1.066	|0.6272	|0.6127
[2022-10-14 19:01:01,796]     2 |0.604	|0.6632	|0.6180
[2022-10-14 19:01:53,592]     3 |0.483	|0.6686	|0.6402
[2022-10-14 19:02:45,287]     4 |0.415	|0.7006	|0.6549
[2022-10-14 19:03:37,252]     5 |0.362	|0.6871	|0.6650
[2022-10-14 19:04:26,187]     6 |0.340	|0.6900	|0.6619
[2022-10-14 19:05:19,997]     7 |0.293	|0.7264	|0.6715
[2022-10-14 19:06:10,645]     8 |0.284	|0.7347	|0.6732
[2022-10-14 19:06:59,934]     9 |0.243	|0.7348	|0.6618
[2022-10-14 19:07:49,374]    10 |0.252	|0.7323	|0.6667
[2022-10-14 19:08:40,245]    11 |0.237	|0.7323	|0.6650
[2022-10-14 19:08:40,248] Training done.
[2022-10-14 19:08:40,248] Best validation f1: 0.6732
[2022-10-14 19:08:40,248] ----------------------------------------------------------------------------------------------------
[2022-10-14 19:08:42,105] ----------------------------------------------------------------------------------------------------
[2022-10-14 19:08:42,106] Start training for the following setup:
[2022-10-14 19:08:42,106] 	model: spacy
[2022-10-14 19:08:42,106] 	data: ['krauts', 'wikiwars_de', 'ancient_time_german']
[2022-10-14 19:08:42,106] 	language: de
[2022-10-14 19:08:42,106] 	n_epochs: 30
[2022-10-14 19:08:42,106] 	dropout: 0.4
[2022-10-14 19:08:42,106] 	learning_rate: None
[2022-10-14 19:08:42,106] 	trans_hidden_width: 64
[2022-10-14 19:08:42,106] 	trans_maxout_pieces: 3
[2022-10-14 19:08:42,106] 	trans_use_upper: True
[2022-10-14 19:08:42,106] 	embed_width: 300
[2022-10-14 19:08:42,106] 	embed_depth: 2
[2022-10-14 19:08:42,106] 	embed_size: 7000
[2022-10-14 19:08:42,106] 	embed_window_size: 2
[2022-10-14 19:08:42,106] 	embed_maxout_pieces: 3
[2022-10-14 19:08:42,106] 	embed_subword_features: True
[2022-10-14 19:08:42,106] 	models_path: /tei2go/models
[2022-10-14 19:08:42,107] 	resources_path: /tei2go/resources
[2022-10-14 19:08:42,107] 	logs_path: /tei2go/logs
[2022-10-14 19:08:42,107] 	data_path: /tei2go/data
[2022-10-14 19:08:42,107] 	gpu: False
[2022-10-14 19:08:42,107] Found preprocessed data.
[2022-10-14 19:08:42,112] Corpus statistics:
[2022-10-14 19:08:42,112] 	Train:
[2022-10-14 19:08:42,112] 		# sentences: 2124
[2022-10-14 19:08:42,113] 		# timexs: 2529
[2022-10-14 19:08:42,113] 	Validation:
[2022-10-14 19:08:42,113] 		# sentences: 160
[2022-10-14 19:08:42,113] 		# timexs: 214
[2022-10-14 19:08:42,113] Initializing model for language de.
[2022-10-14 19:08:42,226] Started train loop with id 20221014190842
[2022-10-14 19:08:42,228] Created vocabulary
[2022-10-14 19:08:42,229] Finished initializing nlp object
[2022-10-14 19:08:42,369]       |Loss 	|F1
[2022-10-14 19:08:42,369] Epoch |Train	|Train	|Validation
[2022-10-14 19:09:48,994]     1 |0.956	|0.6579	|0.6600
[2022-10-14 19:10:56,246]     2 |0.400	|0.6772	|0.6398
[2022-10-14 19:12:05,160]     3 |0.311	|0.6930	|0.6216
[2022-10-14 19:13:14,168]     4 |0.229	|0.7023	|0.6434
[2022-10-14 19:13:14,170] Training done.
[2022-10-14 19:13:14,171] Best validation f1: 0.6600
[2022-10-14 19:13:14,171] ----------------------------------------------------------------------------------------------------
[2022-10-14 19:13:15,954] ----------------------------------------------------------------------------------------------------
[2022-10-14 19:13:15,954] Start training for the following setup:
[2022-10-14 19:13:15,954] 	model: spacy
[2022-10-14 19:13:15,954] 	data: ['krauts', 'wikiwars_de', 'ancient_time_german']
[2022-10-14 19:13:15,954] 	language: de
[2022-10-14 19:13:15,954] 	n_epochs: 30
[2022-10-14 19:13:15,954] 	dropout: 0.3
[2022-10-14 19:13:15,954] 	learning_rate: None
[2022-10-14 19:13:15,954] 	trans_hidden_width: 64
[2022-10-14 19:13:15,954] 	trans_maxout_pieces: 2
[2022-10-14 19:13:15,954] 	trans_use_upper: True
[2022-10-14 19:13:15,954] 	embed_width: 96
[2022-10-14 19:13:15,954] 	embed_depth: 3
[2022-10-14 19:13:15,954] 	embed_size: 3000
[2022-10-14 19:13:15,954] 	embed_window_size: 1
[2022-10-14 19:13:15,954] 	embed_maxout_pieces: 2
[2022-10-14 19:13:15,954] 	embed_subword_features: True
[2022-10-14 19:13:15,954] 	models_path: /tei2go/models
[2022-10-14 19:13:15,954] 	resources_path: /tei2go/resources
[2022-10-14 19:13:15,954] 	logs_path: /tei2go/logs
[2022-10-14 19:13:15,954] 	data_path: /tei2go/data
[2022-10-14 19:13:15,954] 	gpu: False
[2022-10-14 19:13:15,954] Found preprocessed data.
[2022-10-14 19:13:15,959] Corpus statistics:
[2022-10-14 19:13:15,959] 	Train:
[2022-10-14 19:13:15,960] 		# sentences: 2124
[2022-10-14 19:13:15,960] 		# timexs: 2529
[2022-10-14 19:13:15,960] 	Validation:
[2022-10-14 19:13:15,960] 		# sentences: 160
[2022-10-14 19:13:15,960] 		# timexs: 214
[2022-10-14 19:13:15,960] Initializing model for language de.
[2022-10-14 19:13:16,065] Started train loop with id 20221014191316
[2022-10-14 19:13:16,068] Created vocabulary
[2022-10-14 19:13:16,068] Finished initializing nlp object
[2022-10-14 19:13:16,116]       |Loss 	|F1
[2022-10-14 19:13:16,116] Epoch |Train	|Train	|Validation
[2022-10-14 19:13:32,304]     1 |0.987	|0.6767	|0.6804
[2022-10-14 19:13:48,467]     2 |0.474	|0.6935	|0.6667
[2022-10-14 19:14:04,835]     3 |0.354	|0.6917	|0.6667
[2022-10-14 19:14:19,254]     4 |0.288	|0.7199	|0.6851
[2022-10-14 19:14:33,722]     5 |0.262	|0.7108	|0.6551
[2022-10-14 19:14:48,104]     6 |0.220	|0.7410	|0.6801
[2022-10-14 19:15:02,449]     7 |0.227	|0.7480	|0.6733
[2022-10-14 19:15:02,452] Training done.
[2022-10-14 19:15:02,452] Best validation f1: 0.6851
[2022-10-14 19:15:02,452] ----------------------------------------------------------------------------------------------------
[2022-10-14 19:15:04,211] ----------------------------------------------------------------------------------------------------
[2022-10-14 19:15:04,211] Start training for the following setup:
[2022-10-14 19:15:04,211] 	model: spacy
[2022-10-14 19:15:04,211] 	data: ['krauts', 'wikiwars_de', 'ancient_time_german']
[2022-10-14 19:15:04,211] 	language: de
[2022-10-14 19:15:04,211] 	n_epochs: 30
[2022-10-14 19:15:04,211] 	dropout: 0.1
[2022-10-14 19:15:04,211] 	learning_rate: None
[2022-10-14 19:15:04,211] 	trans_hidden_width: 32
[2022-10-14 19:15:04,211] 	trans_maxout_pieces: 2
[2022-10-14 19:15:04,211] 	trans_use_upper: True
[2022-10-14 19:15:04,211] 	embed_width: 96
[2022-10-14 19:15:04,211] 	embed_depth: 2
[2022-10-14 19:15:04,211] 	embed_size: 9000
[2022-10-14 19:15:04,211] 	embed_window_size: 2
[2022-10-14 19:15:04,211] 	embed_maxout_pieces: 2
[2022-10-14 19:15:04,211] 	embed_subword_features: True
[2022-10-14 19:15:04,211] 	models_path: /tei2go/models
[2022-10-14 19:15:04,211] 	resources_path: /tei2go/resources
[2022-10-14 19:15:04,211] 	logs_path: /tei2go/logs
[2022-10-14 19:15:04,211] 	data_path: /tei2go/data
[2022-10-14 19:15:04,212] 	gpu: False
[2022-10-14 19:15:04,212] Found preprocessed data.
[2022-10-14 19:15:04,217] Corpus statistics:
[2022-10-14 19:15:04,217] 	Train:
[2022-10-14 19:15:04,217] 		# sentences: 2124
[2022-10-14 19:15:04,217] 		# timexs: 2529
[2022-10-14 19:15:04,217] 	Validation:
[2022-10-14 19:15:04,217] 		# sentences: 160
[2022-10-14 19:15:04,217] 		# timexs: 214
[2022-10-14 19:15:04,217] Initializing model for language de.
[2022-10-14 19:15:04,323] Started train loop with id 20221014191504
[2022-10-14 19:15:04,326] Created vocabulary
[2022-10-14 19:15:04,326] Finished initializing nlp object
[2022-10-14 19:15:04,368]       |Loss 	|F1
[2022-10-14 19:15:04,368] Epoch |Train	|Train	|Validation
[2022-10-14 19:15:22,687]     1 |0.989	|0.6840	|0.7059
[2022-10-14 19:15:40,569]     2 |0.320	|0.7196	|0.6889
[2022-10-14 19:15:58,733]     3 |0.201	|0.7472	|0.6490
[2022-10-14 19:16:16,765]     4 |0.144	|0.7583	|0.6815
[2022-10-14 19:16:16,768] Training done.
[2022-10-14 19:16:16,768] Best validation f1: 0.7059
[2022-10-14 19:16:16,768] ----------------------------------------------------------------------------------------------------
