[2022-09-24 22:59:38,903] ----------------------------------------------------------------------------------------------------
[2022-09-24 22:59:38,903] Start training for the following setup:
[2022-09-24 22:59:38,917] 	model: spacy
[2022-09-24 22:59:38,917] 	data: ['spanish_timebank', 'tempeval_2_spanish', 'meantime_spanish', 'ancient_time_spanish', 'ph_spanish']
[2022-09-24 22:59:38,918] 	language: es
[2022-09-24 22:59:38,918] 	n_epochs: 15
[2022-09-24 22:59:38,918] 	dropout: 0.0
[2022-09-24 22:59:38,918] 	batch_size: None
[2022-09-24 22:59:38,918] 	learning_rate: None
[2022-09-24 22:59:38,918] 	embeddings: None
[2022-09-24 22:59:38,918] Reading datasets spanish_timebank tempeval_2_spanish meantime_spanish ancient_time_spanish ph_spanish.
[2022-09-24 23:00:01,893] Corpus statistics:
[2022-09-24 23:00:01,893] 	Train:
[2022-09-24 23:00:01,893] 		# documents: 24322
[2022-09-24 23:00:01,893] 		# sentences w/ timexs: 120377
[2022-09-24 23:00:01,957] 		# timexs: 227910
[2022-09-24 23:00:01,957] 	Validation:
[2022-09-24 23:00:01,957] 		# documents: 2741
[2022-09-24 23:00:01,957] 		# sentences w/ timexs: 14181
[2022-09-24 23:00:01,963] 		# timexs: 26592
[2022-09-24 23:00:01,963] Initializing model for language es.
[2022-09-24 23:00:02,662] Started train loop with id 20220924230002
[2022-09-24 23:00:02,666] Created vocabulary
[2022-09-24 23:00:02,667] Finished initializing nlp object
[2022-09-24 23:00:02,736]       |Loss 	|F1
[2022-09-24 23:00:02,736] Epoch |Train	|Train	|Validation
[2022-09-24 23:38:01,623]     1 |0.074	|0.9600	|0.9558
[2022-09-25 00:15:06,891]     2 |0.032	|0.9630	|0.9576
[2022-09-25 00:52:17,713]     3 |0.026	|0.9642	|0.9595
[2022-09-25 01:29:24,136]     4 |0.022	|0.9634	|0.9582
[2022-09-25 02:06:24,340]     5 |0.019	|0.9660	|0.9609
[2022-09-25 02:43:33,995]     6 |0.018	|0.9670	|0.9607
[2022-09-25 03:20:36,337]     7 |0.017	|0.9677	|0.9615
[2022-09-25 03:57:34,163]     8 |0.018	|0.9663	|0.9605
[2022-09-25 04:34:27,238]     9 |0.015	|0.9663	|0.9600
[2022-09-25 05:11:26,757]    10 |0.015	|0.9666	|0.9611
[2022-09-25 05:11:27,336] Training done.
[2022-09-25 05:11:27,336] Best validation f1: 0.9615
[2022-09-25 05:11:27,336] ----------------------------------------------------------------------------------------------------
[2022-09-25 05:11:31,983] ----------------------------------------------------------------------------------------------------
[2022-09-25 05:11:31,983] Start training for the following setup:
[2022-09-25 05:11:31,983] 	model: spacy
[2022-09-25 05:11:31,983] 	data: ['spanish_timebank', 'tempeval_2_spanish', 'meantime_spanish', 'ancient_time_spanish', 'ph_spanish']
[2022-09-25 05:11:31,983] 	language: es
[2022-09-25 05:11:31,983] 	n_epochs: 15
[2022-09-25 05:11:31,983] 	dropout: 0.1
[2022-09-25 05:11:31,983] 	batch_size: None
[2022-09-25 05:11:31,983] 	learning_rate: None
[2022-09-25 05:11:31,983] 	embeddings: None
[2022-09-25 05:11:31,983] Reading datasets spanish_timebank tempeval_2_spanish meantime_spanish ancient_time_spanish ph_spanish.
[2022-09-25 05:11:54,490] Corpus statistics:
[2022-09-25 05:11:54,490] 	Train:
[2022-09-25 05:11:54,490] 		# documents: 24322
[2022-09-25 05:11:54,490] 		# sentences w/ timexs: 120377
[2022-09-25 05:11:54,551] 		# timexs: 227910
[2022-09-25 05:11:54,552] 	Validation:
[2022-09-25 05:11:54,552] 		# documents: 2741
[2022-09-25 05:11:54,552] 		# sentences w/ timexs: 14181
[2022-09-25 05:11:54,556] 		# timexs: 26592
[2022-09-25 05:11:54,556] Initializing model for language es.
[2022-09-25 05:11:55,237] Started train loop with id 20220925051155
[2022-09-25 05:11:55,241] Created vocabulary
[2022-09-25 05:11:55,242] Finished initializing nlp object
[2022-09-25 05:11:55,312]       |Loss 	|F1
[2022-09-25 05:11:55,312] Epoch |Train	|Train	|Validation
[2022-09-25 05:50:50,084]     1 |0.090	|0.9579	|0.9546
[2022-09-25 06:28:57,765]     2 |0.042	|0.9617	|0.9578
[2022-09-25 07:07:14,626]     3 |0.033	|0.9642	|0.9585
[2022-09-25 07:45:28,876]     4 |0.029	|0.9648	|0.9588
[2022-09-25 08:23:39,124]     5 |0.026	|0.9652	|0.9600
[2022-09-25 09:01:46,196]     6 |0.025	|0.9641	|0.9584
[2022-09-25 09:39:52,199]     7 |0.023	|0.9663	|0.9610
[2022-09-25 10:18:04,239]     8 |0.022	|0.9654	|0.9592
[2022-09-25 10:56:11,773]     9 |0.020	|0.9662	|0.9605
[2022-09-25 11:34:20,998]    10 |0.020	|0.9662	|0.9604
[2022-09-25 11:34:21,574] Training done.
[2022-09-25 11:34:21,574] Best validation f1: 0.9610
[2022-09-25 11:34:21,574] ----------------------------------------------------------------------------------------------------
[2022-09-25 11:34:26,314] ----------------------------------------------------------------------------------------------------
[2022-09-25 11:34:26,315] Start training for the following setup:
[2022-09-25 11:34:26,315] 	model: spacy
[2022-09-25 11:34:26,315] 	data: ['spanish_timebank', 'tempeval_2_spanish', 'meantime_spanish', 'ancient_time_spanish', 'ph_spanish']
[2022-09-25 11:34:26,315] 	language: es
[2022-09-25 11:34:26,315] 	n_epochs: 15
[2022-09-25 11:34:26,315] 	dropout: 0.2
[2022-09-25 11:34:26,315] 	batch_size: None
[2022-09-25 11:34:26,315] 	learning_rate: None
[2022-09-25 11:34:26,315] 	embeddings: None
[2022-09-25 11:34:26,315] Reading datasets spanish_timebank tempeval_2_spanish meantime_spanish ancient_time_spanish ph_spanish.
[2022-09-25 11:34:48,975] Corpus statistics:
[2022-09-25 11:34:48,975] 	Train:
[2022-09-25 11:34:48,975] 		# documents: 24322
[2022-09-25 11:34:48,975] 		# sentences w/ timexs: 120377
[2022-09-25 11:34:49,040] 		# timexs: 227910
[2022-09-25 11:34:49,040] 	Validation:
[2022-09-25 11:34:49,040] 		# documents: 2741
[2022-09-25 11:34:49,041] 		# sentences w/ timexs: 14181
[2022-09-25 11:34:49,045] 		# timexs: 26592
[2022-09-25 11:34:49,045] Initializing model for language es.
[2022-09-25 11:34:49,751] Started train loop with id 20220925113449
[2022-09-25 11:34:49,755] Created vocabulary
[2022-09-25 11:34:49,756] Finished initializing nlp object
[2022-09-25 11:34:49,825]       |Loss 	|F1
[2022-09-25 11:34:49,825] Epoch |Train	|Train	|Validation
[2022-09-25 12:13:50,959]     1 |0.112	|0.9563	|0.9524
[2022-09-25 12:52:19,105]     2 |0.051	|0.9603	|0.9560
[2022-09-25 13:30:47,398]     3 |0.042	|0.9621	|0.9570
[2022-09-25 14:09:16,499]     4 |0.037	|0.9634	|0.9586
[2022-09-25 14:47:44,464]     5 |0.032	|0.9643	|0.9583
[2022-09-25 15:26:11,603]     6 |0.029	|0.9657	|0.9593
[2022-09-25 16:04:40,687]     7 |0.028	|0.9644	|0.9586
[2022-09-25 16:43:11,887]     8 |0.027	|0.9643	|0.9578
[2022-09-25 17:21:38,531]     9 |0.025	|0.9646	|0.9594
[2022-09-25 18:00:10,731]    10 |0.025	|0.9663	|0.9611
[2022-09-25 18:38:38,198]    11 |0.024	|0.9664	|0.9607
[2022-09-25 19:17:06,082]    12 |0.023	|0.9667	|0.9607
[2022-09-25 19:55:33,933]    13 |0.023	|0.9672	|0.9621
[2022-09-25 20:34:04,197]    14 |0.023	|0.9673	|0.9622
[2022-09-25 21:12:35,051]    15 |0.022	|0.9671	|0.9619
[2022-09-25 21:12:35,631] Training done.
[2022-09-25 21:12:35,632] Best validation f1: 0.9622
[2022-09-25 21:12:35,632] ----------------------------------------------------------------------------------------------------
[2022-09-25 21:12:40,431] ----------------------------------------------------------------------------------------------------
[2022-09-25 21:12:40,431] Start training for the following setup:
[2022-09-25 21:12:40,431] 	model: spacy
[2022-09-25 21:12:40,431] 	data: ['spanish_timebank', 'tempeval_2_spanish', 'meantime_spanish', 'ancient_time_spanish', 'ph_spanish']
[2022-09-25 21:12:40,431] 	language: es
[2022-09-25 21:12:40,431] 	n_epochs: 15
[2022-09-25 21:12:40,431] 	dropout: 0.3
[2022-09-25 21:12:40,431] 	batch_size: None
[2022-09-25 21:12:40,431] 	learning_rate: None
[2022-09-25 21:12:40,431] 	embeddings: None
[2022-09-25 21:12:40,431] Reading datasets spanish_timebank tempeval_2_spanish meantime_spanish ancient_time_spanish ph_spanish.
[2022-09-25 21:13:03,251] Corpus statistics:
[2022-09-25 21:13:03,251] 	Train:
[2022-09-25 21:13:03,251] 		# documents: 24322
[2022-09-25 21:13:03,251] 		# sentences w/ timexs: 120377
[2022-09-25 21:13:03,315] 		# timexs: 227910
[2022-09-25 21:13:03,315] 	Validation:
[2022-09-25 21:13:03,315] 		# documents: 2741
[2022-09-25 21:13:03,315] 		# sentences w/ timexs: 14181
[2022-09-25 21:13:03,322] 		# timexs: 26592
[2022-09-25 21:13:03,322] Initializing model for language es.
[2022-09-25 21:13:04,023] Started train loop with id 20220925211304
[2022-09-25 21:13:04,027] Created vocabulary
[2022-09-25 21:13:04,028] Finished initializing nlp object
[2022-09-25 21:13:04,097]       |Loss 	|F1
[2022-09-25 21:13:04,097] Epoch |Train	|Train	|Validation
[2022-09-25 21:51:50,621]     1 |0.139	|0.9527	|0.9492
[2022-09-25 22:30:05,786]     2 |0.066	|0.9580	|0.9541
[2022-09-25 23:08:18,516]     3 |0.053	|0.9600	|0.9546
[2022-09-25 23:46:31,458]     4 |0.046	|0.9605	|0.9552
[2022-09-26 00:24:32,105]     5 |0.041	|0.9635	|0.9587
[2022-09-26 01:02:39,538]     6 |0.040	|0.9626	|0.9573
[2022-09-26 01:40:47,564]     7 |0.036	|0.9634	|0.9576
[2022-09-26 02:18:54,328]     8 |0.034	|0.9638	|0.9581
[2022-09-26 02:18:54,903] Training done.
[2022-09-26 02:18:54,903] Best validation f1: 0.9587
[2022-09-26 02:18:54,904] ----------------------------------------------------------------------------------------------------
[2022-09-26 02:18:59,689] ----------------------------------------------------------------------------------------------------
[2022-09-26 02:18:59,690] Start training for the following setup:
[2022-09-26 02:18:59,690] 	model: spacy
[2022-09-26 02:18:59,690] 	data: ['spanish_timebank', 'tempeval_2_spanish', 'meantime_spanish', 'ancient_time_spanish', 'ph_spanish']
[2022-09-26 02:18:59,690] 	language: es
[2022-09-26 02:18:59,690] 	n_epochs: 15
[2022-09-26 02:18:59,690] 	dropout: 0.4
[2022-09-26 02:18:59,690] 	batch_size: None
[2022-09-26 02:18:59,690] 	learning_rate: None
[2022-09-26 02:18:59,690] 	embeddings: None
[2022-09-26 02:18:59,690] Reading datasets spanish_timebank tempeval_2_spanish meantime_spanish ancient_time_spanish ph_spanish.
[2022-09-26 02:19:22,527] Corpus statistics:
[2022-09-26 02:19:22,527] 	Train:
[2022-09-26 02:19:22,528] 		# documents: 24322
[2022-09-26 02:19:22,528] 		# sentences w/ timexs: 120377
[2022-09-26 02:19:22,568] 		# timexs: 227910
[2022-09-26 02:19:22,568] 	Validation:
[2022-09-26 02:19:22,568] 		# documents: 2741
[2022-09-26 02:19:22,568] 		# sentences w/ timexs: 14181
[2022-09-26 02:19:22,573] 		# timexs: 26592
[2022-09-26 02:19:22,573] Initializing model for language es.
[2022-09-26 02:19:23,300] Started train loop with id 20220926021923
[2022-09-26 02:19:23,304] Created vocabulary
[2022-09-26 02:19:23,305] Finished initializing nlp object
[2022-09-26 02:19:23,374]       |Loss 	|F1
[2022-09-26 02:19:23,374] Epoch |Train	|Train	|Validation
[2022-09-26 02:58:20,823]     1 |0.177	|0.9447	|0.9374
[2022-09-26 03:36:45,418]     2 |0.084	|0.9523	|0.9481
[2022-09-26 04:15:01,916]     3 |0.068	|0.9577	|0.9531
[2022-09-26 04:53:11,930]     4 |0.058	|0.9569	|0.9525
[2022-09-26 05:31:26,182]     5 |0.053	|0.9599	|0.9544
[2022-09-26 06:09:28,447]     6 |0.049	|0.9608	|0.9554
[2022-09-26 06:47:31,210]     7 |0.046	|0.9616	|0.9563
[2022-09-26 07:25:54,654]     8 |0.043	|0.9603	|0.9552
[2022-09-26 08:04:19,906]     9 |0.042	|0.9612	|0.9551
[2022-09-26 08:42:45,492]    10 |0.040	|0.9623	|0.9566
[2022-09-26 09:21:11,528]    11 |0.040	|0.9625	|0.9564
[2022-09-26 09:59:20,232]    12 |0.039	|0.9629	|0.9568
[2022-09-26 10:37:44,846]    13 |0.038	|0.9630	|0.9578
[2022-09-26 11:16:11,133]    14 |0.038	|0.9646	|0.9598
[2022-09-26 11:54:37,988]    15 |0.037	|0.9622	|0.9559
[2022-09-26 11:54:38,565] Training done.
[2022-09-26 11:54:38,566] Best validation f1: 0.9598
[2022-09-26 11:54:38,566] ----------------------------------------------------------------------------------------------------
[2022-09-26 11:54:43,312] ----------------------------------------------------------------------------------------------------
[2022-09-26 11:54:43,312] Start training for the following setup:
[2022-09-26 11:54:43,312] 	model: spacy
[2022-09-26 11:54:43,312] 	data: ['spanish_timebank', 'tempeval_2_spanish', 'meantime_spanish', 'ancient_time_spanish', 'ph_spanish']
[2022-09-26 11:54:43,312] 	language: es
[2022-09-26 11:54:43,312] 	n_epochs: 15
[2022-09-26 11:54:43,312] 	dropout: 0.5
[2022-09-26 11:54:43,312] 	batch_size: None
[2022-09-26 11:54:43,312] 	learning_rate: None
[2022-09-26 11:54:43,312] 	embeddings: None
[2022-09-26 11:54:43,312] Reading datasets spanish_timebank tempeval_2_spanish meantime_spanish ancient_time_spanish ph_spanish.
[2022-09-26 11:55:05,707] Corpus statistics:
[2022-09-26 11:55:05,707] 	Train:
[2022-09-26 11:55:05,707] 		# documents: 24322
[2022-09-26 11:55:05,707] 		# sentences w/ timexs: 120377
[2022-09-26 11:55:05,766] 		# timexs: 227910
[2022-09-26 11:55:05,767] 	Validation:
[2022-09-26 11:55:05,767] 		# documents: 2741
[2022-09-26 11:55:05,767] 		# sentences w/ timexs: 14181
[2022-09-26 11:55:05,771] 		# timexs: 26592
[2022-09-26 11:55:05,771] Initializing model for language es.
[2022-09-26 11:55:06,452] Started train loop with id 20220926115506
[2022-09-26 11:55:06,456] Created vocabulary
[2022-09-26 11:55:06,457] Finished initializing nlp object
[2022-09-26 11:55:06,529]       |Loss 	|F1
[2022-09-26 11:55:06,529] Epoch |Train	|Train	|Validation
[2022-09-26 12:33:56,943]     1 |0.227	|0.9356	|0.9309
[2022-09-26 13:12:03,308]     2 |0.112	|0.9467	|0.9411
[2022-09-26 13:50:10,862]     3 |0.091	|0.9504	|0.9439
[2022-09-26 14:28:18,187]     4 |0.079	|0.9523	|0.9468
[2022-09-26 15:06:17,626]     5 |0.071	|0.9539	|0.9492
[2022-09-26 15:44:08,267]     6 |0.065	|0.9555	|0.9497
[2022-09-26 16:21:51,775]     7 |0.061	|0.9580	|0.9534
[2022-09-26 16:59:56,013]     8 |0.058	|0.9588	|0.9541
[2022-09-26 17:37:55,367]     9 |0.056	|0.9592	|0.9545
[2022-09-26 18:15:47,858]    10 |0.055	|0.9608	|0.9556
[2022-09-26 18:53:37,230]    11 |0.053	|0.9604	|0.9549
[2022-09-26 19:31:29,077]    12 |0.052	|0.9605	|0.9547
[2022-09-26 20:09:19,512]    13 |0.051	|0.9613	|0.9563
[2022-09-26 20:47:09,885]    14 |0.050	|0.9626	|0.9572
[2022-09-26 21:25:00,946]    15 |0.049	|0.9617	|0.9569
[2022-09-26 21:25:01,526] Training done.
[2022-09-26 21:25:01,526] Best validation f1: 0.9572
[2022-09-26 21:25:01,527] ----------------------------------------------------------------------------------------------------
