[2022-09-22 09:20:19,625] ----------------------------------------------------------------------------------------------------
[2022-09-22 09:20:19,625] Start training for the following setup:
[2022-09-22 09:20:19,625] 	model: spacy
[2022-09-22 09:20:19,625] 	data: ['timebankpt', 'ph_portuguese']
[2022-09-22 09:20:19,626] 	language: pt
[2022-09-22 09:20:19,626] 	n_epochs: 15
[2022-09-22 09:20:19,626] 	dropout: 0.0
[2022-09-22 09:20:19,626] 	batch_size: None
[2022-09-22 09:20:19,626] 	learning_rate: None
[2022-09-22 09:20:19,626] 	embeddings: None
[2022-09-22 09:20:19,626] Started train loop with id 20220922092019
[2022-09-22 11:13:09,199] Training done.
[2022-09-22 11:13:09,200] Best validation f1: 0.9646
[2022-09-22 11:13:09,200] ----------------------------------------------------------------------------------------------------
[2022-09-22 11:13:13,916] ----------------------------------------------------------------------------------------------------
[2022-09-22 11:13:13,917] Start training for the following setup:
[2022-09-22 11:13:13,917] 	model: spacy
[2022-09-22 11:13:13,917] 	data: ['timebankpt', 'ph_portuguese']
[2022-09-22 11:13:13,917] 	language: pt
[2022-09-22 11:13:13,917] 	n_epochs: 15
[2022-09-22 11:13:13,917] 	dropout: 0.1
[2022-09-22 11:13:13,917] 	batch_size: None
[2022-09-22 11:13:13,917] 	learning_rate: None
[2022-09-22 11:13:13,917] 	embeddings: None
[2022-09-22 11:13:13,917] Started train loop with id 20220922111313
[2022-09-22 14:08:24,471] Training done.
[2022-09-22 14:08:24,472] Best validation f1: 0.9663
[2022-09-22 14:08:24,472] ----------------------------------------------------------------------------------------------------
[2022-09-22 14:08:29,176] ----------------------------------------------------------------------------------------------------
[2022-09-22 14:08:29,176] Start training for the following setup:
[2022-09-22 14:08:29,176] 	model: spacy
[2022-09-22 14:08:29,176] 	data: ['timebankpt', 'ph_portuguese']
[2022-09-22 14:08:29,176] 	language: pt
[2022-09-22 14:08:29,176] 	n_epochs: 15
[2022-09-22 14:08:29,176] 	dropout: 0.2
[2022-09-22 14:08:29,176] 	batch_size: None
[2022-09-22 14:08:29,176] 	learning_rate: None
[2022-09-22 14:08:29,176] 	embeddings: None
[2022-09-22 14:08:29,176] Started train loop with id 20220922140829
[2022-09-22 15:30:24,023] Training done.
[2022-09-22 15:30:24,023] Best validation f1: 0.9647
[2022-09-22 15:30:24,023] ----------------------------------------------------------------------------------------------------
[2022-09-22 15:30:28,906] ----------------------------------------------------------------------------------------------------
[2022-09-22 15:30:28,906] Start training for the following setup:
[2022-09-22 15:30:28,906] 	model: spacy
[2022-09-22 15:30:28,906] 	data: ['timebankpt', 'ph_portuguese']
[2022-09-22 15:30:28,907] 	language: pt
[2022-09-22 15:30:28,907] 	n_epochs: 15
[2022-09-22 15:30:28,907] 	dropout: 0.3
[2022-09-22 15:30:28,907] 	batch_size: None
[2022-09-22 15:30:28,907] 	learning_rate: None
[2022-09-22 15:30:28,907] 	embeddings: None
[2022-09-22 15:30:28,907] Started train loop with id 20220922153028
[2022-09-22 17:45:48,782] Training done.
[2022-09-22 17:45:48,783] Best validation f1: 0.9649
[2022-09-22 17:45:48,783] ----------------------------------------------------------------------------------------------------
[2022-09-22 17:45:53,513] ----------------------------------------------------------------------------------------------------
[2022-09-22 17:45:53,513] Start training for the following setup:
[2022-09-22 17:45:53,513] 	model: spacy
[2022-09-22 17:45:53,513] 	data: ['timebankpt', 'ph_portuguese']
[2022-09-22 17:45:53,513] 	language: pt
[2022-09-22 17:45:53,513] 	n_epochs: 15
[2022-09-22 17:45:53,513] 	dropout: 0.4
[2022-09-22 17:45:53,513] 	batch_size: None
[2022-09-22 17:45:53,513] 	learning_rate: None
[2022-09-22 17:45:53,514] 	embeddings: None
[2022-09-22 17:45:53,514] Started train loop with id 20220922174553
[2022-09-22 20:42:02,931] Training done.
[2022-09-22 20:42:02,931] Best validation f1: 0.9624
[2022-09-22 20:42:02,945] ----------------------------------------------------------------------------------------------------
[2022-09-22 20:42:07,795] ----------------------------------------------------------------------------------------------------
[2022-09-22 20:42:07,795] Start training for the following setup:
[2022-09-22 20:42:07,796] 	model: spacy
[2022-09-22 20:42:07,796] 	data: ['timebankpt', 'ph_portuguese']
[2022-09-22 20:42:07,796] 	language: pt
[2022-09-22 20:42:07,796] 	n_epochs: 15
[2022-09-22 20:42:07,796] 	dropout: 0.5
[2022-09-22 20:42:07,796] 	batch_size: None
[2022-09-22 20:42:07,796] 	learning_rate: None
[2022-09-22 20:42:07,796] 	embeddings: None
[2022-09-22 20:42:07,796] Started train loop with id 20220922204207
[2022-09-22 23:37:50,156] Training done.
[2022-09-22 23:37:50,156] Best validation f1: 0.9604
[2022-09-22 23:37:50,170] ----------------------------------------------------------------------------------------------------
