[2022-09-23 05:57:33,594] ----------------------------------------------------------------------------------------------------
[2022-09-23 05:57:33,594] Start training for the following setup:
[2022-09-23 05:57:33,595] 	model: spacy
[2022-09-23 05:57:33,595] 	data: ['tempeval_2_italian', 'ancient_time_italian', 'meantime_italian', 'narrative_container', 'ph_italian']
[2022-09-23 05:57:33,595] 	language: it
[2022-09-23 05:57:33,595] 	n_epochs: 15
[2022-09-23 05:57:33,595] 	dropout: 0.0
[2022-09-23 05:57:33,595] 	batch_size: None
[2022-09-23 05:57:33,595] 	learning_rate: None
[2022-09-23 05:57:33,595] 	embeddings: None
[2022-09-23 05:57:33,595] Started train loop with id 20220923055733
[2022-09-23 06:49:11,177] Training done.
[2022-09-23 06:49:11,178] Best validation f1: 0.9477
[2022-09-23 06:49:11,178] ----------------------------------------------------------------------------------------------------
[2022-09-23 06:49:15,919] ----------------------------------------------------------------------------------------------------
[2022-09-23 06:49:15,919] Start training for the following setup:
[2022-09-23 06:49:15,919] 	model: spacy
[2022-09-23 06:49:15,919] 	data: ['tempeval_2_italian', 'ancient_time_italian', 'meantime_italian', 'narrative_container', 'ph_italian']
[2022-09-23 06:49:15,919] 	language: it
[2022-09-23 06:49:15,919] 	n_epochs: 15
[2022-09-23 06:49:15,919] 	dropout: 0.1
[2022-09-23 06:49:15,919] 	batch_size: None
[2022-09-23 06:49:15,920] 	learning_rate: None
[2022-09-23 06:49:15,920] 	embeddings: None
[2022-09-23 06:49:15,920] Started train loop with id 20220923064915
[2022-09-23 08:07:53,072] Training done.
[2022-09-23 08:07:53,072] Best validation f1: 0.9457
[2022-09-23 08:07:53,073] ----------------------------------------------------------------------------------------------------
[2022-09-23 08:07:57,822] ----------------------------------------------------------------------------------------------------
[2022-09-23 08:07:57,836] Start training for the following setup:
[2022-09-23 08:07:57,836] 	model: spacy
[2022-09-23 08:07:57,836] 	data: ['tempeval_2_italian', 'ancient_time_italian', 'meantime_italian', 'narrative_container', 'ph_italian']
[2022-09-23 08:07:57,836] 	language: it
[2022-09-23 08:07:57,836] 	n_epochs: 15
[2022-09-23 08:07:57,836] 	dropout: 0.2
[2022-09-23 08:07:57,836] 	batch_size: None
[2022-09-23 08:07:57,837] 	learning_rate: None
[2022-09-23 08:07:57,837] 	embeddings: None
[2022-09-23 08:07:57,837] Started train loop with id 20220923080757
[2022-09-23 08:50:10,677] Training done.
[2022-09-23 08:50:10,677] Best validation f1: 0.9440
[2022-09-23 08:50:10,677] ----------------------------------------------------------------------------------------------------
[2022-09-23 08:50:15,473] ----------------------------------------------------------------------------------------------------
[2022-09-23 08:50:15,473] Start training for the following setup:
[2022-09-23 08:50:15,473] 	model: spacy
[2022-09-23 08:50:15,473] 	data: ['tempeval_2_italian', 'ancient_time_italian', 'meantime_italian', 'narrative_container', 'ph_italian']
[2022-09-23 08:50:15,473] 	language: it
[2022-09-23 08:50:15,473] 	n_epochs: 15
[2022-09-23 08:50:15,473] 	dropout: 0.3
[2022-09-23 08:50:15,473] 	batch_size: None
[2022-09-23 08:50:15,473] 	learning_rate: None
[2022-09-23 08:50:15,473] 	embeddings: None
[2022-09-23 08:50:15,473] Started train loop with id 20220923085015
[2022-09-23 10:08:50,940] Training done.
[2022-09-23 10:08:50,940] Best validation f1: 0.9428
[2022-09-23 10:08:50,941] ----------------------------------------------------------------------------------------------------
[2022-09-23 10:08:55,619] ----------------------------------------------------------------------------------------------------
[2022-09-23 10:08:55,619] Start training for the following setup:
[2022-09-23 10:08:55,619] 	model: spacy
[2022-09-23 10:08:55,619] 	data: ['tempeval_2_italian', 'ancient_time_italian', 'meantime_italian', 'narrative_container', 'ph_italian']
[2022-09-23 10:08:55,619] 	language: it
[2022-09-23 10:08:55,619] 	n_epochs: 15
[2022-09-23 10:08:55,619] 	dropout: 0.4
[2022-09-23 10:08:55,619] 	batch_size: None
[2022-09-23 10:08:55,619] 	learning_rate: None
[2022-09-23 10:08:55,620] 	embeddings: None
[2022-09-23 10:08:55,620] Reading datasets tempeval_2_italian ancient_time_italian meantime_italian narrative_container ph_italian.
[2022-09-23 10:09:25,417] Corpus statistics:
[2022-09-23 10:09:25,417] 	Train:
[2022-09-23 10:09:25,418] 		# documents: 7102
[2022-09-23 10:09:25,418] 		# sentences w/ timexs: 26568
[2022-09-23 10:09:25,426] 		# timexs: 36342
[2022-09-23 10:09:25,426] 	Validation:
[2022-09-23 10:09:25,426] 		# documents: 794
[2022-09-23 10:09:25,426] 		# sentences w/ timexs: 3003
[2022-09-23 10:09:25,428] 		# timexs: 4108
[2022-09-23 10:09:25,428] Initializing model for language it.
[2022-09-23 10:09:25,553] Started train loop with id 20220923100925
[2022-09-23 10:09:25,557] Created vocabulary
[2022-09-23 10:09:25,558] Finished initializing nlp object
[2022-09-23 10:09:25,627]       |Loss 	|F1
[2022-09-23 10:09:25,627] Epoch |Train	|Train	|Validation
[2022-09-23 10:14:46,344]     1 |0.513	|0.8911	|0.8835
[2022-09-23 10:19:59,888]     2 |0.281	|0.8973	|0.8867
[2022-09-23 10:25:13,568]     3 |0.227	|0.9213	|0.9083
[2022-09-23 10:30:27,717]     4 |0.199	|0.9208	|0.9082
[2022-09-23 10:35:41,235]     5 |0.180	|0.9369	|0.9218
[2022-09-23 10:40:55,357]     6 |0.168	|0.9366	|0.9227
[2022-09-23 10:46:09,035]     7 |0.153	|0.9402	|0.9212
[2022-09-23 10:51:23,184]     8 |0.144	|0.9422	|0.9259
[2022-09-23 10:56:36,923]     9 |0.142	|0.9461	|0.9253
[2022-09-23 11:01:50,589]    10 |0.133	|0.9424	|0.9240
[2022-09-23 11:07:03,894]    11 |0.131	|0.9523	|0.9351
[2022-09-23 11:12:17,932]    12 |0.126	|0.9512	|0.9308
[2022-09-23 11:17:31,516]    13 |0.119	|0.9492	|0.9292
[2022-09-23 11:22:45,276]    14 |0.117	|0.9521	|0.9313
[2022-09-23 11:22:45,408] Training done.
[2022-09-23 11:22:45,409] Best validation f1: 0.9351
[2022-09-23 11:22:45,409] ----------------------------------------------------------------------------------------------------
[2022-09-23 11:22:50,053] ----------------------------------------------------------------------------------------------------
[2022-09-23 11:22:50,054] Start training for the following setup:
[2022-09-23 11:22:50,054] 	model: spacy
[2022-09-23 11:22:50,054] 	data: ['tempeval_2_italian', 'ancient_time_italian', 'meantime_italian', 'narrative_container', 'ph_italian']
[2022-09-23 11:22:50,054] 	language: it
[2022-09-23 11:22:50,054] 	n_epochs: 15
[2022-09-23 11:22:50,054] 	dropout: 0.5
[2022-09-23 11:22:50,054] 	batch_size: None
[2022-09-23 11:22:50,054] 	learning_rate: None
[2022-09-23 11:22:50,054] 	embeddings: None
[2022-09-23 11:22:50,054] Reading datasets tempeval_2_italian ancient_time_italian meantime_italian narrative_container ph_italian.
[2022-09-23 11:23:20,090] Corpus statistics:
[2022-09-23 11:23:20,090] 	Train:
[2022-09-23 11:23:20,090] 		# documents: 7102
[2022-09-23 11:23:20,090] 		# sentences w/ timexs: 26568
[2022-09-23 11:23:20,099] 		# timexs: 36342
[2022-09-23 11:23:20,099] 	Validation:
[2022-09-23 11:23:20,099] 		# documents: 794
[2022-09-23 11:23:20,099] 		# sentences w/ timexs: 3003
[2022-09-23 11:23:20,100] 		# timexs: 4108
[2022-09-23 11:23:20,100] Initializing model for language it.
[2022-09-23 11:23:20,224] Started train loop with id 20220923112320
[2022-09-23 11:23:20,228] Created vocabulary
[2022-09-23 11:23:20,229] Finished initializing nlp object
[2022-09-23 11:23:20,298]       |Loss 	|F1
[2022-09-23 11:23:20,299] Epoch |Train	|Train	|Validation
[2022-09-23 11:28:41,579]     1 |0.627	|0.8613	|0.8515
[2022-09-23 11:33:55,064]     2 |0.343	|0.8919	|0.8826
[2022-09-23 11:39:08,763]     3 |0.287	|0.9090	|0.8972
[2022-09-23 11:44:22,166]     4 |0.249	|0.9093	|0.8928
[2022-09-23 11:49:34,992]     5 |0.230	|0.9190	|0.9062
[2022-09-23 11:54:48,610]     6 |0.214	|0.9279	|0.9128
[2022-09-23 12:00:01,577]     7 |0.199	|0.9275	|0.9138
[2022-09-23 12:05:14,869]     8 |0.189	|0.9280	|0.9147
[2022-09-23 12:10:29,577]     9 |0.179	|0.9325	|0.9161
[2022-09-23 12:15:42,807]    10 |0.172	|0.9348	|0.9188
[2022-09-23 12:20:55,939]    11 |0.167	|0.9398	|0.9233
[2022-09-23 12:26:10,896]    12 |0.162	|0.9345	|0.9186
[2022-09-23 12:31:24,520]    13 |0.155	|0.9410	|0.9252
[2022-09-23 12:36:38,791]    14 |0.151	|0.9411	|0.9235
[2022-09-23 12:41:52,211]    15 |0.151	|0.9419	|0.9196
[2022-09-23 12:41:52,339] Training done.
[2022-09-23 12:41:52,340] Best validation f1: 0.9252
[2022-09-23 12:41:52,340] ----------------------------------------------------------------------------------------------------
