[2022-09-23 16:00:52,089] ----------------------------------------------------------------------------------------------------
[2022-09-23 16:00:52,089] Start training for the following setup:
[2022-09-23 16:00:52,089] 	model: spacy
[2022-09-23 16:00:52,089] 	data: ['tempeval_3', 'meantime_english', 'tcr', 'ancient_time_english', 'wikiwars', 'ph_english']
[2022-09-23 16:00:52,090] 	language: en
[2022-09-23 16:00:52,090] 	n_epochs: 15
[2022-09-23 16:00:52,090] 	dropout: 0.0
[2022-09-23 16:00:52,090] 	batch_size: None
[2022-09-23 16:00:52,090] 	learning_rate: None
[2022-09-23 16:00:52,090] 	embeddings: None
[2022-09-23 16:00:52,090] Reading datasets tempeval_3 meantime_english tcr ancient_time_english wikiwars ph_english.
[2022-09-23 16:01:21,885] Corpus statistics:
[2022-09-23 16:01:21,885] 	Train:
[2022-09-23 16:01:21,885] 		# documents: 18069
[2022-09-23 16:01:21,885] 		# sentences w/ timexs: 131843
[2022-09-23 16:01:21,926] 		# timexs: 169584
[2022-09-23 16:01:21,926] 	Validation:
[2022-09-23 16:01:21,926] 		# documents: 2038
[2022-09-23 16:01:21,926] 		# sentences w/ timexs: 14843
[2022-09-23 16:01:21,931] 		# timexs: 18943
[2022-09-23 16:01:21,931] Initializing model for language en.
[2022-09-23 16:01:22,160] Started train loop with id 20220923160122
[2022-09-23 16:01:22,164] Created vocabulary
[2022-09-23 16:01:22,165] Finished initializing nlp object
[2022-09-23 16:01:22,234]       |Loss 	|F1
[2022-09-23 16:01:22,234] Epoch |Train	|Train	|Validation
[2022-09-23 16:26:07,795]     1 |0.086	|0.9749	|0.9686
[2022-09-23 16:50:32,860]     2 |0.043	|0.9769	|0.9687
[2022-09-23 17:14:57,383]     3 |0.035	|0.9804	|0.9732
[2022-09-23 17:39:21,949]     4 |0.031	|0.9795	|0.9722
[2022-09-23 18:03:46,250]     5 |0.028	|0.9832	|0.9747
[2022-09-23 18:28:09,993]     6 |0.026	|0.9830	|0.9747
[2022-09-23 18:52:33,701]     7 |0.023	|0.9842	|0.9756
[2022-09-23 19:16:57,757]     8 |0.022	|0.9853	|0.9763
[2022-09-23 19:41:21,646]     9 |0.021	|0.9838	|0.9760
[2022-09-23 20:05:46,199]    10 |0.020	|0.9823	|0.9728
[2022-09-23 20:30:10,582]    11 |0.019	|0.9847	|0.9768
[2022-09-23 20:54:33,698]    12 |0.017	|0.9850	|0.9751
[2022-09-23 21:18:58,611]    13 |0.018	|0.9856	|0.9767
[2022-09-23 21:43:22,176]    14 |0.017	|0.9844	|0.9766
[2022-09-23 21:43:22,696] Training done.
[2022-09-23 21:43:22,697] Best validation f1: 0.9768
[2022-09-23 21:43:22,697] ----------------------------------------------------------------------------------------------------
[2022-09-23 21:43:27,399] ----------------------------------------------------------------------------------------------------
[2022-09-23 21:43:27,413] Start training for the following setup:
[2022-09-23 21:43:27,413] 	model: spacy
[2022-09-23 21:43:27,413] 	data: ['tempeval_3', 'meantime_english', 'tcr', 'ancient_time_english', 'wikiwars', 'ph_english']
[2022-09-23 21:43:27,414] 	language: en
[2022-09-23 21:43:27,414] 	n_epochs: 15
[2022-09-23 21:43:27,414] 	dropout: 0.1
[2022-09-23 21:43:27,414] 	batch_size: None
[2022-09-23 21:43:27,414] 	learning_rate: None
[2022-09-23 21:43:27,414] 	embeddings: None
[2022-09-23 21:43:27,414] Reading datasets tempeval_3 meantime_english tcr ancient_time_english wikiwars ph_english.
[2022-09-23 21:43:57,145] Corpus statistics:
[2022-09-23 21:43:57,145] 	Train:
[2022-09-23 21:43:57,145] 		# documents: 18069
[2022-09-23 21:43:57,145] 		# sentences w/ timexs: 131843
[2022-09-23 21:43:57,186] 		# timexs: 169584
[2022-09-23 21:43:57,186] 	Validation:
[2022-09-23 21:43:57,186] 		# documents: 2038
[2022-09-23 21:43:57,186] 		# sentences w/ timexs: 14843
[2022-09-23 21:43:57,190] 		# timexs: 18943
[2022-09-23 21:43:57,190] Initializing model for language en.
[2022-09-23 21:43:57,420] Started train loop with id 20220923214357
[2022-09-23 21:43:57,424] Created vocabulary
[2022-09-23 21:43:57,425] Finished initializing nlp object
[2022-09-23 21:43:57,494]       |Loss 	|F1
[2022-09-23 21:43:57,494] Epoch |Train	|Train	|Validation
[2022-09-23 22:08:57,891]     1 |0.103	|0.9747	|0.9681
[2022-09-23 22:33:38,386]     2 |0.051	|0.9774	|0.9698
[2022-09-23 22:58:19,327]     3 |0.042	|0.9795	|0.9725
[2022-09-23 23:22:58,343]     4 |0.037	|0.9810	|0.9739
[2022-09-23 23:47:40,950]     5 |0.034	|0.9820	|0.9752
[2022-09-24 00:12:21,341]     6 |0.032	|0.9838	|0.9775
[2022-09-24 00:37:01,502]     7 |0.029	|0.9837	|0.9778
[2022-09-24 01:01:41,381]     8 |0.029	|0.9835	|0.9760
[2022-09-24 01:26:20,417]     9 |0.027	|0.9837	|0.9758
[2022-09-24 01:50:59,803]    10 |0.026	|0.9835	|0.9761
[2022-09-24 01:51:00,319] Training done.
[2022-09-24 01:51:00,320] Best validation f1: 0.9778
[2022-09-24 01:51:00,320] ----------------------------------------------------------------------------------------------------
[2022-09-24 01:51:05,044] ----------------------------------------------------------------------------------------------------
[2022-09-24 01:51:05,044] Start training for the following setup:
[2022-09-24 01:51:05,044] 	model: spacy
[2022-09-24 01:51:05,044] 	data: ['tempeval_3', 'meantime_english', 'tcr', 'ancient_time_english', 'wikiwars', 'ph_english']
[2022-09-24 01:51:05,044] 	language: en
[2022-09-24 01:51:05,044] 	n_epochs: 15
[2022-09-24 01:51:05,044] 	dropout: 0.2
[2022-09-24 01:51:05,044] 	batch_size: None
[2022-09-24 01:51:05,044] 	learning_rate: None
[2022-09-24 01:51:05,044] 	embeddings: None
[2022-09-24 01:51:05,044] Reading datasets tempeval_3 meantime_english tcr ancient_time_english wikiwars ph_english.
[2022-09-24 01:51:34,539] Corpus statistics:
[2022-09-24 01:51:34,539] 	Train:
[2022-09-24 01:51:34,539] 		# documents: 18069
[2022-09-24 01:51:34,539] 		# sentences w/ timexs: 131843
[2022-09-24 01:51:34,581] 		# timexs: 169584
[2022-09-24 01:51:34,581] 	Validation:
[2022-09-24 01:51:34,581] 		# documents: 2038
[2022-09-24 01:51:34,582] 		# sentences w/ timexs: 14843
[2022-09-24 01:51:34,586] 		# timexs: 18943
[2022-09-24 01:51:34,586] Initializing model for language en.
[2022-09-24 01:51:34,815] Started train loop with id 20220924015134
[2022-09-24 01:51:34,819] Created vocabulary
[2022-09-24 01:51:34,820] Finished initializing nlp object
[2022-09-24 01:51:34,889]       |Loss 	|F1
[2022-09-24 01:51:34,889] Epoch |Train	|Train	|Validation
[2022-09-24 02:16:44,539]     1 |0.128	|0.9667	|0.9603
[2022-09-24 02:41:36,510]     2 |0.062	|0.9753	|0.9682
[2022-09-24 03:06:28,296]     3 |0.050	|0.9785	|0.9718
[2022-09-24 03:31:16,773]     4 |0.044	|0.9800	|0.9712
[2022-09-24 03:56:07,598]     5 |0.040	|0.9802	|0.9723
[2022-09-24 04:20:56,895]     6 |0.038	|0.9828	|0.9759
[2022-09-24 04:45:46,131]     7 |0.035	|0.9828	|0.9755
[2022-09-24 05:10:35,650]     8 |0.034	|0.9840	|0.9755
[2022-09-24 05:35:24,504]     9 |0.033	|0.9827	|0.9760
[2022-09-24 06:00:14,574]    10 |0.031	|0.9829	|0.9747
[2022-09-24 06:25:04,869]    11 |0.031	|0.9829	|0.9751
[2022-09-24 06:49:54,629]    12 |0.030	|0.9834	|0.9751
[2022-09-24 06:49:55,145] Training done.
[2022-09-24 06:49:55,146] Best validation f1: 0.9760
[2022-09-24 06:49:55,146] ----------------------------------------------------------------------------------------------------
[2022-09-24 06:49:59,912] ----------------------------------------------------------------------------------------------------
[2022-09-24 06:49:59,912] Start training for the following setup:
[2022-09-24 06:49:59,913] 	model: spacy
[2022-09-24 06:49:59,913] 	data: ['tempeval_3', 'meantime_english', 'tcr', 'ancient_time_english', 'wikiwars', 'ph_english']
[2022-09-24 06:49:59,913] 	language: en
[2022-09-24 06:49:59,913] 	n_epochs: 15
[2022-09-24 06:49:59,913] 	dropout: 0.3
[2022-09-24 06:49:59,913] 	batch_size: None
[2022-09-24 06:49:59,913] 	learning_rate: None
[2022-09-24 06:49:59,913] 	embeddings: None
[2022-09-24 06:49:59,913] Reading datasets tempeval_3 meantime_english tcr ancient_time_english wikiwars ph_english.
[2022-09-24 06:50:29,345] Corpus statistics:
[2022-09-24 06:50:29,345] 	Train:
[2022-09-24 06:50:29,345] 		# documents: 18069
[2022-09-24 06:50:29,345] 		# sentences w/ timexs: 131843
[2022-09-24 06:50:29,386] 		# timexs: 169584
[2022-09-24 06:50:29,386] 	Validation:
[2022-09-24 06:50:29,386] 		# documents: 2038
[2022-09-24 06:50:29,386] 		# sentences w/ timexs: 14843
[2022-09-24 06:50:29,390] 		# timexs: 18943
[2022-09-24 06:50:29,390] Initializing model for language en.
[2022-09-24 06:50:29,619] Started train loop with id 20220924065029
[2022-09-24 06:50:29,623] Created vocabulary
[2022-09-24 06:50:29,624] Finished initializing nlp object
[2022-09-24 06:50:29,693]       |Loss 	|F1
[2022-09-24 06:50:29,693] Epoch |Train	|Train	|Validation
[2022-09-24 07:15:34,783]     1 |0.158	|0.9642	|0.9571
[2022-09-24 07:40:21,204]     2 |0.076	|0.9728	|0.9657
[2022-09-24 08:05:07,708]     3 |0.060	|0.9750	|0.9684
[2022-09-24 08:29:53,496]     4 |0.054	|0.9758	|0.9691
[2022-09-24 08:54:38,708]     5 |0.050	|0.9802	|0.9721
[2022-09-24 09:19:23,696]     6 |0.046	|0.9803	|0.9721
[2022-09-24 09:44:09,857]     7 |0.044	|0.9790	|0.9711
[2022-09-24 10:08:54,617]     8 |0.042	|0.9801	|0.9721
[2022-09-24 10:33:38,732]     9 |0.041	|0.9800	|0.9725
[2022-09-24 10:58:23,476]    10 |0.039	|0.9811	|0.9732
[2022-09-24 11:23:08,859]    11 |0.039	|0.9806	|0.9722
[2022-09-24 11:47:54,346]    12 |0.038	|0.9815	|0.9736
[2022-09-24 12:12:40,467]    13 |0.038	|0.9825	|0.9746
[2022-09-24 12:37:27,530]    14 |0.037	|0.9823	|0.9742
[2022-09-24 13:02:12,424]    15 |0.037	|0.9812	|0.9727
[2022-09-24 13:02:12,938] Training done.
[2022-09-24 13:02:12,939] Best validation f1: 0.9746
[2022-09-24 13:02:12,939] ----------------------------------------------------------------------------------------------------
[2022-09-24 13:02:17,813] ----------------------------------------------------------------------------------------------------
[2022-09-24 13:02:17,813] Start training for the following setup:
[2022-09-24 13:02:17,813] 	model: spacy
[2022-09-24 13:02:17,813] 	data: ['tempeval_3', 'meantime_english', 'tcr', 'ancient_time_english', 'wikiwars', 'ph_english']
[2022-09-24 13:02:17,813] 	language: en
[2022-09-24 13:02:17,813] 	n_epochs: 15
[2022-09-24 13:02:17,813] 	dropout: 0.4
[2022-09-24 13:02:17,814] 	batch_size: None
[2022-09-24 13:02:17,814] 	learning_rate: None
[2022-09-24 13:02:17,814] 	embeddings: None
[2022-09-24 13:02:17,814] Reading datasets tempeval_3 meantime_english tcr ancient_time_english wikiwars ph_english.
[2022-09-24 13:02:47,253] Corpus statistics:
[2022-09-24 13:02:47,254] 	Train:
[2022-09-24 13:02:47,254] 		# documents: 18069
[2022-09-24 13:02:47,254] 		# sentences w/ timexs: 131843
[2022-09-24 13:02:47,294] 		# timexs: 169584
[2022-09-24 13:02:47,294] 	Validation:
[2022-09-24 13:02:47,294] 		# documents: 2038
[2022-09-24 13:02:47,294] 		# sentences w/ timexs: 14843
[2022-09-24 13:02:47,299] 		# timexs: 18943
[2022-09-24 13:02:47,299] Initializing model for language en.
[2022-09-24 13:02:47,528] Started train loop with id 20220924130247
[2022-09-24 13:02:47,532] Created vocabulary
[2022-09-24 13:02:47,533] Finished initializing nlp object
[2022-09-24 13:02:47,601]       |Loss 	|F1
[2022-09-24 13:02:47,601] Epoch |Train	|Train	|Validation
[2022-09-24 13:27:59,405]     1 |0.198	|0.9558	|0.9478
[2022-09-24 13:52:48,174]     2 |0.098	|0.9679	|0.9618
[2022-09-24 14:17:38,659]     3 |0.076	|0.9712	|0.9649
[2022-09-24 14:42:27,683]     4 |0.065	|0.9741	|0.9671
[2022-09-24 15:07:17,453]     5 |0.061	|0.9756	|0.9690
[2022-09-24 15:32:06,867]     6 |0.057	|0.9774	|0.9715
[2022-09-24 15:56:56,177]     7 |0.054	|0.9764	|0.9695
[2022-09-24 16:21:45,178]     8 |0.052	|0.9784	|0.9707
[2022-09-24 16:46:34,461]     9 |0.051	|0.9785	|0.9712
[2022-09-24 16:46:34,983] Training done.
[2022-09-24 16:46:34,983] Best validation f1: 0.9715
[2022-09-24 16:46:34,983] ----------------------------------------------------------------------------------------------------
[2022-09-24 16:46:39,757] ----------------------------------------------------------------------------------------------------
[2022-09-24 16:46:39,757] Start training for the following setup:
[2022-09-24 16:46:39,757] 	model: spacy
[2022-09-24 16:46:39,757] 	data: ['tempeval_3', 'meantime_english', 'tcr', 'ancient_time_english', 'wikiwars', 'ph_english']
[2022-09-24 16:46:39,757] 	language: en
[2022-09-24 16:46:39,757] 	n_epochs: 15
[2022-09-24 16:46:39,757] 	dropout: 0.5
[2022-09-24 16:46:39,757] 	batch_size: None
[2022-09-24 16:46:39,757] 	learning_rate: None
[2022-09-24 16:46:39,757] 	embeddings: None
[2022-09-24 16:46:39,757] Reading datasets tempeval_3 meantime_english tcr ancient_time_english wikiwars ph_english.
[2022-09-24 16:47:09,636] Corpus statistics:
[2022-09-24 16:47:09,636] 	Train:
[2022-09-24 16:47:09,636] 		# documents: 18069
[2022-09-24 16:47:09,636] 		# sentences w/ timexs: 131843
[2022-09-24 16:47:09,678] 		# timexs: 169584
[2022-09-24 16:47:09,678] 	Validation:
[2022-09-24 16:47:09,678] 		# documents: 2038
[2022-09-24 16:47:09,678] 		# sentences w/ timexs: 14843
[2022-09-24 16:47:09,683] 		# timexs: 18943
[2022-09-24 16:47:09,683] Initializing model for language en.
[2022-09-24 16:47:09,916] Started train loop with id 20220924164709
[2022-09-24 16:47:09,920] Created vocabulary
[2022-09-24 16:47:09,921] Finished initializing nlp object
[2022-09-24 16:47:09,989]       |Loss 	|F1
[2022-09-24 16:47:09,989] Epoch |Train	|Train	|Validation
[2022-09-24 17:12:20,781]     1 |0.253	|0.9379	|0.9314
[2022-09-24 17:37:08,953]     2 |0.132	|0.9600	|0.9532
[2022-09-24 18:01:56,794]     3 |0.101	|0.9606	|0.9535
[2022-09-24 18:26:45,868]     4 |0.086	|0.9682	|0.9615
[2022-09-24 18:51:35,439]     5 |0.078	|0.9715	|0.9644
[2022-09-24 19:16:22,626]     6 |0.073	|0.9717	|0.9652
[2022-09-24 19:41:09,185]     7 |0.068	|0.9712	|0.9652
[2022-09-24 20:05:56,032]     8 |0.066	|0.9743	|0.9676
[2022-09-24 20:30:43,072]     9 |0.064	|0.9750	|0.9677
[2022-09-24 20:55:31,564]    10 |0.062	|0.9754	|0.9687
[2022-09-24 21:20:20,169]    11 |0.061	|0.9750	|0.9678
[2022-09-24 21:45:07,880]    12 |0.060	|0.9760	|0.9694
[2022-09-24 22:09:56,500]    13 |0.059	|0.9780	|0.9709
[2022-09-24 22:34:44,862]    14 |0.059	|0.9763	|0.9709
[2022-09-24 22:59:33,651]    15 |0.058	|0.9772	|0.9699
[2022-09-24 22:59:34,170] Training done.
[2022-09-24 22:59:34,170] Best validation f1: 0.9709
[2022-09-24 22:59:34,171] ----------------------------------------------------------------------------------------------------
