[2022-09-22 23:37:55,086] ----------------------------------------------------------------------------------------------------
[2022-09-22 23:37:55,087] Start training for the following setup:
[2022-09-22 23:37:55,087] 	model: spacy
[2022-09-22 23:37:55,087] 	data: ['fr_timebank', 'ancient_time_french', 'ph_french']
[2022-09-22 23:37:55,087] 	language: fr
[2022-09-22 23:37:55,087] 	n_epochs: 15
[2022-09-22 23:37:55,087] 	dropout: 0.0
[2022-09-22 23:37:55,087] 	batch_size: None
[2022-09-22 23:37:55,087] 	learning_rate: None
[2022-09-22 23:37:55,087] 	embeddings: None
[2022-09-22 23:37:55,087] Started train loop with id 20220922233755
[2022-09-23 00:18:52,034] Training done.
[2022-09-23 00:18:52,034] Best validation f1: 0.9698
[2022-09-23 00:18:52,034] ----------------------------------------------------------------------------------------------------
[2022-09-23 00:18:56,767] ----------------------------------------------------------------------------------------------------
[2022-09-23 00:18:56,767] Start training for the following setup:
[2022-09-23 00:18:56,767] 	model: spacy
[2022-09-23 00:18:56,767] 	data: ['fr_timebank', 'ancient_time_french', 'ph_french']
[2022-09-23 00:18:56,767] 	language: fr
[2022-09-23 00:18:56,767] 	n_epochs: 15
[2022-09-23 00:18:56,767] 	dropout: 0.1
[2022-09-23 00:18:56,767] 	batch_size: None
[2022-09-23 00:18:56,768] 	learning_rate: None
[2022-09-23 00:18:56,768] 	embeddings: None
[2022-09-23 00:18:56,768] Started train loop with id 20220923001856
[2022-09-23 01:09:16,666] Training done.
[2022-09-23 01:09:16,666] Best validation f1: 0.9710
[2022-09-23 01:09:16,667] ----------------------------------------------------------------------------------------------------
[2022-09-23 01:09:21,417] ----------------------------------------------------------------------------------------------------
[2022-09-23 01:09:21,417] Start training for the following setup:
[2022-09-23 01:09:21,417] 	model: spacy
[2022-09-23 01:09:21,417] 	data: ['fr_timebank', 'ancient_time_french', 'ph_french']
[2022-09-23 01:09:21,417] 	language: fr
[2022-09-23 01:09:21,417] 	n_epochs: 15
[2022-09-23 01:09:21,417] 	dropout: 0.2
[2022-09-23 01:09:21,418] 	batch_size: None
[2022-09-23 01:09:21,418] 	learning_rate: None
[2022-09-23 01:09:21,418] 	embeddings: None
[2022-09-23 01:09:21,418] Started train loop with id 20220923010921
[2022-09-23 02:01:41,137] Training done.
[2022-09-23 02:01:41,138] Best validation f1: 0.9717
[2022-09-23 02:01:41,138] ----------------------------------------------------------------------------------------------------
[2022-09-23 02:01:45,859] ----------------------------------------------------------------------------------------------------
[2022-09-23 02:01:45,860] Start training for the following setup:
[2022-09-23 02:01:45,860] 	model: spacy
[2022-09-23 02:01:45,860] 	data: ['fr_timebank', 'ancient_time_french', 'ph_french']
[2022-09-23 02:01:45,860] 	language: fr
[2022-09-23 02:01:45,860] 	n_epochs: 15
[2022-09-23 02:01:45,860] 	dropout: 0.3
[2022-09-23 02:01:45,860] 	batch_size: None
[2022-09-23 02:01:45,860] 	learning_rate: None
[2022-09-23 02:01:45,860] 	embeddings: None
[2022-09-23 02:01:45,860] Started train loop with id 20220923020145
[2022-09-23 03:20:39,455] Training done.
[2022-09-23 03:20:39,456] Best validation f1: 0.9693
[2022-09-23 03:20:39,456] ----------------------------------------------------------------------------------------------------
[2022-09-23 03:20:44,108] ----------------------------------------------------------------------------------------------------
[2022-09-23 03:20:44,109] Start training for the following setup:
[2022-09-23 03:20:44,109] 	model: spacy
[2022-09-23 03:20:44,109] 	data: ['fr_timebank', 'ancient_time_french', 'ph_french']
[2022-09-23 03:20:44,109] 	language: fr
[2022-09-23 03:20:44,109] 	n_epochs: 15
[2022-09-23 03:20:44,109] 	dropout: 0.4
[2022-09-23 03:20:44,109] 	batch_size: None
[2022-09-23 03:20:44,109] 	learning_rate: None
[2022-09-23 03:20:44,109] 	embeddings: None
[2022-09-23 03:20:44,109] Started train loop with id 20220923032044
[2022-09-23 04:38:42,832] Training done.
[2022-09-23 04:38:42,832] Best validation f1: 0.9695
[2022-09-23 04:38:42,832] ----------------------------------------------------------------------------------------------------
[2022-09-23 04:38:47,585] ----------------------------------------------------------------------------------------------------
[2022-09-23 04:38:47,586] Start training for the following setup:
[2022-09-23 04:38:47,586] 	model: spacy
[2022-09-23 04:38:47,586] 	data: ['fr_timebank', 'ancient_time_french', 'ph_french']
[2022-09-23 04:38:47,586] 	language: fr
[2022-09-23 04:38:47,586] 	n_epochs: 15
[2022-09-23 04:38:47,586] 	dropout: 0.5
[2022-09-23 04:38:47,586] 	batch_size: None
[2022-09-23 04:38:47,586] 	learning_rate: None
[2022-09-23 04:38:47,586] 	embeddings: None
[2022-09-23 04:38:47,586] 	embeddings: None
[2022-09-23 05:57:28,965] Started train loop with id 20220923055728
[2022-09-23 05:57:28,965] Best validation f1: 0.9626
[2022-09-23 05:57:28,965] ----------------------------------------------------------------------------------------------------
