
[2022-09-26 21:25:06,340] ----------------------------------------------------------------------------------------------------
[2022-09-26 21:25:06,340] Start training for the following setup:
[2022-09-26 21:25:06,340] 	model: spacy
[2022-09-26 21:25:06,340] 	data: ['krauts', 'wikiwars_de', 'ancient_time_german', 'ph_german']
[2022-09-26 21:25:06,340] 	language: de
[2022-09-26 21:25:06,340] 	n_epochs: 15
[2022-09-26 21:25:06,340] 	dropout: 0.0
[2022-09-26 21:25:06,341] 	batch_size: None
[2022-09-26 21:25:06,341] 	learning_rate: None
[2022-09-26 21:25:06,341] 	embeddings: None
[2022-09-26 21:25:06,341] Reading datasets krauts wikiwars_de ancient_time_german ph_german.
[2022-09-26 21:25:33,504] Corpus statistics:
[2022-09-26 21:25:33,504] 	Train:
[2022-09-26 21:25:33,504] 		# documents: 13907
[2022-09-26 21:25:33,504] 		# sentences w/ timexs: 106254
[2022-09-26 21:25:33,538] 		# timexs: 129619
[2022-09-26 21:25:33,538] 	Validation:
[2022-09-26 21:25:33,538] 		# documents: 1545
[2022-09-26 21:25:33,539] 		# sentences w/ timexs: 11228
[2022-09-26 21:25:33,542] 		# timexs: 13627
[2022-09-26 21:25:33,542] Initializing model for language de.
[2022-09-26 21:25:33,709] Started train loop with id 20220926212533
[2022-09-26 21:25:33,714] Created vocabulary
[2022-09-26 21:25:33,715] Finished initializing nlp object
[2022-09-26 21:25:33,783]       |Loss 	|F1
[2022-09-26 21:25:33,783] Epoch |Train	|Train	|Validation
[2022-09-26 21:42:04,100]     1 |0.080	|0.8683	|0.8556
[2022-09-26 21:58:06,277]     2 |0.038	|0.8846	|0.8750
[2022-09-26 22:14:08,689]     3 |0.029	|0.8903	|0.8785
[2022-09-26 22:30:10,801]     4 |0.025	|0.8740	|0.8609
[2022-09-26 22:46:10,844]     5 |0.023	|0.8880	|0.8760
[2022-09-26 23:02:11,081]     6 |0.021	|0.8972	|0.8864
[2022-09-26 23:18:13,176]     7 |0.019	|0.8813	|0.8685
[2022-09-26 23:34:14,770]     8 |0.018	|0.8810	|0.8676
[2022-09-26 23:50:15,877]     9 |0.016	|0.8834	|0.8694
[2022-09-26 23:50:16,359] Training done.
[2022-09-26 23:50:16,359] Best validation f1: 0.8864
[2022-09-26 23:50:16,359] ----------------------------------------------------------------------------------------------------
[2022-09-26 23:50:21,072] ----------------------------------------------------------------------------------------------------
[2022-09-26 23:50:21,072] Start training for the following setup:
[2022-09-26 23:50:21,073] 	model: spacy
[2022-09-26 23:50:21,073] 	data: ['krauts', 'wikiwars_de', 'ancient_time_german', 'ph_german']
[2022-09-26 23:50:21,073] 	language: de
[2022-09-26 23:50:21,073] 	n_epochs: 15
[2022-09-26 23:50:21,073] 	dropout: 0.1
[2022-09-26 23:50:21,073] 	batch_size: None
[2022-09-26 23:50:21,073] 	learning_rate: None
[2022-09-26 23:50:21,073] 	embeddings: None
[2022-09-26 23:50:21,073] Reading datasets krauts wikiwars_de ancient_time_german ph_german.
[2022-09-26 23:50:44,531] Corpus statistics:
[2022-09-26 23:50:44,531] 	Train:
[2022-09-26 23:50:44,531] 		# documents: 13907
[2022-09-26 23:50:44,531] 		# sentences w/ timexs: 106254
[2022-09-26 23:50:44,563] 		# timexs: 129619
[2022-09-26 23:50:44,563] 	Validation:
[2022-09-26 23:50:44,563] 		# documents: 1545
[2022-09-26 23:50:44,563] 		# sentences w/ timexs: 11228
[2022-09-26 23:50:44,567] 		# timexs: 13627
[2022-09-26 23:50:44,567] Initializing model for language de.
[2022-09-26 23:50:44,725] Started train loop with id 20220926235044
[2022-09-26 23:50:44,730] Created vocabulary
[2022-09-26 23:50:44,731] Finished initializing nlp object
[2022-09-26 23:50:44,800]       |Loss 	|F1
[2022-09-26 23:50:44,800] Epoch |Train	|Train	|Validation
[2022-09-27 00:07:24,291]     1 |0.093	|0.8659	|0.8535
[2022-09-27 00:23:36,116]     2 |0.044	|0.8707	|0.8601
[2022-09-27 00:39:48,086]     3 |0.035	|0.8800	|0.8678
[2022-09-27 00:56:00,086]     4 |0.030	|0.8718	|0.8592
[2022-09-27 01:12:11,012]     5 |0.028	|0.8767	|0.8649
[2022-09-27 01:28:21,149]     6 |0.025	|0.8719	|0.8601
[2022-09-27 01:28:21,640] Training done.
[2022-09-27 01:28:21,640] Best validation f1: 0.8678
[2022-09-27 01:28:21,641] ----------------------------------------------------------------------------------------------------
[2022-09-27 01:28:26,338] ----------------------------------------------------------------------------------------------------
[2022-09-27 01:28:26,338] Start training for the following setup:
[2022-09-27 01:28:26,338] 	model: spacy
[2022-09-27 01:28:26,338] 	data: ['krauts', 'wikiwars_de', 'ancient_time_german', 'ph_german']
[2022-09-27 01:28:26,338] 	language: de
[2022-09-27 01:28:26,338] 	n_epochs: 15
[2022-09-27 01:28:26,338] 	dropout: 0.2
[2022-09-27 01:28:26,338] 	batch_size: None
[2022-09-27 01:28:26,338] 	learning_rate: None
[2022-09-27 01:28:26,338] 	embeddings: None
[2022-09-27 01:28:26,338] Reading datasets krauts wikiwars_de ancient_time_german ph_german.
[2022-09-27 01:28:49,483] Corpus statistics:
[2022-09-27 01:28:49,483] 	Train:
[2022-09-27 01:28:49,483] 		# documents: 13907
[2022-09-27 01:28:49,484] 		# sentences w/ timexs: 106254
[2022-09-27 01:28:49,516] 		# timexs: 129619
[2022-09-27 01:28:49,516] 	Validation:
[2022-09-27 01:28:49,516] 		# documents: 1545
[2022-09-27 01:28:49,516] 		# sentences w/ timexs: 11228
[2022-09-27 01:28:49,520] 		# timexs: 13627
[2022-09-27 01:28:49,520] Initializing model for language de.
[2022-09-27 01:28:49,679] Started train loop with id 20220927012849
[2022-09-27 01:28:49,684] Created vocabulary
[2022-09-27 01:28:49,684] Finished initializing nlp object
[2022-09-27 01:28:49,752]       |Loss 	|F1
[2022-09-27 01:28:49,753] Epoch |Train	|Train	|Validation
[2022-09-27 01:45:27,395]     1 |0.110	|0.8849	|0.8725
[2022-09-27 02:01:37,079]     2 |0.054	|0.8770	|0.8655
[2022-09-27 02:17:45,885]     3 |0.044	|0.8919	|0.8809
[2022-09-27 02:33:56,344]     4 |0.038	|0.8778	|0.8661
[2022-09-27 02:50:05,261]     5 |0.033	|0.8864	|0.8746
[2022-09-27 03:06:14,053]     6 |0.031	|0.9133	|0.9046
[2022-09-27 03:22:24,456]     7 |0.029	|0.8869	|0.8765
[2022-09-27 03:38:36,193]     8 |0.027	|0.8844	|0.8745
[2022-09-27 03:54:44,423]     9 |0.026	|0.8915	|0.8810
[2022-09-27 03:54:44,915] Training done.
[2022-09-27 03:54:44,916] Best validation f1: 0.9046
[2022-09-27 03:54:44,916] ----------------------------------------------------------------------------------------------------
[2022-09-27 03:54:49,689] ----------------------------------------------------------------------------------------------------
[2022-09-27 03:54:49,690] Start training for the following setup:
[2022-09-27 03:54:49,690] 	model: spacy
[2022-09-27 03:54:49,690] 	data: ['krauts', 'wikiwars_de', 'ancient_time_german', 'ph_german']
[2022-09-27 03:54:49,690] 	language: de
[2022-09-27 03:54:49,693] 	n_epochs: 15
[2022-09-27 03:54:49,693] 	dropout: 0.3
[2022-09-27 03:54:49,693] 	batch_size: None
[2022-09-27 03:54:49,693] 	learning_rate: None
[2022-09-27 03:54:49,693] 	embeddings: None
[2022-09-27 03:54:49,694] Reading datasets krauts wikiwars_de ancient_time_german ph_german.
[2022-09-27 03:55:13,308] Corpus statistics:
[2022-09-27 03:55:13,308] 	Train:
[2022-09-27 03:55:13,308] 		# documents: 13907
[2022-09-27 03:55:13,308] 		# sentences w/ timexs: 106254
[2022-09-27 03:55:13,340] 		# timexs: 129619
[2022-09-27 03:55:13,341] 	Validation:
[2022-09-27 03:55:13,341] 		# documents: 1545
[2022-09-27 03:55:13,341] 		# sentences w/ timexs: 11228
[2022-09-27 03:55:13,344] 		# timexs: 13627
[2022-09-27 03:55:13,344] Initializing model for language de.
[2022-09-27 03:55:13,504] Started train loop with id 20220927035513
[2022-09-27 03:55:13,509] Created vocabulary
[2022-09-27 03:55:13,510] Finished initializing nlp object
[2022-09-27 03:55:13,579]       |Loss 	|F1
[2022-09-27 03:55:13,579] Epoch |Train	|Train	|Validation
[2022-09-27 04:11:59,978]     1 |0.132	|0.8759	|0.8630
[2022-09-27 04:28:20,529]     2 |0.065	|0.8697	|0.8607
[2022-09-27 04:44:39,958]     3 |0.053	|0.8813	|0.8697
[2022-09-27 05:00:59,976]     4 |0.045	|0.8726	|0.8611
[2022-09-27 05:17:19,383]     5 |0.040	|0.8882	|0.8781
[2022-09-27 05:33:38,568]     6 |0.037	|0.8943	|0.8814
[2022-09-27 05:49:59,605]     7 |0.035	|0.9092	|0.8969
[2022-09-27 06:06:21,104]     8 |0.033	|0.8878	|0.8754
[2022-09-27 06:22:39,636]     9 |0.033	|0.9022	|0.8896
[2022-09-27 06:38:59,499]    10 |0.030	|0.8878	|0.8763
[2022-09-27 06:38:59,999] Training done.
[2022-09-27 06:38:59,999] Best validation f1: 0.8969
[2022-09-27 06:39:00,013] ----------------------------------------------------------------------------------------------------
[2022-09-27 11:46:51,427] ----------------------------------------------------------------------------------------------------
[2022-09-27 11:46:51,427] Start training for the following setup:
[2022-09-27 11:46:51,427] 	model: spacy
[2022-09-27 11:46:51,427] 	data: ['krauts', 'wikiwars_de', 'ancient_time_german', 'ph_german']
[2022-09-27 11:46:51,427] 	language: de
[2022-09-27 11:46:51,427] 	n_epochs: 15
[2022-09-27 11:46:51,428] 	dropout: 0.4
[2022-09-27 11:46:51,428] 	batch_size: None
[2022-09-27 11:46:51,428] 	learning_rate: None
[2022-09-27 11:46:51,428] 	embeddings: None
[2022-09-27 11:46:51,428] Reading datasets krauts wikiwars_de ancient_time_german ph_german.
[2022-09-27 11:47:14,706] Corpus statistics:
[2022-09-27 11:47:14,706] 	Train:
[2022-09-27 11:47:14,706] 		# documents: 13907
[2022-09-27 11:47:14,706] 		# sentences w/ timexs: 106254
[2022-09-27 11:47:14,739] 		# timexs: 129619
[2022-09-27 11:47:14,739] 	Validation:
[2022-09-27 11:47:14,739] 		# documents: 1545
[2022-09-27 11:47:14,739] 		# sentences w/ timexs: 11228
[2022-09-27 11:47:14,743] 		# timexs: 13627
[2022-09-27 11:47:14,743] Initializing model for language de.
[2022-09-27 11:47:14,903] Started train loop with id 20220927114714
[2022-09-27 11:47:14,907] Created vocabulary
[2022-09-27 11:47:14,908] Finished initializing nlp object
[2022-09-27 11:47:14,979]       |Loss 	|F1
[2022-09-27 11:47:14,980] Epoch |Train	|Train	|Validation
[2022-09-27 12:04:27,106]     1 |0.164	|0.8574	|0.8459
[2022-09-27 12:20:45,823]     2 |0.080	|0.8612	|0.8519
[2022-09-27 12:37:04,673]     3 |0.064	|0.8752	|0.8644
[2022-09-27 12:53:24,013]     4 |0.056	|0.8672	|0.8561
[2022-09-27 13:09:40,393]     5 |0.052	|0.8866	|0.8750
[2022-09-27 13:25:57,435]     6 |0.047	|0.9042	|0.8928
[2022-09-27 13:42:14,889]     7 |0.046	|0.8767	|0.8658
[2022-09-27 13:58:31,829]     8 |0.043	|0.8887	|0.8773
[2022-09-27 14:14:48,256]     9 |0.041	|0.8936	|0.8812
[2022-09-27 14:14:48,742] Training done.
[2022-09-27 14:14:48,742] Best validation f1: 0.8928
[2022-09-27 14:14:48,743] ----------------------------------------------------------------------------------------------------
[2022-09-27 14:14:53,509] ----------------------------------------------------------------------------------------------------
[2022-09-27 14:14:53,516] Start training for the following setup:
[2022-09-27 14:14:53,516] 	model: spacy
[2022-09-27 14:14:53,516] 	data: ['krauts', 'wikiwars_de', 'ancient_time_german', 'ph_german']
[2022-09-27 14:14:53,517] 	language: de
[2022-09-27 14:14:53,517] 	n_epochs: 15
[2022-09-27 14:14:53,517] 	dropout: 0.5
[2022-09-27 14:14:53,517] 	batch_size: None
[2022-09-27 14:14:53,517] 	learning_rate: None
[2022-09-27 14:14:53,517] 	embeddings: None
[2022-09-27 14:14:53,517] Reading datasets krauts wikiwars_de ancient_time_german ph_german.
[2022-09-27 14:15:17,033] Corpus statistics:
[2022-09-27 14:15:17,033] 	Train:
[2022-09-27 14:15:17,033] 		# documents: 13907
[2022-09-27 14:15:17,033] 		# sentences w/ timexs: 106254
[2022-09-27 14:15:17,066] 		# timexs: 129619
[2022-09-27 14:15:17,066] 	Validation:
[2022-09-27 14:15:17,066] 		# documents: 1545
[2022-09-27 14:15:17,066] 		# sentences w/ timexs: 11228
[2022-09-27 14:15:17,069] 		# timexs: 13627
[2022-09-27 14:15:17,069] Initializing model for language de.
[2022-09-27 14:15:17,228] Started train loop with id 20220927141517
[2022-09-27 14:15:17,233] Created vocabulary
[2022-09-27 14:15:17,234] Finished initializing nlp object
[2022-09-27 14:15:17,303]       |Loss 	|F1
[2022-09-27 14:15:17,303] Epoch |Train	|Train	|Validation
[2022-09-27 14:31:54,505]     1 |0.209	|0.8442	|0.8331
[2022-09-27 14:48:04,069]     2 |0.105	|0.8538	|0.8443
[2022-09-27 15:04:13,568]     3 |0.082	|0.8568	|0.8464
[2022-09-27 15:20:23,272]     4 |0.070	|0.8599	|0.8490
[2022-09-27 15:36:32,326]     5 |0.066	|0.8649	|0.8538
[2022-09-27 15:52:40,966]     6 |0.060	|0.8660	|0.8562
[2022-09-27 16:08:50,819]     7 |0.058	|0.8655	|0.8554
[2022-09-27 16:25:00,598]     8 |0.055	|0.8649	|0.8545
[2022-09-27 16:41:08,610]     9 |0.053	|0.8687	|0.8585
[2022-09-27 16:57:17,795]    10 |0.051	|0.8680	|0.8565
[2022-09-27 17:13:26,401]    11 |0.050	|0.8684	|0.8568
[2022-09-27 17:29:35,771]    12 |0.049	|0.8695	|0.8582
[2022-09-27 17:29:36,269] Training done.
[2022-09-27 17:29:36,270] Best validation f1: 0.8585
[2022-09-27 17:29:36,270] ----------------------------------------------------------------------------------------------------
