Name of the selected graph: ner-dl/blstm_38_300_128_200.pb
Training started - total epochs: 15 - lr: 0.003 - batch size: 8 - labels: 3 - chars: 130 - training examples: 1846


Epoch 1/15 started, lr: 0.003, dataset size: 1846


Epoch 1/15 - 78,18s - loss: 1108.2148 - batches: 231
Quality on validation dataset (20.0%), validation examples = 369
time to finish evaluation: 44,41s
label	 tp	 fp	 fn	 prec	 rec	 f1
I-TIMEX	 368	 26	 103	 0.93401015	 0.78131634	 0.850867
B-TIMEX	 358	 44	 160	 0.8905473	 0.6911197	 0.7782609
tp: 726 fp: 70 fn: 263 labels: 2
Macro-average	 prec: 0.9122787, rec: 0.736218, f1: 0.81484663
Micro-average	 prec: 0.9120603, rec: 0.73407483, f1: 0.8134454


Epoch 2/15 started, lr: 0.0029850747, dataset size: 1846


Epoch 2/15 - 71,81s - loss: 427.817 - batches: 231
Quality on validation dataset (20.0%), validation examples = 369
time to finish evaluation: 40,02s
label	 tp	 fp	 fn	 prec	 rec	 f1
I-TIMEX	 393	 26	 78	 0.9379475	 0.83439493	 0.8831461
B-TIMEX	 426	 58	 92	 0.8801653	 0.82239383	 0.8502994
tp: 819 fp: 84 fn: 170 labels: 2
Macro-average	 prec: 0.9090564, rec: 0.8283944, f1: 0.866853
Micro-average	 prec: 0.90697676, rec: 0.8281092, f1: 0.86575055


Epoch 3/15 started, lr: 0.0029702971, dataset size: 1846


Epoch 3/15 - 72,70s - loss: 319.70087 - batches: 231
Quality on validation dataset (20.0%), validation examples = 369
time to finish evaluation: 40,08s
label	 tp	 fp	 fn	 prec	 rec	 f1
I-TIMEX	 410	 26	 61	 0.940367	 0.87048835	 0.9040794
B-TIMEX	 449	 57	 69	 0.88735175	 0.86679536	 0.8769532
tp: 859 fp: 83 fn: 130 labels: 2
Macro-average	 prec: 0.91385937, rec: 0.86864185, f1: 0.8906771
Micro-average	 prec: 0.9118896, rec: 0.8685541, f1: 0.88969445


Epoch 4/15 started, lr: 0.002955665, dataset size: 1846


Epoch 4/15 - 71,86s - loss: 265.7458 - batches: 231
Quality on validation dataset (20.0%), validation examples = 369
time to finish evaluation: 39,16s
label	 tp	 fp	 fn	 prec	 rec	 f1
I-TIMEX	 415	 25	 56	 0.9431818	 0.88110405	 0.91108674
B-TIMEX	 459	 59	 59	 0.8861004	 0.8861004	 0.8861004
tp: 874 fp: 84 fn: 115 labels: 2
Macro-average	 prec: 0.91464114, rec: 0.88360226, f1: 0.8988538
Micro-average	 prec: 0.91231734, rec: 0.88372093, f1: 0.8977915


Epoch 5/15 started, lr: 0.0029411765, dataset size: 1846


Epoch 5/15 - 68,31s - loss: 225.9455 - batches: 231
Quality on validation dataset (20.0%), validation examples = 369
time to finish evaluation: 39,31s
label	 tp	 fp	 fn	 prec	 rec	 f1
I-TIMEX	 429	 33	 42	 0.9285714	 0.91082805	 0.91961414
B-TIMEX	 460	 55	 58	 0.89320385	 0.8880309	 0.89060986
tp: 889 fp: 88 fn: 100 labels: 2
Macro-average	 prec: 0.9108876, rec: 0.89942944, f1: 0.9051223
Micro-average	 prec: 0.9099284, rec: 0.89888775, f1: 0.90437436


Epoch 6/15 started, lr: 0.0029268293, dataset size: 1846


Epoch 6/15 - 69,90s - loss: 205.51047 - batches: 231
Quality on validation dataset (20.0%), validation examples = 369
time to finish evaluation: 38,43s
label	 tp	 fp	 fn	 prec	 rec	 f1
I-TIMEX	 422	 30	 49	 0.9336283	 0.89596605	 0.9144095
B-TIMEX	 459	 59	 59	 0.8861004	 0.8861004	 0.8861004
tp: 881 fp: 89 fn: 108 labels: 2
Macro-average	 prec: 0.90986437, rec: 0.89103323, f1: 0.90035033
Micro-average	 prec: 0.9082474, rec: 0.8907988, f1: 0.89943844


Epoch 7/15 started, lr: 0.0029126215, dataset size: 1846


Epoch 7/15 - 66,58s - loss: 179.99612 - batches: 231
Quality on validation dataset (20.0%), validation examples = 369
time to finish evaluation: 38,94s
label	 tp	 fp	 fn	 prec	 rec	 f1
I-TIMEX	 423	 38	 48	 0.9175705	 0.8980892	 0.9077253
B-TIMEX	 458	 62	 60	 0.88076925	 0.8841699	 0.8824663
tp: 881 fp: 100 fn: 108 labels: 2
Macro-average	 prec: 0.89916986, rec: 0.8911295, f1: 0.8951316
Micro-average	 prec: 0.8980632, rec: 0.8907988, f1: 0.8944163


Epoch 8/15 started, lr: 0.0028985508, dataset size: 1846


Epoch 8/15 - 69,19s - loss: 170.1009 - batches: 231
Quality on validation dataset (20.0%), validation examples = 369
time to finish evaluation: 38,80s
label	 tp	 fp	 fn	 prec	 rec	 f1
I-TIMEX	 425	 30	 46	 0.93406594	 0.90233546	 0.91792655
B-TIMEX	 463	 53	 55	 0.89728683	 0.8938224	 0.89555126
tp: 888 fp: 83 fn: 101 labels: 2
Macro-average	 prec: 0.91567636, rec: 0.8980789, f1: 0.9067922
Micro-average	 prec: 0.9145211, rec: 0.8978766, f1: 0.90612245


Epoch 9/15 started, lr: 0.0028846154, dataset size: 1846


Epoch 9/15 - 67,85s - loss: 150.91422 - batches: 231
Quality on validation dataset (20.0%), validation examples = 369
time to finish evaluation: 40,12s
label	 tp	 fp	 fn	 prec	 rec	 f1
I-TIMEX	 424	 33	 47	 0.9277899	 0.9002123	 0.9137931
B-TIMEX	 460	 54	 58	 0.8949416	 0.8880309	 0.8914728
tp: 884 fp: 87 fn: 105 labels: 2
Macro-average	 prec: 0.91136575, rec: 0.8941216, f1: 0.90266126
Micro-average	 prec: 0.91040164, rec: 0.89383215, f1: 0.90204084


Epoch 10/15 started, lr: 0.0028708135, dataset size: 1846


Epoch 10/15 - 69,34s - loss: 137.08414 - batches: 231
Quality on validation dataset (20.0%), validation examples = 369
time to finish evaluation: 37,34s
label	 tp	 fp	 fn	 prec	 rec	 f1
I-TIMEX	 426	 37	 45	 0.9200864	 0.9044586	 0.9122056
B-TIMEX	 460	 54	 58	 0.8949416	 0.8880309	 0.8914728
tp: 886 fp: 91 fn: 103 labels: 2
Macro-average	 prec: 0.907514, rec: 0.89624476, f1: 0.9018442
Micro-average	 prec: 0.9068577, rec: 0.8958544, f1: 0.9013225


Epoch 11/15 started, lr: 0.002857143, dataset size: 1846
