[2022-10-02 13:30:23,041] ----------------------------------------------------------------------------------------------------
[2022-10-02 13:30:23,041] Start training for the following setup:
[2022-10-02 13:30:23,041] 	model: spacy
[2022-10-02 13:30:23,041] 	data: ['krauts']
[2022-10-02 13:30:23,041] 	language: de
[2022-10-02 13:30:23,041] 	n_epochs: 15
[2022-10-02 13:30:23,041] 	dropout: 0.0
[2022-10-02 13:30:23,041] 	batch_size: None
[2022-10-02 13:30:23,041] 	learning_rate: None
[2022-10-02 13:30:23,041] 	embeddings: None
[2022-10-02 13:30:23,041] 	models_path: /tei2go/models
[2022-10-02 13:30:23,041] 	resources_path: /tei2go/resources
[2022-10-02 13:30:23,041] 	logs_path: /tei2go/logs
[2022-10-02 13:30:23,041] 	data_path: /tei2go/data
[2022-10-02 13:30:23,041] 	gpu: False
[2022-10-02 13:30:23,041] Found preprocessed data.
[2022-10-02 13:30:23,046] Corpus statistics:
[2022-10-02 13:30:23,046] 	Train:
[2022-10-02 13:30:23,046] 		# sentences: 661
[2022-10-02 13:30:23,046] 		# timexs: 828
[2022-10-02 13:30:23,046] 	Validation:
[2022-10-02 13:30:23,046] 		# sentences: 73
[2022-10-02 13:30:23,046] 		# timexs: 95
[2022-10-02 13:30:23,046] Initializing model for language de.
[2022-10-02 13:30:23,145] Started train loop with id 20221002133023
[2022-10-02 13:30:23,148] Created vocabulary
[2022-10-02 13:30:23,148] Finished initializing nlp object
[2022-10-02 13:30:23,195]       |Loss 	|F1
[2022-10-02 13:30:23,195] Epoch |Train	|Train	|Validation
[2022-10-02 13:30:28,402]     1 |1.519	|0.7776	|0.6441
[2022-10-02 13:30:33,390]     2 |0.434	|0.8571	|0.6857
[2022-10-02 13:30:38,348]     3 |0.252	|0.8743	|0.6742
[2022-10-02 13:30:43,309]     4 |0.176	|0.9090	|0.7135
[2022-10-02 13:30:48,330]     5 |0.103	|0.9235	|0.5922
[2022-10-02 13:30:53,312]     6 |0.062	|0.9236	|0.6596
[2022-10-02 13:30:58,320]     7 |0.048	|0.9109	|0.6633
[2022-10-02 13:30:58,321] Training done.
[2022-10-02 13:30:58,322] Best validation f1: 0.7135
[2022-10-02 13:30:58,322] ----------------------------------------------------------------------------------------------------
[2022-10-02 13:31:01,228] ----------------------------------------------------------------------------------------------------
[2022-10-02 13:31:01,228] Start training for the following setup:
[2022-10-02 13:31:01,228] 	model: spacy
[2022-10-02 13:31:01,228] 	data: ['krauts']
[2022-10-02 13:31:01,228] 	language: de
[2022-10-02 13:31:01,228] 	n_epochs: 15
[2022-10-02 13:31:01,228] 	dropout: 0.1
[2022-10-02 13:31:01,228] 	batch_size: None
[2022-10-02 13:31:01,228] 	learning_rate: None
[2022-10-02 13:31:01,228] 	embeddings: None
[2022-10-02 13:31:01,229] 	models_path: /tei2go/models
[2022-10-02 13:31:01,229] 	resources_path: /tei2go/resources
[2022-10-02 13:31:01,229] 	logs_path: /tei2go/logs
[2022-10-02 13:31:01,229] 	data_path: /tei2go/data
[2022-10-02 13:31:01,229] 	gpu: False
[2022-10-02 13:31:01,229] Found preprocessed data.
[2022-10-02 13:31:01,231] Corpus statistics:
[2022-10-02 13:31:01,231] 	Train:
[2022-10-02 13:31:01,231] 		# sentences: 661
[2022-10-02 13:31:01,231] 		# timexs: 828
[2022-10-02 13:31:01,231] 	Validation:
[2022-10-02 13:31:01,231] 		# sentences: 73
[2022-10-02 13:31:01,231] 		# timexs: 95
[2022-10-02 13:31:01,231] Initializing model for language de.
[2022-10-02 13:31:01,328] Started train loop with id 20221002133101
[2022-10-02 13:31:01,331] Created vocabulary
[2022-10-02 13:31:01,331] Finished initializing nlp object
[2022-10-02 13:31:01,378]       |Loss 	|F1
[2022-10-02 13:31:01,378] Epoch |Train	|Train	|Validation
[2022-10-02 13:31:06,657]     1 |1.644	|0.7323	|0.5856
[2022-10-02 13:31:11,676]     2 |0.548	|0.8292	|0.6893
[2022-10-02 13:31:16,677]     3 |0.351	|0.8751	|0.6298
[2022-10-02 13:31:21,670]     4 |0.343	|0.9077	|0.6893
[2022-10-02 13:31:26,638]     5 |0.186	|0.9012	|0.6667
[2022-10-02 13:31:31,586]     6 |0.144	|0.9069	|0.7253
[2022-10-02 13:31:36,578]     7 |0.127	|0.9125	|0.6590
[2022-10-02 13:31:41,554]     8 |0.117	|0.9220	|0.6919
[2022-10-02 13:31:46,490]     9 |0.091	|0.9235	|0.7429
[2022-10-02 13:31:51,469]    10 |0.059	|0.9186	|0.7419
[2022-10-02 13:31:56,412]    11 |0.068	|0.9313	|0.7191
[2022-10-02 13:32:01,364]    12 |0.052	|0.9176	|0.6667
[2022-10-02 13:32:01,366] Training done.
[2022-10-02 13:32:01,366] Best validation f1: 0.7429
[2022-10-02 13:32:01,366] ----------------------------------------------------------------------------------------------------
[2022-10-02 13:32:04,242] ----------------------------------------------------------------------------------------------------
[2022-10-02 13:32:04,242] Start training for the following setup:
[2022-10-02 13:32:04,242] 	model: spacy
[2022-10-02 13:32:04,242] 	data: ['krauts']
[2022-10-02 13:32:04,242] 	language: de
[2022-10-02 13:32:04,242] 	n_epochs: 15
[2022-10-02 13:32:04,242] 	dropout: 0.2
[2022-10-02 13:32:04,242] 	batch_size: None
[2022-10-02 13:32:04,242] 	learning_rate: None
[2022-10-02 13:32:04,242] 	embeddings: None
[2022-10-02 13:32:04,242] 	models_path: /tei2go/models
[2022-10-02 13:32:04,242] 	resources_path: /tei2go/resources
[2022-10-02 13:32:04,242] 	logs_path: /tei2go/logs
[2022-10-02 13:32:04,242] 	data_path: /tei2go/data
[2022-10-02 13:32:04,242] 	gpu: False
[2022-10-02 13:32:04,242] Found preprocessed data.
[2022-10-02 13:32:04,244] Corpus statistics:
[2022-10-02 13:32:04,245] 	Train:
[2022-10-02 13:32:04,245] 		# sentences: 661
[2022-10-02 13:32:04,245] 		# timexs: 828
[2022-10-02 13:32:04,245] 	Validation:
[2022-10-02 13:32:04,245] 		# sentences: 73
[2022-10-02 13:32:04,245] 		# timexs: 95
[2022-10-02 13:32:04,245] Initializing model for language de.
[2022-10-02 13:32:04,342] Started train loop with id 20221002133204
[2022-10-02 13:32:04,344] Created vocabulary
[2022-10-02 13:32:04,345] Finished initializing nlp object
[2022-10-02 13:32:04,392]       |Loss 	|F1
[2022-10-02 13:32:04,392] Epoch |Train	|Train	|Validation
[2022-10-02 13:32:09,786]     1 |1.772	|0.6611	|0.5537
[2022-10-02 13:32:14,949]     2 |0.700	|0.7972	|0.6512
[2022-10-02 13:32:20,103]     3 |0.457	|0.8622	|0.7052
[2022-10-02 13:32:25,280]     4 |0.391	|0.8871	|0.6897
[2022-10-02 13:32:30,398]     5 |0.278	|0.8907	|0.7143
[2022-10-02 13:32:35,525]     6 |0.275	|0.9113	|0.7363
[2022-10-02 13:32:40,677]     7 |0.211	|0.9148	|0.7200
[2022-10-02 13:32:45,812]     8 |0.172	|0.9145	|0.6919
[2022-10-02 13:32:50,916]     9 |0.144	|0.9195	|0.6977
[2022-10-02 13:32:50,917] Training done.
[2022-10-02 13:32:50,917] Best validation f1: 0.7363
[2022-10-02 13:32:50,917] ----------------------------------------------------------------------------------------------------
[2022-10-02 13:32:53,805] ----------------------------------------------------------------------------------------------------
[2022-10-02 13:32:53,805] Start training for the following setup:
[2022-10-02 13:32:53,805] 	model: spacy
[2022-10-02 13:32:53,805] 	data: ['krauts']
[2022-10-02 13:32:53,805] 	language: de
[2022-10-02 13:32:53,805] 	n_epochs: 15
[2022-10-02 13:32:53,805] 	dropout: 0.3
[2022-10-02 13:32:53,805] 	batch_size: None
[2022-10-02 13:32:53,805] 	learning_rate: None
[2022-10-02 13:32:53,805] 	embeddings: None
[2022-10-02 13:32:53,805] 	models_path: /tei2go/models
[2022-10-02 13:32:53,805] 	resources_path: /tei2go/resources
[2022-10-02 13:32:53,805] 	logs_path: /tei2go/logs
[2022-10-02 13:32:53,805] 	data_path: /tei2go/data
[2022-10-02 13:32:53,805] 	gpu: False
[2022-10-02 13:32:53,805] Found preprocessed data.
[2022-10-02 13:32:53,807] Corpus statistics:
[2022-10-02 13:32:53,808] 	Train:
[2022-10-02 13:32:53,808] 		# sentences: 661
[2022-10-02 13:32:53,808] 		# timexs: 828
[2022-10-02 13:32:53,808] 	Validation:
[2022-10-02 13:32:53,808] 		# sentences: 73
[2022-10-02 13:32:53,808] 		# timexs: 95
[2022-10-02 13:32:53,808] Initializing model for language de.
[2022-10-02 13:32:53,906] Started train loop with id 20221002133253
[2022-10-02 13:32:53,908] Created vocabulary
[2022-10-02 13:32:53,909] Finished initializing nlp object
[2022-10-02 13:32:53,957]       |Loss 	|F1
[2022-10-02 13:32:53,957] Epoch |Train	|Train	|Validation
[2022-10-02 13:32:59,328]     1 |1.941	|0.5906	|0.4750
[2022-10-02 13:33:04,468]     2 |0.896	|0.7876	|0.6941
[2022-10-02 13:33:09,600]     3 |0.598	|0.8436	|0.6901
[2022-10-02 13:33:14,726]     4 |0.452	|0.8566	|0.6705
[2022-10-02 13:33:19,831]     5 |0.428	|0.8804	|0.7011
[2022-10-02 13:33:24,944]     6 |0.317	|0.8665	|0.7159
[2022-10-02 13:33:30,072]     7 |0.298	|0.8871	|0.6995
[2022-10-02 13:33:35,200]     8 |0.293	|0.8993	|0.6702
[2022-10-02 13:33:40,288]     9 |0.230	|0.8975	|0.6878
[2022-10-02 13:33:40,289] Training done.
[2022-10-02 13:33:40,289] Best validation f1: 0.7159
[2022-10-02 13:33:40,290] ----------------------------------------------------------------------------------------------------
[2022-10-02 13:33:43,179] ----------------------------------------------------------------------------------------------------
[2022-10-02 13:33:43,179] Start training for the following setup:
[2022-10-02 13:33:43,179] 	model: spacy
[2022-10-02 13:33:43,179] 	data: ['krauts']
[2022-10-02 13:33:43,179] 	language: de
[2022-10-02 13:33:43,179] 	n_epochs: 15
[2022-10-02 13:33:43,179] 	dropout: 0.4
[2022-10-02 13:33:43,179] 	batch_size: None
[2022-10-02 13:33:43,179] 	learning_rate: None
[2022-10-02 13:33:43,179] 	embeddings: None
[2022-10-02 13:33:43,179] 	models_path: /tei2go/models
[2022-10-02 13:33:43,179] 	resources_path: /tei2go/resources
[2022-10-02 13:33:43,179] 	logs_path: /tei2go/logs
[2022-10-02 13:33:43,179] 	data_path: /tei2go/data
[2022-10-02 13:33:43,179] 	gpu: False
[2022-10-02 13:33:43,179] Found preprocessed data.
[2022-10-02 13:33:43,181] Corpus statistics:
[2022-10-02 13:33:43,181] 	Train:
[2022-10-02 13:33:43,181] 		# sentences: 661
[2022-10-02 13:33:43,182] 		# timexs: 828
[2022-10-02 13:33:43,182] 	Validation:
[2022-10-02 13:33:43,182] 		# sentences: 73
[2022-10-02 13:33:43,182] 		# timexs: 95
[2022-10-02 13:33:43,182] Initializing model for language de.
[2022-10-02 13:33:43,280] Started train loop with id 20221002133343
[2022-10-02 13:33:43,282] Created vocabulary
[2022-10-02 13:33:43,282] Finished initializing nlp object
[2022-10-02 13:33:43,330]       |Loss 	|F1
[2022-10-02 13:33:43,330] Epoch |Train	|Train	|Validation
[2022-10-02 13:33:48,697]     1 |2.044	|0.5374	|0.5248
[2022-10-02 13:33:53,833]     2 |1.076	|0.7184	|0.6047
[2022-10-02 13:33:58,963]     3 |0.720	|0.8160	|0.6587
[2022-10-02 13:34:04,108]     4 |0.613	|0.8390	|0.6272
[2022-10-02 13:34:09,249]     5 |0.528	|0.8719	|0.6778
[2022-10-02 13:34:14,365]     6 |0.442	|0.8760	|0.6474
[2022-10-02 13:34:19,462]     7 |0.406	|0.8750	|0.7222
[2022-10-02 13:34:24,618]     8 |0.378	|0.8963	|0.6704
[2022-10-02 13:34:29,709]     9 |0.305	|0.8903	|0.6957
[2022-10-02 13:34:34,811]    10 |0.307	|0.9016	|0.6630
[2022-10-02 13:34:34,813] Training done.
[2022-10-02 13:34:34,815] Best validation f1: 0.7222
[2022-10-02 13:34:34,815] ----------------------------------------------------------------------------------------------------
[2022-10-02 13:34:37,704] ----------------------------------------------------------------------------------------------------
[2022-10-02 13:34:37,704] Start training for the following setup:
[2022-10-02 13:34:37,704] 	model: spacy
[2022-10-02 13:34:37,704] 	data: ['krauts']
[2022-10-02 13:34:37,704] 	language: de
[2022-10-02 13:34:37,704] 	n_epochs: 15
[2022-10-02 13:34:37,704] 	dropout: 0.5
[2022-10-02 13:34:37,704] 	batch_size: None
[2022-10-02 13:34:37,704] 	learning_rate: None
[2022-10-02 13:34:37,704] 	embeddings: None
[2022-10-02 13:34:37,704] 	models_path: /tei2go/models
[2022-10-02 13:34:37,704] 	resources_path: /tei2go/resources
[2022-10-02 13:34:37,704] 	logs_path: /tei2go/logs
[2022-10-02 13:34:37,704] 	data_path: /tei2go/data
[2022-10-02 13:34:37,704] 	gpu: False
[2022-10-02 13:34:37,704] Found preprocessed data.
[2022-10-02 13:34:37,706] Corpus statistics:
[2022-10-02 13:34:37,706] 	Train:
[2022-10-02 13:34:37,706] 		# sentences: 661
[2022-10-02 13:34:37,707] 		# timexs: 828
[2022-10-02 13:34:37,707] 	Validation:
[2022-10-02 13:34:37,707] 		# sentences: 73
[2022-10-02 13:34:37,707] 		# timexs: 95
[2022-10-02 13:34:37,707] Initializing model for language de.
[2022-10-02 13:34:37,805] Started train loop with id 20221002133437
[2022-10-02 13:34:37,807] Created vocabulary
[2022-10-02 13:34:37,808] Finished initializing nlp object
[2022-10-02 13:34:37,855]       |Loss 	|F1
[2022-10-02 13:34:37,855] Epoch |Train	|Train	|Validation
[2022-10-02 13:34:43,228]     1 |2.158	|0.0596	|0.0962
[2022-10-02 13:34:48,367]     2 |1.368	|0.6223	|0.5513
[2022-10-02 13:34:53,495]     3 |0.973	|0.7269	|0.5862
[2022-10-02 13:34:58,639]     4 |0.779	|0.7962	|0.6374
[2022-10-02 13:35:03,768]     5 |0.690	|0.8094	|0.6486
[2022-10-02 13:35:08,891]     6 |0.574	|0.8163	|0.6744
[2022-10-02 13:35:14,035]     7 |0.538	|0.8275	|0.6703
[2022-10-02 13:35:19,169]     8 |0.517	|0.8471	|0.6885
[2022-10-02 13:35:24,294]     9 |0.433	|0.8618	|0.7174
[2022-10-02 13:35:29,432]    10 |0.416	|0.8807	|0.6897
[2022-10-02 13:35:34,533]    11 |0.464	|0.8739	|0.7356
[2022-10-02 13:35:39,663]    12 |0.358	|0.8829	|0.7333
[2022-10-02 13:35:44,801]    13 |0.326	|0.8863	|0.7253
[2022-10-02 13:35:49,936]    14 |0.321	|0.8804	|0.7000
[2022-10-02 13:35:49,937] Training done.
[2022-10-02 13:35:49,937] Best validation f1: 0.7356
[2022-10-02 13:35:49,937] ----------------------------------------------------------------------------------------------------
[2022-10-13 19:26:39,883] ----------------------------------------------------------------------------------------------------
[2022-10-13 19:26:39,883] Start training for the following setup:
[2022-10-13 19:26:39,883] 	model: spacy
[2022-10-13 19:26:39,883] 	data: ['krauts']
[2022-10-13 19:26:39,883] 	language: de
[2022-10-13 19:26:39,883] 	n_epochs: 30
[2022-10-13 19:26:39,883] 	dropout: 0.2
[2022-10-13 19:26:39,883] 	learning_rate: None
[2022-10-13 19:26:39,883] 	trans_hidden_width: 8
[2022-10-13 19:26:39,883] 	trans_maxout_pieces: 3
[2022-10-13 19:26:39,883] 	trans_use_upper: True
[2022-10-13 19:26:39,883] 	embed_width: 300
[2022-10-13 19:26:39,883] 	embed_depth: 3
[2022-10-13 19:26:39,883] 	embed_size: 9000
[2022-10-13 19:26:39,883] 	embed_window_size: 2
[2022-10-13 19:26:39,883] 	embed_maxout_pieces: 3
[2022-10-13 19:26:39,883] 	embed_subword_features: True
[2022-10-13 19:26:39,883] 	models_path: /tei2go/models
[2022-10-13 19:26:39,883] 	resources_path: /tei2go/resources
[2022-10-13 19:26:39,883] 	logs_path: /tei2go/logs
[2022-10-13 19:26:39,883] 	data_path: /tei2go/data
[2022-10-13 19:26:39,883] 	gpu: False
[2022-10-13 19:26:39,883] Found preprocessed data.
[2022-10-13 19:26:39,886] Corpus statistics:
[2022-10-13 19:26:39,886] 	Train:
[2022-10-13 19:26:39,886] 		# sentences: 661
[2022-10-13 19:26:39,886] 		# timexs: 828
[2022-10-13 19:26:39,886] 	Validation:
[2022-10-13 19:26:39,886] 		# sentences: 73
[2022-10-13 19:26:39,887] 		# timexs: 95
[2022-10-13 19:26:39,887] Initializing model for language de.
[2022-10-13 19:26:39,997] Started train loop with id 20221013192639
[2022-10-13 19:26:39,999] Created vocabulary
[2022-10-13 19:26:40,000] Finished initializing nlp object
[2022-10-13 19:26:40,135]       |Loss 	|F1
[2022-10-13 19:26:40,135] Epoch |Train	|Train	|Validation
[2022-10-13 19:27:15,160]     1 |1.965	|0.6135	|0.5202
[2022-10-13 19:27:48,641]     2 |0.737	|0.8209	|0.6548
[2022-10-13 19:28:20,048]     3 |0.346	|0.8706	|0.6341
[2022-10-13 19:28:51,968]     4 |0.241	|0.9209	|0.6860
[2022-10-13 19:29:22,216]     5 |0.157	|0.9066	|0.6809
[2022-10-13 19:29:50,425]     6 |0.144	|0.9129	|0.6740
[2022-10-13 19:30:18,569]     7 |0.092	|0.9352	|0.6474
[2022-10-13 19:30:18,573] Training done.
[2022-10-13 19:30:18,573] Best validation f1: 0.6860
[2022-10-13 19:30:18,573] ----------------------------------------------------------------------------------------------------
[2022-10-13 19:30:20,335] ----------------------------------------------------------------------------------------------------
[2022-10-13 19:30:20,335] Start training for the following setup:
[2022-10-13 19:30:20,335] 	model: spacy
[2022-10-13 19:30:20,335] 	data: ['krauts']
[2022-10-13 19:30:20,336] 	language: de
[2022-10-13 19:30:20,336] 	n_epochs: 30
[2022-10-13 19:30:20,336] 	dropout: 0.0
[2022-10-13 19:30:20,336] 	learning_rate: None
[2022-10-13 19:30:20,336] 	trans_hidden_width: 64
[2022-10-13 19:30:20,336] 	trans_maxout_pieces: 2
[2022-10-13 19:30:20,336] 	trans_use_upper: True
[2022-10-13 19:30:20,336] 	embed_width: 128
[2022-10-13 19:30:20,336] 	embed_depth: 2
[2022-10-13 19:30:20,336] 	embed_size: 2000
[2022-10-13 19:30:20,336] 	embed_window_size: 2
[2022-10-13 19:30:20,336] 	embed_maxout_pieces: 2
[2022-10-13 19:30:20,336] 	embed_subword_features: True
[2022-10-13 19:30:20,336] 	models_path: /tei2go/models
[2022-10-13 19:30:20,336] 	resources_path: /tei2go/resources
[2022-10-13 19:30:20,336] 	logs_path: /tei2go/logs
[2022-10-13 19:30:20,336] 	data_path: /tei2go/data
[2022-10-13 19:30:20,336] 	gpu: False
[2022-10-13 19:30:20,336] Found preprocessed data.
[2022-10-13 19:30:20,338] Corpus statistics:
[2022-10-13 19:30:20,338] 	Train:
[2022-10-13 19:30:20,338] 		# sentences: 661
[2022-10-13 19:30:20,338] 		# timexs: 828
[2022-10-13 19:30:20,338] 	Validation:
[2022-10-13 19:30:20,338] 		# sentences: 73
[2022-10-13 19:30:20,338] 		# timexs: 95
[2022-10-13 19:30:20,338] Initializing model for language de.
[2022-10-13 19:30:20,445] Started train loop with id 20221013193020
[2022-10-13 19:30:20,447] Created vocabulary
[2022-10-13 19:30:20,448] Finished initializing nlp object
[2022-10-13 19:30:20,498]       |Loss 	|F1
[2022-10-13 19:30:20,498] Epoch |Train	|Train	|Validation
[2022-10-13 19:30:26,383]     1 |1.539	|0.7778	|0.6667
[2022-10-13 19:30:32,152]     2 |0.444	|0.8605	|0.6932
[2022-10-13 19:30:37,903]     3 |0.257	|0.8986	|0.6864
[2022-10-13 19:30:43,627]     4 |0.157	|0.9093	|0.6667
[2022-10-13 19:30:49,392]     5 |0.108	|0.9147	|0.6489
[2022-10-13 19:30:49,393] Training done.
[2022-10-13 19:30:49,393] Best validation f1: 0.6932
[2022-10-13 19:30:49,393] ----------------------------------------------------------------------------------------------------
[2022-10-13 19:30:51,177] ----------------------------------------------------------------------------------------------------
[2022-10-13 19:30:51,177] Start training for the following setup:
[2022-10-13 19:30:51,177] 	model: spacy
[2022-10-13 19:30:51,177] 	data: ['krauts']
[2022-10-13 19:30:51,177] 	language: de
[2022-10-13 19:30:51,177] 	n_epochs: 30
[2022-10-13 19:30:51,177] 	dropout: 0.0
[2022-10-13 19:30:51,177] 	learning_rate: None
[2022-10-13 19:30:51,177] 	trans_hidden_width: 64
[2022-10-13 19:30:51,177] 	trans_maxout_pieces: 2
[2022-10-13 19:30:51,177] 	trans_use_upper: True
[2022-10-13 19:30:51,177] 	embed_width: 128
[2022-10-13 19:30:51,177] 	embed_depth: 6
[2022-10-13 19:30:51,177] 	embed_size: 8000
[2022-10-13 19:30:51,177] 	embed_window_size: 1
[2022-10-13 19:30:51,177] 	embed_maxout_pieces: 1
[2022-10-13 19:30:51,177] 	embed_subword_features: True
[2022-10-13 19:30:51,177] 	models_path: /tei2go/models
[2022-10-13 19:30:51,177] 	resources_path: /tei2go/resources
[2022-10-13 19:30:51,177] 	logs_path: /tei2go/logs
[2022-10-13 19:30:51,177] 	data_path: /tei2go/data
[2022-10-13 19:30:51,177] 	gpu: False
[2022-10-13 19:30:51,178] Found preprocessed data.
[2022-10-13 19:30:51,179] Corpus statistics:
[2022-10-13 19:30:51,179] 	Train:
[2022-10-13 19:30:51,179] 		# sentences: 661
[2022-10-13 19:30:51,179] 		# timexs: 828
[2022-10-13 19:30:51,179] 	Validation:
[2022-10-13 19:30:51,180] 		# sentences: 73
[2022-10-13 19:30:51,180] 		# timexs: 95
[2022-10-13 19:30:51,180] Initializing model for language de.
[2022-10-13 19:30:51,287] Started train loop with id 20221013193051
[2022-10-13 19:30:51,290] Created vocabulary
[2022-10-13 19:30:51,290] Finished initializing nlp object
[2022-10-13 19:30:51,359]       |Loss 	|F1
[2022-10-13 19:30:51,359] Epoch |Train	|Train	|Validation
[2022-10-13 19:31:00,335]     1 |1.488	|0.7768	|0.6364
[2022-10-13 19:31:09,054]     2 |0.490	|0.8456	|0.7442
[2022-10-13 19:31:17,820]     3 |0.304	|0.8641	|0.6786
[2022-10-13 19:31:26,526]     4 |0.226	|0.8977	|0.6744
[2022-10-13 19:31:35,154]     5 |0.167	|0.8890	|0.6851
[2022-10-13 19:31:35,156] Training done.
[2022-10-13 19:31:35,156] Best validation f1: 0.7442
[2022-10-13 19:31:35,156] ----------------------------------------------------------------------------------------------------
[2022-10-13 19:31:36,905] ----------------------------------------------------------------------------------------------------
[2022-10-13 19:31:36,905] Start training for the following setup:
[2022-10-13 19:31:36,905] 	model: spacy
[2022-10-13 19:31:36,905] 	data: ['krauts']
[2022-10-13 19:31:36,905] 	language: de
[2022-10-13 19:31:36,905] 	n_epochs: 30
[2022-10-13 19:31:36,905] 	dropout: 0.2
[2022-10-13 19:31:36,906] 	learning_rate: None
[2022-10-13 19:31:36,906] 	trans_hidden_width: 128
[2022-10-13 19:31:36,906] 	trans_maxout_pieces: 3
[2022-10-13 19:31:36,906] 	trans_use_upper: True
[2022-10-13 19:31:36,906] 	embed_width: 300
[2022-10-13 19:31:36,906] 	embed_depth: 2
[2022-10-13 19:31:36,906] 	embed_size: 9000
[2022-10-13 19:31:36,906] 	embed_window_size: 2
[2022-10-13 19:31:36,906] 	embed_maxout_pieces: 2
[2022-10-13 19:31:36,906] 	embed_subword_features: True
[2022-10-13 19:31:36,906] 	models_path: /tei2go/models
[2022-10-13 19:31:36,906] 	resources_path: /tei2go/resources
[2022-10-13 19:31:36,906] 	logs_path: /tei2go/logs
[2022-10-13 19:31:36,906] 	data_path: /tei2go/data
[2022-10-13 19:31:36,906] 	gpu: False
[2022-10-13 19:31:36,906] Found preprocessed data.
[2022-10-13 19:31:36,908] Corpus statistics:
[2022-10-13 19:31:36,908] 	Train:
[2022-10-13 19:31:36,908] 		# sentences: 661
[2022-10-13 19:31:36,908] 		# timexs: 828
[2022-10-13 19:31:36,908] 	Validation:
[2022-10-13 19:31:36,908] 		# sentences: 73
[2022-10-13 19:31:36,908] 		# timexs: 95
[2022-10-13 19:31:36,908] Initializing model for language de.
[2022-10-13 19:31:37,012] Started train loop with id 20221013193137
[2022-10-13 19:31:37,015] Created vocabulary
[2022-10-13 19:31:37,015] Finished initializing nlp object
[2022-10-13 19:31:37,216]       |Loss 	|F1
[2022-10-13 19:31:37,216] Epoch |Train	|Train	|Validation
[2022-10-13 19:31:59,542]     1 |1.490	|0.7520	|0.6000
[2022-10-13 19:32:21,743]     2 |0.565	|0.8417	|0.6889
[2022-10-13 19:32:43,836]     3 |0.333	|0.8251	|0.6471
[2022-10-13 19:33:05,725]     4 |0.241	|0.8801	|0.5952
[2022-10-13 19:33:27,425]     5 |0.178	|0.8449	|0.5969
[2022-10-13 19:33:27,430] Training done.
[2022-10-13 19:33:27,430] Best validation f1: 0.6889
[2022-10-13 19:33:27,430] ----------------------------------------------------------------------------------------------------
[2022-10-13 19:33:29,177] ----------------------------------------------------------------------------------------------------
[2022-10-13 19:33:29,177] Start training for the following setup:
[2022-10-13 19:33:29,177] 	model: spacy
[2022-10-13 19:33:29,177] 	data: ['krauts']
[2022-10-13 19:33:29,177] 	language: de
[2022-10-13 19:33:29,177] 	n_epochs: 30
[2022-10-13 19:33:29,177] 	dropout: 0.1
[2022-10-13 19:33:29,177] 	learning_rate: None
[2022-10-13 19:33:29,177] 	trans_hidden_width: 16
[2022-10-13 19:33:29,177] 	trans_maxout_pieces: 1
[2022-10-13 19:33:29,177] 	trans_use_upper: True
[2022-10-13 19:33:29,177] 	embed_width: 128
[2022-10-13 19:33:29,177] 	embed_depth: 4
[2022-10-13 19:33:29,177] 	embed_size: 2000
[2022-10-13 19:33:29,177] 	embed_window_size: 1
[2022-10-13 19:33:29,177] 	embed_maxout_pieces: 3
[2022-10-13 19:33:29,177] 	embed_subword_features: True
[2022-10-13 19:33:29,177] 	models_path: /tei2go/models
[2022-10-13 19:33:29,177] 	resources_path: /tei2go/resources
[2022-10-13 19:33:29,178] 	logs_path: /tei2go/logs
[2022-10-13 19:33:29,178] 	data_path: /tei2go/data
[2022-10-13 19:33:29,178] 	gpu: False
[2022-10-13 19:33:29,178] Found preprocessed data.
[2022-10-13 19:33:29,179] Corpus statistics:
[2022-10-13 19:33:29,179] 	Train:
[2022-10-13 19:33:29,180] 		# sentences: 661
[2022-10-13 19:33:29,180] 		# timexs: 828
[2022-10-13 19:33:29,180] 	Validation:
[2022-10-13 19:33:29,180] 		# sentences: 73
[2022-10-13 19:33:29,180] 		# timexs: 95
[2022-10-13 19:33:29,180] Initializing model for language de.
[2022-10-13 19:33:29,284] Started train loop with id 20221013193329
[2022-10-13 19:33:29,286] Created vocabulary
[2022-10-13 19:33:29,287] Finished initializing nlp object
[2022-10-13 19:33:29,319]       |Loss 	|F1
[2022-10-13 19:33:29,319] Epoch |Train	|Train	|Validation
[2022-10-13 19:33:36,182]     1 |2.089	|0.3846	|0.3805
[2022-10-13 19:33:42,843]     2 |0.672	|0.6862	|0.5604
[2022-10-13 19:33:49,521]     3 |0.481	|0.7193	|0.5354
[2022-10-13 19:33:56,166]     4 |0.296	|0.7384	|0.6224
[2022-10-13 19:34:02,872]     5 |0.218	|0.7360	|0.5949
[2022-10-13 19:34:09,534]     6 |0.185	|0.7527	|0.5949
[2022-10-13 19:34:16,244]     7 |0.166	|0.7931	|0.6111
[2022-10-13 19:34:16,246] Training done.
[2022-10-13 19:34:16,246] Best validation f1: 0.6224
[2022-10-13 19:34:16,246] ----------------------------------------------------------------------------------------------------
[2022-10-13 19:34:18,005] ----------------------------------------------------------------------------------------------------
[2022-10-13 19:34:18,005] Start training for the following setup:
[2022-10-13 19:34:18,005] 	model: spacy
[2022-10-13 19:34:18,005] 	data: ['krauts']
[2022-10-13 19:34:18,005] 	language: de
[2022-10-13 19:34:18,005] 	n_epochs: 30
[2022-10-13 19:34:18,005] 	dropout: 0.1
[2022-10-13 19:34:18,005] 	learning_rate: None
[2022-10-13 19:34:18,005] 	trans_hidden_width: 128
[2022-10-13 19:34:18,005] 	trans_maxout_pieces: 2
[2022-10-13 19:34:18,005] 	trans_use_upper: True
[2022-10-13 19:34:18,005] 	embed_width: 96
[2022-10-13 19:34:18,005] 	embed_depth: 7
[2022-10-13 19:34:18,005] 	embed_size: 3000
[2022-10-13 19:34:18,005] 	embed_window_size: 1
[2022-10-13 19:34:18,005] 	embed_maxout_pieces: 1
[2022-10-13 19:34:18,005] 	embed_subword_features: True
[2022-10-13 19:34:18,005] 	models_path: /tei2go/models
[2022-10-13 19:34:18,005] 	resources_path: /tei2go/resources
[2022-10-13 19:34:18,005] 	logs_path: /tei2go/logs
[2022-10-13 19:34:18,006] 	data_path: /tei2go/data
[2022-10-13 19:34:18,006] 	gpu: False
[2022-10-13 19:34:18,006] Found preprocessed data.
[2022-10-13 19:34:18,007] Corpus statistics:
[2022-10-13 19:34:18,007] 	Train:
[2022-10-13 19:34:18,007] 		# sentences: 661
[2022-10-13 19:34:18,008] 		# timexs: 828
[2022-10-13 19:34:18,008] 	Validation:
[2022-10-13 19:34:18,008] 		# sentences: 73
[2022-10-13 19:34:18,008] 		# timexs: 95
[2022-10-13 19:34:18,008] Initializing model for language de.
[2022-10-13 19:34:18,114] Started train loop with id 20221013193418
[2022-10-13 19:34:18,116] Created vocabulary
[2022-10-13 19:34:18,117] Finished initializing nlp object
[2022-10-13 19:34:18,216]       |Loss 	|F1
[2022-10-13 19:34:18,217] Epoch |Train	|Train	|Validation
[2022-10-13 19:34:25,514]     1 |1.415	|0.7855	|0.7209
[2022-10-13 19:34:32,687]     2 |0.577	|0.8267	|0.7602
[2022-10-13 19:34:39,909]     3 |0.436	|0.8518	|0.6484
[2022-10-13 19:34:47,061]     4 |0.284	|0.8819	|0.6946
[2022-10-13 19:34:54,324]     5 |0.293	|0.8453	|0.6193
[2022-10-13 19:34:54,326] Training done.
[2022-10-13 19:34:54,326] Best validation f1: 0.7602
[2022-10-13 19:34:54,326] ----------------------------------------------------------------------------------------------------
[2022-10-13 19:34:56,099] ----------------------------------------------------------------------------------------------------
[2022-10-13 19:34:56,099] Start training for the following setup:
[2022-10-13 19:34:56,099] 	model: spacy
[2022-10-13 19:34:56,099] 	data: ['krauts']
[2022-10-13 19:34:56,099] 	language: de
[2022-10-13 19:34:56,099] 	n_epochs: 30
[2022-10-13 19:34:56,099] 	dropout: 0.4
[2022-10-13 19:34:56,099] 	learning_rate: None
[2022-10-13 19:34:56,099] 	trans_hidden_width: 16
[2022-10-13 19:34:56,099] 	trans_maxout_pieces: 2
[2022-10-13 19:34:56,099] 	trans_use_upper: True
[2022-10-13 19:34:56,099] 	embed_width: 128
[2022-10-13 19:34:56,099] 	embed_depth: 7
[2022-10-13 19:34:56,099] 	embed_size: 5000
[2022-10-13 19:34:56,099] 	embed_window_size: 2
[2022-10-13 19:34:56,100] 	embed_maxout_pieces: 2
[2022-10-13 19:34:56,100] 	embed_subword_features: True
[2022-10-13 19:34:56,100] 	models_path: /tei2go/models
[2022-10-13 19:34:56,100] 	resources_path: /tei2go/resources
[2022-10-13 19:34:56,100] 	logs_path: /tei2go/logs
[2022-10-13 19:34:56,100] 	data_path: /tei2go/data
[2022-10-13 19:34:56,100] 	gpu: False
[2022-10-13 19:34:56,100] Found preprocessed data.
[2022-10-13 19:34:56,102] Corpus statistics:
[2022-10-13 19:34:56,102] 	Train:
[2022-10-13 19:34:56,102] 		# sentences: 661
[2022-10-13 19:34:56,102] 		# timexs: 828
[2022-10-13 19:34:56,102] 	Validation:
[2022-10-13 19:34:56,102] 		# sentences: 73
[2022-10-13 19:34:56,102] 		# timexs: 95
[2022-10-13 19:34:56,102] Initializing model for language de.
[2022-10-13 19:34:56,210] Started train loop with id 20221013193456
[2022-10-13 19:34:56,213] Created vocabulary
[2022-10-13 19:34:56,213] Finished initializing nlp object
[2022-10-13 19:34:56,265]       |Loss 	|F1
[2022-10-13 19:34:56,265] Epoch |Train	|Train	|Validation
[2022-10-13 19:35:08,529]     1 |2.169	|0.4409	|0.3478
[2022-10-13 19:35:20,433]     2 |1.014	|0.7497	|0.6047
[2022-10-13 19:35:32,394]     3 |0.615	|0.8642	|0.6860
[2022-10-13 19:35:44,287]     4 |0.480	|0.8813	|0.7168
[2022-10-13 19:35:56,184]     5 |0.329	|0.8824	|0.7273
[2022-10-13 19:36:08,189]     6 |0.331	|0.8982	|0.7232
[2022-10-13 19:36:20,091]     7 |0.277	|0.9157	|0.7345
[2022-10-13 19:36:32,036]     8 |0.238	|0.9119	|0.6947
[2022-10-13 19:36:43,888]     9 |0.226	|0.9236	|0.7241
[2022-10-13 19:36:55,761]    10 |0.195	|0.9226	|0.7027
[2022-10-13 19:36:55,762] Training done.
[2022-10-13 19:36:55,762] Best validation f1: 0.7345
[2022-10-13 19:36:55,762] ----------------------------------------------------------------------------------------------------
[2022-10-13 19:36:57,547] ----------------------------------------------------------------------------------------------------
[2022-10-13 19:36:57,547] Start training for the following setup:
[2022-10-13 19:36:57,547] 	model: spacy
[2022-10-13 19:36:57,547] 	data: ['krauts']
[2022-10-13 19:36:57,547] 	language: de
[2022-10-13 19:36:57,547] 	n_epochs: 30
[2022-10-13 19:36:57,547] 	dropout: 0.1
[2022-10-13 19:36:57,547] 	learning_rate: None
[2022-10-13 19:36:57,547] 	trans_hidden_width: 8
[2022-10-13 19:36:57,548] 	trans_maxout_pieces: 2
[2022-10-13 19:36:57,548] 	trans_use_upper: True
[2022-10-13 19:36:57,548] 	embed_width: 128
[2022-10-13 19:36:57,548] 	embed_depth: 5
[2022-10-13 19:36:57,548] 	embed_size: 2000
[2022-10-13 19:36:57,548] 	embed_window_size: 1
[2022-10-13 19:36:57,548] 	embed_maxout_pieces: 2
[2022-10-13 19:36:57,548] 	embed_subword_features: True
[2022-10-13 19:36:57,548] 	models_path: /tei2go/models
[2022-10-13 19:36:57,548] 	resources_path: /tei2go/resources
[2022-10-13 19:36:57,548] 	logs_path: /tei2go/logs
[2022-10-13 19:36:57,548] 	data_path: /tei2go/data
[2022-10-13 19:36:57,548] 	gpu: False
[2022-10-13 19:36:57,548] Found preprocessed data.
[2022-10-13 19:36:57,550] Corpus statistics:
[2022-10-13 19:36:57,550] 	Train:
[2022-10-13 19:36:57,550] 		# sentences: 661
[2022-10-13 19:36:57,550] 		# timexs: 828
[2022-10-13 19:36:57,550] 	Validation:
[2022-10-13 19:36:57,550] 		# sentences: 73
[2022-10-13 19:36:57,550] 		# timexs: 95
[2022-10-13 19:36:57,550] Initializing model for language de.
[2022-10-13 19:36:57,656] Started train loop with id 20221013193657
[2022-10-13 19:36:57,658] Created vocabulary
[2022-10-13 19:36:57,659] Finished initializing nlp object
[2022-10-13 19:36:57,684]       |Loss 	|F1
[2022-10-13 19:36:57,684] Epoch |Train	|Train	|Validation
[2022-10-13 19:37:04,630]     1 |2.070	|0.4119	|0.3059
[2022-10-13 19:37:11,260]     2 |0.674	|0.8427	|0.6897
[2022-10-13 19:37:17,902]     3 |0.388	|0.8664	|0.6971
[2022-10-13 19:37:24,547]     4 |0.275	|0.9061	|0.7356
[2022-10-13 19:37:31,218]     5 |0.203	|0.9100	|0.6782
[2022-10-13 19:37:37,822]     6 |0.134	|0.9253	|0.6971
[2022-10-13 19:37:44,431]     7 |0.114	|0.9282	|0.6704
[2022-10-13 19:37:44,433] Training done.
[2022-10-13 19:37:44,434] Best validation f1: 0.7356
[2022-10-13 19:37:44,434] ----------------------------------------------------------------------------------------------------
[2022-10-13 19:37:46,200] ----------------------------------------------------------------------------------------------------
[2022-10-13 19:37:46,200] Start training for the following setup:
[2022-10-13 19:37:46,200] 	model: spacy
[2022-10-13 19:37:46,200] 	data: ['krauts']
[2022-10-13 19:37:46,200] 	language: de
[2022-10-13 19:37:46,200] 	n_epochs: 30
[2022-10-13 19:37:46,200] 	dropout: 0.3
[2022-10-13 19:37:46,200] 	learning_rate: None
[2022-10-13 19:37:46,200] 	trans_hidden_width: 16
[2022-10-13 19:37:46,200] 	trans_maxout_pieces: 2
[2022-10-13 19:37:46,200] 	trans_use_upper: True
[2022-10-13 19:37:46,200] 	embed_width: 96
[2022-10-13 19:37:46,200] 	embed_depth: 3
[2022-10-13 19:37:46,201] 	embed_size: 5000
[2022-10-13 19:37:46,201] 	embed_window_size: 1
[2022-10-13 19:37:46,201] 	embed_maxout_pieces: 3
[2022-10-13 19:37:46,201] 	embed_subword_features: True
[2022-10-13 19:37:46,201] 	models_path: /tei2go/models
[2022-10-13 19:37:46,201] 	resources_path: /tei2go/resources
[2022-10-13 19:37:46,201] 	logs_path: /tei2go/logs
[2022-10-13 19:37:46,201] 	data_path: /tei2go/data
[2022-10-13 19:37:46,201] 	gpu: False
[2022-10-13 19:37:46,201] Found preprocessed data.
[2022-10-13 19:37:46,203] Corpus statistics:
[2022-10-13 19:37:46,203] 	Train:
[2022-10-13 19:37:46,203] 		# sentences: 661
[2022-10-13 19:37:46,203] 		# timexs: 828
[2022-10-13 19:37:46,203] 	Validation:
[2022-10-13 19:37:46,203] 		# sentences: 73
[2022-10-13 19:37:46,203] 		# timexs: 95
[2022-10-13 19:37:46,203] Initializing model for language de.
[2022-10-13 19:37:46,310] Started train loop with id 20221013193746
[2022-10-13 19:37:46,312] Created vocabulary
[2022-10-13 19:37:46,313] Finished initializing nlp object
[2022-10-13 19:37:46,342]       |Loss 	|F1
[2022-10-13 19:37:46,342] Epoch |Train	|Train	|Validation
[2022-10-13 19:37:52,196]     1 |2.460	|0.0692	|0.0971
[2022-10-13 19:37:57,886]     2 |1.011	|0.7209	|0.6127
[2022-10-13 19:38:03,539]     3 |0.564	|0.8432	|0.7574
[2022-10-13 19:38:09,432]     4 |0.369	|0.8717	|0.7586
[2022-10-13 19:38:15,237]     5 |0.351	|0.8903	|0.7692
[2022-10-13 19:38:21,469]     6 |0.277	|0.8991	|0.7104
[2022-10-13 19:38:27,194]     7 |0.241	|0.9098	|0.7213
[2022-10-13 19:38:32,903]     8 |0.199	|0.9143	|0.7283
[2022-10-13 19:38:32,904] Training done.
[2022-10-13 19:38:32,904] Best validation f1: 0.7692
[2022-10-13 19:38:32,904] ----------------------------------------------------------------------------------------------------
[2022-10-13 19:38:34,679] ----------------------------------------------------------------------------------------------------
[2022-10-13 19:38:34,680] Start training for the following setup:
[2022-10-13 19:38:34,680] 	model: spacy
[2022-10-13 19:38:34,680] 	data: ['krauts']
[2022-10-13 19:38:34,680] 	language: de
[2022-10-13 19:38:34,680] 	n_epochs: 30
[2022-10-13 19:38:34,680] 	dropout: 0.2
[2022-10-13 19:38:34,680] 	learning_rate: None
[2022-10-13 19:38:34,680] 	trans_hidden_width: 64
[2022-10-13 19:38:34,680] 	trans_maxout_pieces: 2
[2022-10-13 19:38:34,680] 	trans_use_upper: True
[2022-10-13 19:38:34,680] 	embed_width: 300
[2022-10-13 19:38:34,680] 	embed_depth: 5
[2022-10-13 19:38:34,680] 	embed_size: 3000
[2022-10-13 19:38:34,680] 	embed_window_size: 2
[2022-10-13 19:38:34,680] 	embed_maxout_pieces: 1
[2022-10-13 19:38:34,680] 	embed_subword_features: True
[2022-10-13 19:38:34,680] 	models_path: /tei2go/models
[2022-10-13 19:38:34,680] 	resources_path: /tei2go/resources
[2022-10-13 19:38:34,680] 	logs_path: /tei2go/logs
[2022-10-13 19:38:34,680] 	data_path: /tei2go/data
[2022-10-13 19:38:34,680] 	gpu: False
[2022-10-13 19:38:34,680] Found preprocessed data.
[2022-10-13 19:38:34,682] Corpus statistics:
[2022-10-13 19:38:34,682] 	Train:
[2022-10-13 19:38:34,682] 		# sentences: 661
[2022-10-13 19:38:34,682] 		# timexs: 828
[2022-10-13 19:38:34,682] 	Validation:
[2022-10-13 19:38:34,682] 		# sentences: 73
[2022-10-13 19:38:34,682] 		# timexs: 95
[2022-10-13 19:38:34,682] Initializing model for language de.
[2022-10-13 19:38:34,789] Started train loop with id 20221013193834
[2022-10-13 19:38:34,791] Created vocabulary
[2022-10-13 19:38:34,792] Finished initializing nlp object
[2022-10-13 19:38:34,895]       |Loss 	|F1
[2022-10-13 19:38:34,895] Epoch |Train	|Train	|Validation
[2022-10-13 19:38:54,596]     1 |1.482	|0.7525	|0.6788
[2022-10-13 19:39:14,083]     2 |0.611	|0.7367	|0.6023
[2022-10-13 19:39:33,482]     3 |0.361	|0.8467	|0.6932
[2022-10-13 19:39:52,918]     4 |0.290	|0.8693	|0.6703
[2022-10-13 19:40:12,596]     5 |0.206	|0.8945	|0.6746
[2022-10-13 19:40:32,860]     6 |0.162	|0.8723	|0.6433
[2022-10-13 19:40:32,862] Training done.
[2022-10-13 19:40:32,862] Best validation f1: 0.6932
[2022-10-13 19:40:32,862] ----------------------------------------------------------------------------------------------------
[2022-10-13 19:40:34,641] ----------------------------------------------------------------------------------------------------
[2022-10-13 19:40:34,641] Start training for the following setup:
[2022-10-13 19:40:34,641] 	model: spacy
[2022-10-13 19:40:34,641] 	data: ['krauts']
[2022-10-13 19:40:34,641] 	language: de
[2022-10-13 19:40:34,641] 	n_epochs: 30
[2022-10-13 19:40:34,641] 	dropout: 0.5
[2022-10-13 19:40:34,641] 	learning_rate: None
[2022-10-13 19:40:34,641] 	trans_hidden_width: 8
[2022-10-13 19:40:34,641] 	trans_maxout_pieces: 1
[2022-10-13 19:40:34,641] 	trans_use_upper: True
[2022-10-13 19:40:34,642] 	embed_width: 300
[2022-10-13 19:40:34,642] 	embed_depth: 5
[2022-10-13 19:40:34,642] 	embed_size: 3000
[2022-10-13 19:40:34,642] 	embed_window_size: 1
[2022-10-13 19:40:34,642] 	embed_maxout_pieces: 2
[2022-10-13 19:40:34,642] 	embed_subword_features: True
[2022-10-13 19:40:34,642] 	models_path: /tei2go/models
[2022-10-13 19:40:34,642] 	resources_path: /tei2go/resources
[2022-10-13 19:40:34,642] 	logs_path: /tei2go/logs
[2022-10-13 19:40:34,642] 	data_path: /tei2go/data
[2022-10-13 19:40:34,642] 	gpu: False
[2022-10-13 19:40:34,642] Found preprocessed data.
[2022-10-13 19:40:34,644] Corpus statistics:
[2022-10-13 19:40:34,644] 	Train:
[2022-10-13 19:40:34,644] 		# sentences: 661
[2022-10-13 19:40:34,644] 		# timexs: 828
[2022-10-13 19:40:34,644] 	Validation:
[2022-10-13 19:40:34,644] 		# sentences: 73
[2022-10-13 19:40:34,644] 		# timexs: 95
[2022-10-13 19:40:34,644] Initializing model for language de.
[2022-10-13 19:40:34,749] Started train loop with id 20221013194034
[2022-10-13 19:40:34,752] Created vocabulary
[2022-10-13 19:40:34,752] Finished initializing nlp object
[2022-10-13 19:40:34,832]       |Loss 	|F1
[2022-10-13 19:40:34,832] Epoch |Train	|Train	|Validation
[2022-10-13 19:40:54,054]     1 |2.180	|0.4749	|0.4277
[2022-10-13 19:41:13,092]     2 |0.978	|0.8087	|0.7086
[2022-10-13 19:41:32,141]     3 |0.669	|0.8204	|0.7128
[2022-10-13 19:41:51,200]     4 |0.557	|0.6878	|0.5965
[2022-10-13 19:42:10,180]     5 |0.468	|0.4642	|0.4162
[2022-10-13 19:42:29,096]     6 |0.395	|0.5565	|0.4916
[2022-10-13 19:42:29,100] Training done.
[2022-10-13 19:42:29,101] Best validation f1: 0.7128
[2022-10-13 19:42:29,101] ----------------------------------------------------------------------------------------------------
[2022-10-13 19:42:30,851] ----------------------------------------------------------------------------------------------------
[2022-10-13 19:42:30,851] Start training for the following setup:
[2022-10-13 19:42:30,851] 	model: spacy
[2022-10-13 19:42:30,851] 	data: ['krauts']
[2022-10-13 19:42:30,852] 	language: de
[2022-10-13 19:42:30,852] 	n_epochs: 30
[2022-10-13 19:42:30,852] 	dropout: 0.0
[2022-10-13 19:42:30,852] 	learning_rate: None
[2022-10-13 19:42:30,852] 	trans_hidden_width: 16
[2022-10-13 19:42:30,852] 	trans_maxout_pieces: 1
[2022-10-13 19:42:30,852] 	trans_use_upper: True
[2022-10-13 19:42:30,852] 	embed_width: 300
[2022-10-13 19:42:30,852] 	embed_depth: 4
[2022-10-13 19:42:30,852] 	embed_size: 5000
[2022-10-13 19:42:30,852] 	embed_window_size: 1
[2022-10-13 19:42:30,852] 	embed_maxout_pieces: 2
[2022-10-13 19:42:30,852] 	embed_subword_features: True
[2022-10-13 19:42:30,852] 	models_path: /tei2go/models
[2022-10-13 19:42:30,852] 	resources_path: /tei2go/resources
[2022-10-13 19:42:30,852] 	logs_path: /tei2go/logs
[2022-10-13 19:42:30,852] 	data_path: /tei2go/data
[2022-10-13 19:42:30,852] 	gpu: False
[2022-10-13 19:42:30,852] Found preprocessed data.
[2022-10-13 19:42:30,854] Corpus statistics:
[2022-10-13 19:42:30,854] 	Train:
[2022-10-13 19:42:30,854] 		# sentences: 661
[2022-10-13 19:42:30,854] 		# timexs: 828
[2022-10-13 19:42:30,854] 	Validation:
[2022-10-13 19:42:30,854] 		# sentences: 73
[2022-10-13 19:42:30,854] 		# timexs: 95
[2022-10-13 19:42:30,854] Initializing model for language de.
[2022-10-13 19:42:30,960] Started train loop with id 20221013194230
[2022-10-13 19:42:30,963] Created vocabulary
[2022-10-13 19:42:30,963] Finished initializing nlp object
[2022-10-13 19:42:31,052]       |Loss 	|F1
[2022-10-13 19:42:31,052] Epoch |Train	|Train	|Validation
[2022-10-13 19:42:49,380]     1 |1.598	|0.5115	|0.4658
[2022-10-13 19:43:07,466]     2 |0.518	|0.4103	|0.3386
[2022-10-13 19:43:25,428]     3 |0.349	|0.6409	|0.4804
[2022-10-13 19:43:43,422]     4 |0.269	|0.5416	|0.4279
[2022-10-13 19:44:01,278]     5 |0.170	|0.8220	|0.6161
[2022-10-13 19:44:19,189]     6 |0.145	|0.8384	|0.5896
[2022-10-13 19:44:36,977]     7 |0.124	|0.8656	|0.6193
[2022-10-13 19:44:54,953]     8 |0.115	|0.8970	|0.6275
[2022-10-13 19:45:12,832]     9 |0.118	|0.9157	|0.6170
[2022-10-13 19:45:30,616]    10 |0.062	|0.9021	|0.6032
[2022-10-13 19:45:48,406]    11 |0.082	|0.9099	|0.6441
[2022-10-13 19:46:06,220]    12 |0.074	|0.8954	|0.6900
[2022-10-13 19:46:24,024]    13 |0.092	|0.9162	|0.7010
[2022-10-13 19:46:41,809]    14 |0.053	|0.9064	|0.6224
[2022-10-13 19:46:59,478]    15 |0.069	|0.9051	|0.6333
[2022-10-13 19:47:19,396]    16 |0.059	|0.8970	|0.6429
[2022-10-13 19:47:19,402] Training done.
[2022-10-13 19:47:19,402] Best validation f1: 0.7010
[2022-10-13 19:47:19,402] ----------------------------------------------------------------------------------------------------
[2022-10-13 19:47:21,391] ----------------------------------------------------------------------------------------------------
[2022-10-13 19:47:21,391] Start training for the following setup:
[2022-10-13 19:47:21,391] 	model: spacy
[2022-10-13 19:47:21,391] 	data: ['krauts']
[2022-10-13 19:47:21,391] 	language: de
[2022-10-13 19:47:21,391] 	n_epochs: 30
[2022-10-13 19:47:21,391] 	dropout: 0.0
[2022-10-13 19:47:21,391] 	learning_rate: None
[2022-10-13 19:47:21,391] 	trans_hidden_width: 256
[2022-10-13 19:47:21,392] 	trans_maxout_pieces: 3
[2022-10-13 19:47:21,392] 	trans_use_upper: True
[2022-10-13 19:47:21,392] 	embed_width: 300
[2022-10-13 19:47:21,392] 	embed_depth: 7
[2022-10-13 19:47:21,392] 	embed_size: 4000
[2022-10-13 19:47:21,392] 	embed_window_size: 1
[2022-10-13 19:47:21,392] 	embed_maxout_pieces: 1
[2022-10-13 19:47:21,392] 	embed_subword_features: True
[2022-10-13 19:47:21,392] 	models_path: /tei2go/models
[2022-10-13 19:47:21,392] 	resources_path: /tei2go/resources
[2022-10-13 19:47:21,392] 	logs_path: /tei2go/logs
[2022-10-13 19:47:21,392] 	data_path: /tei2go/data
[2022-10-13 19:47:21,392] 	gpu: False
[2022-10-13 19:47:21,392] Found preprocessed data.
[2022-10-13 19:47:21,394] Corpus statistics:
[2022-10-13 19:47:21,394] 	Train:
[2022-10-13 19:47:21,394] 		# sentences: 661
[2022-10-13 19:47:21,394] 		# timexs: 828
[2022-10-13 19:47:21,394] 	Validation:
[2022-10-13 19:47:21,394] 		# sentences: 73
[2022-10-13 19:47:21,394] 		# timexs: 95
[2022-10-13 19:47:21,394] Initializing model for language de.
[2022-10-13 19:47:21,513] Started train loop with id 20221013194721
[2022-10-13 19:47:21,516] Created vocabulary
[2022-10-13 19:47:21,517] Finished initializing nlp object
[2022-10-13 19:47:21,964]       |Loss 	|F1
[2022-10-13 19:47:21,964] Epoch |Train	|Train	|Validation
[2022-10-13 19:47:53,769]     1 |1.306	|0.5702	|0.4773
[2022-10-13 19:48:24,841]     2 |0.685	|0.6853	|0.5734
[2022-10-13 19:48:55,226]     3 |0.438	|0.7870	|0.6437
[2022-10-13 19:49:25,719]     4 |0.419	|0.8551	|0.6486
[2022-10-13 19:49:53,788]     5 |0.314	|0.8424	|0.5890
[2022-10-13 19:50:21,053]     6 |0.255	|0.8714	|0.6012
[2022-10-13 19:50:48,199]     7 |0.247	|0.9019	|0.6207
[2022-10-13 19:50:48,200] Training done.
[2022-10-13 19:50:48,201] Best validation f1: 0.6486
[2022-10-13 19:50:48,201] ----------------------------------------------------------------------------------------------------
[2022-10-13 19:50:49,973] ----------------------------------------------------------------------------------------------------
[2022-10-13 19:50:49,973] Start training for the following setup:
[2022-10-13 19:50:49,973] 	model: spacy
[2022-10-13 19:50:49,973] 	data: ['krauts']
[2022-10-13 19:50:49,973] 	language: de
[2022-10-13 19:50:49,973] 	n_epochs: 30
[2022-10-13 19:50:49,973] 	dropout: 0.1
[2022-10-13 19:50:49,973] 	learning_rate: None
[2022-10-13 19:50:49,973] 	trans_hidden_width: 128
[2022-10-13 19:50:49,973] 	trans_maxout_pieces: 1
[2022-10-13 19:50:49,973] 	trans_use_upper: True
[2022-10-13 19:50:49,973] 	embed_width: 96
[2022-10-13 19:50:49,974] 	embed_depth: 5
[2022-10-13 19:50:49,974] 	embed_size: 3000
[2022-10-13 19:50:49,974] 	embed_window_size: 1
[2022-10-13 19:50:49,974] 	embed_maxout_pieces: 3
[2022-10-13 19:50:49,974] 	embed_subword_features: True
[2022-10-13 19:50:49,974] 	models_path: /tei2go/models
[2022-10-13 19:50:49,974] 	resources_path: /tei2go/resources
[2022-10-13 19:50:49,974] 	logs_path: /tei2go/logs
[2022-10-13 19:50:49,974] 	data_path: /tei2go/data
[2022-10-13 19:50:49,974] 	gpu: False
[2022-10-13 19:50:49,974] Found preprocessed data.
[2022-10-13 19:50:49,976] Corpus statistics:
[2022-10-13 19:50:49,976] 	Train:
[2022-10-13 19:50:49,976] 		# sentences: 661
[2022-10-13 19:50:49,976] 		# timexs: 828
[2022-10-13 19:50:49,976] 	Validation:
[2022-10-13 19:50:49,976] 		# sentences: 73
[2022-10-13 19:50:49,976] 		# timexs: 95
[2022-10-13 19:50:49,976] Initializing model for language de.
[2022-10-13 19:50:50,080] Started train loop with id 20221013195050
[2022-10-13 19:50:50,082] Created vocabulary
[2022-10-13 19:50:50,083] Finished initializing nlp object
[2022-10-13 19:50:50,220]       |Loss 	|F1
[2022-10-13 19:50:50,221] Epoch |Train	|Train	|Validation
[2022-10-13 19:50:57,146]     1 |1.674	|0.2189	|0.2096
[2022-10-13 19:51:03,915]     2 |0.594	|0.6251	|0.4854
[2022-10-13 19:51:10,715]     3 |0.373	|0.6790	|0.5161
[2022-10-13 19:51:17,538]     4 |0.286	|0.8663	|0.5967
[2022-10-13 19:51:24,415]     5 |0.232	|0.8619	|0.5400
[2022-10-13 19:51:31,193]     6 |0.161	|0.8778	|0.5930
[2022-10-13 19:51:37,991]     7 |0.122	|0.8766	|0.6570
[2022-10-13 19:51:44,839]     8 |0.097	|0.8217	|0.5773
[2022-10-13 19:51:51,618]     9 |0.092	|0.8577	|0.6040
[2022-10-13 19:51:58,436]    10 |0.085	|0.8460	|0.6231
[2022-10-13 19:51:58,438] Training done.
[2022-10-13 19:51:58,438] Best validation f1: 0.6570
[2022-10-13 19:51:58,438] ----------------------------------------------------------------------------------------------------
[2022-10-13 19:52:00,199] ----------------------------------------------------------------------------------------------------
[2022-10-13 19:52:00,199] Start training for the following setup:
[2022-10-13 19:52:00,199] 	model: spacy
[2022-10-13 19:52:00,199] 	data: ['krauts']
[2022-10-13 19:52:00,199] 	language: de
[2022-10-13 19:52:00,200] 	n_epochs: 30
[2022-10-13 19:52:00,200] 	dropout: 0.3
[2022-10-13 19:52:00,200] 	learning_rate: None
[2022-10-13 19:52:00,200] 	trans_hidden_width: 32
[2022-10-13 19:52:00,200] 	trans_maxout_pieces: 3
[2022-10-13 19:52:00,200] 	trans_use_upper: True
[2022-10-13 19:52:00,200] 	embed_width: 128
[2022-10-13 19:52:00,200] 	embed_depth: 3
[2022-10-13 19:52:00,200] 	embed_size: 6000
[2022-10-13 19:52:00,200] 	embed_window_size: 2
[2022-10-13 19:52:00,200] 	embed_maxout_pieces: 2
[2022-10-13 19:52:00,200] 	embed_subword_features: True
[2022-10-13 19:52:00,200] 	models_path: /tei2go/models
[2022-10-13 19:52:00,200] 	resources_path: /tei2go/resources
[2022-10-13 19:52:00,200] 	logs_path: /tei2go/logs
[2022-10-13 19:52:00,200] 	data_path: /tei2go/data
[2022-10-13 19:52:00,200] 	gpu: False
[2022-10-13 19:52:00,200] Found preprocessed data.
[2022-10-13 19:52:00,202] Corpus statistics:
[2022-10-13 19:52:00,202] 	Train:
[2022-10-13 19:52:00,202] 		# sentences: 661
[2022-10-13 19:52:00,202] 		# timexs: 828
[2022-10-13 19:52:00,202] 	Validation:
[2022-10-13 19:52:00,202] 		# sentences: 73
[2022-10-13 19:52:00,202] 		# timexs: 95
[2022-10-13 19:52:00,202] Initializing model for language de.
[2022-10-13 19:52:00,308] Started train loop with id 20221013195200
[2022-10-13 19:52:00,311] Created vocabulary
[2022-10-13 19:52:00,311] Finished initializing nlp object
[2022-10-13 19:52:00,361]       |Loss 	|F1
[2022-10-13 19:52:00,361] Epoch |Train	|Train	|Validation
[2022-10-13 19:52:08,508]     1 |1.968	|0.4671	|0.4277
[2022-10-13 19:52:16,473]     2 |0.828	|0.7952	|0.6369
[2022-10-13 19:52:24,414]     3 |0.423	|0.8667	|0.6738
[2022-10-13 19:52:32,357]     4 |0.331	|0.8908	|0.6703
[2022-10-13 19:52:40,237]     5 |0.282	|0.8993	|0.7514
[2022-10-13 19:52:48,171]     6 |0.193	|0.9020	|0.6703
[2022-10-13 19:52:56,021]     7 |0.143	|0.9170	|0.6966
[2022-10-13 19:53:03,901]     8 |0.138	|0.9242	|0.6480
[2022-10-13 19:53:03,902] Training done.
[2022-10-13 19:53:03,903] Best validation f1: 0.7514
[2022-10-13 19:53:03,903] ----------------------------------------------------------------------------------------------------
[2022-10-13 19:53:05,657] ----------------------------------------------------------------------------------------------------
[2022-10-13 19:53:05,657] Start training for the following setup:
[2022-10-13 19:53:05,657] 	model: spacy
[2022-10-13 19:53:05,657] 	data: ['krauts']
[2022-10-13 19:53:05,657] 	language: de
[2022-10-13 19:53:05,657] 	n_epochs: 30
[2022-10-13 19:53:05,657] 	dropout: 0.1
[2022-10-13 19:53:05,657] 	learning_rate: None
[2022-10-13 19:53:05,657] 	trans_hidden_width: 64
[2022-10-13 19:53:05,657] 	trans_maxout_pieces: 2
[2022-10-13 19:53:05,657] 	trans_use_upper: True
[2022-10-13 19:53:05,657] 	embed_width: 128
[2022-10-13 19:53:05,657] 	embed_depth: 3
[2022-10-13 19:53:05,657] 	embed_size: 9000
[2022-10-13 19:53:05,657] 	embed_window_size: 2
[2022-10-13 19:53:05,657] 	embed_maxout_pieces: 2
[2022-10-13 19:53:05,657] 	embed_subword_features: True
[2022-10-13 19:53:05,657] 	models_path: /tei2go/models
[2022-10-13 19:53:05,657] 	resources_path: /tei2go/resources
[2022-10-13 19:53:05,657] 	logs_path: /tei2go/logs
[2022-10-13 19:53:05,657] 	data_path: /tei2go/data
[2022-10-13 19:53:05,658] 	gpu: False
[2022-10-13 19:53:05,658] Found preprocessed data.
[2022-10-13 19:53:05,659] Corpus statistics:
[2022-10-13 19:53:05,659] 	Train:
[2022-10-13 19:53:05,659] 		# sentences: 661
[2022-10-13 19:53:05,660] 		# timexs: 828
[2022-10-13 19:53:05,660] 	Validation:
[2022-10-13 19:53:05,660] 		# sentences: 73
[2022-10-13 19:53:05,660] 		# timexs: 95
[2022-10-13 19:53:05,660] Initializing model for language de.
[2022-10-13 19:53:05,764] Started train loop with id 20221013195305
[2022-10-13 19:53:05,766] Created vocabulary
[2022-10-13 19:53:05,768] Finished initializing nlp object
[2022-10-13 19:53:05,837]       |Loss 	|F1
[2022-10-13 19:53:05,837] Epoch |Train	|Train	|Validation
[2022-10-13 19:53:15,184]     1 |1.607	|0.7867	|0.6591
[2022-10-13 19:53:24,335]     2 |0.466	|0.8707	|0.7059
[2022-10-13 19:53:33,741]     3 |0.255	|0.9009	|0.6897
[2022-10-13 19:53:43,087]     4 |0.163	|0.9184	|0.6971
[2022-10-13 19:53:52,726]     5 |0.086	|0.9133	|0.6263
[2022-10-13 19:53:52,728] Training done.
[2022-10-13 19:53:52,728] Best validation f1: 0.7059
[2022-10-13 19:53:52,728] ----------------------------------------------------------------------------------------------------
[2022-10-13 19:53:54,524] ----------------------------------------------------------------------------------------------------
[2022-10-13 19:53:54,524] Start training for the following setup:
[2022-10-13 19:53:54,524] 	model: spacy
[2022-10-13 19:53:54,524] 	data: ['krauts']
[2022-10-13 19:53:54,524] 	language: de
[2022-10-13 19:53:54,524] 	n_epochs: 30
[2022-10-13 19:53:54,524] 	dropout: 0.4
[2022-10-13 19:53:54,524] 	learning_rate: None
[2022-10-13 19:53:54,524] 	trans_hidden_width: 256
[2022-10-13 19:53:54,524] 	trans_maxout_pieces: 3
[2022-10-13 19:53:54,524] 	trans_use_upper: True
[2022-10-13 19:53:54,524] 	embed_width: 128
[2022-10-13 19:53:54,524] 	embed_depth: 4
[2022-10-13 19:53:54,524] 	embed_size: 3000
[2022-10-13 19:53:54,524] 	embed_window_size: 1
[2022-10-13 19:53:54,524] 	embed_maxout_pieces: 3
[2022-10-13 19:53:54,524] 	embed_subword_features: True
[2022-10-13 19:53:54,524] 	models_path: /tei2go/models
[2022-10-13 19:53:54,525] 	resources_path: /tei2go/resources
[2022-10-13 19:53:54,525] 	logs_path: /tei2go/logs
[2022-10-13 19:53:54,525] 	data_path: /tei2go/data
[2022-10-13 19:53:54,525] 	gpu: False
[2022-10-13 19:53:54,525] Found preprocessed data.
[2022-10-13 19:53:54,526] Corpus statistics:
[2022-10-13 19:53:54,526] 	Train:
[2022-10-13 19:53:54,527] 		# sentences: 661
[2022-10-13 19:53:54,527] 		# timexs: 828
[2022-10-13 19:53:54,527] 	Validation:
[2022-10-13 19:53:54,527] 		# sentences: 73
[2022-10-13 19:53:54,527] 		# timexs: 95
[2022-10-13 19:53:54,527] Initializing model for language de.
[2022-10-13 19:53:54,633] Started train loop with id 20221013195354
[2022-10-13 19:53:54,636] Created vocabulary
[2022-10-13 19:53:54,636] Finished initializing nlp object
[2022-10-13 19:53:54,996]       |Loss 	|F1
[2022-10-13 19:53:54,996] Epoch |Train	|Train	|Validation
[2022-10-13 19:54:12,507]     1 |1.670	|0.6033	|0.5309
[2022-10-13 19:54:29,254]     2 |1.006	|0.7556	|0.6328
[2022-10-13 19:54:46,522]     3 |0.761	|0.7985	|0.6885
[2022-10-13 19:55:04,670]     4 |0.668	|0.8130	|0.6667
[2022-10-13 19:55:24,752]     5 |0.542	|0.8491	|0.7128
[2022-10-13 19:55:41,777]     6 |0.496	|0.8570	|0.7079
[2022-10-13 19:55:58,737]     7 |0.436	|0.8505	|0.6911
[2022-10-13 19:56:15,890]     8 |0.388	|0.8766	|0.6813
[2022-10-13 19:56:15,891] Training done.
[2022-10-13 19:56:15,891] Best validation f1: 0.7128
[2022-10-13 19:56:15,891] ----------------------------------------------------------------------------------------------------
[2022-10-13 19:56:17,690] ----------------------------------------------------------------------------------------------------
[2022-10-13 19:56:17,690] Start training for the following setup:
[2022-10-13 19:56:17,690] 	model: spacy
[2022-10-13 19:56:17,690] 	data: ['krauts']
[2022-10-13 19:56:17,690] 	language: de
[2022-10-13 19:56:17,690] 	n_epochs: 30
[2022-10-13 19:56:17,691] 	dropout: 0.4
[2022-10-13 19:56:17,691] 	learning_rate: None
[2022-10-13 19:56:17,691] 	trans_hidden_width: 64
[2022-10-13 19:56:17,691] 	trans_maxout_pieces: 3
[2022-10-13 19:56:17,691] 	trans_use_upper: True
[2022-10-13 19:56:17,691] 	embed_width: 300
[2022-10-13 19:56:17,691] 	embed_depth: 2
[2022-10-13 19:56:17,691] 	embed_size: 7000
[2022-10-13 19:56:17,691] 	embed_window_size: 2
[2022-10-13 19:56:17,691] 	embed_maxout_pieces: 3
[2022-10-13 19:56:17,691] 	embed_subword_features: True
[2022-10-13 19:56:17,691] 	models_path: /tei2go/models
[2022-10-13 19:56:17,691] 	resources_path: /tei2go/resources
[2022-10-13 19:56:17,691] 	logs_path: /tei2go/logs
[2022-10-13 19:56:17,691] 	data_path: /tei2go/data
[2022-10-13 19:56:17,691] 	gpu: False
[2022-10-13 19:56:17,691] Found preprocessed data.
[2022-10-13 19:56:17,693] Corpus statistics:
[2022-10-13 19:56:17,693] 	Train:
[2022-10-13 19:56:17,693] 		# sentences: 661
[2022-10-13 19:56:17,693] 		# timexs: 828
[2022-10-13 19:56:17,693] 	Validation:
[2022-10-13 19:56:17,693] 		# sentences: 73
[2022-10-13 19:56:17,693] 		# timexs: 95
[2022-10-13 19:56:17,693] Initializing model for language de.
[2022-10-13 19:56:17,797] Started train loop with id 20221013195617
[2022-10-13 19:56:17,799] Created vocabulary
[2022-10-13 19:56:17,800] Finished initializing nlp object
[2022-10-13 19:56:17,932]       |Loss 	|F1
[2022-10-13 19:56:17,933] Epoch |Train	|Train	|Validation
[2022-10-13 19:56:40,379]     1 |1.827	|0.6454	|0.5475
[2022-10-13 19:57:04,067]     2 |0.675	|0.8302	|0.6961
[2022-10-13 19:57:26,044]     3 |0.462	|0.8600	|0.6316
[2022-10-13 19:57:48,235]     4 |0.332	|0.8677	|0.6809
[2022-10-13 19:58:12,133]     5 |0.216	|0.8873	|0.6885
[2022-10-13 19:58:12,138] Training done.
[2022-10-13 19:58:12,139] Best validation f1: 0.6961
[2022-10-13 19:58:12,139] ----------------------------------------------------------------------------------------------------
[2022-10-13 19:58:13,907] ----------------------------------------------------------------------------------------------------
[2022-10-13 19:58:13,907] Start training for the following setup:
[2022-10-13 19:58:13,907] 	model: spacy
[2022-10-13 19:58:13,907] 	data: ['krauts']
[2022-10-13 19:58:13,908] 	language: de
[2022-10-13 19:58:13,908] 	n_epochs: 30
[2022-10-13 19:58:13,908] 	dropout: 0.3
[2022-10-13 19:58:13,908] 	learning_rate: None
[2022-10-13 19:58:13,908] 	trans_hidden_width: 64
[2022-10-13 19:58:13,908] 	trans_maxout_pieces: 2
[2022-10-13 19:58:13,908] 	trans_use_upper: True
[2022-10-13 19:58:13,908] 	embed_width: 96
[2022-10-13 19:58:13,908] 	embed_depth: 3
[2022-10-13 19:58:13,908] 	embed_size: 3000
[2022-10-13 19:58:13,908] 	embed_window_size: 1
[2022-10-13 19:58:13,908] 	embed_maxout_pieces: 2
[2022-10-13 19:58:13,908] 	embed_subword_features: True
[2022-10-13 19:58:13,908] 	models_path: /tei2go/models
[2022-10-13 19:58:13,908] 	resources_path: /tei2go/resources
[2022-10-13 19:58:13,908] 	logs_path: /tei2go/logs
[2022-10-13 19:58:13,908] 	data_path: /tei2go/data
[2022-10-13 19:58:13,908] 	gpu: False
[2022-10-13 19:58:13,908] Found preprocessed data.
[2022-10-13 19:58:13,910] Corpus statistics:
[2022-10-13 19:58:13,910] 	Train:
[2022-10-13 19:58:13,910] 		# sentences: 661
[2022-10-13 19:58:13,910] 		# timexs: 828
[2022-10-13 19:58:13,910] 	Validation:
[2022-10-13 19:58:13,910] 		# sentences: 73
[2022-10-13 19:58:13,910] 		# timexs: 95
[2022-10-13 19:58:13,910] Initializing model for language de.
[2022-10-13 19:58:14,016] Started train loop with id 20221013195814
[2022-10-13 19:58:14,018] Created vocabulary
[2022-10-13 19:58:14,018] Finished initializing nlp object
[2022-10-13 19:58:14,067]       |Loss 	|F1
[2022-10-13 19:58:14,067] Epoch |Train	|Train	|Validation
[2022-10-13 19:58:19,381]     1 |1.897	|0.6144	|0.5287
[2022-10-13 19:58:24,532]     2 |0.743	|0.8125	|0.6790
[2022-10-13 19:58:29,690]     3 |0.538	|0.8292	|0.7119
[2022-10-13 19:58:34,819]     4 |0.432	|0.8736	|0.7143
[2022-10-13 19:58:39,956]     5 |0.363	|0.8777	|0.7151
[2022-10-13 19:58:45,092]     6 |0.314	|0.8971	|0.7345
[2022-10-13 19:58:50,222]     7 |0.265	|0.9072	|0.7458
[2022-10-13 19:58:55,409]     8 |0.242	|0.9159	|0.7079
[2022-10-13 19:59:00,574]     9 |0.199	|0.9198	|0.7143
[2022-10-13 19:59:05,699]    10 |0.150	|0.9237	|0.7168
[2022-10-13 19:59:05,700] Training done.
[2022-10-13 19:59:05,700] Best validation f1: 0.7458
[2022-10-13 19:59:05,700] ----------------------------------------------------------------------------------------------------
[2022-10-13 19:59:07,485] ----------------------------------------------------------------------------------------------------
[2022-10-13 19:59:07,485] Start training for the following setup:
[2022-10-13 19:59:07,485] 	model: spacy
[2022-10-13 19:59:07,485] 	data: ['krauts']
[2022-10-13 19:59:07,485] 	language: de
[2022-10-13 19:59:07,485] 	n_epochs: 30
[2022-10-13 19:59:07,485] 	dropout: 0.1
[2022-10-13 19:59:07,485] 	learning_rate: None
[2022-10-13 19:59:07,485] 	trans_hidden_width: 32
[2022-10-13 19:59:07,485] 	trans_maxout_pieces: 2
[2022-10-13 19:59:07,485] 	trans_use_upper: True
[2022-10-13 19:59:07,485] 	embed_width: 96
[2022-10-13 19:59:07,485] 	embed_depth: 2
[2022-10-13 19:59:07,486] 	embed_size: 9000
[2022-10-13 19:59:07,486] 	embed_window_size: 2
[2022-10-13 19:59:07,486] 	embed_maxout_pieces: 2
[2022-10-13 19:59:07,486] 	embed_subword_features: True
[2022-10-13 19:59:07,486] 	models_path: /tei2go/models
[2022-10-13 19:59:07,486] 	resources_path: /tei2go/resources
[2022-10-13 19:59:07,486] 	logs_path: /tei2go/logs
[2022-10-13 19:59:07,486] 	data_path: /tei2go/data
[2022-10-13 19:59:07,486] 	gpu: False
[2022-10-13 19:59:07,486] Found preprocessed data.
[2022-10-13 19:59:07,488] Corpus statistics:
[2022-10-13 19:59:07,488] 	Train:
[2022-10-13 19:59:07,488] 		# sentences: 661
[2022-10-13 19:59:07,488] 		# timexs: 828
[2022-10-13 19:59:07,488] 	Validation:
[2022-10-13 19:59:07,488] 		# sentences: 73
[2022-10-13 19:59:07,488] 		# timexs: 95
[2022-10-13 19:59:07,488] Initializing model for language de.
[2022-10-13 19:59:07,595] Started train loop with id 20221013195907
[2022-10-13 19:59:07,598] Created vocabulary
[2022-10-13 19:59:07,598] Finished initializing nlp object
[2022-10-13 19:59:07,641]       |Loss 	|F1
[2022-10-13 19:59:07,641] Epoch |Train	|Train	|Validation
[2022-10-13 19:59:14,292]     1 |1.935	|0.4297	|0.3763
[2022-10-13 19:59:20,833]     2 |0.566	|0.8687	|0.6743
[2022-10-13 19:59:27,283]     3 |0.260	|0.9038	|0.6034
[2022-10-13 19:59:33,700]     4 |0.171	|0.9239	|0.6927
[2022-10-13 19:59:40,074]     5 |0.110	|0.9318	|0.6489
[2022-10-13 19:59:46,403]     6 |0.115	|0.9223	|0.5957
[2022-10-13 19:59:52,744]     7 |0.081	|0.9392	|0.6480
[2022-10-13 19:59:52,746] Training done.
[2022-10-13 19:59:52,746] Best validation f1: 0.6927
[2022-10-13 19:59:52,746] ----------------------------------------------------------------------------------------------------
