[2022-10-02 13:23:57,499] ----------------------------------------------------------------------------------------------------
[2022-10-02 13:23:57,499] Start training for the following setup:
[2022-10-02 13:23:57,499] 	model: spacy
[2022-10-02 13:23:57,499] 	data: ['spanish_timebank']
[2022-10-02 13:23:57,499] 	language: es
[2022-10-02 13:23:57,499] 	n_epochs: 15
[2022-10-02 13:23:57,499] 	dropout: 0.0
[2022-10-02 13:23:57,500] 	batch_size: None
[2022-10-02 13:23:57,500] 	learning_rate: None
[2022-10-02 13:23:57,500] 	embeddings: None
[2022-10-02 13:23:57,500] 	models_path: /home/hugosousa/Projects/tei2go/models
[2022-10-02 13:23:57,500] 	resources_path: /home/hugosousa/Projects/tei2go/resources
[2022-10-02 13:23:57,500] 	logs_path: /home/hugosousa/Projects/tei2go/logs
[2022-10-02 13:23:57,500] 	data_path: /home/hugosousa/Projects/tei2go/data
[2022-10-02 13:23:57,500] 	gpu: False
[2022-10-02 13:23:57,500] Found preprocessed data.
[2022-10-02 13:23:57,514] Corpus statistics:
[2022-10-02 13:23:57,514] 	Train:
[2022-10-02 13:23:57,514] 		# sentences: 598
[2022-10-02 13:23:57,514] 		# timexs: 867
[2022-10-02 13:23:57,514] 	Validation:
[2022-10-02 13:23:57,514] 		# sentences: 155
[2022-10-02 13:23:57,514] 		# timexs: 227
[2022-10-02 13:23:57,514] Initializing model for language es.
[2022-10-02 13:23:57,587] Started train loop with id 20221002132357
[2022-10-02 13:23:57,590] Created vocabulary
[2022-10-02 13:23:57,590] Finished initializing nlp object
[2022-10-02 13:23:57,637]       |Loss 	|F1
[2022-10-02 13:23:57,637] Epoch |Train	|Train	|Validation
[2022-10-02 13:24:03,911]     1 |2.105	|0.7952	|0.6885
[2022-10-02 13:24:09,922]     2 |0.508	|0.9138	|0.7727
[2022-10-02 13:24:15,953]     3 |0.300	|0.9365	|0.7665
[2022-10-02 13:24:21,927]     4 |0.184	|0.9604	|0.7745
[2022-10-02 13:24:27,905]     5 |0.126	|0.9565	|0.7425
[2022-10-02 13:24:33,859]     6 |0.151	|0.9746	|0.8074
[2022-10-02 13:24:39,865]     7 |0.103	|0.9913	|0.7953
[2022-10-02 13:24:45,850]     8 |0.043	|0.9914	|0.8174
[2022-10-02 13:24:51,863]     9 |0.100	|0.9727	|0.7596
[2022-10-02 13:24:57,857]    10 |0.054	|0.9851	|0.7991
[2022-10-02 13:25:03,828]    11 |0.047	|0.9902	|0.8138
[2022-10-02 13:25:03,829] Training done.
[2022-10-02 13:25:03,829] Best validation f1: 0.8174
[2022-10-02 13:25:03,829] ----------------------------------------------------------------------------------------------------
[2022-10-02 13:25:06,720] ----------------------------------------------------------------------------------------------------
[2022-10-02 13:25:06,720] Start training for the following setup:
[2022-10-02 13:25:06,720] 	model: spacy
[2022-10-02 13:25:06,720] 	data: ['spanish_timebank']
[2022-10-02 13:25:06,720] 	language: es
[2022-10-02 13:25:06,720] 	n_epochs: 15
[2022-10-02 13:25:06,720] 	dropout: 0.1
[2022-10-02 13:25:06,720] 	batch_size: None
[2022-10-02 13:25:06,720] 	learning_rate: None
[2022-10-02 13:25:06,720] 	embeddings: None
[2022-10-02 13:25:06,720] 	models_path: /home/hugosousa/Projects/tei2go/models
[2022-10-02 13:25:06,721] 	resources_path: /home/hugosousa/Projects/tei2go/resources
[2022-10-02 13:25:06,721] 	logs_path: /home/hugosousa/Projects/tei2go/logs
[2022-10-02 13:25:06,721] 	data_path: /home/hugosousa/Projects/tei2go/data
[2022-10-02 13:25:06,721] 	gpu: False
[2022-10-02 13:25:06,721] Found preprocessed data.
[2022-10-02 13:25:06,723] Corpus statistics:
[2022-10-02 13:25:06,723] 	Train:
[2022-10-02 13:25:06,723] 		# sentences: 598
[2022-10-02 13:25:06,723] 		# timexs: 867
[2022-10-02 13:25:06,724] 	Validation:
[2022-10-02 13:25:06,724] 		# sentences: 155
[2022-10-02 13:25:06,724] 		# timexs: 227
[2022-10-02 13:25:06,724] Initializing model for language es.
[2022-10-02 13:25:06,794] Started train loop with id 20221002132506
[2022-10-02 13:25:06,797] Created vocabulary
[2022-10-02 13:25:06,797] Finished initializing nlp object
[2022-10-02 13:25:06,844]       |Loss 	|F1
[2022-10-02 13:25:06,845] Epoch |Train	|Train	|Validation
[2022-10-02 13:25:13,260]     1 |2.478	|0.6696	|0.5445
[2022-10-02 13:25:19,398]     2 |0.689	|0.8676	|0.7097
[2022-10-02 13:25:25,536]     3 |0.403	|0.9246	|0.7692
[2022-10-02 13:25:31,657]     4 |0.329	|0.9501	|0.7972
[2022-10-02 13:25:37,754]     5 |0.231	|0.9531	|0.7925
[2022-10-02 13:25:43,860]     6 |0.179	|0.9634	|0.7696
[2022-10-02 13:25:50,048]     7 |0.127	|0.9833	|0.7872
[2022-10-02 13:25:50,049] Training done.
[2022-10-02 13:25:50,049] Best validation f1: 0.7972
[2022-10-02 13:25:50,049] ----------------------------------------------------------------------------------------------------
[2022-10-02 13:25:52,941] ----------------------------------------------------------------------------------------------------
[2022-10-02 13:25:52,941] Start training for the following setup:
[2022-10-02 13:25:52,941] 	model: spacy
[2022-10-02 13:25:52,941] 	data: ['spanish_timebank']
[2022-10-02 13:25:52,941] 	language: es
[2022-10-02 13:25:52,941] 	n_epochs: 15
[2022-10-02 13:25:52,941] 	dropout: 0.2
[2022-10-02 13:25:52,941] 	batch_size: None
[2022-10-02 13:25:52,941] 	learning_rate: None
[2022-10-02 13:25:52,941] 	embeddings: None
[2022-10-02 13:25:52,941] 	models_path: /home/hugosousa/Projects/tei2go/models
[2022-10-02 13:25:52,941] 	resources_path: /home/hugosousa/Projects/tei2go/resources
[2022-10-02 13:25:52,941] 	logs_path: /home/hugosousa/Projects/tei2go/logs
[2022-10-02 13:25:52,941] 	data_path: /home/hugosousa/Projects/tei2go/data
[2022-10-02 13:25:52,941] 	gpu: False
[2022-10-02 13:25:52,941] Found preprocessed data.
[2022-10-02 13:25:52,944] Corpus statistics:
[2022-10-02 13:25:52,944] 	Train:
[2022-10-02 13:25:52,944] 		# sentences: 598
[2022-10-02 13:25:52,944] 		# timexs: 867
[2022-10-02 13:25:52,944] 	Validation:
[2022-10-02 13:25:52,944] 		# sentences: 155
[2022-10-02 13:25:52,944] 		# timexs: 227
[2022-10-02 13:25:52,944] Initializing model for language es.
[2022-10-02 13:25:53,014] Started train loop with id 20221002132553
[2022-10-02 13:25:53,017] Created vocabulary
[2022-10-02 13:25:53,017] Finished initializing nlp object
[2022-10-02 13:25:53,065]       |Loss 	|F1
[2022-10-02 13:25:53,065] Epoch |Train	|Train	|Validation
[2022-10-02 13:25:59,499]     1 |2.495	|0.4648	|0.4022
[2022-10-02 13:26:05,633]     2 |0.855	|0.8266	|0.6618
[2022-10-02 13:26:11,715]     3 |0.562	|0.9030	|0.7542
[2022-10-02 13:26:17,772]     4 |0.413	|0.9076	|0.7442
[2022-10-02 13:26:23,782]     5 |0.365	|0.9436	|0.7578
[2022-10-02 13:26:29,837]     6 |0.261	|0.9483	|0.8073
[2022-10-02 13:26:35,889]     7 |0.249	|0.9656	|0.7614
[2022-10-02 13:26:41,935]     8 |0.226	|0.9676	|0.7667
[2022-10-02 13:26:47,973]     9 |0.167	|0.9631	|0.7826
[2022-10-02 13:26:47,974] Training done.
[2022-10-02 13:26:47,974] Best validation f1: 0.8073
[2022-10-02 13:26:47,974] ----------------------------------------------------------------------------------------------------
[2022-10-02 13:26:50,856] ----------------------------------------------------------------------------------------------------
[2022-10-02 13:26:50,856] Start training for the following setup:
[2022-10-02 13:26:50,856] 	model: spacy
[2022-10-02 13:26:50,856] 	data: ['spanish_timebank']
[2022-10-02 13:26:50,856] 	language: es
[2022-10-02 13:26:50,856] 	n_epochs: 15
[2022-10-02 13:26:50,856] 	dropout: 0.3
[2022-10-02 13:26:50,856] 	batch_size: None
[2022-10-02 13:26:50,856] 	learning_rate: None
[2022-10-02 13:26:50,856] 	embeddings: None
[2022-10-02 13:26:50,856] 	models_path: /home/hugosousa/Projects/tei2go/models
[2022-10-02 13:26:50,856] 	resources_path: /home/hugosousa/Projects/tei2go/resources
[2022-10-02 13:26:50,856] 	logs_path: /home/hugosousa/Projects/tei2go/logs
[2022-10-02 13:26:50,856] 	data_path: /home/hugosousa/Projects/tei2go/data
[2022-10-02 13:26:50,856] 	gpu: False
[2022-10-02 13:26:50,856] Found preprocessed data.
[2022-10-02 13:26:50,859] Corpus statistics:
[2022-10-02 13:26:50,859] 	Train:
[2022-10-02 13:26:50,859] 		# sentences: 598
[2022-10-02 13:26:50,859] 		# timexs: 867
[2022-10-02 13:26:50,859] 	Validation:
[2022-10-02 13:26:50,859] 		# sentences: 155
[2022-10-02 13:26:50,859] 		# timexs: 227
[2022-10-02 13:26:50,859] Initializing model for language es.
[2022-10-02 13:26:50,930] Started train loop with id 20221002132650
[2022-10-02 13:26:50,933] Created vocabulary
[2022-10-02 13:26:50,933] Finished initializing nlp object
[2022-10-02 13:26:50,980]       |Loss 	|F1
[2022-10-02 13:26:50,980] Epoch |Train	|Train	|Validation
[2022-10-02 13:26:57,369]     1 |2.776	|0.3319	|0.3090
[2022-10-02 13:27:03,475]     2 |1.062	|0.8093	|0.6793
[2022-10-02 13:27:09,588]     3 |0.726	|0.8479	|0.7604
[2022-10-02 13:27:15,681]     4 |0.513	|0.9039	|0.7963
[2022-10-02 13:27:21,757]     5 |0.451	|0.9182	|0.7619
[2022-10-02 13:27:27,823]     6 |0.341	|0.9307	|0.8132
[2022-10-02 13:27:33,931]     7 |0.274	|0.9419	|0.8345
[2022-10-02 13:27:40,038]     8 |0.284	|0.9577	|0.7862
[2022-10-02 13:27:46,121]     9 |0.257	|0.9601	|0.7819
[2022-10-02 13:27:52,214]    10 |0.235	|0.9659	|0.7937
[2022-10-02 13:27:52,216] Training done.
[2022-10-02 13:27:52,216] Best validation f1: 0.8345
[2022-10-02 13:27:52,216] ----------------------------------------------------------------------------------------------------
[2022-10-02 13:27:55,100] ----------------------------------------------------------------------------------------------------
[2022-10-02 13:27:55,100] Start training for the following setup:
[2022-10-02 13:27:55,100] 	model: spacy
[2022-10-02 13:27:55,100] 	data: ['spanish_timebank']
[2022-10-02 13:27:55,100] 	language: es
[2022-10-02 13:27:55,100] 	n_epochs: 15
[2022-10-02 13:27:55,100] 	dropout: 0.4
[2022-10-02 13:27:55,100] 	batch_size: None
[2022-10-02 13:27:55,100] 	learning_rate: None
[2022-10-02 13:27:55,100] 	embeddings: None
[2022-10-02 13:27:55,100] 	models_path: /home/hugosousa/Projects/tei2go/models
[2022-10-02 13:27:55,100] 	resources_path: /home/hugosousa/Projects/tei2go/resources
[2022-10-02 13:27:55,100] 	logs_path: /home/hugosousa/Projects/tei2go/logs
[2022-10-02 13:27:55,100] 	data_path: /home/hugosousa/Projects/tei2go/data
[2022-10-02 13:27:55,100] 	gpu: False
[2022-10-02 13:27:55,101] Found preprocessed data.
[2022-10-02 13:27:55,103] Corpus statistics:
[2022-10-02 13:27:55,104] 	Train:
[2022-10-02 13:27:55,104] 		# sentences: 598
[2022-10-02 13:27:55,104] 		# timexs: 867
[2022-10-02 13:27:55,104] 	Validation:
[2022-10-02 13:27:55,104] 		# sentences: 155
[2022-10-02 13:27:55,104] 		# timexs: 227
[2022-10-02 13:27:55,104] Initializing model for language es.
[2022-10-02 13:27:55,175] Started train loop with id 20221002132755
[2022-10-02 13:27:55,177] Created vocabulary
[2022-10-02 13:27:55,178] Finished initializing nlp object
[2022-10-02 13:27:55,225]       |Loss 	|F1
[2022-10-02 13:27:55,225] Epoch |Train	|Train	|Validation
[2022-10-02 13:28:01,634]     1 |2.688	|0.3722	|0.3301
[2022-10-02 13:28:07,755]     2 |1.498	|0.6675	|0.5494
[2022-10-02 13:28:13,896]     3 |0.967	|0.7729	|0.7009
[2022-10-02 13:28:20,008]     4 |0.726	|0.8730	|0.7494
[2022-10-02 13:28:26,114]     5 |0.620	|0.8775	|0.7626
[2022-10-02 13:28:32,228]     6 |0.505	|0.8910	|0.7964
[2022-10-02 13:28:38,349]     7 |0.509	|0.9134	|0.8018
[2022-10-02 13:28:44,492]     8 |0.429	|0.9164	|0.7865
[2022-10-02 13:28:50,603]     9 |0.350	|0.9304	|0.7841
[2022-10-02 13:28:56,730]    10 |0.358	|0.9306	|0.7696
[2022-10-02 13:28:56,731] Training done.
[2022-10-02 13:28:56,731] Best validation f1: 0.8018
[2022-10-02 13:28:56,731] ----------------------------------------------------------------------------------------------------
[2022-10-02 13:28:59,612] ----------------------------------------------------------------------------------------------------
[2022-10-02 13:28:59,612] Start training for the following setup:
[2022-10-02 13:28:59,612] 	model: spacy
[2022-10-02 13:28:59,612] 	data: ['spanish_timebank']
[2022-10-02 13:28:59,612] 	language: es
[2022-10-02 13:28:59,612] 	n_epochs: 15
[2022-10-02 13:28:59,612] 	dropout: 0.5
[2022-10-02 13:28:59,612] 	batch_size: None
[2022-10-02 13:28:59,612] 	learning_rate: None
[2022-10-02 13:28:59,612] 	embeddings: None
[2022-10-02 13:28:59,612] 	models_path: /home/hugosousa/Projects/tei2go/models
[2022-10-02 13:28:59,612] 	resources_path: /home/hugosousa/Projects/tei2go/resources
[2022-10-02 13:28:59,612] 	logs_path: /home/hugosousa/Projects/tei2go/logs
[2022-10-02 13:28:59,612] 	data_path: /home/hugosousa/Projects/tei2go/data
[2022-10-02 13:28:59,613] 	gpu: False
[2022-10-02 13:28:59,613] Found preprocessed data.
[2022-10-02 13:28:59,615] Corpus statistics:
[2022-10-02 13:28:59,615] 	Train:
[2022-10-02 13:28:59,615] 		# sentences: 598
[2022-10-02 13:28:59,615] 		# timexs: 867
[2022-10-02 13:28:59,615] 	Validation:
[2022-10-02 13:28:59,615] 		# sentences: 155
[2022-10-02 13:28:59,615] 		# timexs: 227
[2022-10-02 13:28:59,616] Initializing model for language es.
[2022-10-02 13:28:59,686] Started train loop with id 20221002132859
[2022-10-02 13:28:59,688] Created vocabulary
[2022-10-02 13:28:59,689] Finished initializing nlp object
[2022-10-02 13:28:59,737]       |Loss 	|F1
[2022-10-02 13:28:59,737] Epoch |Train	|Train	|Validation
[2022-10-02 13:29:06,190]     1 |2.790	|0.2388	|0.1825
[2022-10-02 13:29:12,371]     2 |1.572	|0.5806	|0.4639
[2022-10-02 13:29:18,563]     3 |1.261	|0.7033	|0.5843
[2022-10-02 13:29:24,728]     4 |1.007	|0.7919	|0.7017
[2022-10-02 13:29:30,865]     5 |0.867	|0.8344	|0.7413
[2022-10-02 13:29:37,036]     6 |0.740	|0.8480	|0.7667
[2022-10-02 13:29:43,206]     7 |0.614	|0.8803	|0.7963
[2022-10-02 13:29:49,384]     8 |0.623	|0.8860	|0.7875
[2022-10-02 13:29:55,535]     9 |0.574	|0.8931	|0.7740
[2022-10-02 13:30:01,704]    10 |0.512	|0.9123	|0.8063
[2022-10-02 13:30:07,861]    11 |0.483	|0.9194	|0.7868
[2022-10-02 13:30:14,043]    12 |0.505	|0.9271	|0.7661
[2022-10-02 13:30:20,177]    13 |0.413	|0.9307	|0.8027
[2022-10-02 13:30:20,178] Training done.
[2022-10-02 13:30:20,179] Best validation f1: 0.8063
[2022-10-02 13:30:20,179] ----------------------------------------------------------------------------------------------------
[2022-10-13 22:19:38,793] ----------------------------------------------------------------------------------------------------
[2022-10-13 22:19:38,793] Start training for the following setup:
[2022-10-13 22:19:38,793] 	model: spacy
[2022-10-13 22:19:38,793] 	data: ['spanish_timebank']
[2022-10-13 22:19:38,793] 	language: es
[2022-10-13 22:19:38,793] 	n_epochs: 30
[2022-10-13 22:19:38,793] 	dropout: 0.2
[2022-10-13 22:19:38,793] 	learning_rate: None
[2022-10-13 22:19:38,793] 	trans_hidden_width: 8
[2022-10-13 22:19:38,793] 	trans_maxout_pieces: 3
[2022-10-13 22:19:38,793] 	trans_use_upper: True
[2022-10-13 22:19:38,793] 	embed_width: 300
[2022-10-13 22:19:38,793] 	embed_depth: 3
[2022-10-13 22:19:38,793] 	embed_size: 9000
[2022-10-13 22:19:38,793] 	embed_window_size: 2
[2022-10-13 22:19:38,793] 	embed_maxout_pieces: 3
[2022-10-13 22:19:38,793] 	embed_subword_features: True
[2022-10-13 22:19:38,794] 	models_path: /home/hugosousa/Projects/tei2go/models
[2022-10-13 22:19:38,794] 	resources_path: /home/hugosousa/Projects/tei2go/resources
[2022-10-13 22:19:38,794] 	logs_path: /home/hugosousa/Projects/tei2go/logs
[2022-10-13 22:19:38,794] 	data_path: /home/hugosousa/Projects/tei2go/data
[2022-10-13 22:19:38,794] 	gpu: False
[2022-10-13 22:19:38,794] Found preprocessed data.
[2022-10-13 22:19:38,800] Corpus statistics:
[2022-10-13 22:19:38,801] 	Train:
[2022-10-13 22:19:38,801] 		# sentences: 598
[2022-10-13 22:19:38,801] 		# timexs: 867
[2022-10-13 22:19:38,801] 	Validation:
[2022-10-13 22:19:38,801] 		# sentences: 155
[2022-10-13 22:19:38,801] 		# timexs: 227
[2022-10-13 22:19:38,801] Initializing model for language es.
[2022-10-13 22:19:38,877] Started train loop with id 20221013221938
[2022-10-13 22:19:38,879] Created vocabulary
[2022-10-13 22:19:38,879] Finished initializing nlp object
[2022-10-13 22:19:39,005]       |Loss 	|F1
[2022-10-13 22:19:39,005] Epoch |Train	|Train	|Validation
[2022-10-13 22:20:10,784]     1 |4.248	|0.0272	|0.0081
[2022-10-13 22:20:42,361]     2 |1.031	|0.8587	|0.7354
[2022-10-13 22:21:14,004]     3 |0.431	|0.9295	|0.7814
[2022-10-13 22:21:45,474]     4 |0.237	|0.9521	|0.7919
[2022-10-13 22:22:16,875]     5 |0.185	|0.9667	|0.7656
[2022-10-13 22:22:48,172]     6 |0.134	|0.9690	|0.7494
[2022-10-13 22:23:19,300]     7 |0.091	|0.9867	|0.7482
[2022-10-13 22:23:19,305] Training done.
[2022-10-13 22:23:19,305] Best validation f1: 0.7919
[2022-10-13 22:23:19,305] ----------------------------------------------------------------------------------------------------
[2022-10-13 22:23:21,062] ----------------------------------------------------------------------------------------------------
[2022-10-13 22:23:21,062] Start training for the following setup:
[2022-10-13 22:23:21,062] 	model: spacy
[2022-10-13 22:23:21,062] 	data: ['spanish_timebank']
[2022-10-13 22:23:21,062] 	language: es
[2022-10-13 22:23:21,063] 	n_epochs: 30
[2022-10-13 22:23:21,063] 	dropout: 0.0
[2022-10-13 22:23:21,063] 	learning_rate: None
[2022-10-13 22:23:21,063] 	trans_hidden_width: 64
[2022-10-13 22:23:21,063] 	trans_maxout_pieces: 2
[2022-10-13 22:23:21,063] 	trans_use_upper: True
[2022-10-13 22:23:21,063] 	embed_width: 128
[2022-10-13 22:23:21,063] 	embed_depth: 2
[2022-10-13 22:23:21,063] 	embed_size: 2000
[2022-10-13 22:23:21,063] 	embed_window_size: 2
[2022-10-13 22:23:21,063] 	embed_maxout_pieces: 2
[2022-10-13 22:23:21,063] 	embed_subword_features: True
[2022-10-13 22:23:21,063] 	models_path: /home/hugosousa/Projects/tei2go/models
[2022-10-13 22:23:21,063] 	resources_path: /home/hugosousa/Projects/tei2go/resources
[2022-10-13 22:23:21,063] 	logs_path: /home/hugosousa/Projects/tei2go/logs
[2022-10-13 22:23:21,063] 	data_path: /home/hugosousa/Projects/tei2go/data
[2022-10-13 22:23:21,063] 	gpu: False
[2022-10-13 22:23:21,063] Found preprocessed data.
[2022-10-13 22:23:21,065] Corpus statistics:
[2022-10-13 22:23:21,065] 	Train:
[2022-10-13 22:23:21,065] 		# sentences: 598
[2022-10-13 22:23:21,065] 		# timexs: 867
[2022-10-13 22:23:21,066] 	Validation:
[2022-10-13 22:23:21,066] 		# sentences: 155
[2022-10-13 22:23:21,066] 		# timexs: 227
[2022-10-13 22:23:21,066] Initializing model for language es.
[2022-10-13 22:23:21,141] Started train loop with id 20221013222321
[2022-10-13 22:23:21,143] Created vocabulary
[2022-10-13 22:23:21,144] Finished initializing nlp object
[2022-10-13 22:23:21,194]       |Loss 	|F1
[2022-10-13 22:23:21,194] Epoch |Train	|Train	|Validation
[2022-10-13 22:23:28,119]     1 |2.219	|0.7980	|0.6732
[2022-10-13 22:23:34,756]     2 |0.494	|0.9227	|0.7710
[2022-10-13 22:23:41,432]     3 |0.273	|0.9135	|0.7517
[2022-10-13 22:23:48,070]     4 |0.179	|0.9627	|0.7523
[2022-10-13 22:23:54,748]     5 |0.139	|0.9757	|0.7400
[2022-10-13 22:23:54,750] Training done.
[2022-10-13 22:23:54,750] Best validation f1: 0.7710
[2022-10-13 22:23:54,750] ----------------------------------------------------------------------------------------------------
[2022-10-13 22:23:56,542] ----------------------------------------------------------------------------------------------------
[2022-10-13 22:23:56,542] Start training for the following setup:
[2022-10-13 22:23:56,542] 	model: spacy
[2022-10-13 22:23:56,542] 	data: ['spanish_timebank']
[2022-10-13 22:23:56,542] 	language: es
[2022-10-13 22:23:56,542] 	n_epochs: 30
[2022-10-13 22:23:56,542] 	dropout: 0.0
[2022-10-13 22:23:56,542] 	learning_rate: None
[2022-10-13 22:23:56,542] 	trans_hidden_width: 64
[2022-10-13 22:23:56,542] 	trans_maxout_pieces: 2
[2022-10-13 22:23:56,542] 	trans_use_upper: True
[2022-10-13 22:23:56,542] 	embed_width: 128
[2022-10-13 22:23:56,542] 	embed_depth: 6
[2022-10-13 22:23:56,542] 	embed_size: 8000
[2022-10-13 22:23:56,542] 	embed_window_size: 1
[2022-10-13 22:23:56,542] 	embed_maxout_pieces: 1
[2022-10-13 22:23:56,543] 	embed_subword_features: True
[2022-10-13 22:23:56,543] 	models_path: /home/hugosousa/Projects/tei2go/models
[2022-10-13 22:23:56,543] 	resources_path: /home/hugosousa/Projects/tei2go/resources
[2022-10-13 22:23:56,543] 	logs_path: /home/hugosousa/Projects/tei2go/logs
[2022-10-13 22:23:56,543] 	data_path: /home/hugosousa/Projects/tei2go/data
[2022-10-13 22:23:56,543] 	gpu: False
[2022-10-13 22:23:56,543] Found preprocessed data.
[2022-10-13 22:23:56,545] Corpus statistics:
[2022-10-13 22:23:56,545] 	Train:
[2022-10-13 22:23:56,545] 		# sentences: 598
[2022-10-13 22:23:56,545] 		# timexs: 867
[2022-10-13 22:23:56,545] 	Validation:
[2022-10-13 22:23:56,545] 		# sentences: 155
[2022-10-13 22:23:56,545] 		# timexs: 227
[2022-10-13 22:23:56,545] Initializing model for language es.
[2022-10-13 22:23:56,621] Started train loop with id 20221013222356
[2022-10-13 22:23:56,624] Created vocabulary
[2022-10-13 22:23:56,624] Finished initializing nlp object
[2022-10-13 22:23:56,692]       |Loss 	|F1
[2022-10-13 22:23:56,693] Epoch |Train	|Train	|Validation
[2022-10-13 22:24:06,621]     1 |2.166	|0.7521	|0.6716
[2022-10-13 22:24:16,287]     2 |0.545	|0.9045	|0.7373
[2022-10-13 22:24:26,040]     3 |0.372	|0.9385	|0.7394
[2022-10-13 22:24:35,678]     4 |0.238	|0.9535	|0.7706
[2022-10-13 22:24:45,284]     5 |0.176	|0.9716	|0.7459
[2022-10-13 22:24:54,849]     6 |0.138	|0.9576	|0.7149
[2022-10-13 22:25:04,420]     7 |0.110	|0.9603	|0.7187
[2022-10-13 22:25:04,422] Training done.
[2022-10-13 22:25:04,422] Best validation f1: 0.7706
[2022-10-13 22:25:04,422] ----------------------------------------------------------------------------------------------------
[2022-10-13 22:25:06,164] ----------------------------------------------------------------------------------------------------
[2022-10-13 22:25:06,164] Start training for the following setup:
[2022-10-13 22:25:06,164] 	model: spacy
[2022-10-13 22:25:06,164] 	data: ['spanish_timebank']
[2022-10-13 22:25:06,164] 	language: es
[2022-10-13 22:25:06,164] 	n_epochs: 30
[2022-10-13 22:25:06,164] 	dropout: 0.2
[2022-10-13 22:25:06,164] 	learning_rate: None
[2022-10-13 22:25:06,164] 	trans_hidden_width: 128
[2022-10-13 22:25:06,164] 	trans_maxout_pieces: 3
[2022-10-13 22:25:06,165] 	trans_use_upper: True
[2022-10-13 22:25:06,165] 	embed_width: 300
[2022-10-13 22:25:06,165] 	embed_depth: 2
[2022-10-13 22:25:06,165] 	embed_size: 9000
[2022-10-13 22:25:06,165] 	embed_window_size: 2
[2022-10-13 22:25:06,165] 	embed_maxout_pieces: 2
[2022-10-13 22:25:06,165] 	embed_subword_features: True
[2022-10-13 22:25:06,165] 	models_path: /home/hugosousa/Projects/tei2go/models
[2022-10-13 22:25:06,165] 	resources_path: /home/hugosousa/Projects/tei2go/resources
[2022-10-13 22:25:06,165] 	logs_path: /home/hugosousa/Projects/tei2go/logs
[2022-10-13 22:25:06,165] 	data_path: /home/hugosousa/Projects/tei2go/data
[2022-10-13 22:25:06,165] 	gpu: False
[2022-10-13 22:25:06,165] Found preprocessed data.
[2022-10-13 22:25:06,167] Corpus statistics:
[2022-10-13 22:25:06,167] 	Train:
[2022-10-13 22:25:06,167] 		# sentences: 598
[2022-10-13 22:25:06,167] 		# timexs: 867
[2022-10-13 22:25:06,167] 	Validation:
[2022-10-13 22:25:06,167] 		# sentences: 155
[2022-10-13 22:25:06,167] 		# timexs: 227
[2022-10-13 22:25:06,167] Initializing model for language es.
[2022-10-13 22:25:06,242] Started train loop with id 20221013222506
[2022-10-13 22:25:06,244] Created vocabulary
[2022-10-13 22:25:06,245] Finished initializing nlp object
[2022-10-13 22:25:06,441]       |Loss 	|F1
[2022-10-13 22:25:06,441] Epoch |Train	|Train	|Validation
[2022-10-13 22:25:31,239]     1 |2.399	|0.7222	|0.6422
[2022-10-13 22:25:55,735]     2 |0.588	|0.8872	|0.7064
[2022-10-13 22:26:20,255]     3 |0.416	|0.8573	|0.6834
[2022-10-13 22:26:44,559]     4 |0.323	|0.9549	|0.7775
[2022-10-13 22:27:08,905]     5 |0.211	|0.9664	|0.7727
[2022-10-13 22:27:33,033]     6 |0.156	|0.9580	|0.7553
[2022-10-13 22:27:57,062]     7 |0.147	|0.9646	|0.7347
[2022-10-13 22:27:57,067] Training done.
[2022-10-13 22:27:57,067] Best validation f1: 0.7775
[2022-10-13 22:27:57,067] ----------------------------------------------------------------------------------------------------
[2022-10-13 22:27:58,820] ----------------------------------------------------------------------------------------------------
[2022-10-13 22:27:58,820] Start training for the following setup:
[2022-10-13 22:27:58,820] 	model: spacy
[2022-10-13 22:27:58,820] 	data: ['spanish_timebank']
[2022-10-13 22:27:58,820] 	language: es
[2022-10-13 22:27:58,820] 	n_epochs: 30
[2022-10-13 22:27:58,820] 	dropout: 0.1
[2022-10-13 22:27:58,820] 	learning_rate: None
[2022-10-13 22:27:58,820] 	trans_hidden_width: 16
[2022-10-13 22:27:58,820] 	trans_maxout_pieces: 1
[2022-10-13 22:27:58,820] 	trans_use_upper: True
[2022-10-13 22:27:58,820] 	embed_width: 128
[2022-10-13 22:27:58,820] 	embed_depth: 4
[2022-10-13 22:27:58,820] 	embed_size: 2000
[2022-10-13 22:27:58,820] 	embed_window_size: 1
[2022-10-13 22:27:58,820] 	embed_maxout_pieces: 3
[2022-10-13 22:27:58,820] 	embed_subword_features: True
[2022-10-13 22:27:58,820] 	models_path: /home/hugosousa/Projects/tei2go/models
[2022-10-13 22:27:58,820] 	resources_path: /home/hugosousa/Projects/tei2go/resources
[2022-10-13 22:27:58,820] 	logs_path: /home/hugosousa/Projects/tei2go/logs
[2022-10-13 22:27:58,820] 	data_path: /home/hugosousa/Projects/tei2go/data
[2022-10-13 22:27:58,820] 	gpu: False
[2022-10-13 22:27:58,821] Found preprocessed data.
[2022-10-13 22:27:58,823] Corpus statistics:
[2022-10-13 22:27:58,823] 	Train:
[2022-10-13 22:27:58,823] 		# sentences: 598
[2022-10-13 22:27:58,823] 		# timexs: 867
[2022-10-13 22:27:58,823] 	Validation:
[2022-10-13 22:27:58,823] 		# sentences: 155
[2022-10-13 22:27:58,823] 		# timexs: 227
[2022-10-13 22:27:58,823] Initializing model for language es.
[2022-10-13 22:27:58,898] Started train loop with id 20221013222758
[2022-10-13 22:27:58,902] Created vocabulary
[2022-10-13 22:27:58,903] Finished initializing nlp object
[2022-10-13 22:27:58,937]       |Loss 	|F1
[2022-10-13 22:27:58,937] Epoch |Train	|Train	|Validation
[2022-10-13 22:28:07,000]     1 |3.400	|0.5198	|0.4033
[2022-10-13 22:28:14,812]     2 |0.883	|0.8082	|0.7214
[2022-10-13 22:28:22,651]     3 |0.503	|0.7770	|0.6579
[2022-10-13 22:28:30,475]     4 |0.334	|0.8366	|0.6774
[2022-10-13 22:28:38,333]     5 |0.263	|0.9053	|0.6996
[2022-10-13 22:28:38,335] Training done.
[2022-10-13 22:28:38,335] Best validation f1: 0.7214
[2022-10-13 22:28:38,335] ----------------------------------------------------------------------------------------------------
[2022-10-13 22:28:40,131] ----------------------------------------------------------------------------------------------------
[2022-10-13 22:28:40,131] Start training for the following setup:
[2022-10-13 22:28:40,131] 	model: spacy
[2022-10-13 22:28:40,131] 	data: ['spanish_timebank']
[2022-10-13 22:28:40,131] 	language: es
[2022-10-13 22:28:40,132] 	n_epochs: 30
[2022-10-13 22:28:40,132] 	dropout: 0.1
[2022-10-13 22:28:40,132] 	learning_rate: None
[2022-10-13 22:28:40,132] 	trans_hidden_width: 128
[2022-10-13 22:28:40,132] 	trans_maxout_pieces: 2
[2022-10-13 22:28:40,132] 	trans_use_upper: True
[2022-10-13 22:28:40,132] 	embed_width: 96
[2022-10-13 22:28:40,132] 	embed_depth: 7
[2022-10-13 22:28:40,132] 	embed_size: 3000
[2022-10-13 22:28:40,132] 	embed_window_size: 1
[2022-10-13 22:28:40,132] 	embed_maxout_pieces: 1
[2022-10-13 22:28:40,132] 	embed_subword_features: True
[2022-10-13 22:28:40,132] 	models_path: /home/hugosousa/Projects/tei2go/models
[2022-10-13 22:28:40,132] 	resources_path: /home/hugosousa/Projects/tei2go/resources
[2022-10-13 22:28:40,132] 	logs_path: /home/hugosousa/Projects/tei2go/logs
[2022-10-13 22:28:40,132] 	data_path: /home/hugosousa/Projects/tei2go/data
[2022-10-13 22:28:40,132] 	gpu: False
[2022-10-13 22:28:40,132] Found preprocessed data.
[2022-10-13 22:28:40,134] Corpus statistics:
[2022-10-13 22:28:40,134] 	Train:
[2022-10-13 22:28:40,134] 		# sentences: 598
[2022-10-13 22:28:40,135] 		# timexs: 867
[2022-10-13 22:28:40,135] 	Validation:
[2022-10-13 22:28:40,135] 		# sentences: 155
[2022-10-13 22:28:40,135] 		# timexs: 227
[2022-10-13 22:28:40,135] Initializing model for language es.
[2022-10-13 22:28:40,213] Started train loop with id 20221013222840
[2022-10-13 22:28:40,215] Created vocabulary
[2022-10-13 22:28:40,215] Finished initializing nlp object
[2022-10-13 22:28:40,315]       |Loss 	|F1
[2022-10-13 22:28:40,315] Epoch |Train	|Train	|Validation
[2022-10-13 22:28:48,960]     1 |1.895	|0.7251	|0.6383
[2022-10-13 22:28:57,327]     2 |0.613	|0.8591	|0.7146
[2022-10-13 22:29:05,827]     3 |0.448	|0.9024	|0.7778
[2022-10-13 22:29:14,267]     4 |0.388	|0.9257	|0.7786
[2022-10-13 22:29:22,686]     5 |0.340	|0.9337	|0.7551
[2022-10-13 22:29:31,160]     6 |0.254	|0.9322	|0.7736
[2022-10-13 22:29:39,529]     7 |0.207	|0.9666	|0.7349
[2022-10-13 22:29:39,531] Training done.
[2022-10-13 22:29:39,531] Best validation f1: 0.7786
[2022-10-13 22:29:39,531] ----------------------------------------------------------------------------------------------------
[2022-10-13 22:29:41,288] ----------------------------------------------------------------------------------------------------
[2022-10-13 22:29:41,288] Start training for the following setup:
[2022-10-13 22:29:41,288] 	model: spacy
[2022-10-13 22:29:41,288] 	data: ['spanish_timebank']
[2022-10-13 22:29:41,289] 	language: es
[2022-10-13 22:29:41,289] 	n_epochs: 30
[2022-10-13 22:29:41,289] 	dropout: 0.4
[2022-10-13 22:29:41,289] 	learning_rate: None
[2022-10-13 22:29:41,289] 	trans_hidden_width: 16
[2022-10-13 22:29:41,289] 	trans_maxout_pieces: 2
[2022-10-13 22:29:41,289] 	trans_use_upper: True
[2022-10-13 22:29:41,289] 	embed_width: 128
[2022-10-13 22:29:41,289] 	embed_depth: 7
[2022-10-13 22:29:41,289] 	embed_size: 5000
[2022-10-13 22:29:41,289] 	embed_window_size: 2
[2022-10-13 22:29:41,289] 	embed_maxout_pieces: 2
[2022-10-13 22:29:41,289] 	embed_subword_features: True
[2022-10-13 22:29:41,289] 	models_path: /home/hugosousa/Projects/tei2go/models
[2022-10-13 22:29:41,289] 	resources_path: /home/hugosousa/Projects/tei2go/resources
[2022-10-13 22:29:41,289] 	logs_path: /home/hugosousa/Projects/tei2go/logs
[2022-10-13 22:29:41,289] 	data_path: /home/hugosousa/Projects/tei2go/data
[2022-10-13 22:29:41,289] 	gpu: False
[2022-10-13 22:29:41,289] Found preprocessed data.
[2022-10-13 22:29:41,291] Corpus statistics:
[2022-10-13 22:29:41,291] 	Train:
[2022-10-13 22:29:41,291] 		# sentences: 598
[2022-10-13 22:29:41,291] 		# timexs: 867
[2022-10-13 22:29:41,292] 	Validation:
[2022-10-13 22:29:41,292] 		# sentences: 155
[2022-10-13 22:29:41,292] 		# timexs: 227
[2022-10-13 22:29:41,292] Initializing model for language es.
[2022-10-13 22:29:41,367] Started train loop with id 20221013222941
[2022-10-13 22:29:41,369] Created vocabulary
[2022-10-13 22:29:41,370] Finished initializing nlp object
[2022-10-13 22:29:41,419]       |Loss 	|F1
[2022-10-13 22:29:41,419] Epoch |Train	|Train	|Validation
[2022-10-13 22:29:55,300]     1 |2.825	|0.3455	|0.2800
[2022-10-13 22:30:08,587]     2 |2.184	|0.7872	|0.6504
[2022-10-13 22:30:21,986]     3 |0.775	|0.8674	|0.7541
[2022-10-13 22:30:35,308]     4 |0.585	|0.9206	|0.7689
[2022-10-13 22:30:48,647]     5 |0.403	|0.9367	|0.7765
[2022-10-13 22:31:02,289]     6 |0.352	|0.9559	|0.7859
[2022-10-13 22:31:15,639]     7 |0.277	|0.9604	|0.7763
[2022-10-13 22:31:28,995]     8 |0.229	|0.9636	|0.7808
[2022-10-13 22:31:42,318]     9 |0.242	|0.9438	|0.7605
[2022-10-13 22:31:42,320] Training done.
[2022-10-13 22:31:42,320] Best validation f1: 0.7859
[2022-10-13 22:31:42,320] ----------------------------------------------------------------------------------------------------
[2022-10-13 22:31:44,103] ----------------------------------------------------------------------------------------------------
[2022-10-13 22:31:44,103] Start training for the following setup:
[2022-10-13 22:31:44,103] 	model: spacy
[2022-10-13 22:31:44,103] 	data: ['spanish_timebank']
[2022-10-13 22:31:44,103] 	language: es
[2022-10-13 22:31:44,103] 	n_epochs: 30
[2022-10-13 22:31:44,103] 	dropout: 0.1
[2022-10-13 22:31:44,103] 	learning_rate: None
[2022-10-13 22:31:44,103] 	trans_hidden_width: 8
[2022-10-13 22:31:44,103] 	trans_maxout_pieces: 2
[2022-10-13 22:31:44,103] 	trans_use_upper: True
[2022-10-13 22:31:44,103] 	embed_width: 128
[2022-10-13 22:31:44,103] 	embed_depth: 5
[2022-10-13 22:31:44,103] 	embed_size: 2000
[2022-10-13 22:31:44,103] 	embed_window_size: 1
[2022-10-13 22:31:44,103] 	embed_maxout_pieces: 2
[2022-10-13 22:31:44,103] 	embed_subword_features: True
[2022-10-13 22:31:44,103] 	models_path: /home/hugosousa/Projects/tei2go/models
[2022-10-13 22:31:44,103] 	resources_path: /home/hugosousa/Projects/tei2go/resources
[2022-10-13 22:31:44,103] 	logs_path: /home/hugosousa/Projects/tei2go/logs
[2022-10-13 22:31:44,103] 	data_path: /home/hugosousa/Projects/tei2go/data
[2022-10-13 22:31:44,103] 	gpu: False
[2022-10-13 22:31:44,103] Found preprocessed data.
[2022-10-13 22:31:44,106] Corpus statistics:
[2022-10-13 22:31:44,106] 	Train:
[2022-10-13 22:31:44,106] 		# sentences: 598
[2022-10-13 22:31:44,106] 		# timexs: 867
[2022-10-13 22:31:44,106] 	Validation:
[2022-10-13 22:31:44,106] 		# sentences: 155
[2022-10-13 22:31:44,106] 		# timexs: 227
[2022-10-13 22:31:44,106] Initializing model for language es.
[2022-10-13 22:31:44,182] Started train loop with id 20221013223144
[2022-10-13 22:31:44,184] Created vocabulary
[2022-10-13 22:31:44,185] Finished initializing nlp object
[2022-10-13 22:31:44,211]       |Loss 	|F1
[2022-10-13 22:31:44,211] Epoch |Train	|Train	|Validation
[2022-10-13 22:31:52,457]     1 |2.827	|0.0100	|0.0056
[2022-10-13 22:32:00,245]     2 |1.047	|0.7950	|0.6885
[2022-10-13 22:32:08,133]     3 |0.521	|0.9151	|0.7619
[2022-10-13 22:32:15,949]     4 |0.332	|0.9212	|0.7682
[2022-10-13 22:32:23,777]     5 |0.235	|0.9506	|0.7859
[2022-10-13 22:32:31,623]     6 |0.188	|0.9625	|0.8072
[2022-10-13 22:32:39,460]     7 |0.132	|0.9740	|0.7918
[2022-10-13 22:32:47,329]     8 |0.116	|0.9769	|0.7954
[2022-10-13 22:32:55,155]     9 |0.091	|0.9698	|0.7773
[2022-10-13 22:32:55,157] Training done.
[2022-10-13 22:32:55,157] Best validation f1: 0.8072
[2022-10-13 22:32:55,157] ----------------------------------------------------------------------------------------------------
[2022-10-13 22:32:56,903] ----------------------------------------------------------------------------------------------------
[2022-10-13 22:32:56,903] Start training for the following setup:
[2022-10-13 22:32:56,903] 	model: spacy
[2022-10-13 22:32:56,903] 	data: ['spanish_timebank']
[2022-10-13 22:32:56,903] 	language: es
[2022-10-13 22:32:56,903] 	n_epochs: 30
[2022-10-13 22:32:56,903] 	dropout: 0.3
[2022-10-13 22:32:56,903] 	learning_rate: None
[2022-10-13 22:32:56,903] 	trans_hidden_width: 16
[2022-10-13 22:32:56,903] 	trans_maxout_pieces: 2
[2022-10-13 22:32:56,903] 	trans_use_upper: True
[2022-10-13 22:32:56,903] 	embed_width: 96
[2022-10-13 22:32:56,903] 	embed_depth: 3
[2022-10-13 22:32:56,903] 	embed_size: 5000
[2022-10-13 22:32:56,903] 	embed_window_size: 1
[2022-10-13 22:32:56,903] 	embed_maxout_pieces: 3
[2022-10-13 22:32:56,903] 	embed_subword_features: True
[2022-10-13 22:32:56,903] 	models_path: /home/hugosousa/Projects/tei2go/models
[2022-10-13 22:32:56,903] 	resources_path: /home/hugosousa/Projects/tei2go/resources
[2022-10-13 22:32:56,903] 	logs_path: /home/hugosousa/Projects/tei2go/logs
[2022-10-13 22:32:56,903] 	data_path: /home/hugosousa/Projects/tei2go/data
[2022-10-13 22:32:56,904] 	gpu: False
[2022-10-13 22:32:56,904] Found preprocessed data.
[2022-10-13 22:32:56,906] Corpus statistics:
[2022-10-13 22:32:56,906] 	Train:
[2022-10-13 22:32:56,906] 		# sentences: 598
[2022-10-13 22:32:56,906] 		# timexs: 867
[2022-10-13 22:32:56,906] 	Validation:
[2022-10-13 22:32:56,906] 		# sentences: 155
[2022-10-13 22:32:56,906] 		# timexs: 227
[2022-10-13 22:32:56,906] Initializing model for language es.
[2022-10-13 22:32:56,981] Started train loop with id 20221013223256
[2022-10-13 22:32:56,984] Created vocabulary
[2022-10-13 22:32:56,984] Finished initializing nlp object
[2022-10-13 22:32:57,016]       |Loss 	|F1
[2022-10-13 22:32:57,016] Epoch |Train	|Train	|Validation
[2022-10-13 22:33:03,671]     1 |3.121	|0.3659	|0.2929
[2022-10-13 22:33:10,082]     2 |2.054	|0.7088	|0.6187
[2022-10-13 22:33:16,520]     3 |0.725	|0.8532	|0.7436
[2022-10-13 22:33:22,952]     4 |0.497	|0.9027	|0.7639
[2022-10-13 22:33:29,360]     5 |0.403	|0.9397	|0.8065
[2022-10-13 22:33:35,787]     6 |0.303	|0.9440	|0.7955
[2022-10-13 22:33:42,230]     7 |0.292	|0.9514	|0.7714
[2022-10-13 22:33:48,641]     8 |0.241	|0.9658	|0.7806
[2022-10-13 22:33:48,643] Training done.
[2022-10-13 22:33:48,643] Best validation f1: 0.8065
[2022-10-13 22:33:48,643] ----------------------------------------------------------------------------------------------------
[2022-10-13 22:33:50,399] ----------------------------------------------------------------------------------------------------
[2022-10-13 22:33:50,399] Start training for the following setup:
[2022-10-13 22:33:50,399] 	model: spacy
[2022-10-13 22:33:50,399] 	data: ['spanish_timebank']
[2022-10-13 22:33:50,399] 	language: es
[2022-10-13 22:33:50,399] 	n_epochs: 30
[2022-10-13 22:33:50,399] 	dropout: 0.2
[2022-10-13 22:33:50,399] 	learning_rate: None
[2022-10-13 22:33:50,399] 	trans_hidden_width: 64
[2022-10-13 22:33:50,399] 	trans_maxout_pieces: 2
[2022-10-13 22:33:50,399] 	trans_use_upper: True
[2022-10-13 22:33:50,399] 	embed_width: 300
[2022-10-13 22:33:50,399] 	embed_depth: 5
[2022-10-13 22:33:50,399] 	embed_size: 3000
[2022-10-13 22:33:50,399] 	embed_window_size: 2
[2022-10-13 22:33:50,399] 	embed_maxout_pieces: 1
[2022-10-13 22:33:50,399] 	embed_subword_features: True
[2022-10-13 22:33:50,399] 	models_path: /home/hugosousa/Projects/tei2go/models
[2022-10-13 22:33:50,399] 	resources_path: /home/hugosousa/Projects/tei2go/resources
[2022-10-13 22:33:50,400] 	logs_path: /home/hugosousa/Projects/tei2go/logs
[2022-10-13 22:33:50,400] 	data_path: /home/hugosousa/Projects/tei2go/data
[2022-10-13 22:33:50,400] 	gpu: False
[2022-10-13 22:33:50,400] Found preprocessed data.
[2022-10-13 22:33:50,402] Corpus statistics:
[2022-10-13 22:33:50,402] 	Train:
[2022-10-13 22:33:50,402] 		# sentences: 598
[2022-10-13 22:33:50,402] 		# timexs: 867
[2022-10-13 22:33:50,402] 	Validation:
[2022-10-13 22:33:50,402] 		# sentences: 155
[2022-10-13 22:33:50,402] 		# timexs: 227
[2022-10-13 22:33:50,402] Initializing model for language es.
[2022-10-13 22:33:50,479] Started train loop with id 20221013223350
[2022-10-13 22:33:50,481] Created vocabulary
[2022-10-13 22:33:50,481] Finished initializing nlp object
[2022-10-13 22:33:50,580]       |Loss 	|F1
[2022-10-13 22:33:50,580] Epoch |Train	|Train	|Validation
[2022-10-13 22:34:13,084]     1 |2.055	|0.7719	|0.6651
[2022-10-13 22:34:35,236]     2 |0.634	|0.8762	|0.7409
[2022-10-13 22:34:57,531]     3 |0.416	|0.9228	|0.7439
[2022-10-13 22:35:19,763]     4 |0.301	|0.9269	|0.6945
[2022-10-13 22:35:41,864]     5 |0.268	|0.9489	|0.7596
[2022-10-13 22:36:04,053]     6 |0.203	|0.9519	|0.7477
[2022-10-13 22:36:26,186]     7 |0.151	|0.9787	|0.7534
[2022-10-13 22:36:48,392]     8 |0.137	|0.9673	|0.7659
[2022-10-13 22:37:10,523]     9 |0.140	|0.9637	|0.7473
[2022-10-13 22:37:32,577]    10 |0.136	|0.9708	|0.7615
[2022-10-13 22:37:54,593]    11 |0.111	|0.9808	|0.7489
[2022-10-13 22:37:54,595] Training done.
[2022-10-13 22:37:54,595] Best validation f1: 0.7659
[2022-10-13 22:37:54,595] ----------------------------------------------------------------------------------------------------
[2022-10-13 22:37:56,365] ----------------------------------------------------------------------------------------------------
[2022-10-13 22:37:56,365] Start training for the following setup:
[2022-10-13 22:37:56,368] 	model: spacy
[2022-10-13 22:37:56,368] 	data: ['spanish_timebank']
[2022-10-13 22:37:56,368] 	language: es
[2022-10-13 22:37:56,368] 	n_epochs: 30
[2022-10-13 22:37:56,368] 	dropout: 0.5
[2022-10-13 22:37:56,368] 	learning_rate: None
[2022-10-13 22:37:56,368] 	trans_hidden_width: 8
[2022-10-13 22:37:56,368] 	trans_maxout_pieces: 1
[2022-10-13 22:37:56,369] 	trans_use_upper: True
[2022-10-13 22:37:56,369] 	embed_width: 300
[2022-10-13 22:37:56,369] 	embed_depth: 5
[2022-10-13 22:37:56,369] 	embed_size: 3000
[2022-10-13 22:37:56,369] 	embed_window_size: 1
[2022-10-13 22:37:56,369] 	embed_maxout_pieces: 2
[2022-10-13 22:37:56,369] 	embed_subword_features: True
[2022-10-13 22:37:56,369] 	models_path: /home/hugosousa/Projects/tei2go/models
[2022-10-13 22:37:56,369] 	resources_path: /home/hugosousa/Projects/tei2go/resources
[2022-10-13 22:37:56,369] 	logs_path: /home/hugosousa/Projects/tei2go/logs
[2022-10-13 22:37:56,369] 	data_path: /home/hugosousa/Projects/tei2go/data
[2022-10-13 22:37:56,369] 	gpu: False
[2022-10-13 22:37:56,369] Found preprocessed data.
[2022-10-13 22:37:56,371] Corpus statistics:
[2022-10-13 22:37:56,371] 	Train:
[2022-10-13 22:37:56,371] 		# sentences: 598
[2022-10-13 22:37:56,371] 		# timexs: 867
[2022-10-13 22:37:56,371] 	Validation:
[2022-10-13 22:37:56,371] 		# sentences: 155
[2022-10-13 22:37:56,371] 		# timexs: 227
[2022-10-13 22:37:56,371] Initializing model for language es.
[2022-10-13 22:37:56,449] Started train loop with id 20221013223756
[2022-10-13 22:37:56,451] Created vocabulary
[2022-10-13 22:37:56,452] Finished initializing nlp object
[2022-10-13 22:37:56,535]       |Loss 	|F1
[2022-10-13 22:37:56,535] Epoch |Train	|Train	|Validation
[2022-10-13 22:38:19,112]     1 |2.763	|0.3501	|0.2866
[2022-10-13 22:38:41,310]     2 |1.407	|0.6776	|0.5853
[2022-10-13 22:39:03,618]     3 |0.907	|0.8292	|0.6993
[2022-10-13 22:39:25,842]     4 |0.670	|0.8599	|0.7911
[2022-10-13 22:39:48,032]     5 |0.553	|0.8867	|0.7991
[2022-10-13 22:40:10,281]     6 |0.498	|0.9287	|0.7636
[2022-10-13 22:40:32,441]     7 |0.498	|0.9219	|0.7710
[2022-10-13 22:40:54,678]     8 |0.385	|0.9462	|0.7826
[2022-10-13 22:40:54,682] Training done.
[2022-10-13 22:40:54,682] Best validation f1: 0.7991
[2022-10-13 22:40:54,682] ----------------------------------------------------------------------------------------------------
[2022-10-13 22:40:56,481] ----------------------------------------------------------------------------------------------------
[2022-10-13 22:40:56,481] Start training for the following setup:
[2022-10-13 22:40:56,481] 	model: spacy
[2022-10-13 22:40:56,481] 	data: ['spanish_timebank']
[2022-10-13 22:40:56,481] 	language: es
[2022-10-13 22:40:56,481] 	n_epochs: 30
[2022-10-13 22:40:56,481] 	dropout: 0.0
[2022-10-13 22:40:56,481] 	learning_rate: None
[2022-10-13 22:40:56,481] 	trans_hidden_width: 16
[2022-10-13 22:40:56,482] 	trans_maxout_pieces: 1
[2022-10-13 22:40:56,482] 	trans_use_upper: True
[2022-10-13 22:40:56,482] 	embed_width: 300
[2022-10-13 22:40:56,482] 	embed_depth: 4
[2022-10-13 22:40:56,482] 	embed_size: 5000
[2022-10-13 22:40:56,482] 	embed_window_size: 1
[2022-10-13 22:40:56,482] 	embed_maxout_pieces: 2
[2022-10-13 22:40:56,482] 	embed_subword_features: True
[2022-10-13 22:40:56,482] 	models_path: /home/hugosousa/Projects/tei2go/models
[2022-10-13 22:40:56,482] 	resources_path: /home/hugosousa/Projects/tei2go/resources
[2022-10-13 22:40:56,482] 	logs_path: /home/hugosousa/Projects/tei2go/logs
[2022-10-13 22:40:56,482] 	data_path: /home/hugosousa/Projects/tei2go/data
[2022-10-13 22:40:56,482] 	gpu: False
[2022-10-13 22:40:56,482] Found preprocessed data.
[2022-10-13 22:40:56,484] Corpus statistics:
[2022-10-13 22:40:56,484] 	Train:
[2022-10-13 22:40:56,484] 		# sentences: 598
[2022-10-13 22:40:56,484] 		# timexs: 867
[2022-10-13 22:40:56,485] 	Validation:
[2022-10-13 22:40:56,485] 		# sentences: 155
[2022-10-13 22:40:56,485] 		# timexs: 227
[2022-10-13 22:40:56,485] Initializing model for language es.
[2022-10-13 22:40:56,563] Started train loop with id 20221013224056
[2022-10-13 22:40:56,565] Created vocabulary
[2022-10-13 22:40:56,566] Finished initializing nlp object
[2022-10-13 22:40:56,650]       |Loss 	|F1
[2022-10-13 22:40:56,650] Epoch |Train	|Train	|Validation
[2022-10-13 22:41:17,532]     1 |4.006	|0.5353	|0.4525
[2022-10-13 22:41:38,121]     2 |0.745	|0.8588	|0.7383
[2022-10-13 22:41:58,759]     3 |0.406	|0.8953	|0.7494
[2022-10-13 22:42:19,301]     4 |0.292	|0.9137	|0.7484
[2022-10-13 22:42:39,773]     5 |0.228	|0.9514	|0.7524
[2022-10-13 22:43:00,243]     6 |0.181	|0.9605	|0.7494
[2022-10-13 22:43:20,560]     7 |0.139	|0.9750	|0.7452
[2022-10-13 22:43:40,880]     8 |0.106	|0.9699	|0.7552
[2022-10-13 22:44:01,312]     9 |0.093	|0.9862	|0.7808
[2022-10-13 22:44:21,719]    10 |0.070	|0.9670	|0.7731
[2022-10-13 22:44:42,023]    11 |0.061	|0.9783	|0.7500
[2022-10-13 22:45:02,320]    12 |0.096	|0.9799	|0.7355
[2022-10-13 22:45:02,324] Training done.
[2022-10-13 22:45:02,324] Best validation f1: 0.7808
[2022-10-13 22:45:02,324] ----------------------------------------------------------------------------------------------------
[2022-10-13 22:45:04,092] ----------------------------------------------------------------------------------------------------
[2022-10-13 22:45:04,093] Start training for the following setup:
[2022-10-13 22:45:04,093] 	model: spacy
[2022-10-13 22:45:04,093] 	data: ['spanish_timebank']
[2022-10-13 22:45:04,093] 	language: es
[2022-10-13 22:45:04,093] 	n_epochs: 30
[2022-10-13 22:45:04,093] 	dropout: 0.0
[2022-10-13 22:45:04,093] 	learning_rate: None
[2022-10-13 22:45:04,093] 	trans_hidden_width: 256
[2022-10-13 22:45:04,093] 	trans_maxout_pieces: 3
[2022-10-13 22:45:04,093] 	trans_use_upper: True
[2022-10-13 22:45:04,093] 	embed_width: 300
[2022-10-13 22:45:04,093] 	embed_depth: 7
[2022-10-13 22:45:04,093] 	embed_size: 4000
[2022-10-13 22:45:04,093] 	embed_window_size: 1
[2022-10-13 22:45:04,093] 	embed_maxout_pieces: 1
[2022-10-13 22:45:04,093] 	embed_subword_features: True
[2022-10-13 22:45:04,093] 	models_path: /home/hugosousa/Projects/tei2go/models
[2022-10-13 22:45:04,093] 	resources_path: /home/hugosousa/Projects/tei2go/resources
[2022-10-13 22:45:04,093] 	logs_path: /home/hugosousa/Projects/tei2go/logs
[2022-10-13 22:45:04,093] 	data_path: /home/hugosousa/Projects/tei2go/data
[2022-10-13 22:45:04,093] 	gpu: False
[2022-10-13 22:45:04,093] Found preprocessed data.
[2022-10-13 22:45:04,095] Corpus statistics:
[2022-10-13 22:45:04,096] 	Train:
[2022-10-13 22:45:04,096] 		# sentences: 598
[2022-10-13 22:45:04,096] 		# timexs: 867
[2022-10-13 22:45:04,096] 	Validation:
[2022-10-13 22:45:04,096] 		# sentences: 155
[2022-10-13 22:45:04,096] 		# timexs: 227
[2022-10-13 22:45:04,096] Initializing model for language es.
[2022-10-13 22:45:04,172] Started train loop with id 20221013224504
[2022-10-13 22:45:04,174] Created vocabulary
[2022-10-13 22:45:04,175] Finished initializing nlp object
[2022-10-13 22:45:04,578]       |Loss 	|F1
[2022-10-13 22:45:04,578] Epoch |Train	|Train	|Validation
[2022-10-13 22:45:38,520]     1 |1.832	|0.7632	|0.6715
[2022-10-13 22:46:11,629]     2 |0.959	|0.6249	|0.4894
[2022-10-13 22:46:44,752]     3 |0.548	|0.9059	|0.7506
[2022-10-13 22:47:17,693]     4 |0.386	|0.8897	|0.7972
[2022-10-13 22:47:50,475]     5 |0.386	|0.8862	|0.6959
[2022-10-13 22:48:23,284]     6 |0.314	|0.9483	|0.7650
[2022-10-13 22:48:55,928]     7 |0.286	|0.8977	|0.6988
[2022-10-13 22:48:55,929] Training done.
[2022-10-13 22:48:55,929] Best validation f1: 0.7972
[2022-10-13 22:48:55,929] ----------------------------------------------------------------------------------------------------
[2022-10-13 22:48:57,691] ----------------------------------------------------------------------------------------------------
[2022-10-13 22:48:57,691] Start training for the following setup:
[2022-10-13 22:48:57,691] 	model: spacy
[2022-10-13 22:48:57,691] 	data: ['spanish_timebank']
[2022-10-13 22:48:57,691] 	language: es
[2022-10-13 22:48:57,691] 	n_epochs: 30
[2022-10-13 22:48:57,691] 	dropout: 0.1
[2022-10-13 22:48:57,691] 	learning_rate: None
[2022-10-13 22:48:57,691] 	trans_hidden_width: 128
[2022-10-13 22:48:57,691] 	trans_maxout_pieces: 1
[2022-10-13 22:48:57,691] 	trans_use_upper: True
[2022-10-13 22:48:57,691] 	embed_width: 96
[2022-10-13 22:48:57,691] 	embed_depth: 5
[2022-10-13 22:48:57,691] 	embed_size: 3000
[2022-10-13 22:48:57,691] 	embed_window_size: 1
[2022-10-13 22:48:57,691] 	embed_maxout_pieces: 3
[2022-10-13 22:48:57,691] 	embed_subword_features: True
[2022-10-13 22:48:57,692] 	models_path: /home/hugosousa/Projects/tei2go/models
[2022-10-13 22:48:57,692] 	resources_path: /home/hugosousa/Projects/tei2go/resources
[2022-10-13 22:48:57,692] 	logs_path: /home/hugosousa/Projects/tei2go/logs
[2022-10-13 22:48:57,692] 	data_path: /home/hugosousa/Projects/tei2go/data
[2022-10-13 22:48:57,692] 	gpu: False
[2022-10-13 22:48:57,692] Found preprocessed data.
[2022-10-13 22:48:57,694] Corpus statistics:
[2022-10-13 22:48:57,694] 	Train:
[2022-10-13 22:48:57,694] 		# sentences: 598
[2022-10-13 22:48:57,694] 		# timexs: 867
[2022-10-13 22:48:57,694] 	Validation:
[2022-10-13 22:48:57,694] 		# sentences: 155
[2022-10-13 22:48:57,694] 		# timexs: 227
[2022-10-13 22:48:57,694] Initializing model for language es.
[2022-10-13 22:48:57,769] Started train loop with id 20221013224857
[2022-10-13 22:48:57,772] Created vocabulary
[2022-10-13 22:48:57,772] Finished initializing nlp object
[2022-10-13 22:48:57,912]       |Loss 	|F1
[2022-10-13 22:48:57,912] Epoch |Train	|Train	|Validation
[2022-10-13 22:49:06,115]     1 |2.270	|0.6286	|0.4910
[2022-10-13 22:49:14,063]     2 |0.665	|0.6773	|0.5295
[2022-10-13 22:49:22,120]     3 |0.413	|0.8114	|0.6228
[2022-10-13 22:49:30,109]     4 |0.289	|0.7598	|0.5861
[2022-10-13 22:49:38,051]     5 |0.216	|0.9244	|0.7362
[2022-10-13 22:49:46,049]     6 |0.199	|0.6097	|0.4951
[2022-10-13 22:49:54,048]     7 |0.145	|0.8757	|0.6841
[2022-10-13 22:50:02,136]     8 |0.122	|0.8536	|0.5873
[2022-10-13 22:50:02,138] Training done.
[2022-10-13 22:50:02,138] Best validation f1: 0.7362
[2022-10-13 22:50:02,138] ----------------------------------------------------------------------------------------------------
[2022-10-13 22:50:03,897] ----------------------------------------------------------------------------------------------------
[2022-10-13 22:50:03,897] Start training for the following setup:
[2022-10-13 22:50:03,897] 	model: spacy
[2022-10-13 22:50:03,897] 	data: ['spanish_timebank']
[2022-10-13 22:50:03,897] 	language: es
[2022-10-13 22:50:03,897] 	n_epochs: 30
[2022-10-13 22:50:03,897] 	dropout: 0.3
[2022-10-13 22:50:03,897] 	learning_rate: None
[2022-10-13 22:50:03,897] 	trans_hidden_width: 32
[2022-10-13 22:50:03,897] 	trans_maxout_pieces: 3
[2022-10-13 22:50:03,897] 	trans_use_upper: True
[2022-10-13 22:50:03,897] 	embed_width: 128
[2022-10-13 22:50:03,897] 	embed_depth: 3
[2022-10-13 22:50:03,897] 	embed_size: 6000
[2022-10-13 22:50:03,897] 	embed_window_size: 2
[2022-10-13 22:50:03,897] 	embed_maxout_pieces: 2
[2022-10-13 22:50:03,898] 	embed_subword_features: True
[2022-10-13 22:50:03,898] 	models_path: /home/hugosousa/Projects/tei2go/models
[2022-10-13 22:50:03,898] 	resources_path: /home/hugosousa/Projects/tei2go/resources
[2022-10-13 22:50:03,898] 	logs_path: /home/hugosousa/Projects/tei2go/logs
[2022-10-13 22:50:03,898] 	data_path: /home/hugosousa/Projects/tei2go/data
[2022-10-13 22:50:03,898] 	gpu: False
[2022-10-13 22:50:03,898] Found preprocessed data.
[2022-10-13 22:50:03,900] Corpus statistics:
[2022-10-13 22:50:03,900] 	Train:
[2022-10-13 22:50:03,900] 		# sentences: 598
[2022-10-13 22:50:03,900] 		# timexs: 867
[2022-10-13 22:50:03,900] 	Validation:
[2022-10-13 22:50:03,900] 		# sentences: 155
[2022-10-13 22:50:03,900] 		# timexs: 227
[2022-10-13 22:50:03,900] Initializing model for language es.
[2022-10-13 22:50:03,976] Started train loop with id 20221013225003
[2022-10-13 22:50:03,978] Created vocabulary
[2022-10-13 22:50:03,979] Finished initializing nlp object
[2022-10-13 22:50:04,030]       |Loss 	|F1
[2022-10-13 22:50:04,030] Epoch |Train	|Train	|Validation
[2022-10-13 22:50:13,280]     1 |2.756	|0.4003	|0.2827
[2022-10-13 22:50:22,216]     2 |0.861	|0.8743	|0.7184
[2022-10-13 22:50:31,168]     3 |0.503	|0.9163	|0.7736
[2022-10-13 22:50:40,083]     4 |0.343	|0.9366	|0.7955
[2022-10-13 22:50:48,994]     5 |0.279	|0.9676	|0.7591
[2022-10-13 22:50:57,877]     6 |0.213	|0.9700	|0.8190
[2022-10-13 22:51:06,840]     7 |0.201	|0.9804	|0.7850
[2022-10-13 22:51:15,715]     8 |0.133	|0.9763	|0.7321
[2022-10-13 22:51:24,600]     9 |0.119	|0.9782	|0.7864
[2022-10-13 22:51:24,601] Training done.
[2022-10-13 22:51:24,602] Best validation f1: 0.8190
[2022-10-13 22:51:24,602] ----------------------------------------------------------------------------------------------------
[2022-10-13 22:51:26,348] ----------------------------------------------------------------------------------------------------
[2022-10-13 22:51:26,348] Start training for the following setup:
[2022-10-13 22:51:26,349] 	model: spacy
[2022-10-13 22:51:26,349] 	data: ['spanish_timebank']
[2022-10-13 22:51:26,349] 	language: es
[2022-10-13 22:51:26,349] 	n_epochs: 30
[2022-10-13 22:51:26,349] 	dropout: 0.1
[2022-10-13 22:51:26,349] 	learning_rate: None
[2022-10-13 22:51:26,349] 	trans_hidden_width: 64
[2022-10-13 22:51:26,349] 	trans_maxout_pieces: 2
[2022-10-13 22:51:26,349] 	trans_use_upper: True
[2022-10-13 22:51:26,349] 	embed_width: 128
[2022-10-13 22:51:26,349] 	embed_depth: 3
[2022-10-13 22:51:26,349] 	embed_size: 9000
[2022-10-13 22:51:26,349] 	embed_window_size: 2
[2022-10-13 22:51:26,349] 	embed_maxout_pieces: 2
[2022-10-13 22:51:26,349] 	embed_subword_features: True
[2022-10-13 22:51:26,349] 	models_path: /home/hugosousa/Projects/tei2go/models
[2022-10-13 22:51:26,349] 	resources_path: /home/hugosousa/Projects/tei2go/resources
[2022-10-13 22:51:26,349] 	logs_path: /home/hugosousa/Projects/tei2go/logs
[2022-10-13 22:51:26,349] 	data_path: /home/hugosousa/Projects/tei2go/data
[2022-10-13 22:51:26,349] 	gpu: False
[2022-10-13 22:51:26,349] Found preprocessed data.
[2022-10-13 22:51:26,351] Corpus statistics:
[2022-10-13 22:51:26,351] 	Train:
[2022-10-13 22:51:26,352] 		# sentences: 598
[2022-10-13 22:51:26,352] 		# timexs: 867
[2022-10-13 22:51:26,352] 	Validation:
[2022-10-13 22:51:26,352] 		# sentences: 155
[2022-10-13 22:51:26,352] 		# timexs: 227
[2022-10-13 22:51:26,352] Initializing model for language es.
[2022-10-13 22:51:26,427] Started train loop with id 20221013225126
[2022-10-13 22:51:26,429] Created vocabulary
[2022-10-13 22:51:26,430] Finished initializing nlp object
[2022-10-13 22:51:26,500]       |Loss 	|F1
[2022-10-13 22:51:26,500] Epoch |Train	|Train	|Validation
[2022-10-13 22:51:36,931]     1 |2.245	|0.7759	|0.6892
[2022-10-13 22:51:47,073]     2 |0.542	|0.9120	|0.7623
[2022-10-13 22:51:57,225]     3 |0.291	|0.9236	|0.7361
[2022-10-13 22:52:07,313]     4 |0.234	|0.9681	|0.7488
[2022-10-13 22:52:17,354]     5 |0.130	|0.9708	|0.7578
[2022-10-13 22:52:17,356] Training done.
[2022-10-13 22:52:17,356] Best validation f1: 0.7623
[2022-10-13 22:52:17,356] ----------------------------------------------------------------------------------------------------
[2022-10-13 22:52:19,110] ----------------------------------------------------------------------------------------------------
[2022-10-13 22:52:19,110] Start training for the following setup:
[2022-10-13 22:52:19,110] 	model: spacy
[2022-10-13 22:52:19,110] 	data: ['spanish_timebank']
[2022-10-13 22:52:19,110] 	language: es
[2022-10-13 22:52:19,110] 	n_epochs: 30
[2022-10-13 22:52:19,110] 	dropout: 0.4
[2022-10-13 22:52:19,110] 	learning_rate: None
[2022-10-13 22:52:19,110] 	trans_hidden_width: 256
[2022-10-13 22:52:19,110] 	trans_maxout_pieces: 3
[2022-10-13 22:52:19,110] 	trans_use_upper: True
[2022-10-13 22:52:19,110] 	embed_width: 128
[2022-10-13 22:52:19,110] 	embed_depth: 4
[2022-10-13 22:52:19,110] 	embed_size: 3000
[2022-10-13 22:52:19,110] 	embed_window_size: 1
[2022-10-13 22:52:19,110] 	embed_maxout_pieces: 3
[2022-10-13 22:52:19,110] 	embed_subword_features: True
[2022-10-13 22:52:19,110] 	models_path: /home/hugosousa/Projects/tei2go/models
[2022-10-13 22:52:19,111] 	resources_path: /home/hugosousa/Projects/tei2go/resources
[2022-10-13 22:52:19,111] 	logs_path: /home/hugosousa/Projects/tei2go/logs
[2022-10-13 22:52:19,111] 	data_path: /home/hugosousa/Projects/tei2go/data
[2022-10-13 22:52:19,111] 	gpu: False
[2022-10-13 22:52:19,111] Found preprocessed data.
[2022-10-13 22:52:19,113] Corpus statistics:
[2022-10-13 22:52:19,113] 	Train:
[2022-10-13 22:52:19,113] 		# sentences: 598
[2022-10-13 22:52:19,113] 		# timexs: 867
[2022-10-13 22:52:19,113] 	Validation:
[2022-10-13 22:52:19,113] 		# sentences: 155
[2022-10-13 22:52:19,113] 		# timexs: 227
[2022-10-13 22:52:19,113] Initializing model for language es.
[2022-10-13 22:52:19,190] Started train loop with id 20221013225219
[2022-10-13 22:52:19,192] Created vocabulary
[2022-10-13 22:52:19,193] Finished initializing nlp object
[2022-10-13 22:52:19,546]       |Loss 	|F1
[2022-10-13 22:52:19,546] Epoch |Train	|Train	|Validation
[2022-10-13 22:52:41,162]     1 |2.083	|0.3520	|0.2821
[2022-10-13 22:53:02,388]     2 |1.243	|0.7414	|0.6637
[2022-10-13 22:53:23,765]     3 |0.979	|0.8023	|0.6851
[2022-10-13 22:53:45,054]     4 |0.740	|0.8498	|0.7696
[2022-10-13 22:54:06,256]     5 |0.684	|0.8828	|0.7836
[2022-10-13 22:54:27,522]     6 |0.584	|0.8837	|0.7758
[2022-10-13 22:54:48,606]     7 |0.499	|0.8876	|0.7489
[2022-10-13 22:55:10,002]     8 |0.421	|0.8956	|0.7581
[2022-10-13 22:55:10,003] Training done.
[2022-10-13 22:55:10,003] Best validation f1: 0.7836
[2022-10-13 22:55:10,003] ----------------------------------------------------------------------------------------------------
[2022-10-13 22:55:11,756] ----------------------------------------------------------------------------------------------------
[2022-10-13 22:55:11,756] Start training for the following setup:
[2022-10-13 22:55:11,756] 	model: spacy
[2022-10-13 22:55:11,756] 	data: ['spanish_timebank']
[2022-10-13 22:55:11,756] 	language: es
[2022-10-13 22:55:11,756] 	n_epochs: 30
[2022-10-13 22:55:11,756] 	dropout: 0.4
[2022-10-13 22:55:11,756] 	learning_rate: None
[2022-10-13 22:55:11,756] 	trans_hidden_width: 64
[2022-10-13 22:55:11,756] 	trans_maxout_pieces: 3
[2022-10-13 22:55:11,756] 	trans_use_upper: True
[2022-10-13 22:55:11,756] 	embed_width: 300
[2022-10-13 22:55:11,756] 	embed_depth: 2
[2022-10-13 22:55:11,756] 	embed_size: 7000
[2022-10-13 22:55:11,756] 	embed_window_size: 2
[2022-10-13 22:55:11,756] 	embed_maxout_pieces: 3
[2022-10-13 22:55:11,756] 	embed_subword_features: True
[2022-10-13 22:55:11,756] 	models_path: /home/hugosousa/Projects/tei2go/models
[2022-10-13 22:55:11,756] 	resources_path: /home/hugosousa/Projects/tei2go/resources
[2022-10-13 22:55:11,756] 	logs_path: /home/hugosousa/Projects/tei2go/logs
[2022-10-13 22:55:11,757] 	data_path: /home/hugosousa/Projects/tei2go/data
[2022-10-13 22:55:11,757] 	gpu: False
[2022-10-13 22:55:11,757] Found preprocessed data.
[2022-10-13 22:55:11,759] Corpus statistics:
[2022-10-13 22:55:11,759] 	Train:
[2022-10-13 22:55:11,759] 		# sentences: 598
[2022-10-13 22:55:11,759] 		# timexs: 867
[2022-10-13 22:55:11,759] 	Validation:
[2022-10-13 22:55:11,759] 		# sentences: 155
[2022-10-13 22:55:11,759] 		# timexs: 227
[2022-10-13 22:55:11,759] Initializing model for language es.
[2022-10-13 22:55:11,833] Started train loop with id 20221013225511
[2022-10-13 22:55:11,835] Created vocabulary
[2022-10-13 22:55:11,836] Finished initializing nlp object
[2022-10-13 22:55:11,966]       |Loss 	|F1
[2022-10-13 22:55:11,966] Epoch |Train	|Train	|Validation
[2022-10-13 22:55:36,920]     1 |2.929	|0.3285	|0.2278
[2022-10-13 22:56:01,558]     2 |0.839	|0.7760	|0.6943
[2022-10-13 22:56:26,284]     3 |0.503	|0.9073	|0.7472
[2022-10-13 22:56:51,005]     4 |0.378	|0.9490	|0.8081
[2022-10-13 22:57:15,585]     5 |0.282	|0.9299	|0.7458
[2022-10-13 22:57:40,060]     6 |0.236	|0.9562	|0.7928
[2022-10-13 22:58:04,516]     7 |0.187	|0.9639	|0.7295
[2022-10-13 22:58:04,520] Training done.
[2022-10-13 22:58:04,520] Best validation f1: 0.8081
[2022-10-13 22:58:04,520] ----------------------------------------------------------------------------------------------------
[2022-10-13 22:58:06,265] ----------------------------------------------------------------------------------------------------
[2022-10-13 22:58:06,265] Start training for the following setup:
[2022-10-13 22:58:06,265] 	model: spacy
[2022-10-13 22:58:06,265] 	data: ['spanish_timebank']
[2022-10-13 22:58:06,265] 	language: es
[2022-10-13 22:58:06,265] 	n_epochs: 30
[2022-10-13 22:58:06,265] 	dropout: 0.3
[2022-10-13 22:58:06,265] 	learning_rate: None
[2022-10-13 22:58:06,265] 	trans_hidden_width: 64
[2022-10-13 22:58:06,266] 	trans_maxout_pieces: 2
[2022-10-13 22:58:06,266] 	trans_use_upper: True
[2022-10-13 22:58:06,266] 	embed_width: 96
[2022-10-13 22:58:06,266] 	embed_depth: 3
[2022-10-13 22:58:06,266] 	embed_size: 3000
[2022-10-13 22:58:06,266] 	embed_window_size: 1
[2022-10-13 22:58:06,266] 	embed_maxout_pieces: 2
[2022-10-13 22:58:06,266] 	embed_subword_features: True
[2022-10-13 22:58:06,266] 	models_path: /home/hugosousa/Projects/tei2go/models
[2022-10-13 22:58:06,266] 	resources_path: /home/hugosousa/Projects/tei2go/resources
[2022-10-13 22:58:06,266] 	logs_path: /home/hugosousa/Projects/tei2go/logs
[2022-10-13 22:58:06,266] 	data_path: /home/hugosousa/Projects/tei2go/data
[2022-10-13 22:58:06,266] 	gpu: False
[2022-10-13 22:58:06,266] Found preprocessed data.
[2022-10-13 22:58:06,268] Corpus statistics:
[2022-10-13 22:58:06,268] 	Train:
[2022-10-13 22:58:06,268] 		# sentences: 598
[2022-10-13 22:58:06,268] 		# timexs: 867
[2022-10-13 22:58:06,268] 	Validation:
[2022-10-13 22:58:06,268] 		# sentences: 155
[2022-10-13 22:58:06,268] 		# timexs: 227
[2022-10-13 22:58:06,269] Initializing model for language es.
[2022-10-13 22:58:06,344] Started train loop with id 20221013225806
[2022-10-13 22:58:06,346] Created vocabulary
[2022-10-13 22:58:06,347] Finished initializing nlp object
[2022-10-13 22:58:06,393]       |Loss 	|F1
[2022-10-13 22:58:06,394] Epoch |Train	|Train	|Validation
[2022-10-13 22:58:12,663]     1 |2.719	|0.4599	|0.3754
[2022-10-13 22:58:18,667]     2 |0.930	|0.7778	|0.6795
[2022-10-13 22:58:24,700]     3 |0.661	|0.8452	|0.7048
[2022-10-13 22:58:30,730]     4 |0.475	|0.9197	|0.7714
[2022-10-13 22:58:36,757]     5 |0.451	|0.9355	|0.7778
[2022-10-13 22:58:42,816]     6 |0.342	|0.9469	|0.7748
[2022-10-13 22:58:48,887]     7 |0.297	|0.9486	|0.7909
[2022-10-13 22:58:54,957]     8 |0.266	|0.9600	|0.7528
[2022-10-13 22:59:01,010]     9 |0.253	|0.9523	|0.7679
[2022-10-13 22:59:07,076]    10 |0.249	|0.9693	|0.7848
[2022-10-13 22:59:07,077] Training done.
[2022-10-13 22:59:07,077] Best validation f1: 0.7909
[2022-10-13 22:59:07,077] ----------------------------------------------------------------------------------------------------
[2022-10-13 22:59:08,884] ----------------------------------------------------------------------------------------------------
[2022-10-13 22:59:08,884] Start training for the following setup:
[2022-10-13 22:59:08,884] 	model: spacy
[2022-10-13 22:59:08,884] 	data: ['spanish_timebank']
[2022-10-13 22:59:08,884] 	language: es
[2022-10-13 22:59:08,884] 	n_epochs: 30
[2022-10-13 22:59:08,884] 	dropout: 0.1
[2022-10-13 22:59:08,884] 	learning_rate: None
[2022-10-13 22:59:08,885] 	trans_hidden_width: 32
[2022-10-13 22:59:08,885] 	trans_maxout_pieces: 2
[2022-10-13 22:59:08,885] 	trans_use_upper: True
[2022-10-13 22:59:08,885] 	embed_width: 96
[2022-10-13 22:59:08,885] 	embed_depth: 2
[2022-10-13 22:59:08,885] 	embed_size: 9000
[2022-10-13 22:59:08,885] 	embed_window_size: 2
[2022-10-13 22:59:08,885] 	embed_maxout_pieces: 2
[2022-10-13 22:59:08,885] 	embed_subword_features: True
[2022-10-13 22:59:08,885] 	models_path: /home/hugosousa/Projects/tei2go/models
[2022-10-13 22:59:08,885] 	resources_path: /home/hugosousa/Projects/tei2go/resources
[2022-10-13 22:59:08,885] 	logs_path: /home/hugosousa/Projects/tei2go/logs
[2022-10-13 22:59:08,885] 	data_path: /home/hugosousa/Projects/tei2go/data
[2022-10-13 22:59:08,885] 	gpu: False
[2022-10-13 22:59:08,885] Found preprocessed data.
[2022-10-13 22:59:08,887] Corpus statistics:
[2022-10-13 22:59:08,887] 	Train:
[2022-10-13 22:59:08,887] 		# sentences: 598
[2022-10-13 22:59:08,887] 		# timexs: 867
[2022-10-13 22:59:08,887] 	Validation:
[2022-10-13 22:59:08,888] 		# sentences: 155
[2022-10-13 22:59:08,888] 		# timexs: 227
[2022-10-13 22:59:08,888] Initializing model for language es.
[2022-10-13 22:59:08,965] Started train loop with id 20221013225908
[2022-10-13 22:59:08,968] Created vocabulary
[2022-10-13 22:59:08,968] Finished initializing nlp object
[2022-10-13 22:59:09,014]       |Loss 	|F1
[2022-10-13 22:59:09,014] Epoch |Train	|Train	|Validation
[2022-10-13 22:59:16,467]     1 |2.793	|0.6274	|0.5477
[2022-10-13 22:59:23,670]     2 |0.643	|0.9021	|0.7668
[2022-10-13 22:59:30,893]     3 |0.326	|0.9396	|0.7610
[2022-10-13 22:59:38,031]     4 |0.189	|0.9623	|0.7494
[2022-10-13 22:59:45,145]     5 |0.157	|0.9791	|0.7494
[2022-10-13 22:59:45,147] Training done.
[2022-10-13 22:59:45,148] Best validation f1: 0.7668
[2022-10-13 22:59:45,149] ----------------------------------------------------------------------------------------------------
