[2022-10-15 11:58:51,473] ----------------------------------------------------------------------------------------------------
[2022-10-15 11:58:51,473] Start training for the following setup:
[2022-10-15 11:58:51,473] 	model: spacy
[2022-10-15 11:58:51,473] 	data: ['narrative_container']
[2022-10-15 11:58:51,473] 	language: it
[2022-10-15 11:58:51,473] 	n_epochs: 30
[2022-10-15 11:58:51,473] 	dropout: 0.2
[2022-10-15 11:58:51,473] 	learning_rate: None
[2022-10-15 11:58:51,473] 	trans_hidden_width: 8
[2022-10-15 11:58:51,473] 	trans_maxout_pieces: 3
[2022-10-15 11:58:51,473] 	trans_use_upper: True
[2022-10-15 11:58:51,473] 	embed_width: 300
[2022-10-15 11:58:51,473] 	embed_depth: 3
[2022-10-15 11:58:51,473] 	embed_size: 9000
[2022-10-15 11:58:51,473] 	embed_window_size: 2
[2022-10-15 11:58:51,473] 	embed_maxout_pieces: 3
[2022-10-15 11:58:51,473] 	embed_subword_features: True
[2022-10-15 11:58:51,473] 	models_path: /home/hugosousa/Projects/tei2go/models
[2022-10-15 11:58:51,473] 	resources_path: /home/hugosousa/Projects/tei2go/resources
[2022-10-15 11:58:51,473] 	logs_path: /home/hugosousa/Projects/tei2go/logs
[2022-10-15 11:58:51,473] 	data_path: /home/hugosousa/Projects/tei2go/data
[2022-10-15 11:58:51,474] 	gpu: False
[2022-10-15 11:58:51,474] Preprocessing data.
[2022-10-15 11:59:35,731] Corpus statistics:
[2022-10-15 11:59:35,731] 	Train:
[2022-10-15 11:59:35,731] 		# sentences: 189
[2022-10-15 11:59:35,731] 		# timexs: 299
[2022-10-15 11:59:35,731] 	Validation:
[2022-10-15 11:59:35,731] 		# sentences: 35
[2022-10-15 11:59:35,731] 		# timexs: 42
[2022-10-15 11:59:35,731] Initializing model for language it.
[2022-10-15 11:59:35,831] Started train loop with id 20221015115935
[2022-10-15 11:59:35,834] Created vocabulary
[2022-10-15 11:59:35,835] Finished initializing nlp object
[2022-10-15 11:59:36,021]       |Loss 	|F1
[2022-10-15 11:59:36,021] Epoch |Train	|Train	|Validation
[2022-10-15 11:59:46,309]     1 |4.292	|0.0000	|0.0000
[2022-10-15 11:59:56,408]     2 |1.522	|0.0000	|0.0000
[2022-10-15 12:00:06,475]     3 |1.674	|0.3131	|0.3736
[2022-10-15 12:00:16,627]     4 |1.016	|0.6133	|0.5238
[2022-10-15 12:00:27,004]     5 |0.655	|0.8893	|0.6742
[2022-10-15 12:00:37,617]     6 |0.286	|0.9552	|0.6809
[2022-10-15 12:00:48,374]     7 |0.189	|0.9716	|0.6957
[2022-10-15 12:00:59,085]     8 |0.091	|0.9900	|0.7333
[2022-10-15 12:01:09,777]     9 |0.076	|0.9866	|0.6596
[2022-10-15 12:01:20,728]    10 |0.089	|0.9899	|0.7126
[2022-10-15 12:01:31,236]    11 |0.051	|0.9933	|0.7727
[2022-10-15 12:01:41,914]    12 |0.047	|0.9652	|0.6452
[2022-10-15 12:01:52,938]    13 |0.095	|0.9933	|0.6988
[2022-10-15 12:02:03,554]    14 |0.072	|0.9967	|0.6737
[2022-10-15 12:02:03,555] Training done.
[2022-10-15 12:02:03,555] Best validation f1: 0.7727
[2022-10-15 12:02:03,555] ----------------------------------------------------------------------------------------------------
[2022-10-15 12:02:05,653] ----------------------------------------------------------------------------------------------------
[2022-10-15 12:02:05,653] Start training for the following setup:
[2022-10-15 12:02:05,653] 	model: spacy
[2022-10-15 12:02:05,653] 	data: ['narrative_container']
[2022-10-15 12:02:05,653] 	language: it
[2022-10-15 12:02:05,653] 	n_epochs: 30
[2022-10-15 12:02:05,653] 	dropout: 0.0
[2022-10-15 12:02:05,653] 	learning_rate: None
[2022-10-15 12:02:05,653] 	trans_hidden_width: 64
[2022-10-15 12:02:05,653] 	trans_maxout_pieces: 2
[2022-10-15 12:02:05,653] 	trans_use_upper: True
[2022-10-15 12:02:05,654] 	embed_width: 128
[2022-10-15 12:02:05,654] 	embed_depth: 2
[2022-10-15 12:02:05,654] 	embed_size: 2000
[2022-10-15 12:02:05,654] 	embed_window_size: 2
[2022-10-15 12:02:05,654] 	embed_maxout_pieces: 2
[2022-10-15 12:02:05,654] 	embed_subword_features: True
[2022-10-15 12:02:05,654] 	models_path: /home/hugosousa/Projects/tei2go/models
[2022-10-15 12:02:05,654] 	resources_path: /home/hugosousa/Projects/tei2go/resources
[2022-10-15 12:02:05,654] 	logs_path: /home/hugosousa/Projects/tei2go/logs
[2022-10-15 12:02:05,654] 	data_path: /home/hugosousa/Projects/tei2go/data
[2022-10-15 12:02:05,654] 	gpu: False
[2022-10-15 12:02:05,654] Found preprocessed data.
[2022-10-15 12:02:05,655] Corpus statistics:
[2022-10-15 12:02:05,655] 	Train:
[2022-10-15 12:02:05,655] 		# sentences: 189
[2022-10-15 12:02:05,655] 		# timexs: 299
[2022-10-15 12:02:05,655] 	Validation:
[2022-10-15 12:02:05,655] 		# sentences: 35
[2022-10-15 12:02:05,655] 		# timexs: 42
[2022-10-15 12:02:05,655] Initializing model for language it.
[2022-10-15 12:02:05,745] Started train loop with id 20221015120205
[2022-10-15 12:02:05,748] Created vocabulary
[2022-10-15 12:02:05,749] Finished initializing nlp object
[2022-10-15 12:02:05,803]       |Loss 	|F1
[2022-10-15 12:02:05,803] Epoch |Train	|Train	|Validation
[2022-10-15 12:02:08,339]     1 |3.506	|0.1780	|0.0455
[2022-10-15 12:02:10,808]     2 |2.422	|0.6135	|0.6353
[2022-10-15 12:02:13,260]     3 |0.690	|0.8787	|0.6087
[2022-10-15 12:02:15,642]     4 |0.307	|0.9444	|0.7529
[2022-10-15 12:02:18,059]     5 |0.140	|0.9849	|0.7143
[2022-10-15 12:02:20,485]     6 |0.098	|0.9799	|0.6824
[2022-10-15 12:02:22,837]     7 |0.065	|0.9916	|0.6897
[2022-10-15 12:02:22,838] Training done.
[2022-10-15 12:02:22,838] Best validation f1: 0.7529
[2022-10-15 12:02:22,838] ----------------------------------------------------------------------------------------------------
[2022-10-15 12:02:24,841] ----------------------------------------------------------------------------------------------------
[2022-10-15 12:02:24,841] Start training for the following setup:
[2022-10-15 12:02:24,841] 	model: spacy
[2022-10-15 12:02:24,841] 	data: ['narrative_container']
[2022-10-15 12:02:24,841] 	language: it
[2022-10-15 12:02:24,841] 	n_epochs: 30
[2022-10-15 12:02:24,841] 	dropout: 0.0
[2022-10-15 12:02:24,841] 	learning_rate: None
[2022-10-15 12:02:24,841] 	trans_hidden_width: 64
[2022-10-15 12:02:24,841] 	trans_maxout_pieces: 2
[2022-10-15 12:02:24,841] 	trans_use_upper: True
[2022-10-15 12:02:24,841] 	embed_width: 128
[2022-10-15 12:02:24,841] 	embed_depth: 6
[2022-10-15 12:02:24,841] 	embed_size: 8000
[2022-10-15 12:02:24,841] 	embed_window_size: 1
[2022-10-15 12:02:24,841] 	embed_maxout_pieces: 1
[2022-10-15 12:02:24,841] 	embed_subword_features: True
[2022-10-15 12:02:24,841] 	models_path: /home/hugosousa/Projects/tei2go/models
[2022-10-15 12:02:24,841] 	resources_path: /home/hugosousa/Projects/tei2go/resources
[2022-10-15 12:02:24,841] 	logs_path: /home/hugosousa/Projects/tei2go/logs
[2022-10-15 12:02:24,841] 	data_path: /home/hugosousa/Projects/tei2go/data
[2022-10-15 12:02:24,841] 	gpu: False
[2022-10-15 12:02:24,841] Found preprocessed data.
[2022-10-15 12:02:24,842] Corpus statistics:
[2022-10-15 12:02:24,842] 	Train:
[2022-10-15 12:02:24,842] 		# sentences: 189
[2022-10-15 12:02:24,842] 		# timexs: 299
[2022-10-15 12:02:24,842] 	Validation:
[2022-10-15 12:02:24,842] 		# sentences: 35
[2022-10-15 12:02:24,843] 		# timexs: 42
[2022-10-15 12:02:24,843] Initializing model for language it.
[2022-10-15 12:02:24,935] Started train loop with id 20221015120224
[2022-10-15 12:02:24,938] Created vocabulary
[2022-10-15 12:02:24,939] Finished initializing nlp object
[2022-10-15 12:02:25,015]       |Loss 	|F1
[2022-10-15 12:02:25,015] Epoch |Train	|Train	|Validation
[2022-10-15 12:02:28,412]     1 |3.159	|0.2798	|0.3729
[2022-10-15 12:02:31,869]     2 |1.242	|0.7733	|0.6829
[2022-10-15 12:02:35,359]     3 |0.530	|0.9073	|0.8000
[2022-10-15 12:02:38,803]     4 |0.310	|0.9396	|0.7209
[2022-10-15 12:02:42,217]     5 |0.249	|0.9372	|0.7250
[2022-10-15 12:02:45,601]     6 |0.191	|0.9799	|0.7045
[2022-10-15 12:02:45,603] Training done.
[2022-10-15 12:02:45,603] Best validation f1: 0.8000
[2022-10-15 12:02:45,603] ----------------------------------------------------------------------------------------------------
[2022-10-15 12:02:47,561] ----------------------------------------------------------------------------------------------------
[2022-10-15 12:02:47,561] Start training for the following setup:
[2022-10-15 12:02:47,561] 	model: spacy
[2022-10-15 12:02:47,561] 	data: ['narrative_container']
[2022-10-15 12:02:47,561] 	language: it
[2022-10-15 12:02:47,561] 	n_epochs: 30
[2022-10-15 12:02:47,561] 	dropout: 0.2
[2022-10-15 12:02:47,561] 	learning_rate: None
[2022-10-15 12:02:47,561] 	trans_hidden_width: 128
[2022-10-15 12:02:47,561] 	trans_maxout_pieces: 3
[2022-10-15 12:02:47,561] 	trans_use_upper: True
[2022-10-15 12:02:47,561] 	embed_width: 300
[2022-10-15 12:02:47,561] 	embed_depth: 2
[2022-10-15 12:02:47,561] 	embed_size: 9000
[2022-10-15 12:02:47,561] 	embed_window_size: 2
[2022-10-15 12:02:47,561] 	embed_maxout_pieces: 2
[2022-10-15 12:02:47,561] 	embed_subword_features: True
[2022-10-15 12:02:47,561] 	models_path: /home/hugosousa/Projects/tei2go/models
[2022-10-15 12:02:47,562] 	resources_path: /home/hugosousa/Projects/tei2go/resources
[2022-10-15 12:02:47,562] 	logs_path: /home/hugosousa/Projects/tei2go/logs
[2022-10-15 12:02:47,562] 	data_path: /home/hugosousa/Projects/tei2go/data
[2022-10-15 12:02:47,562] 	gpu: False
[2022-10-15 12:02:47,562] Found preprocessed data.
[2022-10-15 12:02:47,563] Corpus statistics:
[2022-10-15 12:02:47,563] 	Train:
[2022-10-15 12:02:47,563] 		# sentences: 189
[2022-10-15 12:02:47,563] 		# timexs: 299
[2022-10-15 12:02:47,563] 	Validation:
[2022-10-15 12:02:47,563] 		# sentences: 35
[2022-10-15 12:02:47,563] 		# timexs: 42
[2022-10-15 12:02:47,563] Initializing model for language it.
[2022-10-15 12:02:47,657] Started train loop with id 20221015120247
[2022-10-15 12:02:47,660] Created vocabulary
[2022-10-15 12:02:47,660] Finished initializing nlp object
[2022-10-15 12:02:47,891]       |Loss 	|F1
[2022-10-15 12:02:47,892] Epoch |Train	|Train	|Validation
[2022-10-15 12:02:56,401]     1 |2.813	|0.0488	|0.0000
[2022-10-15 12:03:05,227]     2 |2.696	|0.7101	|0.5714
[2022-10-15 12:03:13,507]     3 |0.631	|0.8721	|0.6512
[2022-10-15 12:03:21,704]     4 |0.308	|0.9143	|0.7500
[2022-10-15 12:03:30,071]     5 |0.302	|0.9498	|0.7595
[2022-10-15 12:03:38,349]     6 |0.258	|0.9716	|0.7356
[2022-10-15 12:03:46,330]     7 |0.206	|0.9635	|0.6593
[2022-10-15 12:03:54,434]     8 |0.143	|0.9682	|0.7442
[2022-10-15 12:03:54,438] Training done.
[2022-10-15 12:03:54,438] Best validation f1: 0.7595
[2022-10-15 12:03:54,438] ----------------------------------------------------------------------------------------------------
[2022-10-15 12:03:56,361] ----------------------------------------------------------------------------------------------------
[2022-10-15 12:03:56,361] Start training for the following setup:
[2022-10-15 12:03:56,361] 	model: spacy
[2022-10-15 12:03:56,361] 	data: ['narrative_container']
[2022-10-15 12:03:56,361] 	language: it
[2022-10-15 12:03:56,361] 	n_epochs: 30
[2022-10-15 12:03:56,361] 	dropout: 0.1
[2022-10-15 12:03:56,362] 	learning_rate: None
[2022-10-15 12:03:56,362] 	trans_hidden_width: 16
[2022-10-15 12:03:56,362] 	trans_maxout_pieces: 1
[2022-10-15 12:03:56,362] 	trans_use_upper: True
[2022-10-15 12:03:56,362] 	embed_width: 128
[2022-10-15 12:03:56,362] 	embed_depth: 4
[2022-10-15 12:03:56,362] 	embed_size: 2000
[2022-10-15 12:03:56,362] 	embed_window_size: 1
[2022-10-15 12:03:56,362] 	embed_maxout_pieces: 3
[2022-10-15 12:03:56,362] 	embed_subword_features: True
[2022-10-15 12:03:56,362] 	models_path: /home/hugosousa/Projects/tei2go/models
[2022-10-15 12:03:56,362] 	resources_path: /home/hugosousa/Projects/tei2go/resources
[2022-10-15 12:03:56,362] 	logs_path: /home/hugosousa/Projects/tei2go/logs
[2022-10-15 12:03:56,362] 	data_path: /home/hugosousa/Projects/tei2go/data
[2022-10-15 12:03:56,362] 	gpu: False
[2022-10-15 12:03:56,362] Found preprocessed data.
[2022-10-15 12:03:56,364] Corpus statistics:
[2022-10-15 12:03:56,364] 	Train:
[2022-10-15 12:03:56,364] 		# sentences: 189
[2022-10-15 12:03:56,364] 		# timexs: 299
[2022-10-15 12:03:56,364] 	Validation:
[2022-10-15 12:03:56,364] 		# sentences: 35
[2022-10-15 12:03:56,364] 		# timexs: 42
[2022-10-15 12:03:56,364] Initializing model for language it.
[2022-10-15 12:03:56,447] Started train loop with id 20221015120356
[2022-10-15 12:03:56,450] Created vocabulary
[2022-10-15 12:03:56,450] Finished initializing nlp object
[2022-10-15 12:03:56,483]       |Loss 	|F1
[2022-10-15 12:03:56,483] Epoch |Train	|Train	|Validation
[2022-10-15 12:03:59,165]     1 |5.276	|0.0459	|0.0625
[2022-10-15 12:04:01,880]     2 |1.613	|0.1825	|0.1778
[2022-10-15 12:04:04,420]     3 |1.343	|0.3277	|0.2344
[2022-10-15 12:04:06,960]     4 |1.018	|0.6922	|0.6739
[2022-10-15 12:04:09,525]     5 |0.820	|0.7551	|0.6250
[2022-10-15 12:04:12,048]     6 |0.455	|0.8712	|0.5962
[2022-10-15 12:04:14,550]     7 |0.279	|0.8801	|0.6061
[2022-10-15 12:04:14,552] Training done.
[2022-10-15 12:04:14,553] Best validation f1: 0.6739
[2022-10-15 12:04:14,553] ----------------------------------------------------------------------------------------------------
[2022-10-15 12:04:16,345] ----------------------------------------------------------------------------------------------------
[2022-10-15 12:04:16,345] Start training for the following setup:
[2022-10-15 12:04:16,345] 	model: spacy
[2022-10-15 12:04:16,345] 	data: ['narrative_container']
[2022-10-15 12:04:16,345] 	language: it
[2022-10-15 12:04:16,345] 	n_epochs: 30
[2022-10-15 12:04:16,345] 	dropout: 0.1
[2022-10-15 12:04:16,345] 	learning_rate: None
[2022-10-15 12:04:16,346] 	trans_hidden_width: 128
[2022-10-15 12:04:16,346] 	trans_maxout_pieces: 2
[2022-10-15 12:04:16,346] 	trans_use_upper: True
[2022-10-15 12:04:16,346] 	embed_width: 96
[2022-10-15 12:04:16,346] 	embed_depth: 7
[2022-10-15 12:04:16,346] 	embed_size: 3000
[2022-10-15 12:04:16,346] 	embed_window_size: 1
[2022-10-15 12:04:16,346] 	embed_maxout_pieces: 1
[2022-10-15 12:04:16,346] 	embed_subword_features: True
[2022-10-15 12:04:16,346] 	models_path: /home/hugosousa/Projects/tei2go/models
[2022-10-15 12:04:16,346] 	resources_path: /home/hugosousa/Projects/tei2go/resources
[2022-10-15 12:04:16,346] 	logs_path: /home/hugosousa/Projects/tei2go/logs
[2022-10-15 12:04:16,346] 	data_path: /home/hugosousa/Projects/tei2go/data
[2022-10-15 12:04:16,346] 	gpu: False
[2022-10-15 12:04:16,346] Found preprocessed data.
[2022-10-15 12:04:16,347] Corpus statistics:
[2022-10-15 12:04:16,347] 	Train:
[2022-10-15 12:04:16,347] 		# sentences: 189
[2022-10-15 12:04:16,347] 		# timexs: 299
[2022-10-15 12:04:16,347] 	Validation:
[2022-10-15 12:04:16,347] 		# sentences: 35
[2022-10-15 12:04:16,347] 		# timexs: 42
[2022-10-15 12:04:16,347] Initializing model for language it.
[2022-10-15 12:04:16,430] Started train loop with id 20221015120416
[2022-10-15 12:04:16,432] Created vocabulary
[2022-10-15 12:04:16,433] Finished initializing nlp object
[2022-10-15 12:04:16,533]       |Loss 	|F1
[2022-10-15 12:04:16,533] Epoch |Train	|Train	|Validation
[2022-10-15 12:04:19,360]     1 |3.033	|0.1671	|0.1481
[2022-10-15 12:04:22,132]     2 |1.189	|0.6806	|0.4557
[2022-10-15 12:04:24,934]     3 |0.749	|0.8140	|0.6897
[2022-10-15 12:04:27,822]     4 |0.583	|0.8780	|0.6078
[2022-10-15 12:04:30,777]     5 |0.358	|0.8963	|0.6582
[2022-10-15 12:04:33,746]     6 |0.376	|0.9314	|0.5741
[2022-10-15 12:04:33,747] Training done.
[2022-10-15 12:04:33,747] Best validation f1: 0.6897
[2022-10-15 12:04:33,747] ----------------------------------------------------------------------------------------------------
[2022-10-15 12:04:35,683] ----------------------------------------------------------------------------------------------------
[2022-10-15 12:04:35,683] Start training for the following setup:
[2022-10-15 12:04:35,683] 	model: spacy
[2022-10-15 12:04:35,684] 	data: ['narrative_container']
[2022-10-15 12:04:35,684] 	language: it
[2022-10-15 12:04:35,684] 	n_epochs: 30
[2022-10-15 12:04:35,684] 	dropout: 0.4
[2022-10-15 12:04:35,684] 	learning_rate: None
[2022-10-15 12:04:35,684] 	trans_hidden_width: 16
[2022-10-15 12:04:35,684] 	trans_maxout_pieces: 2
[2022-10-15 12:04:35,684] 	trans_use_upper: True
[2022-10-15 12:04:35,684] 	embed_width: 128
[2022-10-15 12:04:35,684] 	embed_depth: 7
[2022-10-15 12:04:35,684] 	embed_size: 5000
[2022-10-15 12:04:35,684] 	embed_window_size: 2
[2022-10-15 12:04:35,684] 	embed_maxout_pieces: 2
[2022-10-15 12:04:35,684] 	embed_subword_features: True
[2022-10-15 12:04:35,684] 	models_path: /home/hugosousa/Projects/tei2go/models
[2022-10-15 12:04:35,684] 	resources_path: /home/hugosousa/Projects/tei2go/resources
[2022-10-15 12:04:35,684] 	logs_path: /home/hugosousa/Projects/tei2go/logs
[2022-10-15 12:04:35,684] 	data_path: /home/hugosousa/Projects/tei2go/data
[2022-10-15 12:04:35,684] 	gpu: False
[2022-10-15 12:04:35,684] Found preprocessed data.
[2022-10-15 12:04:35,685] Corpus statistics:
[2022-10-15 12:04:35,685] 	Train:
[2022-10-15 12:04:35,685] 		# sentences: 189
[2022-10-15 12:04:35,685] 		# timexs: 299
[2022-10-15 12:04:35,685] 	Validation:
[2022-10-15 12:04:35,685] 		# sentences: 35
[2022-10-15 12:04:35,685] 		# timexs: 42
[2022-10-15 12:04:35,685] Initializing model for language it.
[2022-10-15 12:04:35,770] Started train loop with id 20221015120435
[2022-10-15 12:04:35,773] Created vocabulary
[2022-10-15 12:04:35,773] Finished initializing nlp object
[2022-10-15 12:04:35,824]       |Loss 	|F1
[2022-10-15 12:04:35,824] Epoch |Train	|Train	|Validation
[2022-10-15 12:04:40,493]     1 |4.710	|0.0000	|0.0000
[2022-10-15 12:04:44,904]     2 |1.788	|0.0000	|0.0000
[2022-10-15 12:04:49,275]     3 |1.577	|0.0000	|0.0000
[2022-10-15 12:04:53,586]     4 |1.598	|0.3056	|0.4048
[2022-10-15 12:04:57,950]     5 |1.145	|0.6426	|0.4533
[2022-10-15 12:05:02,397]     6 |0.959	|0.7533	|0.7160
[2022-10-15 12:05:06,788]     7 |0.614	|0.8974	|0.7640
[2022-10-15 12:05:11,306]     8 |0.458	|0.9437	|0.7529
[2022-10-15 12:05:15,678]     9 |0.398	|0.9402	|0.7356
[2022-10-15 12:05:20,090]    10 |0.306	|0.9767	|0.7727
[2022-10-15 12:05:24,519]    11 |0.274	|0.9833	|0.7619
[2022-10-15 12:05:28,792]    12 |0.271	|0.9917	|0.7561
[2022-10-15 12:05:33,260]    13 |0.176	|0.9900	|0.7500
[2022-10-15 12:05:33,261] Training done.
[2022-10-15 12:05:33,261] Best validation f1: 0.7727
[2022-10-15 12:05:33,261] ----------------------------------------------------------------------------------------------------
[2022-10-15 12:05:35,248] ----------------------------------------------------------------------------------------------------
[2022-10-15 12:05:35,248] Start training for the following setup:
[2022-10-15 12:05:35,248] 	model: spacy
[2022-10-15 12:05:35,248] 	data: ['narrative_container']
[2022-10-15 12:05:35,248] 	language: it
[2022-10-15 12:05:35,248] 	n_epochs: 30
[2022-10-15 12:05:35,248] 	dropout: 0.1
[2022-10-15 12:05:35,248] 	learning_rate: None
[2022-10-15 12:05:35,248] 	trans_hidden_width: 8
[2022-10-15 12:05:35,248] 	trans_maxout_pieces: 2
[2022-10-15 12:05:35,248] 	trans_use_upper: True
[2022-10-15 12:05:35,248] 	embed_width: 128
[2022-10-15 12:05:35,248] 	embed_depth: 5
[2022-10-15 12:05:35,248] 	embed_size: 2000
[2022-10-15 12:05:35,248] 	embed_window_size: 1
[2022-10-15 12:05:35,248] 	embed_maxout_pieces: 2
[2022-10-15 12:05:35,248] 	embed_subword_features: True
[2022-10-15 12:05:35,248] 	models_path: /home/hugosousa/Projects/tei2go/models
[2022-10-15 12:05:35,248] 	resources_path: /home/hugosousa/Projects/tei2go/resources
[2022-10-15 12:05:35,249] 	logs_path: /home/hugosousa/Projects/tei2go/logs
[2022-10-15 12:05:35,249] 	data_path: /home/hugosousa/Projects/tei2go/data
[2022-10-15 12:05:35,249] 	gpu: False
[2022-10-15 12:05:35,249] Found preprocessed data.
[2022-10-15 12:05:35,249] Corpus statistics:
[2022-10-15 12:05:35,250] 	Train:
[2022-10-15 12:05:35,250] 		# sentences: 189
[2022-10-15 12:05:35,250] 		# timexs: 299
[2022-10-15 12:05:35,250] 	Validation:
[2022-10-15 12:05:35,250] 		# sentences: 35
[2022-10-15 12:05:35,250] 		# timexs: 42
[2022-10-15 12:05:35,250] Initializing model for language it.
[2022-10-15 12:05:35,335] Started train loop with id 20221015120535
[2022-10-15 12:05:35,337] Created vocabulary
[2022-10-15 12:05:35,338] Finished initializing nlp object
[2022-10-15 12:05:35,364]       |Loss 	|F1
[2022-10-15 12:05:35,364] Epoch |Train	|Train	|Validation
[2022-10-15 12:05:38,237]     1 |5.181	|0.0000	|0.0000
[2022-10-15 12:05:40,871]     2 |1.557	|0.3104	|0.2687
[2022-10-15 12:05:43,423]     3 |1.223	|0.3091	|0.4211
[2022-10-15 12:05:46,062]     4 |0.991	|0.3888	|0.2609
[2022-10-15 12:05:48,755]     5 |1.264	|0.3777	|0.2637
[2022-10-15 12:05:51,512]     6 |0.913	|0.5997	|0.5647
[2022-10-15 12:05:54,221]     7 |0.528	|0.9052	|0.6374
[2022-10-15 12:05:56,853]     8 |0.250	|0.9498	|0.6250
[2022-10-15 12:05:59,427]     9 |0.256	|0.9766	|0.7253
[2022-10-15 12:06:02,136]    10 |0.092	|0.9732	|0.7442
[2022-10-15 12:06:04,922]    11 |0.123	|0.9917	|0.7021
[2022-10-15 12:06:07,533]    12 |0.060	|0.9917	|0.7312
[2022-10-15 12:06:10,018]    13 |0.051	|0.9950	|0.7317
[2022-10-15 12:06:10,019] Training done.
[2022-10-15 12:06:10,019] Best validation f1: 0.7442
[2022-10-15 12:06:10,019] ----------------------------------------------------------------------------------------------------
[2022-10-15 12:06:11,818] ----------------------------------------------------------------------------------------------------
[2022-10-15 12:06:11,818] Start training for the following setup:
[2022-10-15 12:06:11,818] 	model: spacy
[2022-10-15 12:06:11,818] 	data: ['narrative_container']
[2022-10-15 12:06:11,818] 	language: it
[2022-10-15 12:06:11,818] 	n_epochs: 30
[2022-10-15 12:06:11,818] 	dropout: 0.3
[2022-10-15 12:06:11,818] 	learning_rate: None
[2022-10-15 12:06:11,818] 	trans_hidden_width: 16
[2022-10-15 12:06:11,819] 	trans_maxout_pieces: 2
[2022-10-15 12:06:11,819] 	trans_use_upper: True
[2022-10-15 12:06:11,819] 	embed_width: 96
[2022-10-15 12:06:11,819] 	embed_depth: 3
[2022-10-15 12:06:11,819] 	embed_size: 5000
[2022-10-15 12:06:11,819] 	embed_window_size: 1
[2022-10-15 12:06:11,819] 	embed_maxout_pieces: 3
[2022-10-15 12:06:11,819] 	embed_subword_features: True
[2022-10-15 12:06:11,819] 	models_path: /home/hugosousa/Projects/tei2go/models
[2022-10-15 12:06:11,819] 	resources_path: /home/hugosousa/Projects/tei2go/resources
[2022-10-15 12:06:11,819] 	logs_path: /home/hugosousa/Projects/tei2go/logs
[2022-10-15 12:06:11,819] 	data_path: /home/hugosousa/Projects/tei2go/data
[2022-10-15 12:06:11,819] 	gpu: False
[2022-10-15 12:06:11,819] Found preprocessed data.
[2022-10-15 12:06:11,820] Corpus statistics:
[2022-10-15 12:06:11,820] 	Train:
[2022-10-15 12:06:11,820] 		# sentences: 189
[2022-10-15 12:06:11,820] 		# timexs: 299
[2022-10-15 12:06:11,820] 	Validation:
[2022-10-15 12:06:11,820] 		# sentences: 35
[2022-10-15 12:06:11,820] 		# timexs: 42
[2022-10-15 12:06:11,820] Initializing model for language it.
[2022-10-15 12:06:11,902] Started train loop with id 20221015120611
[2022-10-15 12:06:11,904] Created vocabulary
[2022-10-15 12:06:11,905] Finished initializing nlp object
[2022-10-15 12:06:11,934]       |Loss 	|F1
[2022-10-15 12:06:11,934] Epoch |Train	|Train	|Validation
[2022-10-15 12:06:14,112]     1 |6.015	|0.0000	|0.0000
[2022-10-15 12:06:16,198]     2 |1.727	|0.0000	|0.0000
[2022-10-15 12:06:18,260]     3 |1.370	|0.3342	|0.2692
[2022-10-15 12:06:20,326]     4 |1.197	|0.6219	|0.6237
[2022-10-15 12:06:22,426]     5 |1.003	|0.7708	|0.7209
[2022-10-15 12:06:24,520]     6 |0.706	|0.8519	|0.7500
[2022-10-15 12:06:26,603]     7 |0.603	|0.8900	|0.7674
[2022-10-15 12:06:28,688]     8 |0.410	|0.9254	|0.7473
[2022-10-15 12:06:30,740]     9 |0.337	|0.9274	|0.6809
[2022-10-15 12:06:32,815]    10 |0.355	|0.9441	|0.7033
[2022-10-15 12:06:32,816] Training done.
[2022-10-15 12:06:32,816] Best validation f1: 0.7674
[2022-10-15 12:06:32,816] ----------------------------------------------------------------------------------------------------
[2022-10-15 12:06:34,600] ----------------------------------------------------------------------------------------------------
[2022-10-15 12:06:34,600] Start training for the following setup:
[2022-10-15 12:06:34,600] 	model: spacy
[2022-10-15 12:06:34,600] 	data: ['narrative_container']
[2022-10-15 12:06:34,600] 	language: it
[2022-10-15 12:06:34,600] 	n_epochs: 30
[2022-10-15 12:06:34,600] 	dropout: 0.2
[2022-10-15 12:06:34,600] 	learning_rate: None
[2022-10-15 12:06:34,600] 	trans_hidden_width: 64
[2022-10-15 12:06:34,600] 	trans_maxout_pieces: 2
[2022-10-15 12:06:34,600] 	trans_use_upper: True
[2022-10-15 12:06:34,600] 	embed_width: 300
[2022-10-15 12:06:34,600] 	embed_depth: 5
[2022-10-15 12:06:34,600] 	embed_size: 3000
[2022-10-15 12:06:34,600] 	embed_window_size: 2
[2022-10-15 12:06:34,600] 	embed_maxout_pieces: 1
[2022-10-15 12:06:34,601] 	embed_subword_features: True
[2022-10-15 12:06:34,601] 	models_path: /home/hugosousa/Projects/tei2go/models
[2022-10-15 12:06:34,601] 	resources_path: /home/hugosousa/Projects/tei2go/resources
[2022-10-15 12:06:34,601] 	logs_path: /home/hugosousa/Projects/tei2go/logs
[2022-10-15 12:06:34,601] 	data_path: /home/hugosousa/Projects/tei2go/data
[2022-10-15 12:06:34,601] 	gpu: False
[2022-10-15 12:06:34,601] Found preprocessed data.
[2022-10-15 12:06:34,602] Corpus statistics:
[2022-10-15 12:06:34,602] 	Train:
[2022-10-15 12:06:34,602] 		# sentences: 189
[2022-10-15 12:06:34,602] 		# timexs: 299
[2022-10-15 12:06:34,602] 	Validation:
[2022-10-15 12:06:34,602] 		# sentences: 35
[2022-10-15 12:06:34,602] 		# timexs: 42
[2022-10-15 12:06:34,602] Initializing model for language it.
[2022-10-15 12:06:34,684] Started train loop with id 20221015120634
[2022-10-15 12:06:34,686] Created vocabulary
[2022-10-15 12:06:34,687] Finished initializing nlp object
[2022-10-15 12:06:34,786]       |Loss 	|F1
[2022-10-15 12:06:34,786] Epoch |Train	|Train	|Validation
[2022-10-15 12:06:41,866]     1 |3.096	|0.1765	|0.1200
[2022-10-15 12:06:48,884]     2 |1.429	|0.6958	|0.6364
[2022-10-15 12:06:55,905]     3 |0.693	|0.8859	|0.6500
[2022-10-15 12:07:02,901]     4 |0.370	|0.8122	|0.4857
[2022-10-15 12:07:09,800]     5 |0.555	|0.9463	|0.8049
[2022-10-15 12:07:16,901]     6 |0.232	|0.9302	|0.7727
[2022-10-15 12:07:23,783]     7 |0.152	|0.9516	|0.6512
[2022-10-15 12:07:30,679]     8 |0.146	|0.9899	|0.7765
[2022-10-15 12:07:30,680] Training done.
[2022-10-15 12:07:30,680] Best validation f1: 0.8049
[2022-10-15 12:07:30,680] ----------------------------------------------------------------------------------------------------
[2022-10-15 12:07:32,468] ----------------------------------------------------------------------------------------------------
[2022-10-15 12:07:32,468] Start training for the following setup:
[2022-10-15 12:07:32,468] 	model: spacy
[2022-10-15 12:07:32,468] 	data: ['narrative_container']
[2022-10-15 12:07:32,468] 	language: it
[2022-10-15 12:07:32,468] 	n_epochs: 30
[2022-10-15 12:07:32,468] 	dropout: 0.5
[2022-10-15 12:07:32,468] 	learning_rate: None
[2022-10-15 12:07:32,468] 	trans_hidden_width: 8
[2022-10-15 12:07:32,468] 	trans_maxout_pieces: 1
[2022-10-15 12:07:32,468] 	trans_use_upper: True
[2022-10-15 12:07:32,468] 	embed_width: 300
[2022-10-15 12:07:32,468] 	embed_depth: 5
[2022-10-15 12:07:32,468] 	embed_size: 3000
[2022-10-15 12:07:32,468] 	embed_window_size: 1
[2022-10-15 12:07:32,468] 	embed_maxout_pieces: 2
[2022-10-15 12:07:32,468] 	embed_subword_features: True
[2022-10-15 12:07:32,468] 	models_path: /home/hugosousa/Projects/tei2go/models
[2022-10-15 12:07:32,468] 	resources_path: /home/hugosousa/Projects/tei2go/resources
[2022-10-15 12:07:32,468] 	logs_path: /home/hugosousa/Projects/tei2go/logs
[2022-10-15 12:07:32,469] 	data_path: /home/hugosousa/Projects/tei2go/data
[2022-10-15 12:07:32,469] 	gpu: False
[2022-10-15 12:07:32,469] Found preprocessed data.
[2022-10-15 12:07:32,469] Corpus statistics:
[2022-10-15 12:07:32,469] 	Train:
[2022-10-15 12:07:32,470] 		# sentences: 189
[2022-10-15 12:07:32,470] 		# timexs: 299
[2022-10-15 12:07:32,470] 	Validation:
[2022-10-15 12:07:32,470] 		# sentences: 35
[2022-10-15 12:07:32,470] 		# timexs: 42
[2022-10-15 12:07:32,470] Initializing model for language it.
[2022-10-15 12:07:32,550] Started train loop with id 20221015120732
[2022-10-15 12:07:32,553] Created vocabulary
[2022-10-15 12:07:32,553] Finished initializing nlp object
[2022-10-15 12:07:32,634]       |Loss 	|F1
[2022-10-15 12:07:32,634] Epoch |Train	|Train	|Validation
[2022-10-15 12:07:39,638]     1 |4.856	|0.0000	|0.0000
[2022-10-15 12:07:46,532]     2 |1.722	|0.0000	|0.0000
[2022-10-15 12:07:53,372]     3 |1.538	|0.5806	|0.6265
[2022-10-15 12:08:00,227]     4 |1.362	|0.7061	|0.7059
[2022-10-15 12:08:07,148]     5 |1.033	|0.5477	|0.4416
[2022-10-15 12:08:14,004]     6 |0.995	|0.5960	|0.4156
[2022-10-15 12:08:21,676]     7 |0.781	|0.4436	|0.3544
[2022-10-15 12:08:21,677] Training done.
[2022-10-15 12:08:21,677] Best validation f1: 0.7059
[2022-10-15 12:08:21,677] ----------------------------------------------------------------------------------------------------
[2022-10-15 12:08:23,603] ----------------------------------------------------------------------------------------------------
[2022-10-15 12:08:23,603] Start training for the following setup:
[2022-10-15 12:08:23,603] 	model: spacy
[2022-10-15 12:08:23,603] 	data: ['narrative_container']
[2022-10-15 12:08:23,603] 	language: it
[2022-10-15 12:08:23,603] 	n_epochs: 30
[2022-10-15 12:08:23,603] 	dropout: 0.0
[2022-10-15 12:08:23,603] 	learning_rate: None
[2022-10-15 12:08:23,603] 	trans_hidden_width: 16
[2022-10-15 12:08:23,603] 	trans_maxout_pieces: 1
[2022-10-15 12:08:23,603] 	trans_use_upper: True
[2022-10-15 12:08:23,603] 	embed_width: 300
[2022-10-15 12:08:23,603] 	embed_depth: 4
[2022-10-15 12:08:23,603] 	embed_size: 5000
[2022-10-15 12:08:23,603] 	embed_window_size: 1
[2022-10-15 12:08:23,603] 	embed_maxout_pieces: 2
[2022-10-15 12:08:23,603] 	embed_subword_features: True
[2022-10-15 12:08:23,604] 	models_path: /home/hugosousa/Projects/tei2go/models
[2022-10-15 12:08:23,604] 	resources_path: /home/hugosousa/Projects/tei2go/resources
[2022-10-15 12:08:23,604] 	logs_path: /home/hugosousa/Projects/tei2go/logs
[2022-10-15 12:08:23,604] 	data_path: /home/hugosousa/Projects/tei2go/data
[2022-10-15 12:08:23,604] 	gpu: False
[2022-10-15 12:08:23,604] Found preprocessed data.
[2022-10-15 12:08:23,604] Corpus statistics:
[2022-10-15 12:08:23,605] 	Train:
[2022-10-15 12:08:23,605] 		# sentences: 189
[2022-10-15 12:08:23,605] 		# timexs: 299
[2022-10-15 12:08:23,605] 	Validation:
[2022-10-15 12:08:23,605] 		# sentences: 35
[2022-10-15 12:08:23,605] 		# timexs: 42
[2022-10-15 12:08:23,605] Initializing model for language it.
[2022-10-15 12:08:23,688] Started train loop with id 20221015120823
[2022-10-15 12:08:23,691] Created vocabulary
[2022-10-15 12:08:23,691] Finished initializing nlp object
[2022-10-15 12:08:23,779]       |Loss 	|F1
[2022-10-15 12:08:23,779] Epoch |Train	|Train	|Validation
[2022-10-15 12:08:31,470]     1 |3.436	|0.0361	|0.0732
[2022-10-15 12:08:38,780]     2 |2.002	|0.3415	|0.2410
[2022-10-15 12:08:46,523]     3 |0.838	|0.8020	|0.7059
[2022-10-15 12:08:54,002]     4 |0.547	|0.8567	|0.6966
[2022-10-15 12:09:00,790]     5 |0.390	|0.9178	|0.7391
[2022-10-15 12:09:07,635]     6 |0.227	|0.9344	|0.6087
[2022-10-15 12:09:14,339]     7 |0.193	|0.9470	|0.7907
[2022-10-15 12:09:20,969]     8 |0.128	|0.9916	|0.7416
[2022-10-15 12:09:27,634]     9 |0.073	|0.9801	|0.5591
[2022-10-15 12:09:34,315]    10 |0.067	|0.9868	|0.7312
[2022-10-15 12:09:34,319] Training done.
[2022-10-15 12:09:34,319] Best validation f1: 0.7907
[2022-10-15 12:09:34,319] ----------------------------------------------------------------------------------------------------
[2022-10-15 12:09:36,247] ----------------------------------------------------------------------------------------------------
[2022-10-15 12:09:36,247] Start training for the following setup:
[2022-10-15 12:09:36,247] 	model: spacy
[2022-10-15 12:09:36,247] 	data: ['narrative_container']
[2022-10-15 12:09:36,247] 	language: it
[2022-10-15 12:09:36,247] 	n_epochs: 30
[2022-10-15 12:09:36,247] 	dropout: 0.0
[2022-10-15 12:09:36,247] 	learning_rate: None
[2022-10-15 12:09:36,247] 	trans_hidden_width: 256
[2022-10-15 12:09:36,247] 	trans_maxout_pieces: 3
[2022-10-15 12:09:36,247] 	trans_use_upper: True
[2022-10-15 12:09:36,247] 	embed_width: 300
[2022-10-15 12:09:36,247] 	embed_depth: 7
[2022-10-15 12:09:36,247] 	embed_size: 4000
[2022-10-15 12:09:36,248] 	embed_window_size: 1
[2022-10-15 12:09:36,248] 	embed_maxout_pieces: 1
[2022-10-15 12:09:36,248] 	embed_subword_features: True
[2022-10-15 12:09:36,248] 	models_path: /home/hugosousa/Projects/tei2go/models
[2022-10-15 12:09:36,248] 	resources_path: /home/hugosousa/Projects/tei2go/resources
[2022-10-15 12:09:36,248] 	logs_path: /home/hugosousa/Projects/tei2go/logs
[2022-10-15 12:09:36,248] 	data_path: /home/hugosousa/Projects/tei2go/data
[2022-10-15 12:09:36,248] 	gpu: False
[2022-10-15 12:09:36,248] Found preprocessed data.
[2022-10-15 12:09:36,249] Corpus statistics:
[2022-10-15 12:09:36,249] 	Train:
[2022-10-15 12:09:36,249] 		# sentences: 189
[2022-10-15 12:09:36,249] 		# timexs: 299
[2022-10-15 12:09:36,249] 	Validation:
[2022-10-15 12:09:36,249] 		# sentences: 35
[2022-10-15 12:09:36,249] 		# timexs: 42
[2022-10-15 12:09:36,249] Initializing model for language it.
[2022-10-15 12:09:36,339] Started train loop with id 20221015120936
[2022-10-15 12:09:36,342] Created vocabulary
[2022-10-15 12:09:36,342] Finished initializing nlp object
[2022-10-15 12:09:36,766]       |Loss 	|F1
[2022-10-15 12:09:36,766] Epoch |Train	|Train	|Validation
[2022-10-15 12:09:48,491]     1 |2.904	|0.4797	|0.5556
[2022-10-15 12:09:59,759]     2 |1.196	|0.7663	|0.6197
[2022-10-15 12:10:10,752]     3 |0.661	|0.7921	|0.5714
[2022-10-15 12:10:21,585]     4 |0.527	|0.8000	|0.5152
[2022-10-15 12:10:32,727]     5 |0.519	|0.8881	|0.7381
[2022-10-15 12:10:43,863]     6 |0.408	|0.8056	|0.4324
[2022-10-15 12:10:54,982]     7 |0.400	|0.8423	|0.6098
[2022-10-15 12:11:06,225]     8 |0.253	|0.8737	|0.6585
[2022-10-15 12:11:06,226] Training done.
[2022-10-15 12:11:06,226] Best validation f1: 0.7381
[2022-10-15 12:11:06,226] ----------------------------------------------------------------------------------------------------
[2022-10-15 12:11:08,085] ----------------------------------------------------------------------------------------------------
[2022-10-15 12:11:08,085] Start training for the following setup:
[2022-10-15 12:11:08,085] 	model: spacy
[2022-10-15 12:11:08,085] 	data: ['narrative_container']
[2022-10-15 12:11:08,085] 	language: it
[2022-10-15 12:11:08,085] 	n_epochs: 30
[2022-10-15 12:11:08,085] 	dropout: 0.1
[2022-10-15 12:11:08,085] 	learning_rate: None
[2022-10-15 12:11:08,085] 	trans_hidden_width: 128
[2022-10-15 12:11:08,085] 	trans_maxout_pieces: 1
[2022-10-15 12:11:08,085] 	trans_use_upper: True
[2022-10-15 12:11:08,085] 	embed_width: 96
[2022-10-15 12:11:08,085] 	embed_depth: 5
[2022-10-15 12:11:08,086] 	embed_size: 3000
[2022-10-15 12:11:08,086] 	embed_window_size: 1
[2022-10-15 12:11:08,086] 	embed_maxout_pieces: 3
[2022-10-15 12:11:08,086] 	embed_subword_features: True
[2022-10-15 12:11:08,086] 	models_path: /home/hugosousa/Projects/tei2go/models
[2022-10-15 12:11:08,086] 	resources_path: /home/hugosousa/Projects/tei2go/resources
[2022-10-15 12:11:08,086] 	logs_path: /home/hugosousa/Projects/tei2go/logs
[2022-10-15 12:11:08,086] 	data_path: /home/hugosousa/Projects/tei2go/data
[2022-10-15 12:11:08,086] 	gpu: False
[2022-10-15 12:11:08,086] Found preprocessed data.
[2022-10-15 12:11:08,087] Corpus statistics:
[2022-10-15 12:11:08,087] 	Train:
[2022-10-15 12:11:08,087] 		# sentences: 189
[2022-10-15 12:11:08,087] 		# timexs: 299
[2022-10-15 12:11:08,087] 	Validation:
[2022-10-15 12:11:08,087] 		# sentences: 35
[2022-10-15 12:11:08,087] 		# timexs: 42
[2022-10-15 12:11:08,088] Initializing model for language it.
[2022-10-15 12:11:08,172] Started train loop with id 20221015121108
[2022-10-15 12:11:08,175] Created vocabulary
[2022-10-15 12:11:08,175] Finished initializing nlp object
[2022-10-15 12:11:08,314]       |Loss 	|F1
[2022-10-15 12:11:08,314] Epoch |Train	|Train	|Validation
[2022-10-15 12:11:11,156]     1 |3.510	|0.1504	|0.1121
[2022-10-15 12:11:13,921]     2 |1.691	|0.2259	|0.1616
[2022-10-15 12:11:16,713]     3 |0.915	|0.5817	|0.4370
[2022-10-15 12:11:19,472]     4 |0.540	|0.7441	|0.4386
[2022-10-15 12:11:22,160]     5 |0.507	|0.6573	|0.4143
[2022-10-15 12:11:24,817]     6 |0.232	|0.8637	|0.5591
[2022-10-15 12:11:27,428]     7 |0.178	|0.8679	|0.5517
[2022-10-15 12:11:30,010]     8 |0.188	|0.9834	|0.5882
[2022-10-15 12:11:32,619]     9 |0.120	|0.9404	|0.5849
[2022-10-15 12:11:35,317]    10 |0.155	|0.9124	|0.5263
[2022-10-15 12:11:38,098]    11 |0.098	|0.9208	|0.5472
[2022-10-15 12:11:38,099] Training done.
[2022-10-15 12:11:38,099] Best validation f1: 0.5882
[2022-10-15 12:11:38,099] ----------------------------------------------------------------------------------------------------
[2022-10-15 12:11:39,977] ----------------------------------------------------------------------------------------------------
[2022-10-15 12:11:39,978] Start training for the following setup:
[2022-10-15 12:11:39,978] 	model: spacy
[2022-10-15 12:11:39,978] 	data: ['narrative_container']
[2022-10-15 12:11:39,978] 	language: it
[2022-10-15 12:11:39,978] 	n_epochs: 30
[2022-10-15 12:11:39,978] 	dropout: 0.3
[2022-10-15 12:11:39,978] 	learning_rate: None
[2022-10-15 12:11:39,978] 	trans_hidden_width: 32
[2022-10-15 12:11:39,978] 	trans_maxout_pieces: 3
[2022-10-15 12:11:39,978] 	trans_use_upper: True
[2022-10-15 12:11:39,978] 	embed_width: 128
[2022-10-15 12:11:39,978] 	embed_depth: 3
[2022-10-15 12:11:39,978] 	embed_size: 6000
[2022-10-15 12:11:39,978] 	embed_window_size: 2
[2022-10-15 12:11:39,978] 	embed_maxout_pieces: 2
[2022-10-15 12:11:39,978] 	embed_subword_features: True
[2022-10-15 12:11:39,978] 	models_path: /home/hugosousa/Projects/tei2go/models
[2022-10-15 12:11:39,978] 	resources_path: /home/hugosousa/Projects/tei2go/resources
[2022-10-15 12:11:39,978] 	logs_path: /home/hugosousa/Projects/tei2go/logs
[2022-10-15 12:11:39,978] 	data_path: /home/hugosousa/Projects/tei2go/data
[2022-10-15 12:11:39,978] 	gpu: False
[2022-10-15 12:11:39,978] Found preprocessed data.
[2022-10-15 12:11:39,979] Corpus statistics:
[2022-10-15 12:11:39,979] 	Train:
[2022-10-15 12:11:39,979] 		# sentences: 189
[2022-10-15 12:11:39,979] 		# timexs: 299
[2022-10-15 12:11:39,979] 	Validation:
[2022-10-15 12:11:39,979] 		# sentences: 35
[2022-10-15 12:11:39,979] 		# timexs: 42
[2022-10-15 12:11:39,979] Initializing model for language it.
[2022-10-15 12:11:40,061] Started train loop with id 20221015121140
[2022-10-15 12:11:40,064] Created vocabulary
[2022-10-15 12:11:40,064] Finished initializing nlp object
[2022-10-15 12:11:40,118]       |Loss 	|F1
[2022-10-15 12:11:40,118] Epoch |Train	|Train	|Validation
[2022-10-15 12:11:43,301]     1 |4.535	|0.0000	|0.0000
[2022-10-15 12:11:46,283]     2 |1.624	|0.1929	|0.2540
[2022-10-15 12:11:49,314]     3 |1.463	|0.4808	|0.5542
[2022-10-15 12:11:52,335]     4 |1.063	|0.5167	|0.4719
[2022-10-15 12:11:55,375]     5 |0.782	|0.8073	|0.6914
[2022-10-15 12:11:58,394]     6 |0.555	|0.9249	|0.7209
[2022-10-15 12:12:01,467]     7 |0.333	|0.9468	|0.7674
[2022-10-15 12:12:04,462]     8 |0.221	|0.9733	|0.7059
[2022-10-15 12:12:07,365]     9 |0.157	|0.9601	|0.7556
[2022-10-15 12:12:10,265]    10 |0.218	|0.9766	|0.7342
[2022-10-15 12:12:10,266] Training done.
[2022-10-15 12:12:10,266] Best validation f1: 0.7674
[2022-10-15 12:12:10,266] ----------------------------------------------------------------------------------------------------
[2022-10-15 12:12:12,080] ----------------------------------------------------------------------------------------------------
[2022-10-15 12:12:12,080] Start training for the following setup:
[2022-10-15 12:12:12,080] 	model: spacy
[2022-10-15 12:12:12,080] 	data: ['narrative_container']
[2022-10-15 12:12:12,080] 	language: it
[2022-10-15 12:12:12,080] 	n_epochs: 30
[2022-10-15 12:12:12,080] 	dropout: 0.1
[2022-10-15 12:12:12,080] 	learning_rate: None
[2022-10-15 12:12:12,080] 	trans_hidden_width: 64
[2022-10-15 12:12:12,080] 	trans_maxout_pieces: 2
[2022-10-15 12:12:12,080] 	trans_use_upper: True
[2022-10-15 12:12:12,080] 	embed_width: 128
[2022-10-15 12:12:12,081] 	embed_depth: 3
[2022-10-15 12:12:12,081] 	embed_size: 9000
[2022-10-15 12:12:12,081] 	embed_window_size: 2
[2022-10-15 12:12:12,081] 	embed_maxout_pieces: 2
[2022-10-15 12:12:12,081] 	embed_subword_features: True
[2022-10-15 12:12:12,081] 	models_path: /home/hugosousa/Projects/tei2go/models
[2022-10-15 12:12:12,081] 	resources_path: /home/hugosousa/Projects/tei2go/resources
[2022-10-15 12:12:12,081] 	logs_path: /home/hugosousa/Projects/tei2go/logs
[2022-10-15 12:12:12,081] 	data_path: /home/hugosousa/Projects/tei2go/data
[2022-10-15 12:12:12,081] 	gpu: False
[2022-10-15 12:12:12,081] Found preprocessed data.
[2022-10-15 12:12:12,082] Corpus statistics:
[2022-10-15 12:12:12,082] 	Train:
[2022-10-15 12:12:12,082] 		# sentences: 189
[2022-10-15 12:12:12,082] 		# timexs: 299
[2022-10-15 12:12:12,082] 	Validation:
[2022-10-15 12:12:12,082] 		# sentences: 35
[2022-10-15 12:12:12,083] 		# timexs: 42
[2022-10-15 12:12:12,083] Initializing model for language it.
[2022-10-15 12:12:12,163] Started train loop with id 20221015121212
[2022-10-15 12:12:12,166] Created vocabulary
[2022-10-15 12:12:12,167] Finished initializing nlp object
[2022-10-15 12:12:12,235]       |Loss 	|F1
[2022-10-15 12:12:12,235] Epoch |Train	|Train	|Validation
[2022-10-15 12:12:15,701]     1 |3.671	|0.0315	|0.0455
[2022-10-15 12:12:19,064]     2 |1.599	|0.5828	|0.6585
[2022-10-15 12:12:22,426]     3 |0.809	|0.8353	|0.6190
[2022-10-15 12:12:25,705]     4 |0.359	|0.9022	|0.6522
[2022-10-15 12:12:28,996]     5 |0.211	|0.9699	|0.6154
[2022-10-15 12:12:28,997] Training done.
[2022-10-15 12:12:28,997] Best validation f1: 0.6585
[2022-10-15 12:12:28,997] ----------------------------------------------------------------------------------------------------
[2022-10-15 12:12:30,801] ----------------------------------------------------------------------------------------------------
[2022-10-15 12:12:30,801] Start training for the following setup:
[2022-10-15 12:12:30,801] 	model: spacy
[2022-10-15 12:12:30,801] 	data: ['narrative_container']
[2022-10-15 12:12:30,801] 	language: it
[2022-10-15 12:12:30,801] 	n_epochs: 30
[2022-10-15 12:12:30,801] 	dropout: 0.4
[2022-10-15 12:12:30,801] 	learning_rate: None
[2022-10-15 12:12:30,801] 	trans_hidden_width: 256
[2022-10-15 12:12:30,801] 	trans_maxout_pieces: 3
[2022-10-15 12:12:30,801] 	trans_use_upper: True
[2022-10-15 12:12:30,801] 	embed_width: 128
[2022-10-15 12:12:30,801] 	embed_depth: 4
[2022-10-15 12:12:30,801] 	embed_size: 3000
[2022-10-15 12:12:30,801] 	embed_window_size: 1
[2022-10-15 12:12:30,801] 	embed_maxout_pieces: 3
[2022-10-15 12:12:30,801] 	embed_subword_features: True
[2022-10-15 12:12:30,801] 	models_path: /home/hugosousa/Projects/tei2go/models
[2022-10-15 12:12:30,801] 	resources_path: /home/hugosousa/Projects/tei2go/resources
[2022-10-15 12:12:30,801] 	logs_path: /home/hugosousa/Projects/tei2go/logs
[2022-10-15 12:12:30,801] 	data_path: /home/hugosousa/Projects/tei2go/data
[2022-10-15 12:12:30,802] 	gpu: False
[2022-10-15 12:12:30,802] Found preprocessed data.
[2022-10-15 12:12:30,802] Corpus statistics:
[2022-10-15 12:12:30,802] 	Train:
[2022-10-15 12:12:30,802] 		# sentences: 189
[2022-10-15 12:12:30,802] 		# timexs: 299
[2022-10-15 12:12:30,803] 	Validation:
[2022-10-15 12:12:30,803] 		# sentences: 35
[2022-10-15 12:12:30,803] 		# timexs: 42
[2022-10-15 12:12:30,803] Initializing model for language it.
[2022-10-15 12:12:30,883] Started train loop with id 20221015121230
[2022-10-15 12:12:30,885] Created vocabulary
[2022-10-15 12:12:30,886] Finished initializing nlp object
[2022-10-15 12:12:31,246]       |Loss 	|F1
[2022-10-15 12:12:31,246] Epoch |Train	|Train	|Validation
[2022-10-15 12:12:38,841]     1 |2.652	|0.0067	|0.0000
[2022-10-15 12:12:46,028]     2 |1.937	|0.3397	|0.4483
[2022-10-15 12:12:53,223]     3 |1.518	|0.5794	|0.5526
[2022-10-15 12:13:00,426]     4 |1.340	|0.6811	|0.6136
[2022-10-15 12:13:07,679]     5 |1.176	|0.6922	|0.6437
[2022-10-15 12:13:15,327]     6 |1.021	|0.8310	|0.8312
[2022-10-15 12:13:22,725]     7 |0.785	|0.8459	|0.7442
[2022-10-15 12:13:29,870]     8 |0.697	|0.8998	|0.8235
[2022-10-15 12:13:37,149]     9 |0.644	|0.9264	|0.7901
[2022-10-15 12:13:37,150] Training done.
[2022-10-15 12:13:37,150] Best validation f1: 0.8312
[2022-10-15 12:13:37,150] ----------------------------------------------------------------------------------------------------
[2022-10-15 12:13:39,080] ----------------------------------------------------------------------------------------------------
[2022-10-15 12:13:39,080] Start training for the following setup:
[2022-10-15 12:13:39,080] 	model: spacy
[2022-10-15 12:13:39,080] 	data: ['narrative_container']
[2022-10-15 12:13:39,080] 	language: it
[2022-10-15 12:13:39,081] 	n_epochs: 30
[2022-10-15 12:13:39,081] 	dropout: 0.4
[2022-10-15 12:13:39,081] 	learning_rate: None
[2022-10-15 12:13:39,081] 	trans_hidden_width: 64
[2022-10-15 12:13:39,081] 	trans_maxout_pieces: 3
[2022-10-15 12:13:39,081] 	trans_use_upper: True
[2022-10-15 12:13:39,081] 	embed_width: 300
[2022-10-15 12:13:39,081] 	embed_depth: 2
[2022-10-15 12:13:39,081] 	embed_size: 7000
[2022-10-15 12:13:39,081] 	embed_window_size: 2
[2022-10-15 12:13:39,081] 	embed_maxout_pieces: 3
[2022-10-15 12:13:39,081] 	embed_subword_features: True
[2022-10-15 12:13:39,081] 	models_path: /home/hugosousa/Projects/tei2go/models
[2022-10-15 12:13:39,081] 	resources_path: /home/hugosousa/Projects/tei2go/resources
[2022-10-15 12:13:39,081] 	logs_path: /home/hugosousa/Projects/tei2go/logs
[2022-10-15 12:13:39,081] 	data_path: /home/hugosousa/Projects/tei2go/data
[2022-10-15 12:13:39,081] 	gpu: False
[2022-10-15 12:13:39,081] Found preprocessed data.
[2022-10-15 12:13:39,082] Corpus statistics:
[2022-10-15 12:13:39,082] 	Train:
[2022-10-15 12:13:39,082] 		# sentences: 189
[2022-10-15 12:13:39,082] 		# timexs: 299
[2022-10-15 12:13:39,082] 	Validation:
[2022-10-15 12:13:39,082] 		# sentences: 35
[2022-10-15 12:13:39,082] 		# timexs: 42
[2022-10-15 12:13:39,082] Initializing model for language it.
[2022-10-15 12:13:39,167] Started train loop with id 20221015121339
[2022-10-15 12:13:39,169] Created vocabulary
[2022-10-15 12:13:39,170] Finished initializing nlp object
[2022-10-15 12:13:39,305]       |Loss 	|F1
[2022-10-15 12:13:39,305] Epoch |Train	|Train	|Validation
[2022-10-15 12:13:47,643]     1 |3.529	|0.0000	|0.0000
[2022-10-15 12:13:55,921]     2 |1.505	|0.3695	|0.2985
[2022-10-15 12:14:04,449]     3 |1.363	|0.6037	|0.6575
[2022-10-15 12:14:12,691]     4 |0.879	|0.7883	|0.6410
[2022-10-15 12:14:20,817]     5 |0.615	|0.8655	|0.6078
[2022-10-15 12:14:29,082]     6 |0.315	|0.9603	|0.7126
[2022-10-15 12:14:37,136]     7 |0.265	|0.9700	|0.7529
[2022-10-15 12:14:45,421]     8 |0.200	|0.9717	|0.7174
[2022-10-15 12:14:53,434]     9 |0.210	|0.9849	|0.7273
[2022-10-15 12:15:01,415]    10 |0.101	|0.9717	|0.6957
[2022-10-15 12:15:01,416] Training done.
[2022-10-15 12:15:01,416] Best validation f1: 0.7529
[2022-10-15 12:15:01,416] ----------------------------------------------------------------------------------------------------
[2022-10-15 12:15:03,237] ----------------------------------------------------------------------------------------------------
[2022-10-15 12:15:03,238] Start training for the following setup:
[2022-10-15 12:15:03,238] 	model: spacy
[2022-10-15 12:15:03,238] 	data: ['narrative_container']
[2022-10-15 12:15:03,238] 	language: it
[2022-10-15 12:15:03,238] 	n_epochs: 30
[2022-10-15 12:15:03,238] 	dropout: 0.3
[2022-10-15 12:15:03,238] 	learning_rate: None
[2022-10-15 12:15:03,238] 	trans_hidden_width: 64
[2022-10-15 12:15:03,238] 	trans_maxout_pieces: 2
[2022-10-15 12:15:03,238] 	trans_use_upper: True
[2022-10-15 12:15:03,238] 	embed_width: 96
[2022-10-15 12:15:03,238] 	embed_depth: 3
[2022-10-15 12:15:03,238] 	embed_size: 3000
[2022-10-15 12:15:03,238] 	embed_window_size: 1
[2022-10-15 12:15:03,238] 	embed_maxout_pieces: 2
[2022-10-15 12:15:03,238] 	embed_subword_features: True
[2022-10-15 12:15:03,238] 	models_path: /home/hugosousa/Projects/tei2go/models
[2022-10-15 12:15:03,238] 	resources_path: /home/hugosousa/Projects/tei2go/resources
[2022-10-15 12:15:03,238] 	logs_path: /home/hugosousa/Projects/tei2go/logs
[2022-10-15 12:15:03,238] 	data_path: /home/hugosousa/Projects/tei2go/data
[2022-10-15 12:15:03,238] 	gpu: False
[2022-10-15 12:15:03,238] Found preprocessed data.
[2022-10-15 12:15:03,239] Corpus statistics:
[2022-10-15 12:15:03,239] 	Train:
[2022-10-15 12:15:03,239] 		# sentences: 189
[2022-10-15 12:15:03,239] 		# timexs: 299
[2022-10-15 12:15:03,239] 	Validation:
[2022-10-15 12:15:03,239] 		# sentences: 35
[2022-10-15 12:15:03,239] 		# timexs: 42
[2022-10-15 12:15:03,240] Initializing model for language it.
[2022-10-15 12:15:03,319] Started train loop with id 20221015121503
[2022-10-15 12:15:03,322] Created vocabulary
[2022-10-15 12:15:03,322] Finished initializing nlp object
[2022-10-15 12:15:03,370]       |Loss 	|F1
[2022-10-15 12:15:03,370] Epoch |Train	|Train	|Validation
[2022-10-15 12:15:05,450]     1 |4.209	|0.0000	|0.0000
[2022-10-15 12:15:07,425]     2 |1.822	|0.2786	|0.3793
[2022-10-15 12:15:09,392]     3 |1.323	|0.6108	|0.6234
[2022-10-15 12:15:11,380]     4 |1.092	|0.6905	|0.5682
[2022-10-15 12:15:13,350]     5 |0.842	|0.8319	|0.7805
[2022-10-15 12:15:15,395]     6 |0.711	|0.8820	|0.7586
[2022-10-15 12:15:17,465]     7 |0.479	|0.9041	|0.6947
[2022-10-15 12:15:19,573]     8 |0.403	|0.9322	|0.7865
[2022-10-15 12:15:21,725]     9 |0.410	|0.9536	|0.7391
[2022-10-15 12:15:23,858]    10 |0.316	|0.9431	|0.7857
[2022-10-15 12:15:25,958]    11 |0.273	|0.9800	|0.7640
[2022-10-15 12:15:25,959] Training done.
[2022-10-15 12:15:25,959] Best validation f1: 0.7865
[2022-10-15 12:15:25,959] ----------------------------------------------------------------------------------------------------
[2022-10-15 12:15:27,857] ----------------------------------------------------------------------------------------------------
[2022-10-15 12:15:27,857] Start training for the following setup:
[2022-10-15 12:15:27,857] 	model: spacy
[2022-10-15 12:15:27,857] 	data: ['narrative_container']
[2022-10-15 12:15:27,857] 	language: it
[2022-10-15 12:15:27,857] 	n_epochs: 30
[2022-10-15 12:15:27,857] 	dropout: 0.1
[2022-10-15 12:15:27,857] 	learning_rate: None
[2022-10-15 12:15:27,857] 	trans_hidden_width: 32
[2022-10-15 12:15:27,857] 	trans_maxout_pieces: 2
[2022-10-15 12:15:27,857] 	trans_use_upper: True
[2022-10-15 12:15:27,857] 	embed_width: 96
[2022-10-15 12:15:27,857] 	embed_depth: 2
[2022-10-15 12:15:27,857] 	embed_size: 9000
[2022-10-15 12:15:27,857] 	embed_window_size: 2
[2022-10-15 12:15:27,857] 	embed_maxout_pieces: 2
[2022-10-15 12:15:27,858] 	embed_subword_features: True
[2022-10-15 12:15:27,858] 	models_path: /home/hugosousa/Projects/tei2go/models
[2022-10-15 12:15:27,858] 	resources_path: /home/hugosousa/Projects/tei2go/resources
[2022-10-15 12:15:27,858] 	logs_path: /home/hugosousa/Projects/tei2go/logs
[2022-10-15 12:15:27,858] 	data_path: /home/hugosousa/Projects/tei2go/data
[2022-10-15 12:15:27,858] 	gpu: False
[2022-10-15 12:15:27,858] Found preprocessed data.
[2022-10-15 12:15:27,859] Corpus statistics:
[2022-10-15 12:15:27,859] 	Train:
[2022-10-15 12:15:27,859] 		# sentences: 189
[2022-10-15 12:15:27,859] 		# timexs: 299
[2022-10-15 12:15:27,859] 	Validation:
[2022-10-15 12:15:27,859] 		# sentences: 35
[2022-10-15 12:15:27,859] 		# timexs: 42
[2022-10-15 12:15:27,859] Initializing model for language it.
[2022-10-15 12:15:27,945] Started train loop with id 20221015121527
[2022-10-15 12:15:27,949] Created vocabulary
[2022-10-15 12:15:27,950] Finished initializing nlp object
[2022-10-15 12:15:27,998]       |Loss 	|F1
[2022-10-15 12:15:27,998] Epoch |Train	|Train	|Validation
[2022-10-15 12:15:30,559]     1 |4.670	|0.0199	|0.0465
[2022-10-15 12:15:33,021]     2 |1.671	|0.4055	|0.4000
[2022-10-15 12:15:35,438]     3 |0.924	|0.6020	|0.4675
[2022-10-15 12:15:37,868]     4 |0.588	|0.8719	|0.6452
[2022-10-15 12:15:40,301]     5 |0.281	|0.9583	|0.7470
[2022-10-15 12:15:42,757]     6 |0.184	|0.9615	|0.7436
[2022-10-15 12:15:45,215]     7 |0.130	|0.9799	|0.7711
[2022-10-15 12:15:47,659]     8 |0.089	|0.9883	|0.7674
[2022-10-15 12:15:50,020]     9 |0.072	|0.9983	|0.7674
[2022-10-15 12:15:52,413]    10 |0.025	|0.9933	|0.7356
[2022-10-15 12:15:52,414] Training done.
[2022-10-15 12:15:52,414] Best validation f1: 0.7711
[2022-10-15 12:15:52,414] ----------------------------------------------------------------------------------------------------
