[2022-10-02 13:18:10,713] ----------------------------------------------------------------------------------------------------
[2022-10-02 13:18:10,713] Start training for the following setup:
[2022-10-02 13:18:10,713] 	model: spacy
[2022-10-02 13:18:10,713] 	data: ['fr_timebank']
[2022-10-02 13:18:10,713] 	language: fr
[2022-10-02 13:18:10,713] 	n_epochs: 15
[2022-10-02 13:18:10,713] 	dropout: 0.0
[2022-10-02 13:18:10,713] 	batch_size: None
[2022-10-02 13:18:10,713] 	learning_rate: None
[2022-10-02 13:18:10,713] 	embeddings: None
[2022-10-02 13:18:10,713] 	models_path: /tei2go/models
[2022-10-02 13:18:10,713] 	resources_path: /tei2go/resources
[2022-10-02 13:18:10,713] 	logs_path: /tei2go/logs
[2022-10-02 13:18:10,713] 	data_path: /tei2go/data
[2022-10-02 13:18:10,713] 	gpu: False
[2022-10-02 13:18:10,713] Found preprocessed data.
[2022-10-02 13:18:10,719] Corpus statistics:
[2022-10-02 13:18:10,719] 	Train:
[2022-10-02 13:18:10,719] 		# sentences: 218
[2022-10-02 13:18:10,719] 		# timexs: 320
[2022-10-02 13:18:10,719] 	Validation:
[2022-10-02 13:18:10,719] 		# sentences: 17
[2022-10-02 13:18:10,719] 		# timexs: 22
[2022-10-02 13:18:10,720] Initializing model for language fr.
[2022-10-02 13:18:13,224] Started train loop with id 20221002131813
[2022-10-02 13:18:13,226] Created vocabulary
[2022-10-02 13:18:13,227] Finished initializing nlp object
[2022-10-02 13:18:13,272]       |Loss 	|F1
[2022-10-02 13:18:13,272] Epoch |Train	|Train	|Validation
[2022-10-02 13:18:15,328]     1 |3.234	|0.1860	|0.2667
[2022-10-02 13:18:17,287]     2 |0.991	|0.7267	|0.5714
[2022-10-02 13:18:19,227]     3 |0.451	|0.9003	|0.7619
[2022-10-02 13:18:21,167]     4 |0.263	|0.9356	|0.7907
[2022-10-02 13:18:23,107]     5 |0.206	|0.9477	|0.7317
[2022-10-02 13:18:25,048]     6 |0.129	|0.9590	|0.7692
[2022-10-02 13:18:26,973]     7 |0.088	|0.9765	|0.7727
[2022-10-02 13:18:26,974] Training done.
[2022-10-02 13:18:26,974] Best validation f1: 0.7907
[2022-10-02 13:18:26,974] ----------------------------------------------------------------------------------------------------
[2022-10-02 13:18:29,850] ----------------------------------------------------------------------------------------------------
[2022-10-02 13:18:29,850] Start training for the following setup:
[2022-10-02 13:18:29,850] 	model: spacy
[2022-10-02 13:18:29,850] 	data: ['fr_timebank']
[2022-10-02 13:18:29,850] 	language: fr
[2022-10-02 13:18:29,850] 	n_epochs: 15
[2022-10-02 13:18:29,850] 	dropout: 0.1
[2022-10-02 13:18:29,850] 	batch_size: None
[2022-10-02 13:18:29,850] 	learning_rate: None
[2022-10-02 13:18:29,850] 	embeddings: None
[2022-10-02 13:18:29,850] 	models_path: /tei2go/models
[2022-10-02 13:18:29,850] 	resources_path: /tei2go/resources
[2022-10-02 13:18:29,850] 	logs_path: /tei2go/logs
[2022-10-02 13:18:29,850] 	data_path: /tei2go/data
[2022-10-02 13:18:29,850] 	gpu: False
[2022-10-02 13:18:29,850] Found preprocessed data.
[2022-10-02 13:18:29,851] Corpus statistics:
[2022-10-02 13:18:29,851] 	Train:
[2022-10-02 13:18:29,851] 		# sentences: 218
[2022-10-02 13:18:29,851] 		# timexs: 320
[2022-10-02 13:18:29,851] 	Validation:
[2022-10-02 13:18:29,851] 		# sentences: 17
[2022-10-02 13:18:29,851] 		# timexs: 22
[2022-10-02 13:18:29,851] Initializing model for language fr.
[2022-10-02 13:18:32,338] Started train loop with id 20221002131832
[2022-10-02 13:18:32,340] Created vocabulary
[2022-10-02 13:18:32,342] Finished initializing nlp object
[2022-10-02 13:18:32,389]       |Loss 	|F1
[2022-10-02 13:18:32,389] Epoch |Train	|Train	|Validation
[2022-10-02 13:18:34,491]     1 |3.359	|0.1220	|0.2400
[2022-10-02 13:18:36,494]     2 |1.213	|0.6468	|0.4737
[2022-10-02 13:18:38,491]     3 |0.620	|0.8446	|0.7000
[2022-10-02 13:18:40,482]     4 |0.361	|0.9176	|0.7442
[2022-10-02 13:18:42,471]     5 |0.322	|0.9212	|0.6275
[2022-10-02 13:18:44,459]     6 |0.252	|0.9346	|0.8000
[2022-10-02 13:18:46,532]     7 |0.213	|0.9688	|0.7273
[2022-10-02 13:18:48,510]     8 |0.127	|0.9780	|0.7143
[2022-10-02 13:18:50,495]     9 |0.106	|0.9315	|0.7619
[2022-10-02 13:18:50,496] Training done.
[2022-10-02 13:18:50,496] Best validation f1: 0.8000
[2022-10-02 13:18:50,496] ----------------------------------------------------------------------------------------------------
[2022-10-02 13:18:53,389] ----------------------------------------------------------------------------------------------------
[2022-10-02 13:18:53,389] Start training for the following setup:
[2022-10-02 13:18:53,389] 	model: spacy
[2022-10-02 13:18:53,389] 	data: ['fr_timebank']
[2022-10-02 13:18:53,389] 	language: fr
[2022-10-02 13:18:53,389] 	n_epochs: 15
[2022-10-02 13:18:53,389] 	dropout: 0.2
[2022-10-02 13:18:53,389] 	batch_size: None
[2022-10-02 13:18:53,389] 	learning_rate: None
[2022-10-02 13:18:53,389] 	embeddings: None
[2022-10-02 13:18:53,389] 	models_path: /tei2go/models
[2022-10-02 13:18:53,389] 	resources_path: /tei2go/resources
[2022-10-02 13:18:53,389] 	logs_path: /tei2go/logs
[2022-10-02 13:18:53,389] 	data_path: /tei2go/data
[2022-10-02 13:18:53,389] 	gpu: False
[2022-10-02 13:18:53,389] Found preprocessed data.
[2022-10-02 13:18:53,390] Corpus statistics:
[2022-10-02 13:18:53,390] 	Train:
[2022-10-02 13:18:53,390] 		# sentences: 218
[2022-10-02 13:18:53,390] 		# timexs: 320
[2022-10-02 13:18:53,390] 	Validation:
[2022-10-02 13:18:53,390] 		# sentences: 17
[2022-10-02 13:18:53,390] 		# timexs: 22
[2022-10-02 13:18:53,390] Initializing model for language fr.
[2022-10-02 13:18:55,879] Started train loop with id 20221002131855
[2022-10-02 13:18:55,882] Created vocabulary
[2022-10-02 13:18:55,884] Finished initializing nlp object
[2022-10-02 13:18:55,930]       |Loss 	|F1
[2022-10-02 13:18:55,930] Epoch |Train	|Train	|Validation
[2022-10-02 13:18:58,038]     1 |3.625	|0.1256	|0.2143
[2022-10-02 13:19:00,042]     2 |1.403	|0.2902	|0.3784
[2022-10-02 13:19:02,050]     3 |0.946	|0.6849	|0.7000
[2022-10-02 13:19:04,035]     4 |0.563	|0.8721	|0.8095
[2022-10-02 13:19:06,020]     5 |0.530	|0.8885	|0.7619
[2022-10-02 13:19:08,016]     6 |0.415	|0.9202	|0.8095
[2022-10-02 13:19:10,070]     7 |0.316	|0.9487	|0.7692
[2022-10-02 13:19:12,059]     8 |0.222	|0.9579	|0.8261
[2022-10-02 13:19:14,074]     9 |0.151	|0.9470	|0.7727
[2022-10-02 13:19:16,053]    10 |0.243	|0.9594	|0.7619
[2022-10-02 13:19:18,028]    11 |0.187	|0.9689	|0.7500
[2022-10-02 13:19:18,028] Training done.
[2022-10-02 13:19:18,031] Best validation f1: 0.8261
[2022-10-02 13:19:18,031] ----------------------------------------------------------------------------------------------------
[2022-10-02 13:19:20,917] ----------------------------------------------------------------------------------------------------
[2022-10-02 13:19:20,918] Start training for the following setup:
[2022-10-02 13:19:20,918] 	model: spacy
[2022-10-02 13:19:20,918] 	data: ['fr_timebank']
[2022-10-02 13:19:20,918] 	language: fr
[2022-10-02 13:19:20,918] 	n_epochs: 15
[2022-10-02 13:19:20,918] 	dropout: 0.3
[2022-10-02 13:19:20,918] 	batch_size: None
[2022-10-02 13:19:20,918] 	learning_rate: None
[2022-10-02 13:19:20,918] 	embeddings: None
[2022-10-02 13:19:20,918] 	models_path: /tei2go/models
[2022-10-02 13:19:20,918] 	resources_path: /tei2go/resources
[2022-10-02 13:19:20,918] 	logs_path: /tei2go/logs
[2022-10-02 13:19:20,918] 	data_path: /tei2go/data
[2022-10-02 13:19:20,918] 	gpu: False
[2022-10-02 13:19:20,918] Found preprocessed data.
[2022-10-02 13:19:20,919] Corpus statistics:
[2022-10-02 13:19:20,919] 	Train:
[2022-10-02 13:19:20,919] 		# sentences: 218
[2022-10-02 13:19:20,919] 		# timexs: 320
[2022-10-02 13:19:20,919] 	Validation:
[2022-10-02 13:19:20,919] 		# sentences: 17
[2022-10-02 13:19:20,919] 		# timexs: 22
[2022-10-02 13:19:20,919] Initializing model for language fr.
[2022-10-02 13:19:23,408] Started train loop with id 20221002131923
[2022-10-02 13:19:23,410] Created vocabulary
[2022-10-02 13:19:23,411] Finished initializing nlp object
[2022-10-02 13:19:23,457]       |Loss 	|F1
[2022-10-02 13:19:23,457] Epoch |Train	|Train	|Validation
[2022-10-02 13:19:25,564]     1 |3.533	|0.0000	|0.0000
[2022-10-02 13:19:27,560]     2 |1.619	|0.2841	|0.2941
[2022-10-02 13:19:29,558]     3 |1.202	|0.5967	|0.5000
[2022-10-02 13:19:31,549]     4 |0.808	|0.8521	|0.8293
[2022-10-02 13:19:33,547]     5 |0.591	|0.8793	|0.8095
[2022-10-02 13:19:35,545]     6 |0.492	|0.9128	|0.7907
[2022-10-02 13:19:37,604]     7 |0.401	|0.8938	|0.7442
[2022-10-02 13:19:37,605] Training done.
[2022-10-02 13:19:37,605] Best validation f1: 0.8293
[2022-10-02 13:19:37,605] ----------------------------------------------------------------------------------------------------
[2022-10-02 13:19:40,525] ----------------------------------------------------------------------------------------------------
[2022-10-02 13:19:40,526] Start training for the following setup:
[2022-10-02 13:19:40,526] 	model: spacy
[2022-10-02 13:19:40,526] 	data: ['fr_timebank']
[2022-10-02 13:19:40,526] 	language: fr
[2022-10-02 13:19:40,526] 	n_epochs: 15
[2022-10-02 13:19:40,526] 	dropout: 0.4
[2022-10-02 13:19:40,526] 	batch_size: None
[2022-10-02 13:19:40,526] 	learning_rate: None
[2022-10-02 13:19:40,526] 	embeddings: None
[2022-10-02 13:19:40,526] 	models_path: /tei2go/models
[2022-10-02 13:19:40,526] 	resources_path: /tei2go/resources
[2022-10-02 13:19:40,526] 	logs_path: /tei2go/logs
[2022-10-02 13:19:40,526] 	data_path: /tei2go/data
[2022-10-02 13:19:40,526] 	gpu: False
[2022-10-02 13:19:40,526] Found preprocessed data.
[2022-10-02 13:19:40,527] Corpus statistics:
[2022-10-02 13:19:40,527] 	Train:
[2022-10-02 13:19:40,527] 		# sentences: 218
[2022-10-02 13:19:40,527] 		# timexs: 320
[2022-10-02 13:19:40,527] 	Validation:
[2022-10-02 13:19:40,527] 		# sentences: 17
[2022-10-02 13:19:40,527] 		# timexs: 22
[2022-10-02 13:19:40,527] Initializing model for language fr.
[2022-10-02 13:19:43,018] Started train loop with id 20221002131943
[2022-10-02 13:19:43,020] Created vocabulary
[2022-10-02 13:19:43,021] Finished initializing nlp object
[2022-10-02 13:19:43,067]       |Loss 	|F1
[2022-10-02 13:19:43,068] Epoch |Train	|Train	|Validation
[2022-10-02 13:19:45,166]     1 |3.668	|0.0000	|0.0000
[2022-10-02 13:19:47,147]     2 |1.632	|0.3107	|0.2000
[2022-10-02 13:19:49,142]     3 |1.474	|0.5843	|0.6842
[2022-10-02 13:19:51,143]     4 |1.138	|0.7993	|0.7805
[2022-10-02 13:19:53,136]     5 |0.839	|0.8328	|0.8571
[2022-10-02 13:19:55,160]     6 |0.708	|0.8553	|0.7442
[2022-10-02 13:19:57,210]     7 |0.604	|0.8715	|0.8372
[2022-10-02 13:19:59,194]     8 |0.538	|0.8934	|0.8372
[2022-10-02 13:19:59,195] Training done.
[2022-10-02 13:19:59,195] Best validation f1: 0.8571
[2022-10-02 13:19:59,195] ----------------------------------------------------------------------------------------------------
[2022-10-02 13:20:02,079] ----------------------------------------------------------------------------------------------------
[2022-10-02 13:20:02,079] Start training for the following setup:
[2022-10-02 13:20:02,079] 	model: spacy
[2022-10-02 13:20:02,079] 	data: ['fr_timebank']
[2022-10-02 13:20:02,079] 	language: fr
[2022-10-02 13:20:02,079] 	n_epochs: 15
[2022-10-02 13:20:02,079] 	dropout: 0.5
[2022-10-02 13:20:02,079] 	batch_size: None
[2022-10-02 13:20:02,079] 	learning_rate: None
[2022-10-02 13:20:02,079] 	embeddings: None
[2022-10-02 13:20:02,079] 	models_path: /tei2go/models
[2022-10-02 13:20:02,079] 	resources_path: /tei2go/resources
[2022-10-02 13:20:02,079] 	logs_path: /tei2go/logs
[2022-10-02 13:20:02,079] 	data_path: /tei2go/data
[2022-10-02 13:20:02,079] 	gpu: False
[2022-10-02 13:20:02,079] Found preprocessed data.
[2022-10-02 13:20:02,080] Corpus statistics:
[2022-10-02 13:20:02,080] 	Train:
[2022-10-02 13:20:02,080] 		# sentences: 218
[2022-10-02 13:20:02,080] 		# timexs: 320
[2022-10-02 13:20:02,080] 	Validation:
[2022-10-02 13:20:02,080] 		# sentences: 17
[2022-10-02 13:20:02,080] 		# timexs: 22
[2022-10-02 13:20:02,080] Initializing model for language fr.
[2022-10-02 13:20:04,563] Started train loop with id 20221002132004
[2022-10-02 13:20:04,565] Created vocabulary
[2022-10-02 13:20:04,567] Finished initializing nlp object
[2022-10-02 13:20:04,612]       |Loss 	|F1
[2022-10-02 13:20:04,613] Epoch |Train	|Train	|Validation
[2022-10-02 13:20:06,706]     1 |3.763	|0.0000	|0.0000
[2022-10-02 13:20:08,680]     2 |1.985	|0.0872	|0.2400
[2022-10-02 13:20:10,663]     3 |1.774	|0.1920	|0.2500
[2022-10-02 13:20:12,658]     4 |1.481	|0.6015	|0.5946
[2022-10-02 13:20:14,646]     5 |1.272	|0.7492	|0.7692
[2022-10-02 13:20:16,668]     6 |1.002	|0.8124	|0.7805
[2022-10-02 13:20:18,745]     7 |0.898	|0.8392	|0.8780
[2022-10-02 13:20:20,746]     8 |0.686	|0.8424	|0.8293
[2022-10-02 13:20:22,730]     9 |0.897	|0.8711	|0.8000
[2022-10-02 13:20:24,705]    10 |0.636	|0.8875	|0.8636
[2022-10-02 13:20:24,705] Training done.
[2022-10-02 13:20:24,705] Best validation f1: 0.8780
[2022-10-02 13:20:24,705] ----------------------------------------------------------------------------------------------------
[2022-10-13 19:09:24,788] ----------------------------------------------------------------------------------------------------
[2022-10-13 19:09:24,788] Start training for the following setup:
[2022-10-13 19:09:24,788] 	model: spacy
[2022-10-13 19:09:24,788] 	data: ['fr_timebank']
[2022-10-13 19:09:24,788] 	language: fr
[2022-10-13 19:09:24,788] 	n_epochs: 30
[2022-10-13 19:09:24,788] 	dropout: 0.2
[2022-10-13 19:09:24,788] 	learning_rate: None
[2022-10-13 19:09:24,788] 	trans_hidden_width: 8
[2022-10-13 19:09:24,788] 	trans_maxout_pieces: 3
[2022-10-13 19:09:24,788] 	trans_use_upper: True
[2022-10-13 19:09:24,788] 	embed_width: 300
[2022-10-13 19:09:24,788] 	embed_depth: 3
[2022-10-13 19:09:24,788] 	embed_size: 9000
[2022-10-13 19:09:24,788] 	embed_window_size: 2
[2022-10-13 19:09:24,788] 	embed_maxout_pieces: 3
[2022-10-13 19:09:24,788] 	embed_subword_features: True
[2022-10-13 19:09:24,788] 	models_path: /tei2go/models
[2022-10-13 19:09:24,789] 	resources_path: /tei2go/resources
[2022-10-13 19:09:24,789] 	logs_path: /tei2go/logs
[2022-10-13 19:09:24,789] 	data_path: /tei2go/data
[2022-10-13 19:09:24,789] 	gpu: False
[2022-10-13 19:09:24,789] Found preprocessed data.
[2022-10-13 19:09:24,790] Corpus statistics:
[2022-10-13 19:09:24,790] 	Train:
[2022-10-13 19:09:24,790] 		# sentences: 218
[2022-10-13 19:09:24,790] 		# timexs: 320
[2022-10-13 19:09:24,790] 	Validation:
[2022-10-13 19:09:24,790] 		# sentences: 17
[2022-10-13 19:09:24,790] 		# timexs: 22
[2022-10-13 19:09:24,790] Initializing model for language fr.
[2022-10-13 19:09:27,453] Started train loop with id 20221013190927
[2022-10-13 19:09:27,455] Created vocabulary
[2022-10-13 19:09:27,455] Finished initializing nlp object
[2022-10-13 19:09:27,576]       |Loss 	|F1
[2022-10-13 19:09:27,576] Epoch |Train	|Train	|Validation
[2022-10-13 19:09:38,228]     1 |3.902	|0.0000	|0.0000
[2022-10-13 19:09:48,754]     2 |1.601	|0.2026	|0.2500
[2022-10-13 19:09:59,430]     3 |1.117	|0.6128	|0.6000
[2022-10-13 19:10:10,197]     4 |0.466	|0.8786	|0.6977
[2022-10-13 19:10:21,934]     5 |0.396	|0.9440	|0.8421
[2022-10-13 19:10:33,835]     6 |0.213	|0.9367	|0.8000
[2022-10-13 19:10:44,808]     7 |0.125	|0.9576	|0.7273
[2022-10-13 19:10:55,620]     8 |0.133	|0.9640	|0.8500
[2022-10-13 19:11:06,829]     9 |0.165	|0.9688	|0.8000
[2022-10-13 19:11:18,452]    10 |0.192	|0.9811	|0.7619
[2022-10-13 19:11:30,514]    11 |0.155	|0.9703	|0.7619
[2022-10-13 19:11:30,519] Training done.
[2022-10-13 19:11:30,519] Best validation f1: 0.8500
[2022-10-13 19:11:30,519] ----------------------------------------------------------------------------------------------------
[2022-10-13 19:11:32,612] ----------------------------------------------------------------------------------------------------
[2022-10-13 19:11:32,612] Start training for the following setup:
[2022-10-13 19:11:32,612] 	model: spacy
[2022-10-13 19:11:32,612] 	data: ['fr_timebank']
[2022-10-13 19:11:32,612] 	language: fr
[2022-10-13 19:11:32,612] 	n_epochs: 30
[2022-10-13 19:11:32,612] 	dropout: 0.0
[2022-10-13 19:11:32,612] 	learning_rate: None
[2022-10-13 19:11:32,612] 	trans_hidden_width: 64
[2022-10-13 19:11:32,613] 	trans_maxout_pieces: 2
[2022-10-13 19:11:32,613] 	trans_use_upper: True
[2022-10-13 19:11:32,613] 	embed_width: 128
[2022-10-13 19:11:32,613] 	embed_depth: 2
[2022-10-13 19:11:32,613] 	embed_size: 2000
[2022-10-13 19:11:32,613] 	embed_window_size: 2
[2022-10-13 19:11:32,613] 	embed_maxout_pieces: 2
[2022-10-13 19:11:32,613] 	embed_subword_features: True
[2022-10-13 19:11:32,613] 	models_path: /tei2go/models
[2022-10-13 19:11:32,613] 	resources_path: /tei2go/resources
[2022-10-13 19:11:32,613] 	logs_path: /tei2go/logs
[2022-10-13 19:11:32,613] 	data_path: /tei2go/data
[2022-10-13 19:11:32,613] 	gpu: False
[2022-10-13 19:11:32,613] Found preprocessed data.
[2022-10-13 19:11:32,614] Corpus statistics:
[2022-10-13 19:11:32,614] 	Train:
[2022-10-13 19:11:32,614] 		# sentences: 218
[2022-10-13 19:11:32,614] 		# timexs: 320
[2022-10-13 19:11:32,614] 	Validation:
[2022-10-13 19:11:32,614] 		# sentences: 17
[2022-10-13 19:11:32,614] 		# timexs: 22
[2022-10-13 19:11:32,614] Initializing model for language fr.
[2022-10-13 19:11:35,678] Started train loop with id 20221013191135
[2022-10-13 19:11:35,681] Created vocabulary
[2022-10-13 19:11:35,682] Finished initializing nlp object
[2022-10-13 19:11:35,740]       |Loss 	|F1
[2022-10-13 19:11:35,740] Epoch |Train	|Train	|Validation
[2022-10-13 19:11:38,431]     1 |3.160	|0.4339	|0.2759
[2022-10-13 19:11:40,731]     2 |1.107	|0.6656	|0.6000
[2022-10-13 19:11:43,099]     3 |0.455	|0.9137	|0.7568
[2022-10-13 19:11:45,487]     4 |0.312	|0.9219	|0.7027
[2022-10-13 19:11:47,744]     5 |0.187	|0.9545	|0.7000
[2022-10-13 19:11:49,973]     6 |0.101	|0.9719	|0.7692
[2022-10-13 19:11:52,199]     7 |0.036	|0.9781	|0.7619
[2022-10-13 19:11:54,562]     8 |0.047	|0.9781	|0.7111
[2022-10-13 19:11:56,922]     9 |0.072	|0.9875	|0.7442
[2022-10-13 19:11:56,922] Training done.
[2022-10-13 19:11:56,922] Best validation f1: 0.7692
[2022-10-13 19:11:56,922] ----------------------------------------------------------------------------------------------------
[2022-10-13 19:11:58,851] ----------------------------------------------------------------------------------------------------
[2022-10-13 19:11:58,851] Start training for the following setup:
[2022-10-13 19:11:58,851] 	model: spacy
[2022-10-13 19:11:58,851] 	data: ['fr_timebank']
[2022-10-13 19:11:58,851] 	language: fr
[2022-10-13 19:11:58,851] 	n_epochs: 30
[2022-10-13 19:11:58,851] 	dropout: 0.0
[2022-10-13 19:11:58,851] 	learning_rate: None
[2022-10-13 19:11:58,851] 	trans_hidden_width: 64
[2022-10-13 19:11:58,851] 	trans_maxout_pieces: 2
[2022-10-13 19:11:58,851] 	trans_use_upper: True
[2022-10-13 19:11:58,851] 	embed_width: 128
[2022-10-13 19:11:58,851] 	embed_depth: 6
[2022-10-13 19:11:58,851] 	embed_size: 8000
[2022-10-13 19:11:58,851] 	embed_window_size: 1
[2022-10-13 19:11:58,851] 	embed_maxout_pieces: 1
[2022-10-13 19:11:58,851] 	embed_subword_features: True
[2022-10-13 19:11:58,851] 	models_path: /tei2go/models
[2022-10-13 19:11:58,851] 	resources_path: /tei2go/resources
[2022-10-13 19:11:58,851] 	logs_path: /tei2go/logs
[2022-10-13 19:11:58,851] 	data_path: /tei2go/data
[2022-10-13 19:11:58,851] 	gpu: False
[2022-10-13 19:11:58,851] Found preprocessed data.
[2022-10-13 19:11:58,852] Corpus statistics:
[2022-10-13 19:11:58,852] 	Train:
[2022-10-13 19:11:58,852] 		# sentences: 218
[2022-10-13 19:11:58,852] 		# timexs: 320
[2022-10-13 19:11:58,852] 	Validation:
[2022-10-13 19:11:58,852] 		# sentences: 17
[2022-10-13 19:11:58,853] 		# timexs: 22
[2022-10-13 19:11:58,853] Initializing model for language fr.
[2022-10-13 19:12:02,073] Started train loop with id 20221013191202
[2022-10-13 19:12:02,076] Created vocabulary
[2022-10-13 19:12:02,076] Finished initializing nlp object
[2022-10-13 19:12:02,144]       |Loss 	|F1
[2022-10-13 19:12:02,144] Epoch |Train	|Train	|Validation
[2022-10-13 19:12:05,711]     1 |2.797	|0.4846	|0.4444
[2022-10-13 19:12:09,085]     2 |0.805	|0.8492	|0.7234
[2022-10-13 19:12:12,449]     3 |0.436	|0.9074	|0.8095
[2022-10-13 19:12:15,773]     4 |0.270	|0.9231	|0.7391
[2022-10-13 19:12:19,239]     5 |0.212	|0.9592	|0.7000
[2022-10-13 19:12:22,674]     6 |0.190	|0.9258	|0.7368
[2022-10-13 19:12:22,675] Training done.
[2022-10-13 19:12:22,675] Best validation f1: 0.8095
[2022-10-13 19:12:22,675] ----------------------------------------------------------------------------------------------------
[2022-10-13 19:12:24,590] ----------------------------------------------------------------------------------------------------
[2022-10-13 19:12:24,590] Start training for the following setup:
[2022-10-13 19:12:24,590] 	model: spacy
[2022-10-13 19:12:24,590] 	data: ['fr_timebank']
[2022-10-13 19:12:24,590] 	language: fr
[2022-10-13 19:12:24,590] 	n_epochs: 30
[2022-10-13 19:12:24,590] 	dropout: 0.2
[2022-10-13 19:12:24,590] 	learning_rate: None
[2022-10-13 19:12:24,590] 	trans_hidden_width: 128
[2022-10-13 19:12:24,591] 	trans_maxout_pieces: 3
[2022-10-13 19:12:24,591] 	trans_use_upper: True
[2022-10-13 19:12:24,591] 	embed_width: 300
[2022-10-13 19:12:24,591] 	embed_depth: 2
[2022-10-13 19:12:24,591] 	embed_size: 9000
[2022-10-13 19:12:24,591] 	embed_window_size: 2
[2022-10-13 19:12:24,591] 	embed_maxout_pieces: 2
[2022-10-13 19:12:24,591] 	embed_subword_features: True
[2022-10-13 19:12:24,591] 	models_path: /tei2go/models
[2022-10-13 19:12:24,591] 	resources_path: /tei2go/resources
[2022-10-13 19:12:24,591] 	logs_path: /tei2go/logs
[2022-10-13 19:12:24,591] 	data_path: /tei2go/data
[2022-10-13 19:12:24,591] 	gpu: False
[2022-10-13 19:12:24,591] Found preprocessed data.
[2022-10-13 19:12:24,593] Corpus statistics:
[2022-10-13 19:12:24,593] 	Train:
[2022-10-13 19:12:24,593] 		# sentences: 218
[2022-10-13 19:12:24,593] 		# timexs: 320
[2022-10-13 19:12:24,593] 	Validation:
[2022-10-13 19:12:24,593] 		# sentences: 17
[2022-10-13 19:12:24,593] 		# timexs: 22
[2022-10-13 19:12:24,593] Initializing model for language fr.
[2022-10-13 19:12:27,596] Started train loop with id 20221013191227
[2022-10-13 19:12:27,598] Created vocabulary
[2022-10-13 19:12:27,599] Finished initializing nlp object
[2022-10-13 19:12:27,821]       |Loss 	|F1
[2022-10-13 19:12:27,821] Epoch |Train	|Train	|Validation
[2022-10-13 19:12:36,575]     1 |2.555	|0.3993	|0.3158
[2022-10-13 19:12:46,269]     2 |0.949	|0.8272	|0.7273
[2022-10-13 19:12:55,756]     3 |0.608	|0.8875	|0.7500
[2022-10-13 19:13:04,965]     4 |0.293	|0.9327	|0.5789
[2022-10-13 19:13:14,077]     5 |0.239	|0.9238	|0.7317
[2022-10-13 19:13:23,559]     6 |0.214	|0.9548	|0.6341
[2022-10-13 19:13:23,560] Training done.
[2022-10-13 19:13:23,560] Best validation f1: 0.7500
[2022-10-13 19:13:23,560] ----------------------------------------------------------------------------------------------------
[2022-10-13 19:13:25,516] ----------------------------------------------------------------------------------------------------
[2022-10-13 19:13:25,516] Start training for the following setup:
[2022-10-13 19:13:25,516] 	model: spacy
[2022-10-13 19:13:25,516] 	data: ['fr_timebank']
[2022-10-13 19:13:25,516] 	language: fr
[2022-10-13 19:13:25,516] 	n_epochs: 30
[2022-10-13 19:13:25,516] 	dropout: 0.1
[2022-10-13 19:13:25,516] 	learning_rate: None
[2022-10-13 19:13:25,516] 	trans_hidden_width: 16
[2022-10-13 19:13:25,516] 	trans_maxout_pieces: 1
[2022-10-13 19:13:25,516] 	trans_use_upper: True
[2022-10-13 19:13:25,516] 	embed_width: 128
[2022-10-13 19:13:25,517] 	embed_depth: 4
[2022-10-13 19:13:25,517] 	embed_size: 2000
[2022-10-13 19:13:25,517] 	embed_window_size: 1
[2022-10-13 19:13:25,517] 	embed_maxout_pieces: 3
[2022-10-13 19:13:25,517] 	embed_subword_features: True
[2022-10-13 19:13:25,517] 	models_path: /tei2go/models
[2022-10-13 19:13:25,517] 	resources_path: /tei2go/resources
[2022-10-13 19:13:25,517] 	logs_path: /tei2go/logs
[2022-10-13 19:13:25,517] 	data_path: /tei2go/data
[2022-10-13 19:13:25,517] 	gpu: False
[2022-10-13 19:13:25,517] Found preprocessed data.
[2022-10-13 19:13:25,518] Corpus statistics:
[2022-10-13 19:13:25,518] 	Train:
[2022-10-13 19:13:25,518] 		# sentences: 218
[2022-10-13 19:13:25,518] 		# timexs: 320
[2022-10-13 19:13:25,518] 	Validation:
[2022-10-13 19:13:25,519] 		# sentences: 17
[2022-10-13 19:13:25,519] 		# timexs: 22
[2022-10-13 19:13:25,519] Initializing model for language fr.
[2022-10-13 19:13:28,431] Started train loop with id 20221013191328
[2022-10-13 19:13:28,433] Created vocabulary
[2022-10-13 19:13:28,434] Finished initializing nlp object
[2022-10-13 19:13:28,466]       |Loss 	|F1
[2022-10-13 19:13:28,466] Epoch |Train	|Train	|Validation
[2022-10-13 19:13:31,463]     1 |4.338	|0.0344	|0.0345
[2022-10-13 19:13:34,122]     2 |1.606	|0.2159	|0.1064
[2022-10-13 19:13:36,749]     3 |1.349	|0.3344	|0.2174
[2022-10-13 19:13:39,592]     4 |0.647	|0.4124	|0.3182
[2022-10-13 19:13:42,453]     5 |0.619	|0.4074	|0.2857
[2022-10-13 19:13:45,453]     6 |0.373	|0.8522	|0.7619
[2022-10-13 19:13:48,311]     7 |0.280	|0.8525	|0.5957
[2022-10-13 19:13:51,215]     8 |0.217	|0.9342	|0.8000
[2022-10-13 19:13:54,151]     9 |0.162	|0.9347	|0.6800
[2022-10-13 19:13:57,063]    10 |0.130	|0.9627	|0.6383
[2022-10-13 19:14:00,057]    11 |0.125	|0.9176	|0.7660
[2022-10-13 19:14:00,058] Training done.
[2022-10-13 19:14:00,058] Best validation f1: 0.8000
[2022-10-13 19:14:00,058] ----------------------------------------------------------------------------------------------------
[2022-10-13 19:14:01,963] ----------------------------------------------------------------------------------------------------
[2022-10-13 19:14:01,963] Start training for the following setup:
[2022-10-13 19:14:01,963] 	model: spacy
[2022-10-13 19:14:01,963] 	data: ['fr_timebank']
[2022-10-13 19:14:01,963] 	language: fr
[2022-10-13 19:14:01,963] 	n_epochs: 30
[2022-10-13 19:14:01,963] 	dropout: 0.1
[2022-10-13 19:14:01,963] 	learning_rate: None
[2022-10-13 19:14:01,963] 	trans_hidden_width: 128
[2022-10-13 19:14:01,963] 	trans_maxout_pieces: 2
[2022-10-13 19:14:01,963] 	trans_use_upper: True
[2022-10-13 19:14:01,963] 	embed_width: 96
[2022-10-13 19:14:01,963] 	embed_depth: 7
[2022-10-13 19:14:01,963] 	embed_size: 3000
[2022-10-13 19:14:01,963] 	embed_window_size: 1
[2022-10-13 19:14:01,963] 	embed_maxout_pieces: 1
[2022-10-13 19:14:01,963] 	embed_subword_features: True
[2022-10-13 19:14:01,963] 	models_path: /tei2go/models
[2022-10-13 19:14:01,963] 	resources_path: /tei2go/resources
[2022-10-13 19:14:01,963] 	logs_path: /tei2go/logs
[2022-10-13 19:14:01,963] 	data_path: /tei2go/data
[2022-10-13 19:14:01,963] 	gpu: False
[2022-10-13 19:14:01,963] Found preprocessed data.
[2022-10-13 19:14:01,965] Corpus statistics:
[2022-10-13 19:14:01,965] 	Train:
[2022-10-13 19:14:01,965] 		# sentences: 218
[2022-10-13 19:14:01,965] 		# timexs: 320
[2022-10-13 19:14:01,965] 	Validation:
[2022-10-13 19:14:01,965] 		# sentences: 17
[2022-10-13 19:14:01,965] 		# timexs: 22
[2022-10-13 19:14:01,965] Initializing model for language fr.
[2022-10-13 19:14:05,006] Started train loop with id 20221013191405
[2022-10-13 19:14:05,009] Created vocabulary
[2022-10-13 19:14:05,010] Finished initializing nlp object
[2022-10-13 19:14:05,127]       |Loss 	|F1
[2022-10-13 19:14:05,127] Epoch |Train	|Train	|Validation
[2022-10-13 19:14:08,322]     1 |2.777	|0.5336	|0.5500
[2022-10-13 19:14:11,574]     2 |0.851	|0.8057	|0.7907
[2022-10-13 19:14:14,692]     3 |0.539	|0.7798	|0.7000
[2022-10-13 19:14:17,816]     4 |0.375	|0.9342	|0.7805
[2022-10-13 19:14:20,761]     5 |0.377	|0.8850	|0.6977
[2022-10-13 19:14:20,762] Training done.
[2022-10-13 19:14:20,762] Best validation f1: 0.7907
[2022-10-13 19:14:20,762] ----------------------------------------------------------------------------------------------------
[2022-10-13 19:14:22,603] ----------------------------------------------------------------------------------------------------
[2022-10-13 19:14:22,603] Start training for the following setup:
[2022-10-13 19:14:22,603] 	model: spacy
[2022-10-13 19:14:22,603] 	data: ['fr_timebank']
[2022-10-13 19:14:22,603] 	language: fr
[2022-10-13 19:14:22,603] 	n_epochs: 30
[2022-10-13 19:14:22,603] 	dropout: 0.4
[2022-10-13 19:14:22,603] 	learning_rate: None
[2022-10-13 19:14:22,604] 	trans_hidden_width: 16
[2022-10-13 19:14:22,604] 	trans_maxout_pieces: 2
[2022-10-13 19:14:22,604] 	trans_use_upper: True
[2022-10-13 19:14:22,604] 	embed_width: 128
[2022-10-13 19:14:22,604] 	embed_depth: 7
[2022-10-13 19:14:22,604] 	embed_size: 5000
[2022-10-13 19:14:22,604] 	embed_window_size: 2
[2022-10-13 19:14:22,604] 	embed_maxout_pieces: 2
[2022-10-13 19:14:22,604] 	embed_subword_features: True
[2022-10-13 19:14:22,604] 	models_path: /tei2go/models
[2022-10-13 19:14:22,604] 	resources_path: /tei2go/resources
[2022-10-13 19:14:22,604] 	logs_path: /tei2go/logs
[2022-10-13 19:14:22,604] 	data_path: /tei2go/data
[2022-10-13 19:14:22,604] 	gpu: False
[2022-10-13 19:14:22,604] Found preprocessed data.
[2022-10-13 19:14:22,605] Corpus statistics:
[2022-10-13 19:14:22,605] 	Train:
[2022-10-13 19:14:22,605] 		# sentences: 218
[2022-10-13 19:14:22,605] 		# timexs: 320
[2022-10-13 19:14:22,605] 	Validation:
[2022-10-13 19:14:22,605] 		# sentences: 17
[2022-10-13 19:14:22,605] 		# timexs: 22
[2022-10-13 19:14:22,605] Initializing model for language fr.
[2022-10-13 19:14:25,538] Started train loop with id 20221013191425
[2022-10-13 19:14:25,540] Created vocabulary
[2022-10-13 19:14:25,541] Finished initializing nlp object
[2022-10-13 19:14:25,590]       |Loss 	|F1
[2022-10-13 19:14:25,590] Epoch |Train	|Train	|Validation
[2022-10-13 19:14:30,285]     1 |4.256	|0.0000	|0.0000
[2022-10-13 19:14:34,788]     2 |1.543	|0.3108	|0.2000
[2022-10-13 19:14:39,358]     3 |1.954	|0.2723	|0.3077
[2022-10-13 19:14:44,216]     4 |1.195	|0.7245	|0.6316
[2022-10-13 19:14:48,750]     5 |0.819	|0.8377	|0.6522
[2022-10-13 19:14:53,327]     6 |0.520	|0.8955	|0.7805
[2022-10-13 19:14:58,051]     7 |0.435	|0.9102	|0.7805
[2022-10-13 19:15:02,659]     8 |0.468	|0.9245	|0.7143
[2022-10-13 19:15:07,204]     9 |0.450	|0.9327	|0.7317
[2022-10-13 19:15:11,767]    10 |0.314	|0.9425	|0.7143
[2022-10-13 19:15:11,768] Training done.
[2022-10-13 19:15:11,768] Best validation f1: 0.7805
[2022-10-13 19:15:11,768] ----------------------------------------------------------------------------------------------------
[2022-10-13 19:15:13,581] ----------------------------------------------------------------------------------------------------
[2022-10-13 19:15:13,581] Start training for the following setup:
[2022-10-13 19:15:13,581] 	model: spacy
[2022-10-13 19:15:13,581] 	data: ['fr_timebank']
[2022-10-13 19:15:13,581] 	language: fr
[2022-10-13 19:15:13,581] 	n_epochs: 30
[2022-10-13 19:15:13,581] 	dropout: 0.1
[2022-10-13 19:15:13,581] 	learning_rate: None
[2022-10-13 19:15:13,581] 	trans_hidden_width: 8
[2022-10-13 19:15:13,581] 	trans_maxout_pieces: 2
[2022-10-13 19:15:13,581] 	trans_use_upper: True
[2022-10-13 19:15:13,581] 	embed_width: 128
[2022-10-13 19:15:13,582] 	embed_depth: 5
[2022-10-13 19:15:13,582] 	embed_size: 2000
[2022-10-13 19:15:13,582] 	embed_window_size: 1
[2022-10-13 19:15:13,582] 	embed_maxout_pieces: 2
[2022-10-13 19:15:13,582] 	embed_subword_features: True
[2022-10-13 19:15:13,582] 	models_path: /tei2go/models
[2022-10-13 19:15:13,582] 	resources_path: /tei2go/resources
[2022-10-13 19:15:13,582] 	logs_path: /tei2go/logs
[2022-10-13 19:15:13,582] 	data_path: /tei2go/data
[2022-10-13 19:15:13,582] 	gpu: False
[2022-10-13 19:15:13,582] Found preprocessed data.
[2022-10-13 19:15:13,583] Corpus statistics:
[2022-10-13 19:15:13,583] 	Train:
[2022-10-13 19:15:13,583] 		# sentences: 218
[2022-10-13 19:15:13,583] 		# timexs: 320
[2022-10-13 19:15:13,583] 	Validation:
[2022-10-13 19:15:13,583] 		# sentences: 17
[2022-10-13 19:15:13,583] 		# timexs: 22
[2022-10-13 19:15:13,583] Initializing model for language fr.
[2022-10-13 19:15:16,554] Started train loop with id 20221013191516
[2022-10-13 19:15:16,557] Created vocabulary
[2022-10-13 19:15:16,557] Finished initializing nlp object
[2022-10-13 19:15:16,584]       |Loss 	|F1
[2022-10-13 19:15:16,584] Epoch |Train	|Train	|Validation
[2022-10-13 19:15:19,490]     1 |4.493	|0.0000	|0.0000
[2022-10-13 19:15:22,189]     2 |1.920	|0.2796	|0.3182
[2022-10-13 19:15:24,774]     3 |1.091	|0.3311	|0.3590
[2022-10-13 19:15:27,461]     4 |0.927	|0.5402	|0.5000
[2022-10-13 19:15:30,291]     5 |0.695	|0.8298	|0.6000
[2022-10-13 19:15:33,061]     6 |0.385	|0.9030	|0.7317
[2022-10-13 19:15:36,099]     7 |0.268	|0.9369	|0.7826
[2022-10-13 19:15:39,109]     8 |0.176	|0.9530	|0.7500
[2022-10-13 19:15:41,787]     9 |0.145	|0.9641	|0.8000
[2022-10-13 19:15:44,491]    10 |0.137	|0.9669	|0.7727
[2022-10-13 19:15:47,290]    11 |0.130	|0.9565	|0.7391
[2022-10-13 19:15:50,085]    12 |0.082	|0.9688	|0.8000
[2022-10-13 19:15:52,951]    13 |0.110	|0.9750	|0.8444
[2022-10-13 19:15:55,672]    14 |0.088	|0.9828	|0.7391
[2022-10-13 19:15:58,554]    15 |0.084	|0.9765	|0.7660
[2022-10-13 19:16:01,304]    16 |0.070	|0.9938	|0.8085
[2022-10-13 19:16:01,305] Training done.
[2022-10-13 19:16:01,305] Best validation f1: 0.8444
[2022-10-13 19:16:01,305] ----------------------------------------------------------------------------------------------------
[2022-10-13 19:16:03,228] ----------------------------------------------------------------------------------------------------
[2022-10-13 19:16:03,228] Start training for the following setup:
[2022-10-13 19:16:03,228] 	model: spacy
[2022-10-13 19:16:03,228] 	data: ['fr_timebank']
[2022-10-13 19:16:03,228] 	language: fr
[2022-10-13 19:16:03,228] 	n_epochs: 30
[2022-10-13 19:16:03,228] 	dropout: 0.3
[2022-10-13 19:16:03,228] 	learning_rate: None
[2022-10-13 19:16:03,228] 	trans_hidden_width: 16
[2022-10-13 19:16:03,228] 	trans_maxout_pieces: 2
[2022-10-13 19:16:03,228] 	trans_use_upper: True
[2022-10-13 19:16:03,228] 	embed_width: 96
[2022-10-13 19:16:03,228] 	embed_depth: 3
[2022-10-13 19:16:03,229] 	embed_size: 5000
[2022-10-13 19:16:03,229] 	embed_window_size: 1
[2022-10-13 19:16:03,229] 	embed_maxout_pieces: 3
[2022-10-13 19:16:03,229] 	embed_subword_features: True
[2022-10-13 19:16:03,229] 	models_path: /tei2go/models
[2022-10-13 19:16:03,229] 	resources_path: /tei2go/resources
[2022-10-13 19:16:03,229] 	logs_path: /tei2go/logs
[2022-10-13 19:16:03,229] 	data_path: /tei2go/data
[2022-10-13 19:16:03,229] 	gpu: False
[2022-10-13 19:16:03,229] Found preprocessed data.
[2022-10-13 19:16:03,230] Corpus statistics:
[2022-10-13 19:16:03,230] 	Train:
[2022-10-13 19:16:03,230] 		# sentences: 218
[2022-10-13 19:16:03,230] 		# timexs: 320
[2022-10-13 19:16:03,230] 	Validation:
[2022-10-13 19:16:03,230] 		# sentences: 17
[2022-10-13 19:16:03,230] 		# timexs: 22
[2022-10-13 19:16:03,230] Initializing model for language fr.
[2022-10-13 19:16:06,238] Started train loop with id 20221013191606
[2022-10-13 19:16:06,240] Created vocabulary
[2022-10-13 19:16:06,241] Finished initializing nlp object
[2022-10-13 19:16:06,271]       |Loss 	|F1
[2022-10-13 19:16:06,271] Epoch |Train	|Train	|Validation
[2022-10-13 19:16:08,940]     1 |5.172	|0.0000	|0.0000
[2022-10-13 19:16:11,382]     2 |1.490	|0.0220	|0.0000
[2022-10-13 19:16:13,943]     3 |1.312	|0.3980	|0.3158
[2022-10-13 19:16:16,455]     4 |1.075	|0.6525	|0.6000
[2022-10-13 19:16:18,830]     5 |0.788	|0.8044	|0.6364
[2022-10-13 19:16:21,126]     6 |0.497	|0.8772	|0.8000
[2022-10-13 19:16:23,330]     7 |0.372	|0.8892	|0.8372
[2022-10-13 19:16:25,686]     8 |0.340	|0.9269	|0.9048
[2022-10-13 19:16:28,015]     9 |0.262	|0.9346	|0.8293
[2022-10-13 19:16:30,271]    10 |0.266	|0.9437	|0.7805
[2022-10-13 19:16:32,461]    11 |0.229	|0.9472	|0.7727
[2022-10-13 19:16:32,461] Training done.
[2022-10-13 19:16:32,462] Best validation f1: 0.9048
[2022-10-13 19:16:32,462] ----------------------------------------------------------------------------------------------------
[2022-10-13 19:16:34,455] ----------------------------------------------------------------------------------------------------
[2022-10-13 19:16:34,455] Start training for the following setup:
[2022-10-13 19:16:34,455] 	model: spacy
[2022-10-13 19:16:34,455] 	data: ['fr_timebank']
[2022-10-13 19:16:34,456] 	language: fr
[2022-10-13 19:16:34,456] 	n_epochs: 30
[2022-10-13 19:16:34,456] 	dropout: 0.2
[2022-10-13 19:16:34,456] 	learning_rate: None
[2022-10-13 19:16:34,456] 	trans_hidden_width: 64
[2022-10-13 19:16:34,456] 	trans_maxout_pieces: 2
[2022-10-13 19:16:34,456] 	trans_use_upper: True
[2022-10-13 19:16:34,456] 	embed_width: 300
[2022-10-13 19:16:34,456] 	embed_depth: 5
[2022-10-13 19:16:34,456] 	embed_size: 3000
[2022-10-13 19:16:34,456] 	embed_window_size: 2
[2022-10-13 19:16:34,456] 	embed_maxout_pieces: 1
[2022-10-13 19:16:34,456] 	embed_subword_features: True
[2022-10-13 19:16:34,456] 	models_path: /tei2go/models
[2022-10-13 19:16:34,456] 	resources_path: /tei2go/resources
[2022-10-13 19:16:34,456] 	logs_path: /tei2go/logs
[2022-10-13 19:16:34,456] 	data_path: /tei2go/data
[2022-10-13 19:16:34,456] 	gpu: False
[2022-10-13 19:16:34,456] Found preprocessed data.
[2022-10-13 19:16:34,457] Corpus statistics:
[2022-10-13 19:16:34,457] 	Train:
[2022-10-13 19:16:34,457] 		# sentences: 218
[2022-10-13 19:16:34,457] 		# timexs: 320
[2022-10-13 19:16:34,457] 	Validation:
[2022-10-13 19:16:34,457] 		# sentences: 17
[2022-10-13 19:16:34,457] 		# timexs: 22
[2022-10-13 19:16:34,457] Initializing model for language fr.
[2022-10-13 19:16:37,453] Started train loop with id 20221013191637
[2022-10-13 19:16:37,456] Created vocabulary
[2022-10-13 19:16:37,457] Finished initializing nlp object
[2022-10-13 19:16:37,578]       |Loss 	|F1
[2022-10-13 19:16:37,579] Epoch |Train	|Train	|Validation
[2022-10-13 19:16:45,750]     1 |2.718	|0.1010	|0.0488
[2022-10-13 19:16:53,217]     2 |0.931	|0.7919	|0.6667
[2022-10-13 19:17:00,863]     3 |0.510	|0.8487	|0.6829
[2022-10-13 19:17:09,277]     4 |0.370	|0.9323	|0.8000
[2022-10-13 19:17:17,587]     5 |0.318	|0.9119	|0.6667
[2022-10-13 19:17:25,450]     6 |0.267	|0.8231	|0.4186
[2022-10-13 19:17:32,761]     7 |0.279	|0.9503	|0.6087
[2022-10-13 19:17:32,762] Training done.
[2022-10-13 19:17:32,762] Best validation f1: 0.8000
[2022-10-13 19:17:32,762] ----------------------------------------------------------------------------------------------------
[2022-10-13 19:17:34,542] ----------------------------------------------------------------------------------------------------
[2022-10-13 19:17:34,543] Start training for the following setup:
[2022-10-13 19:17:34,543] 	model: spacy
[2022-10-13 19:17:34,543] 	data: ['fr_timebank']
[2022-10-13 19:17:34,543] 	language: fr
[2022-10-13 19:17:34,543] 	n_epochs: 30
[2022-10-13 19:17:34,543] 	dropout: 0.5
[2022-10-13 19:17:34,543] 	learning_rate: None
[2022-10-13 19:17:34,543] 	trans_hidden_width: 8
[2022-10-13 19:17:34,543] 	trans_maxout_pieces: 1
[2022-10-13 19:17:34,543] 	trans_use_upper: True
[2022-10-13 19:17:34,543] 	embed_width: 300
[2022-10-13 19:17:34,543] 	embed_depth: 5
[2022-10-13 19:17:34,543] 	embed_size: 3000
[2022-10-13 19:17:34,543] 	embed_window_size: 1
[2022-10-13 19:17:34,543] 	embed_maxout_pieces: 2
[2022-10-13 19:17:34,543] 	embed_subword_features: True
[2022-10-13 19:17:34,543] 	models_path: /tei2go/models
[2022-10-13 19:17:34,543] 	resources_path: /tei2go/resources
[2022-10-13 19:17:34,543] 	logs_path: /tei2go/logs
[2022-10-13 19:17:34,543] 	data_path: /tei2go/data
[2022-10-13 19:17:34,543] 	gpu: False
[2022-10-13 19:17:34,543] Found preprocessed data.
[2022-10-13 19:17:34,544] Corpus statistics:
[2022-10-13 19:17:34,544] 	Train:
[2022-10-13 19:17:34,544] 		# sentences: 218
[2022-10-13 19:17:34,544] 		# timexs: 320
[2022-10-13 19:17:34,544] 	Validation:
[2022-10-13 19:17:34,544] 		# sentences: 17
[2022-10-13 19:17:34,545] 		# timexs: 22
[2022-10-13 19:17:34,545] Initializing model for language fr.
[2022-10-13 19:17:37,424] Started train loop with id 20221013191737
[2022-10-13 19:17:37,426] Created vocabulary
[2022-10-13 19:17:37,427] Finished initializing nlp object
[2022-10-13 19:17:37,506]       |Loss 	|F1
[2022-10-13 19:17:37,506] Epoch |Train	|Train	|Validation
[2022-10-13 19:17:44,873]     1 |4.507	|0.1117	|0.0870
[2022-10-13 19:17:53,502]     2 |1.527	|0.3339	|0.3077
[2022-10-13 19:18:01,207]     3 |1.745	|0.4797	|0.5714
[2022-10-13 19:18:08,666]     4 |1.075	|0.6384	|0.6341
[2022-10-13 19:18:16,230]     5 |0.857	|0.7250	|0.6341
[2022-10-13 19:18:23,829]     6 |0.690	|0.8518	|0.8182
[2022-10-13 19:18:31,847]     7 |0.542	|0.8598	|0.7273
[2022-10-13 19:18:40,021]     8 |0.518	|0.8892	|0.7273
[2022-10-13 19:18:49,150]     9 |0.458	|0.9161	|0.7556
[2022-10-13 19:18:49,151] Training done.
[2022-10-13 19:18:49,151] Best validation f1: 0.8182
[2022-10-13 19:18:49,151] ----------------------------------------------------------------------------------------------------
[2022-10-13 19:18:51,145] ----------------------------------------------------------------------------------------------------
[2022-10-13 19:18:51,145] Start training for the following setup:
[2022-10-13 19:18:51,145] 	model: spacy
[2022-10-13 19:18:51,145] 	data: ['fr_timebank']
[2022-10-13 19:18:51,145] 	language: fr
[2022-10-13 19:18:51,145] 	n_epochs: 30
[2022-10-13 19:18:51,145] 	dropout: 0.0
[2022-10-13 19:18:51,145] 	learning_rate: None
[2022-10-13 19:18:51,145] 	trans_hidden_width: 16
[2022-10-13 19:18:51,145] 	trans_maxout_pieces: 1
[2022-10-13 19:18:51,145] 	trans_use_upper: True
[2022-10-13 19:18:51,145] 	embed_width: 300
[2022-10-13 19:18:51,145] 	embed_depth: 4
[2022-10-13 19:18:51,145] 	embed_size: 5000
[2022-10-13 19:18:51,145] 	embed_window_size: 1
[2022-10-13 19:18:51,145] 	embed_maxout_pieces: 2
[2022-10-13 19:18:51,146] 	embed_subword_features: True
[2022-10-13 19:18:51,146] 	models_path: /tei2go/models
[2022-10-13 19:18:51,146] 	resources_path: /tei2go/resources
[2022-10-13 19:18:51,146] 	logs_path: /tei2go/logs
[2022-10-13 19:18:51,146] 	data_path: /tei2go/data
[2022-10-13 19:18:51,146] 	gpu: False
[2022-10-13 19:18:51,146] Found preprocessed data.
[2022-10-13 19:18:51,147] Corpus statistics:
[2022-10-13 19:18:51,147] 	Train:
[2022-10-13 19:18:51,147] 		# sentences: 218
[2022-10-13 19:18:51,147] 		# timexs: 320
[2022-10-13 19:18:51,147] 	Validation:
[2022-10-13 19:18:51,147] 		# sentences: 17
[2022-10-13 19:18:51,147] 		# timexs: 22
[2022-10-13 19:18:51,147] Initializing model for language fr.
[2022-10-13 19:18:54,298] Started train loop with id 20221013191854
[2022-10-13 19:18:54,300] Created vocabulary
[2022-10-13 19:18:54,301] Finished initializing nlp object
[2022-10-13 19:18:54,394]       |Loss 	|F1
[2022-10-13 19:18:54,394] Epoch |Train	|Train	|Validation
[2022-10-13 19:19:02,871]     1 |3.009	|0.0038	|0.0513
[2022-10-13 19:19:10,169]     2 |1.382	|0.3156	|0.3556
[2022-10-13 19:19:17,946]     3 |0.849	|0.7769	|0.5366
[2022-10-13 19:19:24,986]     4 |0.446	|0.8643	|0.7451
[2022-10-13 19:19:33,591]     5 |0.329	|0.9262	|0.8261
[2022-10-13 19:19:41,174]     6 |0.221	|0.9272	|0.8000
[2022-10-13 19:19:48,593]     7 |0.169	|0.8932	|0.6250
[2022-10-13 19:19:56,717]     8 |0.173	|0.9626	|0.7556
[2022-10-13 19:19:56,722] Training done.
[2022-10-13 19:19:56,722] Best validation f1: 0.8261
[2022-10-13 19:19:56,722] ----------------------------------------------------------------------------------------------------
[2022-10-13 19:19:58,664] ----------------------------------------------------------------------------------------------------
[2022-10-13 19:19:58,664] Start training for the following setup:
[2022-10-13 19:19:58,664] 	model: spacy
[2022-10-13 19:19:58,664] 	data: ['fr_timebank']
[2022-10-13 19:19:58,664] 	language: fr
[2022-10-13 19:19:58,664] 	n_epochs: 30
[2022-10-13 19:19:58,664] 	dropout: 0.0
[2022-10-13 19:19:58,664] 	learning_rate: None
[2022-10-13 19:19:58,664] 	trans_hidden_width: 256
[2022-10-13 19:19:58,664] 	trans_maxout_pieces: 3
[2022-10-13 19:19:58,664] 	trans_use_upper: True
[2022-10-13 19:19:58,665] 	embed_width: 300
[2022-10-13 19:19:58,665] 	embed_depth: 7
[2022-10-13 19:19:58,665] 	embed_size: 4000
[2022-10-13 19:19:58,665] 	embed_window_size: 1
[2022-10-13 19:19:58,665] 	embed_maxout_pieces: 1
[2022-10-13 19:19:58,665] 	embed_subword_features: True
[2022-10-13 19:19:58,665] 	models_path: /tei2go/models
[2022-10-13 19:19:58,665] 	resources_path: /tei2go/resources
[2022-10-13 19:19:58,665] 	logs_path: /tei2go/logs
[2022-10-13 19:19:58,665] 	data_path: /tei2go/data
[2022-10-13 19:19:58,665] 	gpu: False
[2022-10-13 19:19:58,665] Found preprocessed data.
[2022-10-13 19:19:58,666] Corpus statistics:
[2022-10-13 19:19:58,666] 	Train:
[2022-10-13 19:19:58,666] 		# sentences: 218
[2022-10-13 19:19:58,666] 		# timexs: 320
[2022-10-13 19:19:58,666] 	Validation:
[2022-10-13 19:19:58,666] 		# sentences: 17
[2022-10-13 19:19:58,666] 		# timexs: 22
[2022-10-13 19:19:58,666] Initializing model for language fr.
[2022-10-13 19:20:01,753] Started train loop with id 20221013192001
[2022-10-13 19:20:01,755] Created vocabulary
[2022-10-13 19:20:01,756] Finished initializing nlp object
[2022-10-13 19:20:02,211]       |Loss 	|F1
[2022-10-13 19:20:02,211] Epoch |Train	|Train	|Validation
[2022-10-13 19:20:13,944]     1 |2.142	|0.5749	|0.4000
[2022-10-13 19:20:25,777]     2 |1.074	|0.7695	|0.6250
[2022-10-13 19:20:36,774]     3 |0.668	|0.7785	|0.6857
[2022-10-13 19:20:47,308]     4 |0.433	|0.6688	|0.6667
[2022-10-13 19:20:57,913]     5 |0.455	|0.8378	|0.8000
[2022-10-13 19:21:08,884]     6 |0.273	|0.8963	|0.8636
[2022-10-13 19:21:19,619]     7 |0.270	|0.9452	|0.7907
[2022-10-13 19:21:31,249]     8 |0.235	|0.8548	|0.7805
[2022-10-13 19:21:43,322]     9 |0.309	|0.8549	|0.6829
[2022-10-13 19:21:43,323] Training done.
[2022-10-13 19:21:43,323] Best validation f1: 0.8636
[2022-10-13 19:21:43,323] ----------------------------------------------------------------------------------------------------
[2022-10-13 19:21:45,491] ----------------------------------------------------------------------------------------------------
[2022-10-13 19:21:45,491] Start training for the following setup:
[2022-10-13 19:21:45,491] 	model: spacy
[2022-10-13 19:21:45,491] 	data: ['fr_timebank']
[2022-10-13 19:21:45,491] 	language: fr
[2022-10-13 19:21:45,491] 	n_epochs: 30
[2022-10-13 19:21:45,491] 	dropout: 0.1
[2022-10-13 19:21:45,491] 	learning_rate: None
[2022-10-13 19:21:45,491] 	trans_hidden_width: 128
[2022-10-13 19:21:45,491] 	trans_maxout_pieces: 1
[2022-10-13 19:21:45,491] 	trans_use_upper: True
[2022-10-13 19:21:45,491] 	embed_width: 96
[2022-10-13 19:21:45,491] 	embed_depth: 5
[2022-10-13 19:21:45,491] 	embed_size: 3000
[2022-10-13 19:21:45,491] 	embed_window_size: 1
[2022-10-13 19:21:45,492] 	embed_maxout_pieces: 3
[2022-10-13 19:21:45,492] 	embed_subword_features: True
[2022-10-13 19:21:45,492] 	models_path: /tei2go/models
[2022-10-13 19:21:45,492] 	resources_path: /tei2go/resources
[2022-10-13 19:21:45,492] 	logs_path: /tei2go/logs
[2022-10-13 19:21:45,492] 	data_path: /tei2go/data
[2022-10-13 19:21:45,492] 	gpu: False
[2022-10-13 19:21:45,492] Found preprocessed data.
[2022-10-13 19:21:45,493] Corpus statistics:
[2022-10-13 19:21:45,493] 	Train:
[2022-10-13 19:21:45,493] 		# sentences: 218
[2022-10-13 19:21:45,493] 		# timexs: 320
[2022-10-13 19:21:45,493] 	Validation:
[2022-10-13 19:21:45,493] 		# sentences: 17
[2022-10-13 19:21:45,493] 		# timexs: 22
[2022-10-13 19:21:45,493] Initializing model for language fr.
[2022-10-13 19:21:48,722] Started train loop with id 20221013192148
[2022-10-13 19:21:48,725] Created vocabulary
[2022-10-13 19:21:48,725] Finished initializing nlp object
[2022-10-13 19:21:48,871]       |Loss 	|F1
[2022-10-13 19:21:48,871] Epoch |Train	|Train	|Validation
[2022-10-13 19:21:51,796]     1 |3.087	|0.1783	|0.1714
[2022-10-13 19:21:54,604]     2 |1.384	|0.3327	|0.2299
[2022-10-13 19:21:57,385]     3 |0.782	|0.5588	|0.5200
[2022-10-13 19:22:00,130]     4 |0.397	|0.8688	|0.7442
[2022-10-13 19:22:02,912]     5 |0.373	|0.6320	|0.5652
[2022-10-13 19:22:05,836]     6 |0.247	|0.9012	|0.6531
[2022-10-13 19:22:08,605]     7 |0.184	|0.9276	|0.6087
[2022-10-13 19:22:08,606] Training done.
[2022-10-13 19:22:08,606] Best validation f1: 0.7442
[2022-10-13 19:22:08,606] ----------------------------------------------------------------------------------------------------
[2022-10-13 19:22:10,588] ----------------------------------------------------------------------------------------------------
[2022-10-13 19:22:10,588] Start training for the following setup:
[2022-10-13 19:22:10,588] 	model: spacy
[2022-10-13 19:22:10,588] 	data: ['fr_timebank']
[2022-10-13 19:22:10,588] 	language: fr
[2022-10-13 19:22:10,588] 	n_epochs: 30
[2022-10-13 19:22:10,588] 	dropout: 0.3
[2022-10-13 19:22:10,588] 	learning_rate: None
[2022-10-13 19:22:10,588] 	trans_hidden_width: 32
[2022-10-13 19:22:10,588] 	trans_maxout_pieces: 3
[2022-10-13 19:22:10,588] 	trans_use_upper: True
[2022-10-13 19:22:10,588] 	embed_width: 128
[2022-10-13 19:22:10,588] 	embed_depth: 3
[2022-10-13 19:22:10,588] 	embed_size: 6000
[2022-10-13 19:22:10,588] 	embed_window_size: 2
[2022-10-13 19:22:10,588] 	embed_maxout_pieces: 2
[2022-10-13 19:22:10,589] 	embed_subword_features: True
[2022-10-13 19:22:10,589] 	models_path: /tei2go/models
[2022-10-13 19:22:10,589] 	resources_path: /tei2go/resources
[2022-10-13 19:22:10,589] 	logs_path: /tei2go/logs
[2022-10-13 19:22:10,589] 	data_path: /tei2go/data
[2022-10-13 19:22:10,589] 	gpu: False
[2022-10-13 19:22:10,589] Found preprocessed data.
[2022-10-13 19:22:10,590] Corpus statistics:
[2022-10-13 19:22:10,590] 	Train:
[2022-10-13 19:22:10,590] 		# sentences: 218
[2022-10-13 19:22:10,590] 		# timexs: 320
[2022-10-13 19:22:10,590] 	Validation:
[2022-10-13 19:22:10,590] 		# sentences: 17
[2022-10-13 19:22:10,590] 		# timexs: 22
[2022-10-13 19:22:10,590] Initializing model for language fr.
[2022-10-13 19:22:13,533] Started train loop with id 20221013192213
[2022-10-13 19:22:13,535] Created vocabulary
[2022-10-13 19:22:13,536] Finished initializing nlp object
[2022-10-13 19:22:13,590]       |Loss 	|F1
[2022-10-13 19:22:13,590] Epoch |Train	|Train	|Validation
[2022-10-13 19:22:16,837]     1 |3.898	|0.0000	|0.0000
[2022-10-13 19:22:20,031]     2 |2.491	|0.0464	|0.0000
[2022-10-13 19:22:23,126]     3 |1.154	|0.4382	|0.5405
[2022-10-13 19:22:26,319]     4 |0.658	|0.8903	|0.7368
[2022-10-13 19:22:29,361]     5 |0.400	|0.9114	|0.7317
[2022-10-13 19:22:32,334]     6 |0.340	|0.9348	|0.6190
[2022-10-13 19:22:35,396]     7 |0.227	|0.9580	|0.7907
[2022-10-13 19:22:38,547]     8 |0.179	|0.9534	|0.7391
[2022-10-13 19:22:41,685]     9 |0.175	|0.9536	|0.7234
[2022-10-13 19:22:44,834]    10 |0.176	|0.9641	|0.7273
[2022-10-13 19:22:44,835] Training done.
[2022-10-13 19:22:44,835] Best validation f1: 0.7907
[2022-10-13 19:22:44,835] ----------------------------------------------------------------------------------------------------
[2022-10-13 19:22:46,986] ----------------------------------------------------------------------------------------------------
[2022-10-13 19:22:46,987] Start training for the following setup:
[2022-10-13 19:22:46,987] 	model: spacy
[2022-10-13 19:22:46,987] 	data: ['fr_timebank']
[2022-10-13 19:22:46,987] 	language: fr
[2022-10-13 19:22:46,987] 	n_epochs: 30
[2022-10-13 19:22:46,987] 	dropout: 0.1
[2022-10-13 19:22:46,987] 	learning_rate: None
[2022-10-13 19:22:46,987] 	trans_hidden_width: 64
[2022-10-13 19:22:46,987] 	trans_maxout_pieces: 2
[2022-10-13 19:22:46,988] 	trans_use_upper: True
[2022-10-13 19:22:46,988] 	embed_width: 128
[2022-10-13 19:22:46,988] 	embed_depth: 3
[2022-10-13 19:22:46,988] 	embed_size: 9000
[2022-10-13 19:22:46,988] 	embed_window_size: 2
[2022-10-13 19:22:46,988] 	embed_maxout_pieces: 2
[2022-10-13 19:22:46,988] 	embed_subword_features: True
[2022-10-13 19:22:46,988] 	models_path: /tei2go/models
[2022-10-13 19:22:46,988] 	resources_path: /tei2go/resources
[2022-10-13 19:22:46,988] 	logs_path: /tei2go/logs
[2022-10-13 19:22:46,988] 	data_path: /tei2go/data
[2022-10-13 19:22:46,988] 	gpu: False
[2022-10-13 19:22:46,988] Found preprocessed data.
[2022-10-13 19:22:46,989] Corpus statistics:
[2022-10-13 19:22:46,990] 	Train:
[2022-10-13 19:22:46,990] 		# sentences: 218
[2022-10-13 19:22:46,990] 		# timexs: 320
[2022-10-13 19:22:46,990] 	Validation:
[2022-10-13 19:22:46,990] 		# sentences: 17
[2022-10-13 19:22:46,990] 		# timexs: 22
[2022-10-13 19:22:46,990] Initializing model for language fr.
[2022-10-13 19:22:50,024] Started train loop with id 20221013192250
[2022-10-13 19:22:50,027] Created vocabulary
[2022-10-13 19:22:50,027] Finished initializing nlp object
[2022-10-13 19:22:50,099]       |Loss 	|F1
[2022-10-13 19:22:50,099] Epoch |Train	|Train	|Validation
[2022-10-13 19:22:54,201]     1 |3.325	|0.4048	|0.1935
[2022-10-13 19:22:58,547]     2 |1.253	|0.6254	|0.6512
[2022-10-13 19:23:02,291]     3 |0.530	|0.9065	|0.7692
[2022-10-13 19:23:05,789]     4 |0.508	|0.9384	|0.6842
[2022-10-13 19:23:09,389]     5 |0.167	|0.9441	|0.7805
[2022-10-13 19:23:13,045]     6 |0.135	|0.9669	|0.7368
[2022-10-13 19:23:16,829]     7 |0.121	|0.9843	|0.8000
[2022-10-13 19:23:20,371]     8 |0.082	|0.9525	|0.7805
[2022-10-13 19:23:23,893]     9 |0.107	|0.9827	|0.8571
[2022-10-13 19:23:27,500]    10 |0.049	|0.9891	|0.7143
[2022-10-13 19:23:31,029]    11 |0.048	|0.9922	|0.7317
[2022-10-13 19:23:34,532]    12 |0.054	|0.9937	|0.7500
[2022-10-13 19:23:34,533] Training done.
[2022-10-13 19:23:34,533] Best validation f1: 0.8571
[2022-10-13 19:23:34,533] ----------------------------------------------------------------------------------------------------
[2022-10-13 19:23:36,346] ----------------------------------------------------------------------------------------------------
[2022-10-13 19:23:36,346] Start training for the following setup:
[2022-10-13 19:23:36,346] 	model: spacy
[2022-10-13 19:23:36,346] 	data: ['fr_timebank']
[2022-10-13 19:23:36,346] 	language: fr
[2022-10-13 19:23:36,346] 	n_epochs: 30
[2022-10-13 19:23:36,346] 	dropout: 0.4
[2022-10-13 19:23:36,346] 	learning_rate: None
[2022-10-13 19:23:36,346] 	trans_hidden_width: 256
[2022-10-13 19:23:36,346] 	trans_maxout_pieces: 3
[2022-10-13 19:23:36,346] 	trans_use_upper: True
[2022-10-13 19:23:36,346] 	embed_width: 128
[2022-10-13 19:23:36,346] 	embed_depth: 4
[2022-10-13 19:23:36,346] 	embed_size: 3000
[2022-10-13 19:23:36,346] 	embed_window_size: 1
[2022-10-13 19:23:36,346] 	embed_maxout_pieces: 3
[2022-10-13 19:23:36,346] 	embed_subword_features: True
[2022-10-13 19:23:36,346] 	models_path: /tei2go/models
[2022-10-13 19:23:36,346] 	resources_path: /tei2go/resources
[2022-10-13 19:23:36,347] 	logs_path: /tei2go/logs
[2022-10-13 19:23:36,347] 	data_path: /tei2go/data
[2022-10-13 19:23:36,347] 	gpu: False
[2022-10-13 19:23:36,347] Found preprocessed data.
[2022-10-13 19:23:36,347] Corpus statistics:
[2022-10-13 19:23:36,348] 	Train:
[2022-10-13 19:23:36,348] 		# sentences: 218
[2022-10-13 19:23:36,348] 		# timexs: 320
[2022-10-13 19:23:36,348] 	Validation:
[2022-10-13 19:23:36,348] 		# sentences: 17
[2022-10-13 19:23:36,348] 		# timexs: 22
[2022-10-13 19:23:36,348] Initializing model for language fr.
[2022-10-13 19:23:39,286] Started train loop with id 20221013192339
[2022-10-13 19:23:39,288] Created vocabulary
[2022-10-13 19:23:39,289] Finished initializing nlp object
[2022-10-13 19:23:39,650]       |Loss 	|F1
[2022-10-13 19:23:39,650] Epoch |Train	|Train	|Validation
[2022-10-13 19:23:47,018]     1 |2.483	|0.1524	|0.2069
[2022-10-13 19:23:54,253]     2 |1.582	|0.4941	|0.4737
[2022-10-13 19:24:01,746]     3 |1.188	|0.8054	|0.6667
[2022-10-13 19:24:09,462]     4 |1.041	|0.7783	|0.7317
[2022-10-13 19:24:16,718]     5 |0.851	|0.8147	|0.7619
[2022-10-13 19:24:23,727]     6 |0.825	|0.8810	|0.8182
[2022-10-13 19:24:30,610]     7 |0.602	|0.8790	|0.7500
[2022-10-13 19:24:37,290]     8 |0.566	|0.8519	|0.7727
[2022-10-13 19:24:44,451]     9 |0.773	|0.9185	|0.7273
[2022-10-13 19:24:44,452] Training done.
[2022-10-13 19:24:44,452] Best validation f1: 0.8182
[2022-10-13 19:24:44,452] ----------------------------------------------------------------------------------------------------
[2022-10-13 19:24:46,311] ----------------------------------------------------------------------------------------------------
[2022-10-13 19:24:46,311] Start training for the following setup:
[2022-10-13 19:24:46,311] 	model: spacy
[2022-10-13 19:24:46,311] 	data: ['fr_timebank']
[2022-10-13 19:24:46,311] 	language: fr
[2022-10-13 19:24:46,311] 	n_epochs: 30
[2022-10-13 19:24:46,311] 	dropout: 0.4
[2022-10-13 19:24:46,311] 	learning_rate: None
[2022-10-13 19:24:46,311] 	trans_hidden_width: 64
[2022-10-13 19:24:46,311] 	trans_maxout_pieces: 3
[2022-10-13 19:24:46,311] 	trans_use_upper: True
[2022-10-13 19:24:46,311] 	embed_width: 300
[2022-10-13 19:24:46,311] 	embed_depth: 2
[2022-10-13 19:24:46,311] 	embed_size: 7000
[2022-10-13 19:24:46,312] 	embed_window_size: 2
[2022-10-13 19:24:46,312] 	embed_maxout_pieces: 3
[2022-10-13 19:24:46,312] 	embed_subword_features: True
[2022-10-13 19:24:46,312] 	models_path: /tei2go/models
[2022-10-13 19:24:46,312] 	resources_path: /tei2go/resources
[2022-10-13 19:24:46,312] 	logs_path: /tei2go/logs
[2022-10-13 19:24:46,312] 	data_path: /tei2go/data
[2022-10-13 19:24:46,312] 	gpu: False
[2022-10-13 19:24:46,312] Found preprocessed data.
[2022-10-13 19:24:46,313] Corpus statistics:
[2022-10-13 19:24:46,313] 	Train:
[2022-10-13 19:24:46,313] 		# sentences: 218
[2022-10-13 19:24:46,313] 		# timexs: 320
[2022-10-13 19:24:46,313] 	Validation:
[2022-10-13 19:24:46,313] 		# sentences: 17
[2022-10-13 19:24:46,313] 		# timexs: 22
[2022-10-13 19:24:46,313] Initializing model for language fr.
[2022-10-13 19:24:49,172] Started train loop with id 20221013192449
[2022-10-13 19:24:49,175] Created vocabulary
[2022-10-13 19:24:49,175] Finished initializing nlp object
[2022-10-13 19:24:49,306]       |Loss 	|F1
[2022-10-13 19:24:49,306] Epoch |Train	|Train	|Validation
[2022-10-13 19:24:57,946]     1 |3.086	|0.0000	|0.0000
[2022-10-13 19:25:06,079]     2 |1.624	|0.2852	|0.3077
[2022-10-13 19:25:14,461]     3 |0.881	|0.8155	|0.7179
[2022-10-13 19:25:23,359]     4 |0.485	|0.9031	|0.8293
[2022-10-13 19:25:32,276]     5 |0.379	|0.9360	|0.8372
[2022-10-13 19:25:41,235]     6 |0.318	|0.9516	|0.7179
[2022-10-13 19:25:49,693]     7 |0.230	|0.9518	|0.8182
[2022-10-13 19:25:57,765]     8 |0.201	|0.9549	|0.8261
[2022-10-13 19:25:57,768] Training done.
[2022-10-13 19:25:57,768] Best validation f1: 0.8372
[2022-10-13 19:25:57,768] ----------------------------------------------------------------------------------------------------
[2022-10-13 19:25:59,526] ----------------------------------------------------------------------------------------------------
[2022-10-13 19:25:59,526] Start training for the following setup:
[2022-10-13 19:25:59,526] 	model: spacy
[2022-10-13 19:25:59,526] 	data: ['fr_timebank']
[2022-10-13 19:25:59,526] 	language: fr
[2022-10-13 19:25:59,526] 	n_epochs: 30
[2022-10-13 19:25:59,526] 	dropout: 0.3
[2022-10-13 19:25:59,526] 	learning_rate: None
[2022-10-13 19:25:59,526] 	trans_hidden_width: 64
[2022-10-13 19:25:59,526] 	trans_maxout_pieces: 2
[2022-10-13 19:25:59,526] 	trans_use_upper: True
[2022-10-13 19:25:59,526] 	embed_width: 96
[2022-10-13 19:25:59,526] 	embed_depth: 3
[2022-10-13 19:25:59,526] 	embed_size: 3000
[2022-10-13 19:25:59,526] 	embed_window_size: 1
[2022-10-13 19:25:59,526] 	embed_maxout_pieces: 2
[2022-10-13 19:25:59,526] 	embed_subword_features: True
[2022-10-13 19:25:59,526] 	models_path: /tei2go/models
[2022-10-13 19:25:59,526] 	resources_path: /tei2go/resources
[2022-10-13 19:25:59,526] 	logs_path: /tei2go/logs
[2022-10-13 19:25:59,526] 	data_path: /tei2go/data
[2022-10-13 19:25:59,526] 	gpu: False
[2022-10-13 19:25:59,526] Found preprocessed data.
[2022-10-13 19:25:59,527] Corpus statistics:
[2022-10-13 19:25:59,527] 	Train:
[2022-10-13 19:25:59,527] 		# sentences: 218
[2022-10-13 19:25:59,527] 		# timexs: 320
[2022-10-13 19:25:59,527] 	Validation:
[2022-10-13 19:25:59,528] 		# sentences: 17
[2022-10-13 19:25:59,528] 		# timexs: 22
[2022-10-13 19:25:59,528] Initializing model for language fr.
[2022-10-13 19:26:02,363] Started train loop with id 20221013192602
[2022-10-13 19:26:02,366] Created vocabulary
[2022-10-13 19:26:02,366] Finished initializing nlp object
[2022-10-13 19:26:02,413]       |Loss 	|F1
[2022-10-13 19:26:02,413] Epoch |Train	|Train	|Validation
[2022-10-13 19:26:04,524]     1 |4.015	|0.2293	|0.2963
[2022-10-13 19:26:06,533]     2 |1.461	|0.3399	|0.2857
[2022-10-13 19:26:08,515]     3 |0.959	|0.8146	|0.8718
[2022-10-13 19:26:10,515]     4 |0.622	|0.8710	|0.9000
[2022-10-13 19:26:12,521]     5 |0.571	|0.8991	|0.7442
[2022-10-13 19:26:14,533]     6 |0.420	|0.9260	|0.7805
[2022-10-13 19:26:16,533]     7 |0.370	|0.9159	|0.8372
[2022-10-13 19:26:16,534] Training done.
[2022-10-13 19:26:16,534] Best validation f1: 0.9000
[2022-10-13 19:26:16,534] ----------------------------------------------------------------------------------------------------
[2022-10-13 19:26:18,286] ----------------------------------------------------------------------------------------------------
[2022-10-13 19:26:18,287] Start training for the following setup:
[2022-10-13 19:26:18,287] 	model: spacy
[2022-10-13 19:26:18,287] 	data: ['fr_timebank']
[2022-10-13 19:26:18,287] 	language: fr
[2022-10-13 19:26:18,287] 	n_epochs: 30
[2022-10-13 19:26:18,287] 	dropout: 0.1
[2022-10-13 19:26:18,287] 	learning_rate: None
[2022-10-13 19:26:18,287] 	trans_hidden_width: 32
[2022-10-13 19:26:18,287] 	trans_maxout_pieces: 2
[2022-10-13 19:26:18,287] 	trans_use_upper: True
[2022-10-13 19:26:18,287] 	embed_width: 96
[2022-10-13 19:26:18,287] 	embed_depth: 2
[2022-10-13 19:26:18,287] 	embed_size: 9000
[2022-10-13 19:26:18,287] 	embed_window_size: 2
[2022-10-13 19:26:18,287] 	embed_maxout_pieces: 2
[2022-10-13 19:26:18,287] 	embed_subword_features: True
[2022-10-13 19:26:18,287] 	models_path: /tei2go/models
[2022-10-13 19:26:18,287] 	resources_path: /tei2go/resources
[2022-10-13 19:26:18,287] 	logs_path: /tei2go/logs
[2022-10-13 19:26:18,287] 	data_path: /tei2go/data
[2022-10-13 19:26:18,287] 	gpu: False
[2022-10-13 19:26:18,287] Found preprocessed data.
[2022-10-13 19:26:18,288] Corpus statistics:
[2022-10-13 19:26:18,288] 	Train:
[2022-10-13 19:26:18,288] 		# sentences: 218
[2022-10-13 19:26:18,288] 		# timexs: 320
[2022-10-13 19:26:18,288] 	Validation:
[2022-10-13 19:26:18,288] 		# sentences: 17
[2022-10-13 19:26:18,288] 		# timexs: 22
[2022-10-13 19:26:18,288] Initializing model for language fr.
[2022-10-13 19:26:21,095] Started train loop with id 20221013192621
[2022-10-13 19:26:21,098] Created vocabulary
[2022-10-13 19:26:21,098] Finished initializing nlp object
[2022-10-13 19:26:21,140]       |Loss 	|F1
[2022-10-13 19:26:21,140] Epoch |Train	|Train	|Validation
[2022-10-13 19:26:23,680]     1 |4.160	|0.0992	|0.0000
[2022-10-13 19:26:26,080]     2 |1.574	|0.2732	|0.2927
[2022-10-13 19:26:28,496]     3 |0.779	|0.7290	|0.6500
[2022-10-13 19:26:30,902]     4 |0.361	|0.8938	|0.8293
[2022-10-13 19:26:33,336]     5 |0.240	|0.9425	|0.7273
[2022-10-13 19:26:35,732]     6 |0.205	|0.9549	|0.8095
[2022-10-13 19:26:38,114]     7 |0.129	|0.9687	|0.7000
[2022-10-13 19:26:38,115] Training done.
[2022-10-13 19:26:38,115] Best validation f1: 0.8293
[2022-10-13 19:26:38,116] ----------------------------------------------------------------------------------------------------
