[2022-10-02 13:10:52,351] ----------------------------------------------------------------------------------------------------
[2022-10-02 13:10:52,351] Start training for the following setup:
[2022-10-02 13:10:52,351] 	model: spacy
[2022-10-02 13:10:52,351] 	data: ['timebankpt']
[2022-10-02 13:10:52,351] 	language: pt
[2022-10-02 13:10:52,351] 	n_epochs: 15
[2022-10-02 13:10:52,351] 	dropout: 0.0
[2022-10-02 13:10:52,351] 	batch_size: None
[2022-10-02 13:10:52,351] 	learning_rate: None
[2022-10-02 13:10:52,351] 	embeddings: None
[2022-10-02 13:10:52,351] 	models_path: /home/hugosousa/Projects/tei2go/models
[2022-10-02 13:10:52,351] 	resources_path: /home/hugosousa/Projects/tei2go/resources
[2022-10-02 13:10:52,351] 	logs_path: /home/hugosousa/Projects/tei2go/logs
[2022-10-02 13:10:52,351] 	data_path: /home/hugosousa/Projects/tei2go/data
[2022-10-02 13:10:52,351] 	gpu: False
[2022-10-02 13:10:52,351] Found preprocessed data.
[2022-10-02 13:10:52,359] Corpus statistics:
[2022-10-02 13:10:52,359] 	Train:
[2022-10-02 13:10:52,360] 		# sentences: 694
[2022-10-02 13:10:52,360] 		# timexs: 863
[2022-10-02 13:10:52,360] 	Validation:
[2022-10-02 13:10:52,360] 		# sentences: 180
[2022-10-02 13:10:52,360] 		# timexs: 219
[2022-10-02 13:10:52,360] Initializing model for language pt.
[2022-10-02 13:10:52,432] Started train loop with id 20221002131052
[2022-10-02 13:10:52,434] Created vocabulary
[2022-10-02 13:10:52,434] Finished initializing nlp object
[2022-10-02 13:10:52,481]       |Loss 	|F1
[2022-10-02 13:10:52,481] Epoch |Train	|Train	|Validation
[2022-10-02 13:10:59,003]     1 |1.721	|0.8473	|0.7728
[2022-10-02 13:11:05,271]     2 |0.410	|0.9113	|0.7973
[2022-10-02 13:11:11,478]     3 |0.258	|0.9527	|0.8270
[2022-10-02 13:11:17,671]     4 |0.186	|0.9688	|0.8674
[2022-10-02 13:11:23,841]     5 |0.116	|0.9749	|0.8512
[2022-10-02 13:11:29,979]     6 |0.072	|0.9802	|0.8478
[2022-10-02 13:11:36,160]     7 |0.054	|0.9844	|0.8251
[2022-10-02 13:11:36,161] Training done.
[2022-10-02 13:11:36,161] Best validation f1: 0.8674
[2022-10-02 13:11:36,161] ----------------------------------------------------------------------------------------------------
[2022-10-02 13:11:39,051] ----------------------------------------------------------------------------------------------------
[2022-10-02 13:11:39,051] Start training for the following setup:
[2022-10-02 13:11:39,051] 	model: spacy
[2022-10-02 13:11:39,051] 	data: ['timebankpt']
[2022-10-02 13:11:39,051] 	language: pt
[2022-10-02 13:11:39,051] 	n_epochs: 15
[2022-10-02 13:11:39,051] 	dropout: 0.1
[2022-10-02 13:11:39,051] 	batch_size: None
[2022-10-02 13:11:39,051] 	learning_rate: None
[2022-10-02 13:11:39,051] 	embeddings: None
[2022-10-02 13:11:39,051] 	models_path: /home/hugosousa/Projects/tei2go/models
[2022-10-02 13:11:39,051] 	resources_path: /home/hugosousa/Projects/tei2go/resources
[2022-10-02 13:11:39,051] 	logs_path: /home/hugosousa/Projects/tei2go/logs
[2022-10-02 13:11:39,051] 	data_path: /home/hugosousa/Projects/tei2go/data
[2022-10-02 13:11:39,051] 	gpu: False
[2022-10-02 13:11:39,051] Found preprocessed data.
[2022-10-02 13:11:39,054] Corpus statistics:
[2022-10-02 13:11:39,054] 	Train:
[2022-10-02 13:11:39,054] 		# sentences: 694
[2022-10-02 13:11:39,054] 		# timexs: 863
[2022-10-02 13:11:39,054] 	Validation:
[2022-10-02 13:11:39,054] 		# sentences: 180
[2022-10-02 13:11:39,054] 		# timexs: 219
[2022-10-02 13:11:39,054] Initializing model for language pt.
[2022-10-02 13:11:39,123] Started train loop with id 20221002131139
[2022-10-02 13:11:39,126] Created vocabulary
[2022-10-02 13:11:39,126] Finished initializing nlp object
[2022-10-02 13:11:39,173]       |Loss 	|F1
[2022-10-02 13:11:39,173] Epoch |Train	|Train	|Validation
[2022-10-02 13:11:45,759]     1 |1.793	|0.8345	|0.8047
[2022-10-02 13:11:52,125]     2 |0.506	|0.9038	|0.8063
[2022-10-02 13:11:58,450]     3 |0.363	|0.9311	|0.8545
[2022-10-02 13:12:04,809]     4 |0.254	|0.9512	|0.8270
[2022-10-02 13:12:11,120]     5 |0.213	|0.9707	|0.8433
[2022-10-02 13:12:17,433]     6 |0.152	|0.9768	|0.8520
[2022-10-02 13:12:17,434] Training done.
[2022-10-02 13:12:17,434] Best validation f1: 0.8545
[2022-10-02 13:12:17,434] ----------------------------------------------------------------------------------------------------
[2022-10-02 13:12:20,316] ----------------------------------------------------------------------------------------------------
[2022-10-02 13:12:20,316] Start training for the following setup:
[2022-10-02 13:12:20,316] 	model: spacy
[2022-10-02 13:12:20,316] 	data: ['timebankpt']
[2022-10-02 13:12:20,316] 	language: pt
[2022-10-02 13:12:20,316] 	n_epochs: 15
[2022-10-02 13:12:20,316] 	dropout: 0.2
[2022-10-02 13:12:20,316] 	batch_size: None
[2022-10-02 13:12:20,316] 	learning_rate: None
[2022-10-02 13:12:20,316] 	embeddings: None
[2022-10-02 13:12:20,316] 	models_path: /home/hugosousa/Projects/tei2go/models
[2022-10-02 13:12:20,317] 	resources_path: /home/hugosousa/Projects/tei2go/resources
[2022-10-02 13:12:20,317] 	logs_path: /home/hugosousa/Projects/tei2go/logs
[2022-10-02 13:12:20,317] 	data_path: /home/hugosousa/Projects/tei2go/data
[2022-10-02 13:12:20,317] 	gpu: False
[2022-10-02 13:12:20,317] Found preprocessed data.
[2022-10-02 13:12:20,319] Corpus statistics:
[2022-10-02 13:12:20,319] 	Train:
[2022-10-02 13:12:20,319] 		# sentences: 694
[2022-10-02 13:12:20,320] 		# timexs: 863
[2022-10-02 13:12:20,320] 	Validation:
[2022-10-02 13:12:20,320] 		# sentences: 180
[2022-10-02 13:12:20,320] 		# timexs: 219
[2022-10-02 13:12:20,320] Initializing model for language pt.
[2022-10-02 13:12:20,389] Started train loop with id 20221002131220
[2022-10-02 13:12:20,391] Created vocabulary
[2022-10-02 13:12:20,392] Finished initializing nlp object
[2022-10-02 13:12:20,438]       |Loss 	|F1
[2022-10-02 13:12:20,439] Epoch |Train	|Train	|Validation
[2022-10-02 13:12:27,007]     1 |2.057	|0.7731	|0.7208
[2022-10-02 13:12:33,345]     2 |0.631	|0.8819	|0.8146
[2022-10-02 13:12:39,657]     3 |0.434	|0.9087	|0.8384
[2022-10-02 13:12:45,975]     4 |0.358	|0.9347	|0.8538
[2022-10-02 13:12:52,264]     5 |0.338	|0.9547	|0.8482
[2022-10-02 13:12:58,525]     6 |0.208	|0.9614	|0.8785
[2022-10-02 13:13:04,845]     7 |0.219	|0.9707	|0.8667
[2022-10-02 13:13:11,119]     8 |0.193	|0.9725	|0.8811
[2022-10-02 13:13:17,430]     9 |0.151	|0.9838	|0.8764
[2022-10-02 13:13:23,695]    10 |0.131	|0.9776	|0.8553
[2022-10-02 13:13:29,989]    11 |0.135	|0.9861	|0.8824
[2022-10-02 13:13:36,327]    12 |0.106	|0.9878	|0.8604
[2022-10-02 13:13:42,622]    13 |0.091	|0.9884	|0.8597
[2022-10-02 13:13:48,908]    14 |0.117	|0.9896	|0.8934
[2022-10-02 13:13:55,231]    15 |0.072	|0.9965	|0.8758
[2022-10-02 13:13:55,232] Training done.
[2022-10-02 13:13:55,232] Best validation f1: 0.8934
[2022-10-02 13:13:55,232] ----------------------------------------------------------------------------------------------------
[2022-10-02 13:13:58,119] ----------------------------------------------------------------------------------------------------
[2022-10-02 13:13:58,119] Start training for the following setup:
[2022-10-02 13:13:58,119] 	model: spacy
[2022-10-02 13:13:58,119] 	data: ['timebankpt']
[2022-10-02 13:13:58,119] 	language: pt
[2022-10-02 13:13:58,119] 	n_epochs: 15
[2022-10-02 13:13:58,119] 	dropout: 0.3
[2022-10-02 13:13:58,120] 	batch_size: None
[2022-10-02 13:13:58,120] 	learning_rate: None
[2022-10-02 13:13:58,120] 	embeddings: None
[2022-10-02 13:13:58,120] 	models_path: /home/hugosousa/Projects/tei2go/models
[2022-10-02 13:13:58,120] 	resources_path: /home/hugosousa/Projects/tei2go/resources
[2022-10-02 13:13:58,120] 	logs_path: /home/hugosousa/Projects/tei2go/logs
[2022-10-02 13:13:58,120] 	data_path: /home/hugosousa/Projects/tei2go/data
[2022-10-02 13:13:58,120] 	gpu: False
[2022-10-02 13:13:58,120] Found preprocessed data.
[2022-10-02 13:13:58,122] Corpus statistics:
[2022-10-02 13:13:58,123] 	Train:
[2022-10-02 13:13:58,123] 		# sentences: 694
[2022-10-02 13:13:58,123] 		# timexs: 863
[2022-10-02 13:13:58,123] 	Validation:
[2022-10-02 13:13:58,123] 		# sentences: 180
[2022-10-02 13:13:58,123] 		# timexs: 219
[2022-10-02 13:13:58,123] Initializing model for language pt.
[2022-10-02 13:13:58,192] Started train loop with id 20221002131358
[2022-10-02 13:13:58,194] Created vocabulary
[2022-10-02 13:13:58,195] Finished initializing nlp object
[2022-10-02 13:13:58,243]       |Loss 	|F1
[2022-10-02 13:13:58,244] Epoch |Train	|Train	|Validation
[2022-10-02 13:14:04,889]     1 |2.333	|0.4456	|0.4796
[2022-10-02 13:14:11,322]     2 |0.788	|0.8490	|0.8333
[2022-10-02 13:14:17,739]     3 |0.531	|0.9084	|0.8494
[2022-10-02 13:14:24,152]     4 |0.429	|0.9156	|0.8447
[2022-10-02 13:14:30,504]     5 |0.387	|0.9326	|0.8477
[2022-10-02 13:14:36,871]     6 |0.313	|0.9438	|0.8616
[2022-10-02 13:14:43,311]     7 |0.299	|0.9402	|0.8700
[2022-10-02 13:14:49,706]     8 |0.254	|0.9708	|0.8617
[2022-10-02 13:14:56,095]     9 |0.215	|0.9647	|0.8858
[2022-10-02 13:15:02,573]    10 |0.228	|0.9712	|0.8584
[2022-10-02 13:15:09,051]    11 |0.235	|0.9711	|0.8655
[2022-10-02 13:15:15,556]    12 |0.187	|0.9650	|0.8440
[2022-10-02 13:15:15,557] Training done.
[2022-10-02 13:15:15,557] Best validation f1: 0.8858
[2022-10-02 13:15:15,557] ----------------------------------------------------------------------------------------------------
[2022-10-02 13:15:18,467] ----------------------------------------------------------------------------------------------------
[2022-10-02 13:15:18,467] Start training for the following setup:
[2022-10-02 13:15:18,467] 	model: spacy
[2022-10-02 13:15:18,467] 	data: ['timebankpt']
[2022-10-02 13:15:18,467] 	language: pt
[2022-10-02 13:15:18,467] 	n_epochs: 15
[2022-10-02 13:15:18,468] 	dropout: 0.4
[2022-10-02 13:15:18,468] 	batch_size: None
[2022-10-02 13:15:18,468] 	learning_rate: None
[2022-10-02 13:15:18,468] 	embeddings: None
[2022-10-02 13:15:18,468] 	models_path: /home/hugosousa/Projects/tei2go/models
[2022-10-02 13:15:18,468] 	resources_path: /home/hugosousa/Projects/tei2go/resources
[2022-10-02 13:15:18,468] 	logs_path: /home/hugosousa/Projects/tei2go/logs
[2022-10-02 13:15:18,468] 	data_path: /home/hugosousa/Projects/tei2go/data
[2022-10-02 13:15:18,468] 	gpu: False
[2022-10-02 13:15:18,468] Found preprocessed data.
[2022-10-02 13:15:18,470] Corpus statistics:
[2022-10-02 13:15:18,471] 	Train:
[2022-10-02 13:15:18,471] 		# sentences: 694
[2022-10-02 13:15:18,471] 		# timexs: 863
[2022-10-02 13:15:18,471] 	Validation:
[2022-10-02 13:15:18,471] 		# sentences: 180
[2022-10-02 13:15:18,471] 		# timexs: 219
[2022-10-02 13:15:18,471] Initializing model for language pt.
[2022-10-02 13:15:18,541] Started train loop with id 20221002131518
[2022-10-02 13:15:18,543] Created vocabulary
[2022-10-02 13:15:18,543] Finished initializing nlp object
[2022-10-02 13:15:18,591]       |Loss 	|F1
[2022-10-02 13:15:18,591] Epoch |Train	|Train	|Validation
[2022-10-02 13:15:25,199]     1 |2.367	|0.2075	|0.2016
[2022-10-02 13:15:31,587]     2 |1.024	|0.8425	|0.8203
[2022-10-02 13:15:37,968]     3 |0.656	|0.8657	|0.7991
[2022-10-02 13:15:44,333]     4 |0.545	|0.9027	|0.8292
[2022-10-02 13:15:50,770]     5 |0.472	|0.9023	|0.8301
[2022-10-02 13:15:57,215]     6 |0.425	|0.9225	|0.8515
[2022-10-02 13:16:03,700]     7 |0.381	|0.9280	|0.8283
[2022-10-02 13:16:10,040]     8 |0.364	|0.9511	|0.8713
[2022-10-02 13:16:16,395]     9 |0.292	|0.9503	|0.8778
[2022-10-02 13:16:22,758]    10 |0.321	|0.9549	|0.8501
[2022-10-02 13:16:29,095]    11 |0.269	|0.9689	|0.8597
[2022-10-02 13:16:35,432]    12 |0.220	|0.9491	|0.8552
[2022-10-02 13:16:35,433] Training done.
[2022-10-02 13:16:35,433] Best validation f1: 0.8778
[2022-10-02 13:16:35,434] ----------------------------------------------------------------------------------------------------
[2022-10-02 13:16:38,317] ----------------------------------------------------------------------------------------------------
[2022-10-02 13:16:38,317] Start training for the following setup:
[2022-10-02 13:16:38,317] 	model: spacy
[2022-10-02 13:16:38,317] 	data: ['timebankpt']
[2022-10-02 13:16:38,317] 	language: pt
[2022-10-02 13:16:38,317] 	n_epochs: 15
[2022-10-02 13:16:38,317] 	dropout: 0.5
[2022-10-02 13:16:38,317] 	batch_size: None
[2022-10-02 13:16:38,317] 	learning_rate: None
[2022-10-02 13:16:38,317] 	embeddings: None
[2022-10-02 13:16:38,317] 	models_path: /home/hugosousa/Projects/tei2go/models
[2022-10-02 13:16:38,317] 	resources_path: /home/hugosousa/Projects/tei2go/resources
[2022-10-02 13:16:38,317] 	logs_path: /home/hugosousa/Projects/tei2go/logs
[2022-10-02 13:16:38,317] 	data_path: /home/hugosousa/Projects/tei2go/data
[2022-10-02 13:16:38,318] 	gpu: False
[2022-10-02 13:16:38,318] Found preprocessed data.
[2022-10-02 13:16:38,320] Corpus statistics:
[2022-10-02 13:16:38,320] 	Train:
[2022-10-02 13:16:38,320] 		# sentences: 694
[2022-10-02 13:16:38,320] 		# timexs: 863
[2022-10-02 13:16:38,320] 	Validation:
[2022-10-02 13:16:38,321] 		# sentences: 180
[2022-10-02 13:16:38,321] 		# timexs: 219
[2022-10-02 13:16:38,321] Initializing model for language pt.
[2022-10-02 13:16:38,390] Started train loop with id 20221002131638
[2022-10-02 13:16:38,393] Created vocabulary
[2022-10-02 13:16:38,393] Finished initializing nlp object
[2022-10-02 13:16:38,441]       |Loss 	|F1
[2022-10-02 13:16:38,441] Epoch |Train	|Train	|Validation
[2022-10-02 13:16:45,058]     1 |2.488	|0.2003	|0.2176
[2022-10-02 13:16:51,446]     2 |1.363	|0.7450	|0.6491
[2022-10-02 13:16:57,804]     3 |0.885	|0.8190	|0.7665
[2022-10-02 13:17:04,180]     4 |0.656	|0.8685	|0.8190
[2022-10-02 13:17:10,540]     5 |0.599	|0.8743	|0.7974
[2022-10-02 13:17:16,888]     6 |0.544	|0.8904	|0.8377
[2022-10-02 13:17:23,307]     7 |0.523	|0.9131	|0.8225
[2022-10-02 13:17:29,651]     8 |0.417	|0.9258	|0.8251
[2022-10-02 13:17:35,995]     9 |0.428	|0.9264	|0.8584
[2022-10-02 13:17:42,359]    10 |0.408	|0.9298	|0.8655
[2022-10-02 13:17:48,734]    11 |0.379	|0.9417	|0.8789
[2022-10-02 13:17:55,119]    12 |0.400	|0.9366	|0.8559
[2022-10-02 13:18:01,483]    13 |0.351	|0.9365	|0.8220
[2022-10-02 13:18:07,825]    14 |0.291	|0.9390	|0.8393
[2022-10-02 13:18:07,826] Training done.
[2022-10-02 13:18:07,826] Best validation f1: 0.8789
[2022-10-02 13:18:07,826] ----------------------------------------------------------------------------------------------------
[2022-10-13 20:21:41,775] ----------------------------------------------------------------------------------------------------
[2022-10-13 20:21:41,775] Start training for the following setup:
[2022-10-13 20:21:41,775] 	model: spacy
[2022-10-13 20:21:41,775] 	data: ['timebankpt']
[2022-10-13 20:21:41,776] 	language: pt
[2022-10-13 20:21:41,776] 	n_epochs: 30
[2022-10-13 20:21:41,776] 	dropout: 0.2
[2022-10-13 20:21:41,776] 	learning_rate: None
[2022-10-13 20:21:41,776] 	trans_hidden_width: 8
[2022-10-13 20:21:41,776] 	trans_maxout_pieces: 3
[2022-10-13 20:21:41,776] 	trans_use_upper: True
[2022-10-13 20:21:41,776] 	embed_width: 300
[2022-10-13 20:21:41,776] 	embed_depth: 3
[2022-10-13 20:21:41,776] 	embed_size: 9000
[2022-10-13 20:21:41,776] 	embed_window_size: 2
[2022-10-13 20:21:41,776] 	embed_maxout_pieces: 3
[2022-10-13 20:21:41,776] 	embed_subword_features: True
[2022-10-13 20:21:41,776] 	models_path: /home/hugosousa/Projects/tei2go/models
[2022-10-13 20:21:41,776] 	resources_path: /home/hugosousa/Projects/tei2go/resources
[2022-10-13 20:21:41,776] 	logs_path: /home/hugosousa/Projects/tei2go/logs
[2022-10-13 20:21:41,776] 	data_path: /home/hugosousa/Projects/tei2go/data
[2022-10-13 20:21:41,776] 	gpu: False
[2022-10-13 20:21:41,776] Found preprocessed data.
[2022-10-13 20:21:41,783] Corpus statistics:
[2022-10-13 20:21:41,783] 	Train:
[2022-10-13 20:21:41,783] 		# sentences: 694
[2022-10-13 20:21:41,783] 		# timexs: 863
[2022-10-13 20:21:41,783] 	Validation:
[2022-10-13 20:21:41,783] 		# sentences: 180
[2022-10-13 20:21:41,783] 		# timexs: 219
[2022-10-13 20:21:41,783] Initializing model for language pt.
[2022-10-13 20:21:41,868] Started train loop with id 20221013202141
[2022-10-13 20:21:41,871] Created vocabulary
[2022-10-13 20:21:41,872] Finished initializing nlp object
[2022-10-13 20:21:42,003]       |Loss 	|F1
[2022-10-13 20:21:42,003] Epoch |Train	|Train	|Validation
[2022-10-13 20:22:18,163]     1 |4.208	|0.2140	|0.1859
[2022-10-13 20:22:55,448]     2 |0.918	|0.8868	|0.8276
[2022-10-13 20:23:33,460]     3 |0.366	|0.9378	|0.8668
[2022-10-13 20:24:07,879]     4 |0.262	|0.9624	|0.8383
[2022-10-13 20:24:41,721]     5 |0.184	|0.9692	|0.8311
[2022-10-13 21:40:08,412]     6 |0.131	|0.9797	|0.8519
[2022-10-13 21:40:08,418] Training done.
[2022-10-13 21:40:08,418] Best validation f1: 0.8668
[2022-10-13 21:40:08,418] ----------------------------------------------------------------------------------------------------
[2022-10-13 21:40:10,195] ----------------------------------------------------------------------------------------------------
[2022-10-13 21:40:10,195] Start training for the following setup:
[2022-10-13 21:40:10,195] 	model: spacy
[2022-10-13 21:40:10,195] 	data: ['timebankpt']
[2022-10-13 21:40:10,195] 	language: pt
[2022-10-13 21:40:10,195] 	n_epochs: 30
[2022-10-13 21:40:10,195] 	dropout: 0.0
[2022-10-13 21:40:10,195] 	learning_rate: None
[2022-10-13 21:40:10,195] 	trans_hidden_width: 64
[2022-10-13 21:40:10,196] 	trans_maxout_pieces: 2
[2022-10-13 21:40:10,196] 	trans_use_upper: True
[2022-10-13 21:40:10,196] 	embed_width: 128
[2022-10-13 21:40:10,196] 	embed_depth: 2
[2022-10-13 21:40:10,196] 	embed_size: 2000
[2022-10-13 21:40:10,196] 	embed_window_size: 2
[2022-10-13 21:40:10,196] 	embed_maxout_pieces: 2
[2022-10-13 21:40:10,196] 	embed_subword_features: True
[2022-10-13 21:40:10,196] 	models_path: /home/hugosousa/Projects/tei2go/models
[2022-10-13 21:40:10,196] 	resources_path: /home/hugosousa/Projects/tei2go/resources
[2022-10-13 21:40:10,196] 	logs_path: /home/hugosousa/Projects/tei2go/logs
[2022-10-13 21:40:10,196] 	data_path: /home/hugosousa/Projects/tei2go/data
[2022-10-13 21:40:10,196] 	gpu: False
[2022-10-13 21:40:10,196] Found preprocessed data.
[2022-10-13 21:40:10,198] Corpus statistics:
[2022-10-13 21:40:10,199] 	Train:
[2022-10-13 21:40:10,199] 		# sentences: 694
[2022-10-13 21:40:10,199] 		# timexs: 863
[2022-10-13 21:40:10,199] 	Validation:
[2022-10-13 21:40:10,199] 		# sentences: 180
[2022-10-13 21:40:10,199] 		# timexs: 219
[2022-10-13 21:40:10,199] Initializing model for language pt.
[2022-10-13 21:40:10,269] Started train loop with id 20221013214010
[2022-10-13 21:40:10,272] Created vocabulary
[2022-10-13 21:40:10,272] Finished initializing nlp object
[2022-10-13 21:40:10,315]       |Loss 	|F1
[2022-10-13 21:40:10,315] Epoch |Train	|Train	|Validation
[2022-10-13 21:40:17,630]     1 |1.701	|0.8587	|0.7895
[2022-10-13 21:40:24,521]     2 |0.384	|0.9360	|0.8409
[2022-10-13 21:40:31,378]     3 |0.232	|0.9520	|0.8645
[2022-10-13 21:40:38,107]     4 |0.204	|0.9722	|0.8498
[2022-10-13 21:40:44,790]     5 |0.118	|0.9700	|0.8404
[2022-10-13 21:40:51,491]     6 |0.087	|0.9787	|0.8366
[2022-10-13 21:40:51,493] Training done.
[2022-10-13 21:40:51,493] Best validation f1: 0.8645
[2022-10-13 21:40:51,493] ----------------------------------------------------------------------------------------------------
[2022-10-13 21:40:53,210] ----------------------------------------------------------------------------------------------------
[2022-10-13 21:40:53,210] Start training for the following setup:
[2022-10-13 21:40:53,210] 	model: spacy
[2022-10-13 21:40:53,211] 	data: ['timebankpt']
[2022-10-13 21:40:53,211] 	language: pt
[2022-10-13 21:40:53,211] 	n_epochs: 30
[2022-10-13 21:40:53,211] 	dropout: 0.0
[2022-10-13 21:40:53,211] 	learning_rate: None
[2022-10-13 21:40:53,211] 	trans_hidden_width: 64
[2022-10-13 21:40:53,211] 	trans_maxout_pieces: 2
[2022-10-13 21:40:53,211] 	trans_use_upper: True
[2022-10-13 21:40:53,211] 	embed_width: 128
[2022-10-13 21:40:53,211] 	embed_depth: 6
[2022-10-13 21:40:53,211] 	embed_size: 8000
[2022-10-13 21:40:53,211] 	embed_window_size: 1
[2022-10-13 21:40:53,211] 	embed_maxout_pieces: 1
[2022-10-13 21:40:53,211] 	embed_subword_features: True
[2022-10-13 21:40:53,211] 	models_path: /home/hugosousa/Projects/tei2go/models
[2022-10-13 21:40:53,211] 	resources_path: /home/hugosousa/Projects/tei2go/resources
[2022-10-13 21:40:53,211] 	logs_path: /home/hugosousa/Projects/tei2go/logs
[2022-10-13 21:40:53,211] 	data_path: /home/hugosousa/Projects/tei2go/data
[2022-10-13 21:40:53,211] 	gpu: False
[2022-10-13 21:40:53,211] Found preprocessed data.
[2022-10-13 21:40:53,214] Corpus statistics:
[2022-10-13 21:40:53,214] 	Train:
[2022-10-13 21:40:53,214] 		# sentences: 694
[2022-10-13 21:40:53,214] 		# timexs: 863
[2022-10-13 21:40:53,214] 	Validation:
[2022-10-13 21:40:53,214] 		# sentences: 180
[2022-10-13 21:40:53,214] 		# timexs: 219
[2022-10-13 21:40:53,214] Initializing model for language pt.
[2022-10-13 21:40:53,286] Started train loop with id 20221013214053
[2022-10-13 21:40:53,288] Created vocabulary
[2022-10-13 21:40:53,289] Finished initializing nlp object
[2022-10-13 21:40:53,350]       |Loss 	|F1
[2022-10-13 21:40:53,350] Epoch |Train	|Train	|Validation
[2022-10-13 21:41:03,699]     1 |1.532	|0.8676	|0.7943
[2022-10-13 21:41:13,963]     2 |0.417	|0.9058	|0.8430
[2022-10-13 21:41:24,227]     3 |0.338	|0.9262	|0.8281
[2022-10-13 21:41:34,364]     4 |0.225	|0.9467	|0.8605
[2022-10-13 21:41:44,510]     5 |0.158	|0.9606	|0.8386
[2022-10-13 21:41:54,618]     6 |0.152	|0.9698	|0.8618
[2022-10-13 21:42:04,842]     7 |0.090	|0.9722	|0.8281
[2022-10-13 21:42:14,969]     8 |0.109	|0.9861	|0.8468
[2022-10-13 21:42:25,095]     9 |0.092	|0.9760	|0.8349
[2022-10-13 21:42:25,097] Training done.
[2022-10-13 21:42:25,097] Best validation f1: 0.8618
[2022-10-13 21:42:25,097] ----------------------------------------------------------------------------------------------------
[2022-10-13 21:42:26,853] ----------------------------------------------------------------------------------------------------
[2022-10-13 21:42:26,853] Start training for the following setup:
[2022-10-13 21:42:26,853] 	model: spacy
[2022-10-13 21:42:26,853] 	data: ['timebankpt']
[2022-10-13 21:42:26,853] 	language: pt
[2022-10-13 21:42:26,853] 	n_epochs: 30
[2022-10-13 21:42:26,853] 	dropout: 0.2
[2022-10-13 21:42:26,853] 	learning_rate: None
[2022-10-13 21:42:26,853] 	trans_hidden_width: 128
[2022-10-13 21:42:26,853] 	trans_maxout_pieces: 3
[2022-10-13 21:42:26,853] 	trans_use_upper: True
[2022-10-13 21:42:26,853] 	embed_width: 300
[2022-10-13 21:42:26,853] 	embed_depth: 2
[2022-10-13 21:42:26,853] 	embed_size: 9000
[2022-10-13 21:42:26,853] 	embed_window_size: 2
[2022-10-13 21:42:26,853] 	embed_maxout_pieces: 2
[2022-10-13 21:42:26,853] 	embed_subword_features: True
[2022-10-13 21:42:26,854] 	models_path: /home/hugosousa/Projects/tei2go/models
[2022-10-13 21:42:26,854] 	resources_path: /home/hugosousa/Projects/tei2go/resources
[2022-10-13 21:42:26,854] 	logs_path: /home/hugosousa/Projects/tei2go/logs
[2022-10-13 21:42:26,854] 	data_path: /home/hugosousa/Projects/tei2go/data
[2022-10-13 21:42:26,854] 	gpu: False
[2022-10-13 21:42:26,854] Found preprocessed data.
[2022-10-13 21:42:26,856] Corpus statistics:
[2022-10-13 21:42:26,856] 	Train:
[2022-10-13 21:42:26,856] 		# sentences: 694
[2022-10-13 21:42:26,856] 		# timexs: 863
[2022-10-13 21:42:26,856] 	Validation:
[2022-10-13 21:42:26,856] 		# sentences: 180
[2022-10-13 21:42:26,856] 		# timexs: 219
[2022-10-13 21:42:26,856] Initializing model for language pt.
[2022-10-13 21:42:26,928] Started train loop with id 20221013214226
[2022-10-13 21:42:26,931] Created vocabulary
[2022-10-13 21:42:26,931] Finished initializing nlp object
[2022-10-13 21:42:27,127]       |Loss 	|F1
[2022-10-13 21:42:27,127] Epoch |Train	|Train	|Validation
[2022-10-13 21:42:53,613]     1 |1.461	|0.8641	|0.7754
[2022-10-13 21:43:19,956]     2 |0.499	|0.8819	|0.7964
[2022-10-13 21:43:46,264]     3 |0.342	|0.9213	|0.8167
[2022-10-13 21:44:12,471]     4 |0.251	|0.9419	|0.8372
[2022-10-13 21:44:38,543]     5 |0.226	|0.9738	|0.8644
[2022-10-13 21:45:04,619]     6 |0.155	|0.9714	|0.8276
[2022-10-13 21:45:30,668]     7 |0.133	|0.9652	|0.8273
[2022-10-13 21:45:56,713]     8 |0.145	|0.9732	|0.8136
[2022-10-13 21:45:56,718] Training done.
[2022-10-13 21:45:56,719] Best validation f1: 0.8644
[2022-10-13 21:45:56,719] ----------------------------------------------------------------------------------------------------
[2022-10-13 21:45:58,524] ----------------------------------------------------------------------------------------------------
[2022-10-13 21:45:58,524] Start training for the following setup:
[2022-10-13 21:45:58,524] 	model: spacy
[2022-10-13 21:45:58,524] 	data: ['timebankpt']
[2022-10-13 21:45:58,524] 	language: pt
[2022-10-13 21:45:58,525] 	n_epochs: 30
[2022-10-13 21:45:58,525] 	dropout: 0.1
[2022-10-13 21:45:58,525] 	learning_rate: None
[2022-10-13 21:45:58,525] 	trans_hidden_width: 16
[2022-10-13 21:45:58,525] 	trans_maxout_pieces: 1
[2022-10-13 21:45:58,525] 	trans_use_upper: True
[2022-10-13 21:45:58,525] 	embed_width: 128
[2022-10-13 21:45:58,525] 	embed_depth: 4
[2022-10-13 21:45:58,525] 	embed_size: 2000
[2022-10-13 21:45:58,525] 	embed_window_size: 1
[2022-10-13 21:45:58,525] 	embed_maxout_pieces: 3
[2022-10-13 21:45:58,525] 	embed_subword_features: True
[2022-10-13 21:45:58,525] 	models_path: /home/hugosousa/Projects/tei2go/models
[2022-10-13 21:45:58,525] 	resources_path: /home/hugosousa/Projects/tei2go/resources
[2022-10-13 21:45:58,525] 	logs_path: /home/hugosousa/Projects/tei2go/logs
[2022-10-13 21:45:58,525] 	data_path: /home/hugosousa/Projects/tei2go/data
[2022-10-13 21:45:58,525] 	gpu: False
[2022-10-13 21:45:58,525] Found preprocessed data.
[2022-10-13 21:45:58,527] Corpus statistics:
[2022-10-13 21:45:58,528] 	Train:
[2022-10-13 21:45:58,528] 		# sentences: 694
[2022-10-13 21:45:58,528] 		# timexs: 863
[2022-10-13 21:45:58,528] 	Validation:
[2022-10-13 21:45:58,528] 		# sentences: 180
[2022-10-13 21:45:58,528] 		# timexs: 219
[2022-10-13 21:45:58,528] Initializing model for language pt.
[2022-10-13 21:45:58,606] Started train loop with id 20221013214558
[2022-10-13 21:45:58,609] Created vocabulary
[2022-10-13 21:45:58,609] Finished initializing nlp object
[2022-10-13 21:45:58,644]       |Loss 	|F1
[2022-10-13 21:45:58,644] Epoch |Train	|Train	|Validation
[2022-10-13 21:46:07,511]     1 |2.668	|0.2955	|0.2660
[2022-10-13 21:46:16,060]     2 |0.679	|0.8581	|0.7722
[2022-10-13 21:46:24,622]     3 |0.417	|0.8909	|0.7991
[2022-10-13 21:46:33,231]     4 |0.301	|0.8783	|0.7505
[2022-10-13 21:46:41,806]     5 |0.245	|0.9013	|0.7340
[2022-10-13 21:46:50,443]     6 |0.198	|0.9077	|0.7948
[2022-10-13 21:46:50,444] Training done.
[2022-10-13 21:46:50,445] Best validation f1: 0.7991
[2022-10-13 21:46:50,445] ----------------------------------------------------------------------------------------------------
[2022-10-13 21:46:52,263] ----------------------------------------------------------------------------------------------------
[2022-10-13 21:46:52,263] Start training for the following setup:
[2022-10-13 21:46:52,263] 	model: spacy
[2022-10-13 21:46:52,263] 	data: ['timebankpt']
[2022-10-13 21:46:52,263] 	language: pt
[2022-10-13 21:46:52,263] 	n_epochs: 30
[2022-10-13 21:46:52,264] 	dropout: 0.1
[2022-10-13 21:46:52,264] 	learning_rate: None
[2022-10-13 21:46:52,264] 	trans_hidden_width: 128
[2022-10-13 21:46:52,264] 	trans_maxout_pieces: 2
[2022-10-13 21:46:52,264] 	trans_use_upper: True
[2022-10-13 21:46:52,264] 	embed_width: 96
[2022-10-13 21:46:52,264] 	embed_depth: 7
[2022-10-13 21:46:52,264] 	embed_size: 3000
[2022-10-13 21:46:52,264] 	embed_window_size: 1
[2022-10-13 21:46:52,264] 	embed_maxout_pieces: 1
[2022-10-13 21:46:52,264] 	embed_subword_features: True
[2022-10-13 21:46:52,264] 	models_path: /home/hugosousa/Projects/tei2go/models
[2022-10-13 21:46:52,264] 	resources_path: /home/hugosousa/Projects/tei2go/resources
[2022-10-13 21:46:52,264] 	logs_path: /home/hugosousa/Projects/tei2go/logs
[2022-10-13 21:46:52,264] 	data_path: /home/hugosousa/Projects/tei2go/data
[2022-10-13 21:46:52,264] 	gpu: False
[2022-10-13 21:46:52,264] Found preprocessed data.
[2022-10-13 21:46:52,266] Corpus statistics:
[2022-10-13 21:46:52,267] 	Train:
[2022-10-13 21:46:52,267] 		# sentences: 694
[2022-10-13 21:46:52,267] 		# timexs: 863
[2022-10-13 21:46:52,267] 	Validation:
[2022-10-13 21:46:52,267] 		# sentences: 180
[2022-10-13 21:46:52,267] 		# timexs: 219
[2022-10-13 21:46:52,267] Initializing model for language pt.
[2022-10-13 21:46:52,346] Started train loop with id 20221013214652
[2022-10-13 21:46:52,349] Created vocabulary
[2022-10-13 21:46:52,350] Finished initializing nlp object
[2022-10-13 21:46:52,455]       |Loss 	|F1
[2022-10-13 21:46:52,456] Epoch |Train	|Train	|Validation
[2022-10-13 21:47:01,930]     1 |1.578	|0.7445	|0.6667
[2022-10-13 21:47:11,309]     2 |0.477	|0.8470	|0.7545
[2022-10-13 21:47:20,646]     3 |0.394	|0.8941	|0.8209
[2022-10-13 21:47:30,015]     4 |0.315	|0.9179	|0.8392
[2022-10-13 21:47:39,368]     5 |0.273	|0.9585	|0.8571
[2022-10-13 21:47:48,748]     6 |0.184	|0.9651	|0.8532
[2022-10-13 21:47:58,125]     7 |0.167	|0.9657	|0.8538
[2022-10-13 21:48:07,474]     8 |0.139	|0.9688	|0.8539
[2022-10-13 21:48:07,476] Training done.
[2022-10-13 21:48:07,476] Best validation f1: 0.8571
[2022-10-13 21:48:07,476] ----------------------------------------------------------------------------------------------------
[2022-10-13 21:48:09,314] ----------------------------------------------------------------------------------------------------
[2022-10-13 21:48:09,314] Start training for the following setup:
[2022-10-13 21:48:09,314] 	model: spacy
[2022-10-13 21:48:09,314] 	data: ['timebankpt']
[2022-10-13 21:48:09,314] 	language: pt
[2022-10-13 21:48:09,314] 	n_epochs: 30
[2022-10-13 21:48:09,314] 	dropout: 0.4
[2022-10-13 21:48:09,314] 	learning_rate: None
[2022-10-13 21:48:09,314] 	trans_hidden_width: 16
[2022-10-13 21:48:09,314] 	trans_maxout_pieces: 2
[2022-10-13 21:48:09,314] 	trans_use_upper: True
[2022-10-13 21:48:09,314] 	embed_width: 128
[2022-10-13 21:48:09,314] 	embed_depth: 7
[2022-10-13 21:48:09,314] 	embed_size: 5000
[2022-10-13 21:48:09,314] 	embed_window_size: 2
[2022-10-13 21:48:09,314] 	embed_maxout_pieces: 2
[2022-10-13 21:48:09,314] 	embed_subword_features: True
[2022-10-13 21:48:09,314] 	models_path: /home/hugosousa/Projects/tei2go/models
[2022-10-13 21:48:09,314] 	resources_path: /home/hugosousa/Projects/tei2go/resources
[2022-10-13 21:48:09,314] 	logs_path: /home/hugosousa/Projects/tei2go/logs
[2022-10-13 21:48:09,314] 	data_path: /home/hugosousa/Projects/tei2go/data
[2022-10-13 21:48:09,314] 	gpu: False
[2022-10-13 21:48:09,315] Found preprocessed data.
[2022-10-13 21:48:09,317] Corpus statistics:
[2022-10-13 21:48:09,317] 	Train:
[2022-10-13 21:48:09,317] 		# sentences: 694
[2022-10-13 21:48:09,317] 		# timexs: 863
[2022-10-13 21:48:09,317] 	Validation:
[2022-10-13 21:48:09,317] 		# sentences: 180
[2022-10-13 21:48:09,317] 		# timexs: 219
[2022-10-13 21:48:09,317] Initializing model for language pt.
[2022-10-13 21:48:09,398] Started train loop with id 20221013214809
[2022-10-13 21:48:09,401] Created vocabulary
[2022-10-13 21:48:09,401] Finished initializing nlp object
[2022-10-13 21:48:09,454]       |Loss 	|F1
[2022-10-13 21:48:09,454] Epoch |Train	|Train	|Validation
[2022-10-13 21:48:25,015]     1 |2.526	|0.2690	|0.2986
[2022-10-13 21:48:40,009]     2 |0.921	|0.8487	|0.8086
[2022-10-13 21:48:54,930]     3 |0.542	|0.9063	|0.8539
[2022-10-13 21:49:09,907]     4 |0.440	|0.9336	|0.8776
[2022-10-13 21:49:24,919]     5 |0.383	|0.9550	|0.8864
[2022-10-13 21:49:40,318]     6 |0.273	|0.9653	|0.8818
[2022-10-13 21:49:55,587]     7 |0.225	|0.9734	|0.8643
[2022-10-13 21:50:10,846]     8 |0.233	|0.9703	|0.8677
[2022-10-13 21:50:10,847] Training done.
[2022-10-13 21:50:10,847] Best validation f1: 0.8864
[2022-10-13 21:50:10,847] ----------------------------------------------------------------------------------------------------
[2022-10-13 21:50:12,679] ----------------------------------------------------------------------------------------------------
[2022-10-13 21:50:12,679] Start training for the following setup:
[2022-10-13 21:50:12,679] 	model: spacy
[2022-10-13 21:50:12,679] 	data: ['timebankpt']
[2022-10-13 21:50:12,679] 	language: pt
[2022-10-13 21:50:12,679] 	n_epochs: 30
[2022-10-13 21:50:12,679] 	dropout: 0.1
[2022-10-13 21:50:12,679] 	learning_rate: None
[2022-10-13 21:50:12,679] 	trans_hidden_width: 8
[2022-10-13 21:50:12,679] 	trans_maxout_pieces: 2
[2022-10-13 21:50:12,679] 	trans_use_upper: True
[2022-10-13 21:50:12,679] 	embed_width: 128
[2022-10-13 21:50:12,680] 	embed_depth: 5
[2022-10-13 21:50:12,680] 	embed_size: 2000
[2022-10-13 21:50:12,680] 	embed_window_size: 1
[2022-10-13 21:50:12,680] 	embed_maxout_pieces: 2
[2022-10-13 21:50:12,680] 	embed_subword_features: True
[2022-10-13 21:50:12,680] 	models_path: /home/hugosousa/Projects/tei2go/models
[2022-10-13 21:50:12,680] 	resources_path: /home/hugosousa/Projects/tei2go/resources
[2022-10-13 21:50:12,680] 	logs_path: /home/hugosousa/Projects/tei2go/logs
[2022-10-13 21:50:12,680] 	data_path: /home/hugosousa/Projects/tei2go/data
[2022-10-13 21:50:12,680] 	gpu: False
[2022-10-13 21:50:12,680] Found preprocessed data.
[2022-10-13 21:50:12,682] Corpus statistics:
[2022-10-13 21:50:12,682] 	Train:
[2022-10-13 21:50:12,682] 		# sentences: 694
[2022-10-13 21:50:12,682] 		# timexs: 863
[2022-10-13 21:50:12,683] 	Validation:
[2022-10-13 21:50:12,683] 		# sentences: 180
[2022-10-13 21:50:12,683] 		# timexs: 219
[2022-10-13 21:50:12,683] Initializing model for language pt.
[2022-10-13 21:50:12,763] Started train loop with id 20221013215012
[2022-10-13 21:50:12,766] Created vocabulary
[2022-10-13 21:50:12,766] Finished initializing nlp object
[2022-10-13 21:50:12,796]       |Loss 	|F1
[2022-10-13 21:50:12,796] Epoch |Train	|Train	|Validation
[2022-10-13 21:50:22,048]     1 |2.905	|0.2760	|0.3085
[2022-10-13 21:50:31,002]     2 |0.810	|0.8886	|0.8036
[2022-10-13 21:50:39,906]     3 |0.389	|0.9144	|0.8220
[2022-10-13 21:50:49,032]     4 |0.294	|0.9443	|0.8526
[2022-10-13 21:50:58,056]     5 |0.217	|0.9594	|0.8643
[2022-10-13 21:51:07,068]     6 |0.154	|0.9735	|0.8844
[2022-10-13 21:51:16,055]     7 |0.145	|0.9792	|0.8584
[2022-10-13 21:51:24,988]     8 |0.099	|0.9738	|0.8468
[2022-10-13 21:51:33,929]     9 |0.097	|0.9861	|0.8750
[2022-10-13 21:51:33,931] Training done.
[2022-10-13 21:51:33,932] Best validation f1: 0.8844
[2022-10-13 21:51:33,932] ----------------------------------------------------------------------------------------------------
[2022-10-13 21:51:35,780] ----------------------------------------------------------------------------------------------------
[2022-10-13 21:51:35,780] Start training for the following setup:
[2022-10-13 21:51:35,780] 	model: spacy
[2022-10-13 21:51:35,780] 	data: ['timebankpt']
[2022-10-13 21:51:35,780] 	language: pt
[2022-10-13 21:51:35,780] 	n_epochs: 30
[2022-10-13 21:51:35,780] 	dropout: 0.3
[2022-10-13 21:51:35,780] 	learning_rate: None
[2022-10-13 21:51:35,780] 	trans_hidden_width: 16
[2022-10-13 21:51:35,780] 	trans_maxout_pieces: 2
[2022-10-13 21:51:35,780] 	trans_use_upper: True
[2022-10-13 21:51:35,780] 	embed_width: 96
[2022-10-13 21:51:35,780] 	embed_depth: 3
[2022-10-13 21:51:35,780] 	embed_size: 5000
[2022-10-13 21:51:35,780] 	embed_window_size: 1
[2022-10-13 21:51:35,780] 	embed_maxout_pieces: 3
[2022-10-13 21:51:35,780] 	embed_subword_features: True
[2022-10-13 21:51:35,780] 	models_path: /home/hugosousa/Projects/tei2go/models
[2022-10-13 21:51:35,780] 	resources_path: /home/hugosousa/Projects/tei2go/resources
[2022-10-13 21:51:35,780] 	logs_path: /home/hugosousa/Projects/tei2go/logs
[2022-10-13 21:51:35,780] 	data_path: /home/hugosousa/Projects/tei2go/data
[2022-10-13 21:51:35,780] 	gpu: False
[2022-10-13 21:51:35,781] Found preprocessed data.
[2022-10-13 21:51:35,783] Corpus statistics:
[2022-10-13 21:51:35,783] 	Train:
[2022-10-13 21:51:35,783] 		# sentences: 694
[2022-10-13 21:51:35,783] 		# timexs: 863
[2022-10-13 21:51:35,783] 	Validation:
[2022-10-13 21:51:35,783] 		# sentences: 180
[2022-10-13 21:51:35,783] 		# timexs: 219
[2022-10-13 21:51:35,783] Initializing model for language pt.
[2022-10-13 21:51:35,866] Started train loop with id 20221013215135
[2022-10-13 21:51:35,869] Created vocabulary
[2022-10-13 21:51:35,870] Finished initializing nlp object
[2022-10-13 21:51:35,902]       |Loss 	|F1
[2022-10-13 21:51:35,903] Epoch |Train	|Train	|Validation
[2022-10-13 21:51:43,266]     1 |3.421	|0.2037	|0.2120
[2022-10-13 21:51:50,481]     2 |1.014	|0.8299	|0.7900
[2022-10-13 21:51:57,674]     3 |0.501	|0.9025	|0.8333
[2022-10-13 21:52:04,897]     4 |0.408	|0.9239	|0.8387
[2022-10-13 21:52:12,075]     5 |0.361	|0.9397	|0.8674
[2022-10-13 21:52:19,071]     6 |0.301	|0.9379	|0.8804
[2022-10-13 21:52:26,013]     7 |0.272	|0.9580	|0.8739
[2022-10-13 21:52:32,959]     8 |0.248	|0.9683	|0.8700
[2022-10-13 21:52:39,851]     9 |0.184	|0.9775	|0.8804
[2022-10-13 21:52:46,697]    10 |0.162	|0.9799	|0.8597
[2022-10-13 21:52:53,541]    11 |0.167	|0.9821	|0.8643
[2022-10-13 21:53:00,372]    12 |0.124	|0.9816	|0.8629
[2022-10-13 21:53:00,374] Training done.
[2022-10-13 21:53:00,374] Best validation f1: 0.8804
[2022-10-13 21:53:00,374] ----------------------------------------------------------------------------------------------------
[2022-10-13 21:53:02,142] ----------------------------------------------------------------------------------------------------
[2022-10-13 21:53:02,142] Start training for the following setup:
[2022-10-13 21:53:02,143] 	model: spacy
[2022-10-13 21:53:02,143] 	data: ['timebankpt']
[2022-10-13 21:53:02,143] 	language: pt
[2022-10-13 21:53:02,143] 	n_epochs: 30
[2022-10-13 21:53:02,143] 	dropout: 0.2
[2022-10-13 21:53:02,143] 	learning_rate: None
[2022-10-13 21:53:02,143] 	trans_hidden_width: 64
[2022-10-13 21:53:02,143] 	trans_maxout_pieces: 2
[2022-10-13 21:53:02,143] 	trans_use_upper: True
[2022-10-13 21:53:02,143] 	embed_width: 300
[2022-10-13 21:53:02,143] 	embed_depth: 5
[2022-10-13 21:53:02,143] 	embed_size: 3000
[2022-10-13 21:53:02,143] 	embed_window_size: 2
[2022-10-13 21:53:02,143] 	embed_maxout_pieces: 1
[2022-10-13 21:53:02,143] 	embed_subword_features: True
[2022-10-13 21:53:02,143] 	models_path: /home/hugosousa/Projects/tei2go/models
[2022-10-13 21:53:02,143] 	resources_path: /home/hugosousa/Projects/tei2go/resources
[2022-10-13 21:53:02,143] 	logs_path: /home/hugosousa/Projects/tei2go/logs
[2022-10-13 21:53:02,143] 	data_path: /home/hugosousa/Projects/tei2go/data
[2022-10-13 21:53:02,143] 	gpu: False
[2022-10-13 21:53:02,143] Found preprocessed data.
[2022-10-13 21:53:02,146] Corpus statistics:
[2022-10-13 21:53:02,146] 	Train:
[2022-10-13 21:53:02,146] 		# sentences: 694
[2022-10-13 21:53:02,147] 		# timexs: 863
[2022-10-13 21:53:02,147] 	Validation:
[2022-10-13 21:53:02,147] 		# sentences: 180
[2022-10-13 21:53:02,147] 		# timexs: 219
[2022-10-13 21:53:02,147] Initializing model for language pt.
[2022-10-13 21:53:02,224] Started train loop with id 20221013215302
[2022-10-13 21:53:02,227] Created vocabulary
[2022-10-13 21:53:02,228] Finished initializing nlp object
[2022-10-13 21:53:02,331]       |Loss 	|F1
[2022-10-13 21:53:02,331] Epoch |Train	|Train	|Validation
[2022-10-13 21:53:26,232]     1 |1.699	|0.7826	|0.7638
[2022-10-13 21:53:49,787]     2 |0.496	|0.9107	|0.8290
[2022-10-13 21:54:13,339]     3 |0.353	|0.9145	|0.8180
[2022-10-13 21:54:36,844]     4 |0.245	|0.9344	|0.8046
[2022-10-13 21:55:00,286]     5 |0.261	|0.9468	|0.8412
[2022-10-13 21:55:23,811]     6 |0.199	|0.9647	|0.8096
[2022-10-13 21:55:47,220]     7 |0.189	|0.9649	|0.8119
[2022-10-13 21:56:10,569]     8 |0.113	|0.9634	|0.8244
[2022-10-13 21:56:10,570] Training done.
[2022-10-13 21:56:10,570] Best validation f1: 0.8412
[2022-10-13 21:56:10,570] ----------------------------------------------------------------------------------------------------
[2022-10-13 21:56:12,320] ----------------------------------------------------------------------------------------------------
[2022-10-13 21:56:12,320] Start training for the following setup:
[2022-10-13 21:56:12,320] 	model: spacy
[2022-10-13 21:56:12,321] 	data: ['timebankpt']
[2022-10-13 21:56:12,321] 	language: pt
[2022-10-13 21:56:12,321] 	n_epochs: 30
[2022-10-13 21:56:12,321] 	dropout: 0.5
[2022-10-13 21:56:12,321] 	learning_rate: None
[2022-10-13 21:56:12,321] 	trans_hidden_width: 8
[2022-10-13 21:56:12,321] 	trans_maxout_pieces: 1
[2022-10-13 21:56:12,321] 	trans_use_upper: True
[2022-10-13 21:56:12,321] 	embed_width: 300
[2022-10-13 21:56:12,321] 	embed_depth: 5
[2022-10-13 21:56:12,321] 	embed_size: 3000
[2022-10-13 21:56:12,321] 	embed_window_size: 1
[2022-10-13 21:56:12,321] 	embed_maxout_pieces: 2
[2022-10-13 21:56:12,321] 	embed_subword_features: True
[2022-10-13 21:56:12,321] 	models_path: /home/hugosousa/Projects/tei2go/models
[2022-10-13 21:56:12,321] 	resources_path: /home/hugosousa/Projects/tei2go/resources
[2022-10-13 21:56:12,321] 	logs_path: /home/hugosousa/Projects/tei2go/logs
[2022-10-13 21:56:12,321] 	data_path: /home/hugosousa/Projects/tei2go/data
[2022-10-13 21:56:12,321] 	gpu: False
[2022-10-13 21:56:12,321] Found preprocessed data.
[2022-10-13 21:56:12,324] Corpus statistics:
[2022-10-13 21:56:12,324] 	Train:
[2022-10-13 21:56:12,324] 		# sentences: 694
[2022-10-13 21:56:12,324] 		# timexs: 863
[2022-10-13 21:56:12,324] 	Validation:
[2022-10-13 21:56:12,324] 		# sentences: 180
[2022-10-13 21:56:12,324] 		# timexs: 219
[2022-10-13 21:56:12,324] Initializing model for language pt.
[2022-10-13 21:56:12,398] Started train loop with id 20221013215612
[2022-10-13 21:56:12,400] Created vocabulary
[2022-10-13 21:56:12,401] Finished initializing nlp object
[2022-10-13 21:56:12,480]       |Loss 	|F1
[2022-10-13 21:56:12,480] Epoch |Train	|Train	|Validation
[2022-10-13 21:56:36,138]     1 |2.693	|0.2454	|0.2519
[2022-10-13 21:56:59,537]     2 |1.224	|0.7011	|0.6174
[2022-10-13 21:57:22,932]     3 |0.770	|0.8836	|0.8426
[2022-10-13 21:57:46,352]     4 |0.556	|0.9023	|0.8371
[2022-10-13 21:58:09,639]     5 |0.476	|0.9201	|0.8356
[2022-10-13 21:58:32,923]     6 |0.421	|0.9221	|0.8616
[2022-10-13 21:58:56,323]     7 |0.358	|0.7942	|0.7109
[2022-10-13 21:59:19,622]     8 |0.330	|0.9130	|0.8125
[2022-10-13 21:59:42,907]     9 |0.303	|0.9020	|0.7838
[2022-10-13 21:59:42,910] Training done.
[2022-10-13 21:59:42,910] Best validation f1: 0.8616
[2022-10-13 21:59:42,910] ----------------------------------------------------------------------------------------------------
[2022-10-13 21:59:44,660] ----------------------------------------------------------------------------------------------------
[2022-10-13 21:59:44,660] Start training for the following setup:
[2022-10-13 21:59:44,664] 	model: spacy
[2022-10-13 21:59:44,664] 	data: ['timebankpt']
[2022-10-13 21:59:44,664] 	language: pt
[2022-10-13 21:59:44,664] 	n_epochs: 30
[2022-10-13 21:59:44,664] 	dropout: 0.0
[2022-10-13 21:59:44,664] 	learning_rate: None
[2022-10-13 21:59:44,664] 	trans_hidden_width: 16
[2022-10-13 21:59:44,664] 	trans_maxout_pieces: 1
[2022-10-13 21:59:44,664] 	trans_use_upper: True
[2022-10-13 21:59:44,664] 	embed_width: 300
[2022-10-13 21:59:44,664] 	embed_depth: 4
[2022-10-13 21:59:44,664] 	embed_size: 5000
[2022-10-13 21:59:44,664] 	embed_window_size: 1
[2022-10-13 21:59:44,664] 	embed_maxout_pieces: 2
[2022-10-13 21:59:44,664] 	embed_subword_features: True
[2022-10-13 21:59:44,664] 	models_path: /home/hugosousa/Projects/tei2go/models
[2022-10-13 21:59:44,664] 	resources_path: /home/hugosousa/Projects/tei2go/resources
[2022-10-13 21:59:44,664] 	logs_path: /home/hugosousa/Projects/tei2go/logs
[2022-10-13 21:59:44,664] 	data_path: /home/hugosousa/Projects/tei2go/data
[2022-10-13 21:59:44,664] 	gpu: False
[2022-10-13 21:59:44,664] Found preprocessed data.
[2022-10-13 21:59:44,667] Corpus statistics:
[2022-10-13 21:59:44,667] 	Train:
[2022-10-13 21:59:44,667] 		# sentences: 694
[2022-10-13 21:59:44,667] 		# timexs: 863
[2022-10-13 21:59:44,667] 	Validation:
[2022-10-13 21:59:44,667] 		# sentences: 180
[2022-10-13 21:59:44,667] 		# timexs: 219
[2022-10-13 21:59:44,667] Initializing model for language pt.
[2022-10-13 21:59:44,743] Started train loop with id 20221013215944
[2022-10-13 21:59:44,745] Created vocabulary
[2022-10-13 21:59:44,746] Finished initializing nlp object
[2022-10-13 21:59:44,832]       |Loss 	|F1
[2022-10-13 21:59:44,832] Epoch |Train	|Train	|Validation
[2022-10-13 22:00:07,339]     1 |1.870	|0.6861	|0.7330
[2022-10-13 22:00:29,769]     2 |0.517	|0.8948	|0.7914
[2022-10-13 22:00:52,290]     3 |0.352	|0.8891	|0.8255
[2022-10-13 22:01:15,031]     4 |0.241	|0.9290	|0.8297
[2022-10-13 22:01:37,398]     5 |0.188	|0.9223	|0.8025
[2022-10-13 22:01:59,330]     6 |0.163	|0.9465	|0.7932
[2022-10-13 22:02:21,146]     7 |0.159	|0.8805	|0.7314
[2022-10-13 22:02:21,152] Training done.
[2022-10-13 22:02:21,152] Best validation f1: 0.8297
[2022-10-13 22:02:21,152] ----------------------------------------------------------------------------------------------------
[2022-10-13 22:02:22,915] ----------------------------------------------------------------------------------------------------
[2022-10-13 22:02:22,915] Start training for the following setup:
[2022-10-13 22:02:22,915] 	model: spacy
[2022-10-13 22:02:22,915] 	data: ['timebankpt']
[2022-10-13 22:02:22,915] 	language: pt
[2022-10-13 22:02:22,915] 	n_epochs: 30
[2022-10-13 22:02:22,915] 	dropout: 0.0
[2022-10-13 22:02:22,916] 	learning_rate: None
[2022-10-13 22:02:22,916] 	trans_hidden_width: 256
[2022-10-13 22:02:22,916] 	trans_maxout_pieces: 3
[2022-10-13 22:02:22,916] 	trans_use_upper: True
[2022-10-13 22:02:22,916] 	embed_width: 300
[2022-10-13 22:02:22,916] 	embed_depth: 7
[2022-10-13 22:02:22,916] 	embed_size: 4000
[2022-10-13 22:02:22,916] 	embed_window_size: 1
[2022-10-13 22:02:22,916] 	embed_maxout_pieces: 1
[2022-10-13 22:02:22,916] 	embed_subword_features: True
[2022-10-13 22:02:22,916] 	models_path: /home/hugosousa/Projects/tei2go/models
[2022-10-13 22:02:22,916] 	resources_path: /home/hugosousa/Projects/tei2go/resources
[2022-10-13 22:02:22,916] 	logs_path: /home/hugosousa/Projects/tei2go/logs
[2022-10-13 22:02:22,916] 	data_path: /home/hugosousa/Projects/tei2go/data
[2022-10-13 22:02:22,916] 	gpu: False
[2022-10-13 22:02:22,916] Found preprocessed data.
[2022-10-13 22:02:22,918] Corpus statistics:
[2022-10-13 22:02:22,918] 	Train:
[2022-10-13 22:02:22,919] 		# sentences: 694
[2022-10-13 22:02:22,919] 		# timexs: 863
[2022-10-13 22:02:22,919] 	Validation:
[2022-10-13 22:02:22,919] 		# sentences: 180
[2022-10-13 22:02:22,919] 		# timexs: 219
[2022-10-13 22:02:22,919] Initializing model for language pt.
[2022-10-13 22:02:22,993] Started train loop with id 20221013220222
[2022-10-13 22:02:22,996] Created vocabulary
[2022-10-13 22:02:22,996] Finished initializing nlp object
[2022-10-13 22:02:23,403]       |Loss 	|F1
[2022-10-13 22:02:23,403] Epoch |Train	|Train	|Validation
[2022-10-13 22:02:58,171]     1 |1.434	|0.7729	|0.7539
[2022-10-13 22:03:32,211]     2 |0.625	|0.8778	|0.8026
[2022-10-13 22:04:05,938]     3 |0.414	|0.9133	|0.8508
[2022-10-13 22:04:39,874]     4 |0.382	|0.9061	|0.8000
[2022-10-13 22:05:13,871]     5 |0.283	|0.9375	|0.8440
[2022-10-13 22:05:48,157]     6 |0.256	|0.9404	|0.8571
[2022-10-13 22:06:22,501]     7 |0.204	|0.8814	|0.7707
[2022-10-13 22:06:56,159]     8 |0.190	|0.9710	|0.8230
[2022-10-13 22:07:29,792]     9 |0.177	|0.9537	|0.8000
[2022-10-13 22:07:29,793] Training done.
[2022-10-13 22:07:29,793] Best validation f1: 0.8571
[2022-10-13 22:07:29,793] ----------------------------------------------------------------------------------------------------
[2022-10-13 22:07:31,539] ----------------------------------------------------------------------------------------------------
[2022-10-13 22:07:31,540] Start training for the following setup:
[2022-10-13 22:07:31,540] 	model: spacy
[2022-10-13 22:07:31,540] 	data: ['timebankpt']
[2022-10-13 22:07:31,540] 	language: pt
[2022-10-13 22:07:31,540] 	n_epochs: 30
[2022-10-13 22:07:31,540] 	dropout: 0.1
[2022-10-13 22:07:31,540] 	learning_rate: None
[2022-10-13 22:07:31,540] 	trans_hidden_width: 128
[2022-10-13 22:07:31,540] 	trans_maxout_pieces: 1
[2022-10-13 22:07:31,540] 	trans_use_upper: True
[2022-10-13 22:07:31,540] 	embed_width: 96
[2022-10-13 22:07:31,540] 	embed_depth: 5
[2022-10-13 22:07:31,540] 	embed_size: 3000
[2022-10-13 22:07:31,540] 	embed_window_size: 1
[2022-10-13 22:07:31,540] 	embed_maxout_pieces: 3
[2022-10-13 22:07:31,540] 	embed_subword_features: True
[2022-10-13 22:07:31,540] 	models_path: /home/hugosousa/Projects/tei2go/models
[2022-10-13 22:07:31,540] 	resources_path: /home/hugosousa/Projects/tei2go/resources
[2022-10-13 22:07:31,540] 	logs_path: /home/hugosousa/Projects/tei2go/logs
[2022-10-13 22:07:31,540] 	data_path: /home/hugosousa/Projects/tei2go/data
[2022-10-13 22:07:31,540] 	gpu: False
[2022-10-13 22:07:31,540] Found preprocessed data.
[2022-10-13 22:07:31,543] Corpus statistics:
[2022-10-13 22:07:31,543] 	Train:
[2022-10-13 22:07:31,543] 		# sentences: 694
[2022-10-13 22:07:31,543] 		# timexs: 863
[2022-10-13 22:07:31,543] 	Validation:
[2022-10-13 22:07:31,543] 		# sentences: 180
[2022-10-13 22:07:31,543] 		# timexs: 219
[2022-10-13 22:07:31,543] Initializing model for language pt.
[2022-10-13 22:07:31,619] Started train loop with id 20221013220731
[2022-10-13 22:07:31,622] Created vocabulary
[2022-10-13 22:07:31,622] Finished initializing nlp object
[2022-10-13 22:07:31,763]       |Loss 	|F1
[2022-10-13 22:07:31,763] Epoch |Train	|Train	|Validation
[2022-10-13 22:07:40,286]     1 |1.832	|0.7199	|0.6694
[2022-10-13 22:07:48,593]     2 |0.519	|0.7254	|0.5880
[2022-10-13 22:07:56,857]     3 |0.322	|0.5696	|0.4802
[2022-10-13 22:08:05,230]     4 |0.248	|0.8999	|0.7833
[2022-10-13 22:08:13,558]     5 |0.239	|0.8945	|0.7632
[2022-10-13 22:08:21,865]     6 |0.146	|0.9264	|0.8358
[2022-10-13 22:08:30,299]     7 |0.114	|0.8959	|0.7375
[2022-10-13 22:08:38,682]     8 |0.140	|0.8719	|0.7541
[2022-10-13 22:08:47,050]     9 |0.102	|0.9384	|0.8008
[2022-10-13 22:08:47,051] Training done.
[2022-10-13 22:08:47,051] Best validation f1: 0.8358
[2022-10-13 22:08:47,051] ----------------------------------------------------------------------------------------------------
[2022-10-13 22:08:48,807] ----------------------------------------------------------------------------------------------------
[2022-10-13 22:08:48,807] Start training for the following setup:
[2022-10-13 22:08:48,807] 	model: spacy
[2022-10-13 22:08:48,807] 	data: ['timebankpt']
[2022-10-13 22:08:48,807] 	language: pt
[2022-10-13 22:08:48,807] 	n_epochs: 30
[2022-10-13 22:08:48,807] 	dropout: 0.3
[2022-10-13 22:08:48,807] 	learning_rate: None
[2022-10-13 22:08:48,807] 	trans_hidden_width: 32
[2022-10-13 22:08:48,807] 	trans_maxout_pieces: 3
[2022-10-13 22:08:48,807] 	trans_use_upper: True
[2022-10-13 22:08:48,807] 	embed_width: 128
[2022-10-13 22:08:48,807] 	embed_depth: 3
[2022-10-13 22:08:48,808] 	embed_size: 6000
[2022-10-13 22:08:48,808] 	embed_window_size: 2
[2022-10-13 22:08:48,808] 	embed_maxout_pieces: 2
[2022-10-13 22:08:48,808] 	embed_subword_features: True
[2022-10-13 22:08:48,808] 	models_path: /home/hugosousa/Projects/tei2go/models
[2022-10-13 22:08:48,808] 	resources_path: /home/hugosousa/Projects/tei2go/resources
[2022-10-13 22:08:48,808] 	logs_path: /home/hugosousa/Projects/tei2go/logs
[2022-10-13 22:08:48,808] 	data_path: /home/hugosousa/Projects/tei2go/data
[2022-10-13 22:08:48,808] 	gpu: False
[2022-10-13 22:08:48,808] Found preprocessed data.
[2022-10-13 22:08:48,810] Corpus statistics:
[2022-10-13 22:08:48,810] 	Train:
[2022-10-13 22:08:48,810] 		# sentences: 694
[2022-10-13 22:08:48,811] 		# timexs: 863
[2022-10-13 22:08:48,811] 	Validation:
[2022-10-13 22:08:48,811] 		# sentences: 180
[2022-10-13 22:08:48,811] 		# timexs: 219
[2022-10-13 22:08:48,811] Initializing model for language pt.
[2022-10-13 22:08:48,887] Started train loop with id 20221013220848
[2022-10-13 22:08:48,890] Created vocabulary
[2022-10-13 22:08:48,890] Finished initializing nlp object
[2022-10-13 22:08:48,940]       |Loss 	|F1
[2022-10-13 22:08:48,940] Epoch |Train	|Train	|Validation
[2022-10-13 22:08:58,690]     1 |2.504	|0.2290	|0.2211
[2022-10-13 22:09:08,209]     2 |0.672	|0.8997	|0.8083
[2022-10-13 22:09:17,710]     3 |0.403	|0.9413	|0.8578
[2022-10-13 22:09:27,252]     4 |0.314	|0.9401	|0.8565
[2022-10-13 22:09:36,723]     5 |0.231	|0.9682	|0.8565
[2022-10-13 22:09:46,225]     6 |0.206	|0.9700	|0.8649
[2022-10-13 22:09:55,745]     7 |0.161	|0.9758	|0.8456
[2022-10-13 22:10:05,306]     8 |0.144	|0.9826	|0.8688
[2022-10-13 22:10:14,832]     9 |0.123	|0.9890	|0.8649
[2022-10-13 22:10:24,309]    10 |0.079	|0.9919	|0.8629
[2022-10-13 22:10:33,798]    11 |0.110	|0.9856	|0.8496
[2022-10-13 22:10:33,800] Training done.
[2022-10-13 22:10:33,800] Best validation f1: 0.8688
[2022-10-13 22:10:33,800] ----------------------------------------------------------------------------------------------------
[2022-10-13 22:10:35,548] ----------------------------------------------------------------------------------------------------
[2022-10-13 22:10:35,548] Start training for the following setup:
[2022-10-13 22:10:35,548] 	model: spacy
[2022-10-13 22:10:35,548] 	data: ['timebankpt']
[2022-10-13 22:10:35,548] 	language: pt
[2022-10-13 22:10:35,548] 	n_epochs: 30
[2022-10-13 22:10:35,548] 	dropout: 0.1
[2022-10-13 22:10:35,548] 	learning_rate: None
[2022-10-13 22:10:35,548] 	trans_hidden_width: 64
[2022-10-13 22:10:35,548] 	trans_maxout_pieces: 2
[2022-10-13 22:10:35,548] 	trans_use_upper: True
[2022-10-13 22:10:35,548] 	embed_width: 128
[2022-10-13 22:10:35,548] 	embed_depth: 3
[2022-10-13 22:10:35,548] 	embed_size: 9000
[2022-10-13 22:10:35,548] 	embed_window_size: 2
[2022-10-13 22:10:35,548] 	embed_maxout_pieces: 2
[2022-10-13 22:10:35,548] 	embed_subword_features: True
[2022-10-13 22:10:35,548] 	models_path: /home/hugosousa/Projects/tei2go/models
[2022-10-13 22:10:35,548] 	resources_path: /home/hugosousa/Projects/tei2go/resources
[2022-10-13 22:10:35,548] 	logs_path: /home/hugosousa/Projects/tei2go/logs
[2022-10-13 22:10:35,548] 	data_path: /home/hugosousa/Projects/tei2go/data
[2022-10-13 22:10:35,548] 	gpu: False
[2022-10-13 22:10:35,548] Found preprocessed data.
[2022-10-13 22:10:35,551] Corpus statistics:
[2022-10-13 22:10:35,551] 	Train:
[2022-10-13 22:10:35,551] 		# sentences: 694
[2022-10-13 22:10:35,551] 		# timexs: 863
[2022-10-13 22:10:35,551] 	Validation:
[2022-10-13 22:10:35,551] 		# sentences: 180
[2022-10-13 22:10:35,551] 		# timexs: 219
[2022-10-13 22:10:35,551] Initializing model for language pt.
[2022-10-13 22:10:35,624] Started train loop with id 20221013221035
[2022-10-13 22:10:35,627] Created vocabulary
[2022-10-13 22:10:35,627] Finished initializing nlp object
[2022-10-13 22:10:35,696]       |Loss 	|F1
[2022-10-13 22:10:35,696] Epoch |Train	|Train	|Validation
[2022-10-13 22:10:46,702]     1 |1.815	|0.8675	|0.8317
[2022-10-13 22:10:57,551]     2 |0.469	|0.9314	|0.8396
[2022-10-13 22:11:08,344]     3 |0.261	|0.9460	|0.8036
[2022-10-13 22:11:19,064]     4 |0.177	|0.9650	|0.8216
[2022-10-13 22:11:29,753]     5 |0.125	|0.9782	|0.8341
[2022-10-13 22:11:29,754] Training done.
[2022-10-13 22:11:29,755] Best validation f1: 0.8396
[2022-10-13 22:11:29,755] ----------------------------------------------------------------------------------------------------
[2022-10-13 22:11:31,501] ----------------------------------------------------------------------------------------------------
[2022-10-13 22:11:31,501] Start training for the following setup:
[2022-10-13 22:11:31,501] 	model: spacy
[2022-10-13 22:11:31,501] 	data: ['timebankpt']
[2022-10-13 22:11:31,501] 	language: pt
[2022-10-13 22:11:31,501] 	n_epochs: 30
[2022-10-13 22:11:31,501] 	dropout: 0.4
[2022-10-13 22:11:31,501] 	learning_rate: None
[2022-10-13 22:11:31,501] 	trans_hidden_width: 256
[2022-10-13 22:11:31,501] 	trans_maxout_pieces: 3
[2022-10-13 22:11:31,501] 	trans_use_upper: True
[2022-10-13 22:11:31,501] 	embed_width: 128
[2022-10-13 22:11:31,501] 	embed_depth: 4
[2022-10-13 22:11:31,501] 	embed_size: 3000
[2022-10-13 22:11:31,501] 	embed_window_size: 1
[2022-10-13 22:11:31,501] 	embed_maxout_pieces: 3
[2022-10-13 22:11:31,501] 	embed_subword_features: True
[2022-10-13 22:11:31,501] 	models_path: /home/hugosousa/Projects/tei2go/models
[2022-10-13 22:11:31,501] 	resources_path: /home/hugosousa/Projects/tei2go/resources
[2022-10-13 22:11:31,501] 	logs_path: /home/hugosousa/Projects/tei2go/logs
[2022-10-13 22:11:31,501] 	data_path: /home/hugosousa/Projects/tei2go/data
[2022-10-13 22:11:31,501] 	gpu: False
[2022-10-13 22:11:31,501] Found preprocessed data.
[2022-10-13 22:11:31,504] Corpus statistics:
[2022-10-13 22:11:31,504] 	Train:
[2022-10-13 22:11:31,504] 		# sentences: 694
[2022-10-13 22:11:31,504] 		# timexs: 863
[2022-10-13 22:11:31,504] 	Validation:
[2022-10-13 22:11:31,504] 		# sentences: 180
[2022-10-13 22:11:31,504] 		# timexs: 219
[2022-10-13 22:11:31,504] Initializing model for language pt.
[2022-10-13 22:11:31,578] Started train loop with id 20221013221131
[2022-10-13 22:11:31,581] Created vocabulary
[2022-10-13 22:11:31,581] Finished initializing nlp object
[2022-10-13 22:11:31,935]       |Loss 	|F1
[2022-10-13 22:11:31,935] Epoch |Train	|Train	|Validation
[2022-10-13 22:11:53,060]     1 |1.868	|0.5780	|0.5594
[2022-10-13 22:12:14,141]     2 |0.990	|0.7591	|0.6856
[2022-10-13 22:12:35,063]     3 |0.751	|0.8782	|0.8161
[2022-10-13 22:12:56,264]     4 |0.637	|0.8310	|0.8191
[2022-10-13 22:13:17,431]     5 |0.523	|0.9118	|0.8514
[2022-10-13 22:13:38,719]     6 |0.497	|0.9300	|0.8381
[2022-10-13 22:13:59,896]     7 |0.436	|0.9430	|0.8705
[2022-10-13 22:14:20,693]     8 |0.372	|0.9329	|0.8009
[2022-10-13 22:14:41,509]     9 |0.310	|0.9440	|0.8519
[2022-10-13 22:15:02,388]    10 |0.299	|0.9446	|0.8662
[2022-10-13 22:15:02,389] Training done.
[2022-10-13 22:15:02,389] Best validation f1: 0.8705
[2022-10-13 22:15:02,389] ----------------------------------------------------------------------------------------------------
[2022-10-13 22:15:04,138] ----------------------------------------------------------------------------------------------------
[2022-10-13 22:15:04,138] Start training for the following setup:
[2022-10-13 22:15:04,138] 	model: spacy
[2022-10-13 22:15:04,138] 	data: ['timebankpt']
[2022-10-13 22:15:04,138] 	language: pt
[2022-10-13 22:15:04,138] 	n_epochs: 30
[2022-10-13 22:15:04,138] 	dropout: 0.4
[2022-10-13 22:15:04,138] 	learning_rate: None
[2022-10-13 22:15:04,138] 	trans_hidden_width: 64
[2022-10-13 22:15:04,138] 	trans_maxout_pieces: 3
[2022-10-13 22:15:04,138] 	trans_use_upper: True
[2022-10-13 22:15:04,138] 	embed_width: 300
[2022-10-13 22:15:04,138] 	embed_depth: 2
[2022-10-13 22:15:04,138] 	embed_size: 7000
[2022-10-13 22:15:04,138] 	embed_window_size: 2
[2022-10-13 22:15:04,138] 	embed_maxout_pieces: 3
[2022-10-13 22:15:04,138] 	embed_subword_features: True
[2022-10-13 22:15:04,138] 	models_path: /home/hugosousa/Projects/tei2go/models
[2022-10-13 22:15:04,138] 	resources_path: /home/hugosousa/Projects/tei2go/resources
[2022-10-13 22:15:04,138] 	logs_path: /home/hugosousa/Projects/tei2go/logs
[2022-10-13 22:15:04,139] 	data_path: /home/hugosousa/Projects/tei2go/data
[2022-10-13 22:15:04,139] 	gpu: False
[2022-10-13 22:15:04,139] Found preprocessed data.
[2022-10-13 22:15:04,141] Corpus statistics:
[2022-10-13 22:15:04,141] 	Train:
[2022-10-13 22:15:04,141] 		# sentences: 694
[2022-10-13 22:15:04,141] 		# timexs: 863
[2022-10-13 22:15:04,141] 	Validation:
[2022-10-13 22:15:04,141] 		# sentences: 180
[2022-10-13 22:15:04,141] 		# timexs: 219
[2022-10-13 22:15:04,141] Initializing model for language pt.
[2022-10-13 22:15:04,216] Started train loop with id 20221013221504
[2022-10-13 22:15:04,218] Created vocabulary
[2022-10-13 22:15:04,219] Finished initializing nlp object
[2022-10-13 22:15:04,349]       |Loss 	|F1
[2022-10-13 22:15:04,349] Epoch |Train	|Train	|Validation
[2022-10-13 22:15:31,103]     1 |1.916	|0.7878	|0.7711
[2022-10-13 22:15:57,545]     2 |0.579	|0.8979	|0.8090
[2022-10-13 22:16:23,962]     3 |0.373	|0.9306	|0.8704
[2022-10-13 22:16:50,368]     4 |0.341	|0.9532	|0.8462
[2022-10-13 22:17:16,615]     5 |0.245	|0.9480	|0.8192
[2022-10-13 22:17:42,923]     6 |0.196	|0.9631	|0.8591
[2022-10-13 22:17:42,928] Training done.
[2022-10-13 22:17:42,928] Best validation f1: 0.8704
[2022-10-13 22:17:42,928] ----------------------------------------------------------------------------------------------------
[2022-10-13 22:17:44,694] ----------------------------------------------------------------------------------------------------
[2022-10-13 22:17:44,694] Start training for the following setup:
[2022-10-13 22:17:44,695] 	model: spacy
[2022-10-13 22:17:44,695] 	data: ['timebankpt']
[2022-10-13 22:17:44,695] 	language: pt
[2022-10-13 22:17:44,695] 	n_epochs: 30
[2022-10-13 22:17:44,695] 	dropout: 0.3
[2022-10-13 22:17:44,695] 	learning_rate: None
[2022-10-13 22:17:44,695] 	trans_hidden_width: 64
[2022-10-13 22:17:44,695] 	trans_maxout_pieces: 2
[2022-10-13 22:17:44,695] 	trans_use_upper: True
[2022-10-13 22:17:44,695] 	embed_width: 96
[2022-10-13 22:17:44,695] 	embed_depth: 3
[2022-10-13 22:17:44,695] 	embed_size: 3000
[2022-10-13 22:17:44,695] 	embed_window_size: 1
[2022-10-13 22:17:44,695] 	embed_maxout_pieces: 2
[2022-10-13 22:17:44,695] 	embed_subword_features: True
[2022-10-13 22:17:44,695] 	models_path: /home/hugosousa/Projects/tei2go/models
[2022-10-13 22:17:44,695] 	resources_path: /home/hugosousa/Projects/tei2go/resources
[2022-10-13 22:17:44,695] 	logs_path: /home/hugosousa/Projects/tei2go/logs
[2022-10-13 22:17:44,695] 	data_path: /home/hugosousa/Projects/tei2go/data
[2022-10-13 22:17:44,695] 	gpu: False
[2022-10-13 22:17:44,695] Found preprocessed data.
[2022-10-13 22:17:44,698] Corpus statistics:
[2022-10-13 22:17:44,698] 	Train:
[2022-10-13 22:17:44,698] 		# sentences: 694
[2022-10-13 22:17:44,698] 		# timexs: 863
[2022-10-13 22:17:44,698] 	Validation:
[2022-10-13 22:17:44,698] 		# sentences: 180
[2022-10-13 22:17:44,698] 		# timexs: 219
[2022-10-13 22:17:44,698] Initializing model for language pt.
[2022-10-13 22:17:44,771] Started train loop with id 20221013221744
[2022-10-13 22:17:44,774] Created vocabulary
[2022-10-13 22:17:44,774] Finished initializing nlp object
[2022-10-13 22:17:44,822]       |Loss 	|F1
[2022-10-13 22:17:44,822] Epoch |Train	|Train	|Validation
[2022-10-13 22:17:51,333]     1 |2.214	|0.6687	|0.6522
[2022-10-13 22:17:57,644]     2 |0.752	|0.8378	|0.7786
[2022-10-13 22:18:03,934]     3 |0.508	|0.9064	|0.7895
[2022-10-13 22:18:10,258]     4 |0.445	|0.9276	|0.8630
[2022-10-13 22:18:16,564]     5 |0.350	|0.9418	|0.8552
[2022-10-13 22:18:22,865]     6 |0.338	|0.9466	|0.8668
[2022-10-13 22:18:29,173]     7 |0.278	|0.9547	|0.8649
[2022-10-13 22:18:35,519]     8 |0.207	|0.9632	|0.8520
[2022-10-13 22:18:41,825]     9 |0.192	|0.9689	|0.8470
[2022-10-13 22:18:41,826] Training done.
[2022-10-13 22:18:41,826] Best validation f1: 0.8668
[2022-10-13 22:18:41,826] ----------------------------------------------------------------------------------------------------
[2022-10-13 22:18:43,585] ----------------------------------------------------------------------------------------------------
[2022-10-13 22:18:43,585] Start training for the following setup:
[2022-10-13 22:18:43,585] 	model: spacy
[2022-10-13 22:18:43,585] 	data: ['timebankpt']
[2022-10-13 22:18:43,585] 	language: pt
[2022-10-13 22:18:43,585] 	n_epochs: 30
[2022-10-13 22:18:43,585] 	dropout: 0.1
[2022-10-13 22:18:43,585] 	learning_rate: None
[2022-10-13 22:18:43,585] 	trans_hidden_width: 32
[2022-10-13 22:18:43,585] 	trans_maxout_pieces: 2
[2022-10-13 22:18:43,585] 	trans_use_upper: True
[2022-10-13 22:18:43,585] 	embed_width: 96
[2022-10-13 22:18:43,585] 	embed_depth: 2
[2022-10-13 22:18:43,585] 	embed_size: 9000
[2022-10-13 22:18:43,585] 	embed_window_size: 2
[2022-10-13 22:18:43,585] 	embed_maxout_pieces: 2
[2022-10-13 22:18:43,585] 	embed_subword_features: True
[2022-10-13 22:18:43,585] 	models_path: /home/hugosousa/Projects/tei2go/models
[2022-10-13 22:18:43,585] 	resources_path: /home/hugosousa/Projects/tei2go/resources
[2022-10-13 22:18:43,586] 	logs_path: /home/hugosousa/Projects/tei2go/logs
[2022-10-13 22:18:43,586] 	data_path: /home/hugosousa/Projects/tei2go/data
[2022-10-13 22:18:43,586] 	gpu: False
[2022-10-13 22:18:43,586] Found preprocessed data.
[2022-10-13 22:18:43,588] Corpus statistics:
[2022-10-13 22:18:43,588] 	Train:
[2022-10-13 22:18:43,588] 		# sentences: 694
[2022-10-13 22:18:43,588] 		# timexs: 863
[2022-10-13 22:18:43,588] 	Validation:
[2022-10-13 22:18:43,588] 		# sentences: 180
[2022-10-13 22:18:43,588] 		# timexs: 219
[2022-10-13 22:18:43,588] Initializing model for language pt.
[2022-10-13 22:18:43,662] Started train loop with id 20221013221843
[2022-10-13 22:18:43,665] Created vocabulary
[2022-10-13 22:18:43,665] Finished initializing nlp object
[2022-10-13 22:18:43,709]       |Loss 	|F1
[2022-10-13 22:18:43,709] Epoch |Train	|Train	|Validation
[2022-10-13 22:18:51,556]     1 |2.197	|0.8247	|0.7700
[2022-10-13 22:18:59,211]     2 |0.425	|0.9305	|0.8492
[2022-10-13 22:19:06,820]     3 |0.226	|0.9572	|0.8514
[2022-10-13 22:19:14,434]     4 |0.161	|0.9752	|0.8661
[2022-10-13 22:19:22,003]     5 |0.100	|0.9826	|0.8474
[2022-10-13 22:19:29,528]     6 |0.089	|0.9895	|0.8479
[2022-10-13 22:19:37,043]     7 |0.063	|0.9856	|0.8472
[2022-10-13 22:19:37,044] Training done.
[2022-10-13 22:19:37,044] Best validation f1: 0.8661
[2022-10-13 22:19:37,044] ----------------------------------------------------------------------------------------------------
