[2022-10-02 13:02:17,449] ----------------------------------------------------------------------------------------------------
[2022-10-02 13:02:17,449] Start training for the following setup:
[2022-10-02 13:02:17,449] 	model: spacy
[2022-10-02 13:02:17,450] 	data: ['tempeval_3']
[2022-10-02 13:02:17,450] 	language: en
[2022-10-02 13:02:17,450] 	n_epochs: 15
[2022-10-02 13:02:17,450] 	dropout: 0.0
[2022-10-02 13:02:17,450] 	batch_size: None
[2022-10-02 13:02:17,450] 	learning_rate: None
[2022-10-02 13:02:17,450] 	embeddings: None
[2022-10-02 13:02:17,450] 	models_path: /home/hugosousa/Projects/tei2go/models
[2022-10-02 13:02:17,450] 	resources_path: /home/hugosousa/Projects/tei2go/resources
[2022-10-02 13:02:17,450] 	logs_path: /home/hugosousa/Projects/tei2go/logs
[2022-10-02 13:02:17,450] 	data_path: /home/hugosousa/Projects/tei2go/data
[2022-10-02 13:02:17,450] 	gpu: False
[2022-10-02 13:02:17,452] Found preprocessed data.
[2022-10-02 13:02:17,458] Corpus statistics:
[2022-10-02 13:02:17,458] 	Train:
[2022-10-02 13:02:17,458] 		# sentences: 1149
[2022-10-02 13:02:17,458] 		# timexs: 1427
[2022-10-02 13:02:17,458] 	Validation:
[2022-10-02 13:02:17,458] 		# sentences: 307
[2022-10-02 13:02:17,458] 		# timexs: 383
[2022-10-02 13:02:17,458] Initializing model for language en.
[2022-10-02 13:02:17,619] Started train loop with id 20221002130217
[2022-10-02 13:02:17,621] Created vocabulary
[2022-10-02 13:02:17,622] Finished initializing nlp object
[2022-10-02 13:02:17,692]       |Loss 	|F1
[2022-10-02 13:02:17,692] Epoch |Train	|Train	|Validation
[2022-10-02 13:02:27,888]     1 |1.207	|0.8599	|0.7878
[2022-10-02 13:02:37,792]     2 |0.387	|0.9182	|0.8125
[2022-10-02 13:02:47,955]     3 |0.275	|0.9206	|0.7745
[2022-10-02 13:02:57,795]     4 |0.221	|0.9575	|0.8116
[2022-10-02 13:03:07,634]     5 |0.143	|0.9669	|0.8027
[2022-10-02 13:03:07,636] Training done.
[2022-10-02 13:03:07,636] Best validation f1: 0.8125
[2022-10-02 13:03:07,636] ----------------------------------------------------------------------------------------------------
[2022-10-02 13:03:10,536] ----------------------------------------------------------------------------------------------------
[2022-10-02 13:03:10,536] Start training for the following setup:
[2022-10-02 13:03:10,536] 	model: spacy
[2022-10-02 13:03:10,536] 	data: ['tempeval_3']
[2022-10-02 13:03:10,536] 	language: en
[2022-10-02 13:03:10,536] 	n_epochs: 15
[2022-10-02 13:03:10,536] 	dropout: 0.1
[2022-10-02 13:03:10,536] 	batch_size: None
[2022-10-02 13:03:10,536] 	learning_rate: None
[2022-10-02 13:03:10,536] 	embeddings: None
[2022-10-02 13:03:10,536] 	models_path: /home/hugosousa/Projects/tei2go/models
[2022-10-02 13:03:10,536] 	resources_path: /home/hugosousa/Projects/tei2go/resources
[2022-10-02 13:03:10,536] 	logs_path: /home/hugosousa/Projects/tei2go/logs
[2022-10-02 13:03:10,536] 	data_path: /home/hugosousa/Projects/tei2go/data
[2022-10-02 13:03:10,536] 	gpu: False
[2022-10-02 13:03:10,536] Found preprocessed data.
[2022-10-02 13:03:10,539] Corpus statistics:
[2022-10-02 13:03:10,540] 	Train:
[2022-10-02 13:03:10,540] 		# sentences: 1149
[2022-10-02 13:03:10,540] 		# timexs: 1427
[2022-10-02 13:03:10,540] 	Validation:
[2022-10-02 13:03:10,540] 		# sentences: 307
[2022-10-02 13:03:10,540] 		# timexs: 383
[2022-10-02 13:03:10,540] Initializing model for language en.
[2022-10-02 13:03:10,683] Started train loop with id 20221002130310
[2022-10-02 13:03:10,685] Created vocabulary
[2022-10-02 13:03:10,685] Finished initializing nlp object
[2022-10-02 13:03:10,733]       |Loss 	|F1
[2022-10-02 13:03:10,733] Epoch |Train	|Train	|Validation
[2022-10-02 13:03:21,148]     1 |1.295	|0.8393	|0.7569
[2022-10-02 13:03:31,292]     2 |0.472	|0.9009	|0.8251
[2022-10-02 13:03:41,362]     3 |0.423	|0.9232	|0.8188
[2022-10-02 13:03:51,439]     4 |0.268	|0.9416	|0.8152
[2022-10-02 13:04:01,494]     5 |0.210	|0.9567	|0.8093
[2022-10-02 13:04:01,495] Training done.
[2022-10-02 13:04:01,495] Best validation f1: 0.8251
[2022-10-02 13:04:01,495] ----------------------------------------------------------------------------------------------------
[2022-10-02 13:04:04,382] ----------------------------------------------------------------------------------------------------
[2022-10-02 13:04:04,382] Start training for the following setup:
[2022-10-02 13:04:04,382] 	model: spacy
[2022-10-02 13:04:04,382] 	data: ['tempeval_3']
[2022-10-02 13:04:04,382] 	language: en
[2022-10-02 13:04:04,382] 	n_epochs: 15
[2022-10-02 13:04:04,382] 	dropout: 0.2
[2022-10-02 13:04:04,382] 	batch_size: None
[2022-10-02 13:04:04,382] 	learning_rate: None
[2022-10-02 13:04:04,382] 	embeddings: None
[2022-10-02 13:04:04,382] 	models_path: /home/hugosousa/Projects/tei2go/models
[2022-10-02 13:04:04,383] 	resources_path: /home/hugosousa/Projects/tei2go/resources
[2022-10-02 13:04:04,383] 	logs_path: /home/hugosousa/Projects/tei2go/logs
[2022-10-02 13:04:04,383] 	data_path: /home/hugosousa/Projects/tei2go/data
[2022-10-02 13:04:04,383] 	gpu: False
[2022-10-02 13:04:04,383] Found preprocessed data.
[2022-10-02 13:04:04,386] Corpus statistics:
[2022-10-02 13:04:04,386] 	Train:
[2022-10-02 13:04:04,386] 		# sentences: 1149
[2022-10-02 13:04:04,386] 		# timexs: 1427
[2022-10-02 13:04:04,386] 	Validation:
[2022-10-02 13:04:04,386] 		# sentences: 307
[2022-10-02 13:04:04,386] 		# timexs: 383
[2022-10-02 13:04:04,386] Initializing model for language en.
[2022-10-02 13:04:04,529] Started train loop with id 20221002130404
[2022-10-02 13:04:04,531] Created vocabulary
[2022-10-02 13:04:04,532] Finished initializing nlp object
[2022-10-02 13:04:04,579]       |Loss 	|F1
[2022-10-02 13:04:04,579] Epoch |Train	|Train	|Validation
[2022-10-02 13:04:14,972]     1 |1.397	|0.8136	|0.7477
[2022-10-02 13:04:25,084]     2 |0.540	|0.8754	|0.7887
[2022-10-02 13:04:35,142]     3 |0.468	|0.9105	|0.7942
[2022-10-02 13:04:45,228]     4 |0.340	|0.9236	|0.8338
[2022-10-02 13:04:55,304]     5 |0.290	|0.9420	|0.8101
[2022-10-02 13:05:05,467]     6 |0.271	|0.9446	|0.8364
[2022-10-02 13:05:15,555]     7 |0.230	|0.9551	|0.8156
[2022-10-02 13:05:25,621]     8 |0.190	|0.9627	|0.8164
[2022-10-02 13:05:35,706]     9 |0.200	|0.9724	|0.8240
[2022-10-02 13:05:35,708] Training done.
[2022-10-02 13:05:35,708] Best validation f1: 0.8364
[2022-10-02 13:05:35,708] ----------------------------------------------------------------------------------------------------
[2022-10-02 13:05:38,604] ----------------------------------------------------------------------------------------------------
[2022-10-02 13:05:38,604] Start training for the following setup:
[2022-10-02 13:05:38,604] 	model: spacy
[2022-10-02 13:05:38,604] 	data: ['tempeval_3']
[2022-10-02 13:05:38,604] 	language: en
[2022-10-02 13:05:38,604] 	n_epochs: 15
[2022-10-02 13:05:38,604] 	dropout: 0.3
[2022-10-02 13:05:38,604] 	batch_size: None
[2022-10-02 13:05:38,604] 	learning_rate: None
[2022-10-02 13:05:38,604] 	embeddings: None
[2022-10-02 13:05:38,604] 	models_path: /home/hugosousa/Projects/tei2go/models
[2022-10-02 13:05:38,604] 	resources_path: /home/hugosousa/Projects/tei2go/resources
[2022-10-02 13:05:38,604] 	logs_path: /home/hugosousa/Projects/tei2go/logs
[2022-10-02 13:05:38,604] 	data_path: /home/hugosousa/Projects/tei2go/data
[2022-10-02 13:05:38,604] 	gpu: False
[2022-10-02 13:05:38,604] Found preprocessed data.
[2022-10-02 13:05:38,607] Corpus statistics:
[2022-10-02 13:05:38,607] 	Train:
[2022-10-02 13:05:38,607] 		# sentences: 1149
[2022-10-02 13:05:38,607] 		# timexs: 1427
[2022-10-02 13:05:38,607] 	Validation:
[2022-10-02 13:05:38,607] 		# sentences: 307
[2022-10-02 13:05:38,608] 		# timexs: 383
[2022-10-02 13:05:38,608] Initializing model for language en.
[2022-10-02 13:05:38,749] Started train loop with id 20221002130538
[2022-10-02 13:05:38,751] Created vocabulary
[2022-10-02 13:05:38,751] Finished initializing nlp object
[2022-10-02 13:05:38,800]       |Loss 	|F1
[2022-10-02 13:05:38,800] Epoch |Train	|Train	|Validation
[2022-10-02 13:05:49,212]     1 |1.563	|0.7959	|0.7330
[2022-10-02 13:05:59,354]     2 |0.719	|0.8536	|0.7580
[2022-10-02 13:06:09,452]     3 |0.478	|0.8965	|0.8027
[2022-10-02 13:06:19,578]     4 |0.408	|0.9098	|0.8266
[2022-10-02 13:06:29,711]     5 |0.344	|0.9300	|0.8215
[2022-10-02 13:06:39,845]     6 |0.335	|0.9368	|0.8197
[2022-10-02 13:06:49,933]     7 |0.296	|0.9398	|0.8371
[2022-10-02 13:07:00,065]     8 |0.275	|0.9536	|0.8320
[2022-10-02 13:07:10,182]     9 |0.246	|0.9601	|0.8228
[2022-10-02 13:07:20,315]    10 |0.234	|0.9603	|0.8136
[2022-10-02 13:07:20,316] Training done.
[2022-10-02 13:07:20,317] Best validation f1: 0.8371
[2022-10-02 13:07:20,317] ----------------------------------------------------------------------------------------------------
[2022-10-02 13:07:23,208] ----------------------------------------------------------------------------------------------------
[2022-10-02 13:07:23,208] Start training for the following setup:
[2022-10-02 13:07:23,208] 	model: spacy
[2022-10-02 13:07:23,208] 	data: ['tempeval_3']
[2022-10-02 13:07:23,208] 	language: en
[2022-10-02 13:07:23,208] 	n_epochs: 15
[2022-10-02 13:07:23,208] 	dropout: 0.4
[2022-10-02 13:07:23,208] 	batch_size: None
[2022-10-02 13:07:23,208] 	learning_rate: None
[2022-10-02 13:07:23,208] 	embeddings: None
[2022-10-02 13:07:23,208] 	models_path: /home/hugosousa/Projects/tei2go/models
[2022-10-02 13:07:23,208] 	resources_path: /home/hugosousa/Projects/tei2go/resources
[2022-10-02 13:07:23,208] 	logs_path: /home/hugosousa/Projects/tei2go/logs
[2022-10-02 13:07:23,208] 	data_path: /home/hugosousa/Projects/tei2go/data
[2022-10-02 13:07:23,208] 	gpu: False
[2022-10-02 13:07:23,209] Found preprocessed data.
[2022-10-02 13:07:23,211] Corpus statistics:
[2022-10-02 13:07:23,211] 	Train:
[2022-10-02 13:07:23,211] 		# sentences: 1149
[2022-10-02 13:07:23,212] 		# timexs: 1427
[2022-10-02 13:07:23,212] 	Validation:
[2022-10-02 13:07:23,212] 		# sentences: 307
[2022-10-02 13:07:23,212] 		# timexs: 383
[2022-10-02 13:07:23,212] Initializing model for language en.
[2022-10-02 13:07:23,356] Started train loop with id 20221002130723
[2022-10-02 13:07:23,359] Created vocabulary
[2022-10-02 13:07:23,359] Finished initializing nlp object
[2022-10-02 13:07:23,407]       |Loss 	|F1
[2022-10-02 13:07:23,407] Epoch |Train	|Train	|Validation
[2022-10-02 13:07:33,822]     1 |1.724	|0.7288	|0.6861
[2022-10-02 13:07:43,973]     2 |0.777	|0.8349	|0.7544
[2022-10-02 13:07:54,051]     3 |0.567	|0.8603	|0.7921
[2022-10-02 13:08:04,147]     4 |0.487	|0.8937	|0.8237
[2022-10-02 13:08:14,258]     5 |0.463	|0.9025	|0.8263
[2022-10-02 13:08:24,414]     6 |0.408	|0.9258	|0.8463
[2022-10-02 13:08:34,529]     7 |0.358	|0.9289	|0.7915
[2022-10-02 13:08:44,653]     8 |0.334	|0.9228	|0.7969
[2022-10-02 13:08:54,796]     9 |0.317	|0.9283	|0.7927
[2022-10-02 13:08:54,798] Training done.
[2022-10-02 13:08:54,798] Best validation f1: 0.8463
[2022-10-02 13:08:54,798] ----------------------------------------------------------------------------------------------------
[2022-10-02 13:08:57,675] ----------------------------------------------------------------------------------------------------
[2022-10-02 13:08:57,675] Start training for the following setup:
[2022-10-02 13:08:57,675] 	model: spacy
[2022-10-02 13:08:57,675] 	data: ['tempeval_3']
[2022-10-02 13:08:57,675] 	language: en
[2022-10-02 13:08:57,675] 	n_epochs: 15
[2022-10-02 13:08:57,675] 	dropout: 0.5
[2022-10-02 13:08:57,676] 	batch_size: None
[2022-10-02 13:08:57,676] 	learning_rate: None
[2022-10-02 13:08:57,676] 	embeddings: None
[2022-10-02 13:08:57,676] 	models_path: /home/hugosousa/Projects/tei2go/models
[2022-10-02 13:08:57,676] 	resources_path: /home/hugosousa/Projects/tei2go/resources
[2022-10-02 13:08:57,676] 	logs_path: /home/hugosousa/Projects/tei2go/logs
[2022-10-02 13:08:57,676] 	data_path: /home/hugosousa/Projects/tei2go/data
[2022-10-02 13:08:57,676] 	gpu: False
[2022-10-02 13:08:57,676] Found preprocessed data.
[2022-10-02 13:08:57,679] Corpus statistics:
[2022-10-02 13:08:57,679] 	Train:
[2022-10-02 13:08:57,679] 		# sentences: 1149
[2022-10-02 13:08:57,679] 		# timexs: 1427
[2022-10-02 13:08:57,679] 	Validation:
[2022-10-02 13:08:57,679] 		# sentences: 307
[2022-10-02 13:08:57,679] 		# timexs: 383
[2022-10-02 13:08:57,679] Initializing model for language en.
[2022-10-02 13:08:57,821] Started train loop with id 20221002130857
[2022-10-02 13:08:57,823] Created vocabulary
[2022-10-02 13:08:57,824] Finished initializing nlp object
[2022-10-02 13:08:57,870]       |Loss 	|F1
[2022-10-02 13:08:57,870] Epoch |Train	|Train	|Validation
[2022-10-02 13:09:08,252]     1 |1.943	|0.6171	|0.6226
[2022-10-02 13:09:18,397]     2 |0.953	|0.7591	|0.7263
[2022-10-02 13:09:28,458]     3 |0.757	|0.8386	|0.8073
[2022-10-02 13:09:38,554]     4 |0.616	|0.8581	|0.7974
[2022-10-02 13:09:48,640]     5 |0.541	|0.8747	|0.8153
[2022-10-02 13:09:58,800]     6 |0.487	|0.8890	|0.8372
[2022-10-02 13:10:08,912]     7 |0.443	|0.9119	|0.8238
[2022-10-02 13:10:19,007]     8 |0.405	|0.9086	|0.8373
[2022-10-02 13:10:29,148]     9 |0.393	|0.9059	|0.8256
[2022-10-02 13:10:39,279]    10 |0.380	|0.9117	|0.8301
[2022-10-02 13:10:49,450]    11 |0.353	|0.9235	|0.8243
[2022-10-02 13:10:49,452] Training done.
[2022-10-02 13:10:49,452] Best validation f1: 0.8373
[2022-10-02 13:10:49,452] ----------------------------------------------------------------------------------------------------
[2022-10-13 17:38:23,275] ----------------------------------------------------------------------------------------------------
[2022-10-13 17:38:23,275] Start training for the following setup:
[2022-10-13 17:38:23,275] 	model: spacy
[2022-10-13 17:38:23,275] 	data: ['tempeval_3']
[2022-10-13 17:38:23,275] 	language: en
[2022-10-13 17:38:23,275] 	n_epochs: 30
[2022-10-13 17:38:23,275] 	dropout: 0.2
[2022-10-13 17:38:23,275] 	learning_rate: None
[2022-10-13 17:38:23,275] 	trans_hidden_width: 8
[2022-10-13 17:38:23,275] 	trans_maxout_pieces: 3
[2022-10-13 17:38:23,275] 	trans_use_upper: True
[2022-10-13 17:38:23,275] 	embed_width: 300
[2022-10-13 17:38:23,275] 	embed_depth: 3
[2022-10-13 17:38:23,275] 	embed_size: 9000
[2022-10-13 17:38:23,275] 	embed_window_size: 2
[2022-10-13 17:38:23,275] 	embed_maxout_pieces: 3
[2022-10-13 17:38:23,275] 	embed_subword_features: True
[2022-10-13 17:38:23,275] 	models_path: /home/hugosousa/Projects/tei2go/models
[2022-10-13 17:38:23,275] 	resources_path: /home/hugosousa/Projects/tei2go/resources
[2022-10-13 17:38:23,275] 	logs_path: /home/hugosousa/Projects/tei2go/logs
[2022-10-13 17:38:23,276] 	data_path: /home/hugosousa/Projects/tei2go/data
[2022-10-13 17:38:23,276] 	gpu: False
[2022-10-13 17:38:23,276] Found preprocessed data.
[2022-10-13 17:38:23,278] Corpus statistics:
[2022-10-13 17:38:23,278] 	Train:
[2022-10-13 17:38:23,278] 		# sentences: 1149
[2022-10-13 17:38:23,278] 		# timexs: 1427
[2022-10-13 17:38:23,278] 	Validation:
[2022-10-13 17:38:23,278] 		# sentences: 307
[2022-10-13 17:38:23,278] 		# timexs: 383
[2022-10-13 17:38:23,279] Initializing model for language en.
[2022-10-13 17:38:23,421] Started train loop with id 20221013173823
[2022-10-13 17:38:23,423] Created vocabulary
[2022-10-13 17:38:23,423] Finished initializing nlp object
[2022-10-13 17:38:23,538]       |Loss 	|F1
[2022-10-13 17:38:23,538] Epoch |Train	|Train	|Validation
[2022-10-13 17:39:18,388]     1 |1.592	|0.8182	|0.7735
[2022-10-13 17:40:13,533]     2 |0.448	|0.8907	|0.7895
[2022-10-13 17:41:08,936]     3 |0.326	|0.9121	|0.7852
[2022-10-13 17:42:04,829]     4 |0.239	|0.9415	|0.8260
[2022-10-13 17:42:59,381]     5 |0.200	|0.9679	|0.8114
[2022-10-13 17:43:53,403]     6 |0.133	|0.9751	|0.8340
[2022-10-13 17:44:47,481]     7 |0.138	|0.9711	|0.8172
[2022-10-13 17:45:41,452]     8 |0.096	|0.9671	|0.7952
[2022-10-13 17:46:35,425]     9 |0.093	|0.9791	|0.8184
[2022-10-13 17:46:35,430] Training done.
[2022-10-13 17:46:35,430] Best validation f1: 0.8340
[2022-10-13 17:46:35,430] ----------------------------------------------------------------------------------------------------
[2022-10-13 17:46:37,191] ----------------------------------------------------------------------------------------------------
[2022-10-13 17:46:37,191] Start training for the following setup:
[2022-10-13 17:46:37,191] 	model: spacy
[2022-10-13 17:46:37,191] 	data: ['tempeval_3']
[2022-10-13 17:46:37,191] 	language: en
[2022-10-13 17:46:37,191] 	n_epochs: 30
[2022-10-13 17:46:37,191] 	dropout: 0.0
[2022-10-13 17:46:37,191] 	learning_rate: None
[2022-10-13 17:46:37,191] 	trans_hidden_width: 64
[2022-10-13 17:46:37,191] 	trans_maxout_pieces: 2
[2022-10-13 17:46:37,191] 	trans_use_upper: True
[2022-10-13 17:46:37,191] 	embed_width: 128
[2022-10-13 17:46:37,191] 	embed_depth: 2
[2022-10-13 17:46:37,191] 	embed_size: 2000
[2022-10-13 17:46:37,191] 	embed_window_size: 2
[2022-10-13 17:46:37,191] 	embed_maxout_pieces: 2
[2022-10-13 17:46:37,191] 	embed_subword_features: True
[2022-10-13 17:46:37,191] 	models_path: /home/hugosousa/Projects/tei2go/models
[2022-10-13 17:46:37,191] 	resources_path: /home/hugosousa/Projects/tei2go/resources
[2022-10-13 17:46:37,191] 	logs_path: /home/hugosousa/Projects/tei2go/logs
[2022-10-13 17:46:37,191] 	data_path: /home/hugosousa/Projects/tei2go/data
[2022-10-13 17:46:37,191] 	gpu: False
[2022-10-13 17:46:37,191] Found preprocessed data.
[2022-10-13 17:46:37,194] Corpus statistics:
[2022-10-13 17:46:37,194] 	Train:
[2022-10-13 17:46:37,194] 		# sentences: 1149
[2022-10-13 17:46:37,194] 		# timexs: 1427
[2022-10-13 17:46:37,194] 	Validation:
[2022-10-13 17:46:37,194] 		# sentences: 307
[2022-10-13 17:46:37,194] 		# timexs: 383
[2022-10-13 17:46:37,194] Initializing model for language en.
[2022-10-13 17:46:37,346] Started train loop with id 20221013174637
[2022-10-13 17:46:37,348] Created vocabulary
[2022-10-13 17:46:37,349] Finished initializing nlp object
[2022-10-13 17:46:37,399]       |Loss 	|F1
[2022-10-13 17:46:37,399] Epoch |Train	|Train	|Validation
[2022-10-13 17:46:48,814]     1 |1.198	|0.8628	|0.7623
[2022-10-13 17:46:59,869]     2 |0.400	|0.9120	|0.7885
[2022-10-13 17:47:10,899]     3 |0.271	|0.9338	|0.7842
[2022-10-13 17:47:21,883]     4 |0.226	|0.9624	|0.8110
[2022-10-13 17:47:32,999]     5 |0.165	|0.9613	|0.7967
[2022-10-13 17:47:44,028]     6 |0.110	|0.9842	|0.8043
[2022-10-13 17:47:55,051]     7 |0.085	|0.9783	|0.8000
[2022-10-13 17:47:55,053] Training done.
[2022-10-13 17:47:55,053] Best validation f1: 0.8110
[2022-10-13 17:47:55,053] ----------------------------------------------------------------------------------------------------
[2022-10-13 17:47:56,797] ----------------------------------------------------------------------------------------------------
[2022-10-13 17:47:56,797] Start training for the following setup:
[2022-10-13 17:47:56,797] 	model: spacy
[2022-10-13 17:47:56,797] 	data: ['tempeval_3']
[2022-10-13 17:47:56,797] 	language: en
[2022-10-13 17:47:56,798] 	n_epochs: 30
[2022-10-13 17:47:56,798] 	dropout: 0.0
[2022-10-13 17:47:56,798] 	learning_rate: None
[2022-10-13 17:47:56,798] 	trans_hidden_width: 64
[2022-10-13 17:47:56,798] 	trans_maxout_pieces: 2
[2022-10-13 17:47:56,798] 	trans_use_upper: True
[2022-10-13 17:47:56,798] 	embed_width: 128
[2022-10-13 17:47:56,798] 	embed_depth: 6
[2022-10-13 17:47:56,798] 	embed_size: 8000
[2022-10-13 17:47:56,798] 	embed_window_size: 1
[2022-10-13 17:47:56,798] 	embed_maxout_pieces: 1
[2022-10-13 17:47:56,798] 	embed_subword_features: True
[2022-10-13 17:47:56,798] 	models_path: /home/hugosousa/Projects/tei2go/models
[2022-10-13 17:47:56,798] 	resources_path: /home/hugosousa/Projects/tei2go/resources
[2022-10-13 17:47:56,798] 	logs_path: /home/hugosousa/Projects/tei2go/logs
[2022-10-13 17:47:56,798] 	data_path: /home/hugosousa/Projects/tei2go/data
[2022-10-13 17:47:56,798] 	gpu: False
[2022-10-13 17:47:56,798] Found preprocessed data.
[2022-10-13 17:47:56,801] Corpus statistics:
[2022-10-13 17:47:56,801] 	Train:
[2022-10-13 17:47:56,801] 		# sentences: 1149
[2022-10-13 17:47:56,801] 		# timexs: 1427
[2022-10-13 17:47:56,801] 	Validation:
[2022-10-13 17:47:56,801] 		# sentences: 307
[2022-10-13 17:47:56,801] 		# timexs: 383
[2022-10-13 17:47:56,801] Initializing model for language en.
[2022-10-13 17:47:56,953] Started train loop with id 20221013174756
[2022-10-13 17:47:56,956] Created vocabulary
[2022-10-13 17:47:56,956] Finished initializing nlp object
[2022-10-13 17:47:57,023]       |Loss 	|F1
[2022-10-13 17:47:57,023] Epoch |Train	|Train	|Validation
[2022-10-13 17:48:13,652]     1 |1.208	|0.8504	|0.7729
[2022-10-13 17:48:30,018]     2 |0.431	|0.9069	|0.7950
[2022-10-13 17:48:46,264]     3 |0.313	|0.9281	|0.7808
[2022-10-13 17:49:02,558]     4 |0.237	|0.9168	|0.8033
[2022-10-13 17:49:18,822]     5 |0.227	|0.9373	|0.7360
[2022-10-13 17:49:34,985]     6 |0.176	|0.8948	|0.7656
[2022-10-13 17:49:51,186]     7 |0.164	|0.9512	|0.7871
[2022-10-13 17:49:51,188] Training done.
[2022-10-13 17:49:51,188] Best validation f1: 0.8033
[2022-10-13 17:49:51,188] ----------------------------------------------------------------------------------------------------
[2022-10-13 17:49:52,918] ----------------------------------------------------------------------------------------------------
[2022-10-13 17:49:52,918] Start training for the following setup:
[2022-10-13 17:49:52,918] 	model: spacy
[2022-10-13 17:49:52,918] 	data: ['tempeval_3']
[2022-10-13 17:49:52,918] 	language: en
[2022-10-13 17:49:52,918] 	n_epochs: 30
[2022-10-13 17:49:52,919] 	dropout: 0.2
[2022-10-13 17:49:52,919] 	learning_rate: None
[2022-10-13 17:49:52,919] 	trans_hidden_width: 128
[2022-10-13 17:49:52,919] 	trans_maxout_pieces: 3
[2022-10-13 17:49:52,919] 	trans_use_upper: True
[2022-10-13 17:49:52,919] 	embed_width: 300
[2022-10-13 17:49:52,919] 	embed_depth: 2
[2022-10-13 17:49:52,919] 	embed_size: 9000
[2022-10-13 17:49:52,919] 	embed_window_size: 2
[2022-10-13 17:49:52,919] 	embed_maxout_pieces: 2
[2022-10-13 17:49:52,919] 	embed_subword_features: True
[2022-10-13 17:49:52,919] 	models_path: /home/hugosousa/Projects/tei2go/models
[2022-10-13 17:49:52,919] 	resources_path: /home/hugosousa/Projects/tei2go/resources
[2022-10-13 17:49:52,919] 	logs_path: /home/hugosousa/Projects/tei2go/logs
[2022-10-13 17:49:52,919] 	data_path: /home/hugosousa/Projects/tei2go/data
[2022-10-13 17:49:52,919] 	gpu: False
[2022-10-13 17:49:52,919] Found preprocessed data.
[2022-10-13 17:49:52,922] Corpus statistics:
[2022-10-13 17:49:52,922] 	Train:
[2022-10-13 17:49:52,922] 		# sentences: 1149
[2022-10-13 17:49:52,922] 		# timexs: 1427
[2022-10-13 17:49:52,922] 	Validation:
[2022-10-13 17:49:52,922] 		# sentences: 307
[2022-10-13 17:49:52,922] 		# timexs: 383
[2022-10-13 17:49:52,922] Initializing model for language en.
[2022-10-13 17:49:53,072] Started train loop with id 20221013174953
[2022-10-13 17:49:53,074] Created vocabulary
[2022-10-13 17:49:53,075] Finished initializing nlp object
[2022-10-13 17:49:53,268]       |Loss 	|F1
[2022-10-13 17:49:53,268] Epoch |Train	|Train	|Validation
[2022-10-13 17:50:35,126]     1 |1.131	|0.8717	|0.7956
[2022-10-13 17:51:16,645]     2 |0.450	|0.8956	|0.8173
[2022-10-13 17:51:58,439]     3 |0.372	|0.9227	|0.7944
[2022-10-13 17:52:40,282]     4 |0.307	|0.9272	|0.8016
[2022-10-13 17:53:21,710]     5 |0.226	|0.9107	|0.7589
[2022-10-13 17:53:21,712] Training done.
[2022-10-13 17:53:21,712] Best validation f1: 0.8173
[2022-10-13 17:53:21,712] ----------------------------------------------------------------------------------------------------
[2022-10-13 17:53:23,463] ----------------------------------------------------------------------------------------------------
[2022-10-13 17:53:23,463] Start training for the following setup:
[2022-10-13 17:53:23,463] 	model: spacy
[2022-10-13 17:53:23,464] 	data: ['tempeval_3']
[2022-10-13 17:53:23,464] 	language: en
[2022-10-13 17:53:23,464] 	n_epochs: 30
[2022-10-13 17:53:23,464] 	dropout: 0.1
[2022-10-13 17:53:23,464] 	learning_rate: None
[2022-10-13 17:53:23,464] 	trans_hidden_width: 16
[2022-10-13 17:53:23,464] 	trans_maxout_pieces: 1
[2022-10-13 17:53:23,464] 	trans_use_upper: True
[2022-10-13 17:53:23,464] 	embed_width: 128
[2022-10-13 17:53:23,464] 	embed_depth: 4
[2022-10-13 17:53:23,464] 	embed_size: 2000
[2022-10-13 17:53:23,464] 	embed_window_size: 1
[2022-10-13 17:53:23,464] 	embed_maxout_pieces: 3
[2022-10-13 17:53:23,464] 	embed_subword_features: True
[2022-10-13 17:53:23,464] 	models_path: /home/hugosousa/Projects/tei2go/models
[2022-10-13 17:53:23,464] 	resources_path: /home/hugosousa/Projects/tei2go/resources
[2022-10-13 17:53:23,464] 	logs_path: /home/hugosousa/Projects/tei2go/logs
[2022-10-13 17:53:23,464] 	data_path: /home/hugosousa/Projects/tei2go/data
[2022-10-13 17:53:23,464] 	gpu: False
[2022-10-13 17:53:23,464] Found preprocessed data.
[2022-10-13 17:53:23,467] Corpus statistics:
[2022-10-13 17:53:23,467] 	Train:
[2022-10-13 17:53:23,467] 		# sentences: 1149
[2022-10-13 17:53:23,467] 		# timexs: 1427
[2022-10-13 17:53:23,467] 	Validation:
[2022-10-13 17:53:23,467] 		# sentences: 307
[2022-10-13 17:53:23,467] 		# timexs: 383
[2022-10-13 17:53:23,467] Initializing model for language en.
[2022-10-13 17:53:23,622] Started train loop with id 20221013175323
[2022-10-13 17:53:23,625] Created vocabulary
[2022-10-13 17:53:23,625] Finished initializing nlp object
[2022-10-13 17:53:23,657]       |Loss 	|F1
[2022-10-13 17:53:23,657] Epoch |Train	|Train	|Validation
[2022-10-13 17:53:37,007]     1 |1.794	|0.7898	|0.7669
[2022-10-13 17:53:50,179]     2 |0.523	|0.5810	|0.5511
[2022-10-13 17:54:03,409]     3 |0.371	|0.9116	|0.7979
[2022-10-13 17:54:16,654]     4 |0.284	|0.8759	|0.8062
[2022-10-13 17:54:29,897]     5 |0.267	|0.6966	|0.6258
[2022-10-13 17:54:43,112]     6 |0.187	|0.8799	|0.7768
[2022-10-13 17:54:56,262]     7 |0.140	|0.9058	|0.7955
[2022-10-13 17:54:56,264] Training done.
[2022-10-13 17:54:56,264] Best validation f1: 0.8062
[2022-10-13 17:54:56,264] ----------------------------------------------------------------------------------------------------
[2022-10-13 17:54:58,015] ----------------------------------------------------------------------------------------------------
[2022-10-13 17:54:58,015] Start training for the following setup:
[2022-10-13 17:54:58,016] 	model: spacy
[2022-10-13 17:54:58,016] 	data: ['tempeval_3']
[2022-10-13 17:54:58,016] 	language: en
[2022-10-13 17:54:58,016] 	n_epochs: 30
[2022-10-13 17:54:58,016] 	dropout: 0.1
[2022-10-13 17:54:58,016] 	learning_rate: None
[2022-10-13 17:54:58,016] 	trans_hidden_width: 128
[2022-10-13 17:54:58,016] 	trans_maxout_pieces: 2
[2022-10-13 17:54:58,016] 	trans_use_upper: True
[2022-10-13 17:54:58,016] 	embed_width: 96
[2022-10-13 17:54:58,016] 	embed_depth: 7
[2022-10-13 17:54:58,016] 	embed_size: 3000
[2022-10-13 17:54:58,016] 	embed_window_size: 1
[2022-10-13 17:54:58,016] 	embed_maxout_pieces: 1
[2022-10-13 17:54:58,016] 	embed_subword_features: True
[2022-10-13 17:54:58,016] 	models_path: /home/hugosousa/Projects/tei2go/models
[2022-10-13 17:54:58,016] 	resources_path: /home/hugosousa/Projects/tei2go/resources
[2022-10-13 17:54:58,016] 	logs_path: /home/hugosousa/Projects/tei2go/logs
[2022-10-13 17:54:58,016] 	data_path: /home/hugosousa/Projects/tei2go/data
[2022-10-13 17:54:58,016] 	gpu: False
[2022-10-13 17:54:58,016] Found preprocessed data.
[2022-10-13 17:54:58,019] Corpus statistics:
[2022-10-13 17:54:58,019] 	Train:
[2022-10-13 17:54:58,019] 		# sentences: 1149
[2022-10-13 17:54:58,019] 		# timexs: 1427
[2022-10-13 17:54:58,019] 	Validation:
[2022-10-13 17:54:58,019] 		# sentences: 307
[2022-10-13 17:54:58,019] 		# timexs: 383
[2022-10-13 17:54:58,019] Initializing model for language en.
[2022-10-13 17:54:58,175] Started train loop with id 20221013175458
[2022-10-13 17:54:58,178] Created vocabulary
[2022-10-13 17:54:58,178] Finished initializing nlp object
[2022-10-13 17:54:58,279]       |Loss 	|F1
[2022-10-13 17:54:58,279] Epoch |Train	|Train	|Validation
[2022-10-13 17:55:12,436]     1 |1.125	|0.8288	|0.7467
[2022-10-13 17:55:26,332]     2 |0.515	|0.8679	|0.7684
[2022-10-13 17:55:40,273]     3 |0.395	|0.8995	|0.7865
[2022-10-13 17:55:54,144]     4 |0.310	|0.9236	|0.8099
[2022-10-13 17:56:08,113]     5 |0.296	|0.9235	|0.7848
[2022-10-13 17:56:21,984]     6 |0.234	|0.8981	|0.7634
[2022-10-13 17:56:35,907]     7 |0.206	|0.9339	|0.7705
[2022-10-13 17:56:35,909] Training done.
[2022-10-13 17:56:35,909] Best validation f1: 0.8099
[2022-10-13 17:56:35,909] ----------------------------------------------------------------------------------------------------
[2022-10-13 17:56:37,667] ----------------------------------------------------------------------------------------------------
[2022-10-13 17:56:37,668] Start training for the following setup:
[2022-10-13 17:56:37,668] 	model: spacy
[2022-10-13 17:56:37,668] 	data: ['tempeval_3']
[2022-10-13 17:56:37,668] 	language: en
[2022-10-13 17:56:37,668] 	n_epochs: 30
[2022-10-13 17:56:37,668] 	dropout: 0.4
[2022-10-13 17:56:37,668] 	learning_rate: None
[2022-10-13 17:56:37,668] 	trans_hidden_width: 16
[2022-10-13 17:56:37,668] 	trans_maxout_pieces: 2
[2022-10-13 17:56:37,668] 	trans_use_upper: True
[2022-10-13 17:56:37,668] 	embed_width: 128
[2022-10-13 17:56:37,668] 	embed_depth: 7
[2022-10-13 17:56:37,668] 	embed_size: 5000
[2022-10-13 17:56:37,668] 	embed_window_size: 2
[2022-10-13 17:56:37,668] 	embed_maxout_pieces: 2
[2022-10-13 17:56:37,668] 	embed_subword_features: True
[2022-10-13 17:56:37,668] 	models_path: /home/hugosousa/Projects/tei2go/models
[2022-10-13 17:56:37,668] 	resources_path: /home/hugosousa/Projects/tei2go/resources
[2022-10-13 17:56:37,668] 	logs_path: /home/hugosousa/Projects/tei2go/logs
[2022-10-13 17:56:37,668] 	data_path: /home/hugosousa/Projects/tei2go/data
[2022-10-13 17:56:37,668] 	gpu: False
[2022-10-13 17:56:37,668] Found preprocessed data.
[2022-10-13 17:56:37,671] Corpus statistics:
[2022-10-13 17:56:37,671] 	Train:
[2022-10-13 17:56:37,671] 		# sentences: 1149
[2022-10-13 17:56:37,671] 		# timexs: 1427
[2022-10-13 17:56:37,671] 	Validation:
[2022-10-13 17:56:37,671] 		# sentences: 307
[2022-10-13 17:56:37,671] 		# timexs: 383
[2022-10-13 17:56:37,671] Initializing model for language en.
[2022-10-13 17:56:37,827] Started train loop with id 20221013175637
[2022-10-13 17:56:37,829] Created vocabulary
[2022-10-13 17:56:37,830] Finished initializing nlp object
[2022-10-13 17:56:37,879]       |Loss 	|F1
[2022-10-13 17:56:37,879] Epoch |Train	|Train	|Validation
[2022-10-13 17:57:01,586]     1 |1.888	|0.7714	|0.7260
[2022-10-13 17:57:24,496]     2 |0.617	|0.8744	|0.7892
[2022-10-13 17:57:47,459]     3 |0.481	|0.8942	|0.7836
[2022-10-13 17:58:10,340]     4 |0.368	|0.9181	|0.8238
[2022-10-13 17:58:33,432]     5 |0.341	|0.9425	|0.8161
[2022-10-13 17:58:56,416]     6 |0.301	|0.9464	|0.8340
[2022-10-13 17:59:19,452]     7 |0.247	|0.9657	|0.8316
[2022-10-13 17:59:42,554]     8 |0.233	|0.9573	|0.8169
[2022-10-13 18:00:05,572]     9 |0.231	|0.9621	|0.8130
[2022-10-13 18:00:05,575] Training done.
[2022-10-13 18:00:05,575] Best validation f1: 0.8340
[2022-10-13 18:00:05,575] ----------------------------------------------------------------------------------------------------
[2022-10-13 18:00:07,331] ----------------------------------------------------------------------------------------------------
[2022-10-13 18:00:07,331] Start training for the following setup:
[2022-10-13 18:00:07,331] 	model: spacy
[2022-10-13 18:00:07,331] 	data: ['tempeval_3']
[2022-10-13 18:00:07,331] 	language: en
[2022-10-13 18:00:07,331] 	n_epochs: 30
[2022-10-13 18:00:07,331] 	dropout: 0.1
[2022-10-13 18:00:07,331] 	learning_rate: None
[2022-10-13 18:00:07,331] 	trans_hidden_width: 8
[2022-10-13 18:00:07,331] 	trans_maxout_pieces: 2
[2022-10-13 18:00:07,331] 	trans_use_upper: True
[2022-10-13 18:00:07,331] 	embed_width: 128
[2022-10-13 18:00:07,331] 	embed_depth: 5
[2022-10-13 18:00:07,331] 	embed_size: 2000
[2022-10-13 18:00:07,331] 	embed_window_size: 1
[2022-10-13 18:00:07,331] 	embed_maxout_pieces: 2
[2022-10-13 18:00:07,331] 	embed_subword_features: True
[2022-10-13 18:00:07,331] 	models_path: /home/hugosousa/Projects/tei2go/models
[2022-10-13 18:00:07,331] 	resources_path: /home/hugosousa/Projects/tei2go/resources
[2022-10-13 18:00:07,331] 	logs_path: /home/hugosousa/Projects/tei2go/logs
[2022-10-13 18:00:07,331] 	data_path: /home/hugosousa/Projects/tei2go/data
[2022-10-13 18:00:07,331] 	gpu: False
[2022-10-13 18:00:07,332] Found preprocessed data.
[2022-10-13 18:00:07,334] Corpus statistics:
[2022-10-13 18:00:07,335] 	Train:
[2022-10-13 18:00:07,335] 		# sentences: 1149
[2022-10-13 18:00:07,335] 		# timexs: 1427
[2022-10-13 18:00:07,335] 	Validation:
[2022-10-13 18:00:07,335] 		# sentences: 307
[2022-10-13 18:00:07,335] 		# timexs: 383
[2022-10-13 18:00:07,335] Initializing model for language en.
[2022-10-13 18:00:07,490] Started train loop with id 20221013180007
[2022-10-13 18:00:07,493] Created vocabulary
[2022-10-13 18:00:07,494] Finished initializing nlp object
[2022-10-13 18:00:07,520]       |Loss 	|F1
[2022-10-13 18:00:07,520] Epoch |Train	|Train	|Validation
[2022-10-13 18:00:21,192]     1 |1.643	|0.8252	|0.7828
[2022-10-13 18:00:34,314]     2 |0.470	|0.8969	|0.8050
[2022-10-13 18:00:47,360]     3 |0.355	|0.9244	|0.8022
[2022-10-13 18:01:00,412]     4 |0.281	|0.9365	|0.8143
[2022-10-13 18:01:13,615]     5 |0.223	|0.9563	|0.7860
[2022-10-13 18:01:26,718]     6 |0.183	|0.9520	|0.8269
[2022-10-13 18:01:39,842]     7 |0.167	|0.9625	|0.8037
[2022-10-13 18:01:52,952]     8 |0.151	|0.9685	|0.7836
[2022-10-13 18:02:06,162]     9 |0.087	|0.9751	|0.8038
[2022-10-13 18:02:06,164] Training done.
[2022-10-13 18:02:06,164] Best validation f1: 0.8269
[2022-10-13 18:02:06,164] ----------------------------------------------------------------------------------------------------
[2022-10-13 18:02:07,950] ----------------------------------------------------------------------------------------------------
[2022-10-13 18:02:07,950] Start training for the following setup:
[2022-10-13 18:02:07,950] 	model: spacy
[2022-10-13 18:02:07,950] 	data: ['tempeval_3']
[2022-10-13 18:02:07,950] 	language: en
[2022-10-13 18:02:07,950] 	n_epochs: 30
[2022-10-13 18:02:07,950] 	dropout: 0.3
[2022-10-13 18:02:07,950] 	learning_rate: None
[2022-10-13 18:02:07,950] 	trans_hidden_width: 16
[2022-10-13 18:02:07,950] 	trans_maxout_pieces: 2
[2022-10-13 18:02:07,950] 	trans_use_upper: True
[2022-10-13 18:02:07,950] 	embed_width: 96
[2022-10-13 18:02:07,950] 	embed_depth: 3
[2022-10-13 18:02:07,950] 	embed_size: 5000
[2022-10-13 18:02:07,950] 	embed_window_size: 1
[2022-10-13 18:02:07,950] 	embed_maxout_pieces: 3
[2022-10-13 18:02:07,950] 	embed_subword_features: True
[2022-10-13 18:02:07,950] 	models_path: /home/hugosousa/Projects/tei2go/models
[2022-10-13 18:02:07,950] 	resources_path: /home/hugosousa/Projects/tei2go/resources
[2022-10-13 18:02:07,950] 	logs_path: /home/hugosousa/Projects/tei2go/logs
[2022-10-13 18:02:07,951] 	data_path: /home/hugosousa/Projects/tei2go/data
[2022-10-13 18:02:07,951] 	gpu: False
[2022-10-13 18:02:07,951] Found preprocessed data.
[2022-10-13 18:02:07,953] Corpus statistics:
[2022-10-13 18:02:07,953] 	Train:
[2022-10-13 18:02:07,953] 		# sentences: 1149
[2022-10-13 18:02:07,953] 		# timexs: 1427
[2022-10-13 18:02:07,953] 	Validation:
[2022-10-13 18:02:07,953] 		# sentences: 307
[2022-10-13 18:02:07,954] 		# timexs: 383
[2022-10-13 18:02:07,954] Initializing model for language en.
[2022-10-13 18:02:08,107] Started train loop with id 20221013180208
[2022-10-13 18:02:08,109] Created vocabulary
[2022-10-13 18:02:08,110] Finished initializing nlp object
[2022-10-13 18:02:08,139]       |Loss 	|F1
[2022-10-13 18:02:08,139] Epoch |Train	|Train	|Validation
[2022-10-13 18:02:19,259]     1 |2.402	|0.7486	|0.6874
[2022-10-13 18:02:30,142]     2 |0.643	|0.8452	|0.7866
[2022-10-13 18:02:40,977]     3 |0.462	|0.8716	|0.7734
[2022-10-13 18:02:51,879]     4 |0.379	|0.9177	|0.8196
[2022-10-13 18:03:02,792]     5 |0.323	|0.9175	|0.8196
[2022-10-13 18:03:13,697]     6 |0.301	|0.9362	|0.8255
[2022-10-13 18:03:24,617]     7 |0.253	|0.9429	|0.8273
[2022-10-13 18:03:35,547]     8 |0.233	|0.9516	|0.8079
[2022-10-13 18:03:46,429]     9 |0.232	|0.9622	|0.8353
[2022-10-13 18:03:57,381]    10 |0.217	|0.9661	|0.8206
[2022-10-13 18:04:08,276]    11 |0.183	|0.9649	|0.8016
[2022-10-13 18:04:19,138]    12 |0.181	|0.9651	|0.8163
[2022-10-13 18:04:19,140] Training done.
[2022-10-13 18:04:19,141] Best validation f1: 0.8353
[2022-10-13 18:04:19,141] ----------------------------------------------------------------------------------------------------
[2022-10-13 18:04:20,896] ----------------------------------------------------------------------------------------------------
[2022-10-13 18:04:20,896] Start training for the following setup:
[2022-10-13 18:04:20,896] 	model: spacy
[2022-10-13 18:04:20,896] 	data: ['tempeval_3']
[2022-10-13 18:04:20,896] 	language: en
[2022-10-13 18:04:20,896] 	n_epochs: 30
[2022-10-13 18:04:20,896] 	dropout: 0.2
[2022-10-13 18:04:20,896] 	learning_rate: None
[2022-10-13 18:04:20,896] 	trans_hidden_width: 64
[2022-10-13 18:04:20,896] 	trans_maxout_pieces: 2
[2022-10-13 18:04:20,896] 	trans_use_upper: True
[2022-10-13 18:04:20,896] 	embed_width: 300
[2022-10-13 18:04:20,896] 	embed_depth: 5
[2022-10-13 18:04:20,896] 	embed_size: 3000
[2022-10-13 18:04:20,896] 	embed_window_size: 2
[2022-10-13 18:04:20,896] 	embed_maxout_pieces: 1
[2022-10-13 18:04:20,896] 	embed_subword_features: True
[2022-10-13 18:04:20,896] 	models_path: /home/hugosousa/Projects/tei2go/models
[2022-10-13 18:04:20,896] 	resources_path: /home/hugosousa/Projects/tei2go/resources
[2022-10-13 18:04:20,896] 	logs_path: /home/hugosousa/Projects/tei2go/logs
[2022-10-13 18:04:20,896] 	data_path: /home/hugosousa/Projects/tei2go/data
[2022-10-13 18:04:20,896] 	gpu: False
[2022-10-13 18:04:20,896] Found preprocessed data.
[2022-10-13 18:04:20,899] Corpus statistics:
[2022-10-13 18:04:20,899] 	Train:
[2022-10-13 18:04:20,899] 		# sentences: 1149
[2022-10-13 18:04:20,899] 		# timexs: 1427
[2022-10-13 18:04:20,899] 	Validation:
[2022-10-13 18:04:20,899] 		# sentences: 307
[2022-10-13 18:04:20,899] 		# timexs: 383
[2022-10-13 18:04:20,899] Initializing model for language en.
[2022-10-13 18:04:21,053] Started train loop with id 20221013180421
[2022-10-13 18:04:21,055] Created vocabulary
[2022-10-13 18:04:21,056] Finished initializing nlp object
[2022-10-13 18:04:21,153]       |Loss 	|F1
[2022-10-13 18:04:21,154] Epoch |Train	|Train	|Validation
[2022-10-13 18:04:59,019]     1 |1.205	|0.8383	|0.8006
[2022-10-13 18:05:36,698]     2 |0.467	|0.8477	|0.7315
[2022-10-13 18:06:14,333]     3 |0.374	|0.9043	|0.7840
[2022-10-13 18:06:52,051]     4 |0.302	|0.9264	|0.8016
[2022-10-13 18:07:29,842]     5 |0.276	|0.9163	|0.7441
[2022-10-13 18:08:07,523]     6 |0.205	|0.9364	|0.7862
[2022-10-13 18:08:45,052]     7 |0.183	|0.9645	|0.8033
[2022-10-13 18:09:22,720]     8 |0.160	|0.9553	|0.7789
[2022-10-13 18:10:00,318]     9 |0.151	|0.9662	|0.7823
[2022-10-13 18:10:37,839]    10 |0.153	|0.9768	|0.7979
[2022-10-13 18:10:37,841] Training done.
[2022-10-13 18:10:37,841] Best validation f1: 0.8033
[2022-10-13 18:10:37,841] ----------------------------------------------------------------------------------------------------
[2022-10-13 18:10:39,615] ----------------------------------------------------------------------------------------------------
[2022-10-13 18:10:39,615] Start training for the following setup:
[2022-10-13 18:10:39,615] 	model: spacy
[2022-10-13 18:10:39,615] 	data: ['tempeval_3']
[2022-10-13 18:10:39,615] 	language: en
[2022-10-13 18:10:39,615] 	n_epochs: 30
[2022-10-13 18:10:39,615] 	dropout: 0.5
[2022-10-13 18:10:39,615] 	learning_rate: None
[2022-10-13 18:10:39,615] 	trans_hidden_width: 8
[2022-10-13 18:10:39,615] 	trans_maxout_pieces: 1
[2022-10-13 18:10:39,616] 	trans_use_upper: True
[2022-10-13 18:10:39,616] 	embed_width: 300
[2022-10-13 18:10:39,616] 	embed_depth: 5
[2022-10-13 18:10:39,616] 	embed_size: 3000
[2022-10-13 18:10:39,616] 	embed_window_size: 1
[2022-10-13 18:10:39,616] 	embed_maxout_pieces: 2
[2022-10-13 18:10:39,616] 	embed_subword_features: True
[2022-10-13 18:10:39,616] 	models_path: /home/hugosousa/Projects/tei2go/models
[2022-10-13 18:10:39,616] 	resources_path: /home/hugosousa/Projects/tei2go/resources
[2022-10-13 18:10:39,616] 	logs_path: /home/hugosousa/Projects/tei2go/logs
[2022-10-13 18:10:39,616] 	data_path: /home/hugosousa/Projects/tei2go/data
[2022-10-13 18:10:39,616] 	gpu: False
[2022-10-13 18:10:39,616] Found preprocessed data.
[2022-10-13 18:10:39,618] Corpus statistics:
[2022-10-13 18:10:39,619] 	Train:
[2022-10-13 18:10:39,619] 		# sentences: 1149
[2022-10-13 18:10:39,619] 		# timexs: 1427
[2022-10-13 18:10:39,619] 	Validation:
[2022-10-13 18:10:39,619] 		# sentences: 307
[2022-10-13 18:10:39,619] 		# timexs: 383
[2022-10-13 18:10:39,619] Initializing model for language en.
[2022-10-13 18:10:39,773] Started train loop with id 20221013181039
[2022-10-13 18:10:39,775] Created vocabulary
[2022-10-13 18:10:39,776] Finished initializing nlp object
[2022-10-13 18:10:39,854]       |Loss 	|F1
[2022-10-13 18:10:39,855] Epoch |Train	|Train	|Validation
[2022-10-13 18:11:17,534]     1 |1.957	|0.6591	|0.5954
[2022-10-13 18:11:54,843]     2 |0.766	|0.8633	|0.7989
[2022-10-13 18:12:32,047]     3 |0.568	|0.8530	|0.7757
[2022-10-13 18:13:09,137]     4 |0.467	|0.8855	|0.8068
[2022-10-13 18:13:46,448]     5 |0.406	|0.9225	|0.8175
[2022-10-13 18:14:23,814]     6 |0.374	|0.9032	|0.8010
[2022-10-13 18:15:01,164]     7 |0.355	|0.9231	|0.7963
[2022-10-13 18:15:38,428]     8 |0.316	|0.9046	|0.7763
[2022-10-13 18:15:38,431] Training done.
[2022-10-13 18:15:38,431] Best validation f1: 0.8175
[2022-10-13 18:15:38,431] ----------------------------------------------------------------------------------------------------
[2022-10-13 18:15:40,205] ----------------------------------------------------------------------------------------------------
[2022-10-13 18:15:40,205] Start training for the following setup:
[2022-10-13 18:15:40,209] 	model: spacy
[2022-10-13 18:15:40,209] 	data: ['tempeval_3']
[2022-10-13 18:15:40,209] 	language: en
[2022-10-13 18:15:40,209] 	n_epochs: 30
[2022-10-13 18:15:40,209] 	dropout: 0.0
[2022-10-13 18:15:40,209] 	learning_rate: None
[2022-10-13 18:15:40,209] 	trans_hidden_width: 16
[2022-10-13 18:15:40,209] 	trans_maxout_pieces: 1
[2022-10-13 18:15:40,209] 	trans_use_upper: True
[2022-10-13 18:15:40,210] 	embed_width: 300
[2022-10-13 18:15:40,210] 	embed_depth: 4
[2022-10-13 18:15:40,210] 	embed_size: 5000
[2022-10-13 18:15:40,210] 	embed_window_size: 1
[2022-10-13 18:15:40,210] 	embed_maxout_pieces: 2
[2022-10-13 18:15:40,210] 	embed_subword_features: True
[2022-10-13 18:15:40,210] 	models_path: /home/hugosousa/Projects/tei2go/models
[2022-10-13 18:15:40,210] 	resources_path: /home/hugosousa/Projects/tei2go/resources
[2022-10-13 18:15:40,210] 	logs_path: /home/hugosousa/Projects/tei2go/logs
[2022-10-13 18:15:40,210] 	data_path: /home/hugosousa/Projects/tei2go/data
[2022-10-13 18:15:40,210] 	gpu: False
[2022-10-13 18:15:40,210] Found preprocessed data.
[2022-10-13 18:15:40,213] Corpus statistics:
[2022-10-13 18:15:40,213] 	Train:
[2022-10-13 18:15:40,213] 		# sentences: 1149
[2022-10-13 18:15:40,213] 		# timexs: 1427
[2022-10-13 18:15:40,213] 	Validation:
[2022-10-13 18:15:40,213] 		# sentences: 307
[2022-10-13 18:15:40,213] 		# timexs: 383
[2022-10-13 18:15:40,213] Initializing model for language en.
[2022-10-13 18:15:40,367] Started train loop with id 20221013181540
[2022-10-13 18:15:40,369] Created vocabulary
[2022-10-13 18:15:40,370] Finished initializing nlp object
[2022-10-13 18:15:40,456]       |Loss 	|F1
[2022-10-13 18:15:40,456] Epoch |Train	|Train	|Validation
[2022-10-13 18:16:15,772]     1 |1.263	|0.8119	|0.7579
[2022-10-13 18:16:50,766]     2 |0.428	|0.8329	|0.7878
[2022-10-13 18:17:25,637]     3 |0.359	|0.9170	|0.7793
[2022-10-13 18:18:00,296]     4 |0.284	|0.9319	|0.8228
[2022-10-13 18:18:35,036]     5 |0.231	|0.9397	|0.7972
[2022-10-13 18:19:09,661]     6 |0.200	|0.9401	|0.7979
[2022-10-13 18:19:44,205]     7 |0.198	|0.9492	|0.7948
[2022-10-13 18:19:44,209] Training done.
[2022-10-13 18:19:44,209] Best validation f1: 0.8228
[2022-10-13 18:19:44,210] ----------------------------------------------------------------------------------------------------
[2022-10-13 18:19:45,958] ----------------------------------------------------------------------------------------------------
[2022-10-13 18:19:45,958] Start training for the following setup:
[2022-10-13 18:19:45,958] 	model: spacy
[2022-10-13 18:19:45,959] 	data: ['tempeval_3']
[2022-10-13 18:19:45,959] 	language: en
[2022-10-13 18:19:45,959] 	n_epochs: 30
[2022-10-13 18:19:45,959] 	dropout: 0.0
[2022-10-13 18:19:45,959] 	learning_rate: None
[2022-10-13 18:19:45,959] 	trans_hidden_width: 256
[2022-10-13 18:19:45,959] 	trans_maxout_pieces: 3
[2022-10-13 18:19:45,959] 	trans_use_upper: True
[2022-10-13 18:19:45,959] 	embed_width: 300
[2022-10-13 18:19:45,959] 	embed_depth: 7
[2022-10-13 18:19:45,959] 	embed_size: 4000
[2022-10-13 18:19:45,959] 	embed_window_size: 1
[2022-10-13 18:19:45,959] 	embed_maxout_pieces: 1
[2022-10-13 18:19:45,959] 	embed_subword_features: True
[2022-10-13 18:19:45,959] 	models_path: /home/hugosousa/Projects/tei2go/models
[2022-10-13 18:19:45,959] 	resources_path: /home/hugosousa/Projects/tei2go/resources
[2022-10-13 18:19:45,959] 	logs_path: /home/hugosousa/Projects/tei2go/logs
[2022-10-13 18:19:45,959] 	data_path: /home/hugosousa/Projects/tei2go/data
[2022-10-13 18:19:45,959] 	gpu: False
[2022-10-13 18:19:45,959] Found preprocessed data.
[2022-10-13 18:19:45,962] Corpus statistics:
[2022-10-13 18:19:45,962] 	Train:
[2022-10-13 18:19:45,962] 		# sentences: 1149
[2022-10-13 18:19:45,962] 		# timexs: 1427
[2022-10-13 18:19:45,962] 	Validation:
[2022-10-13 18:19:45,962] 		# sentences: 307
[2022-10-13 18:19:45,962] 		# timexs: 383
[2022-10-13 18:19:45,962] Initializing model for language en.
[2022-10-13 18:19:46,116] Started train loop with id 20221013181946
[2022-10-13 18:19:46,118] Created vocabulary
[2022-10-13 18:19:46,119] Finished initializing nlp object
[2022-10-13 18:19:46,520]       |Loss 	|F1
[2022-10-13 18:19:46,520] Epoch |Train	|Train	|Validation
[2022-10-13 18:20:40,658]     1 |1.154	|0.8248	|0.7954
[2022-10-13 18:21:33,692]     2 |0.568	|0.8559	|0.7618
[2022-10-13 18:22:26,352]     3 |0.503	|0.8097	|0.6996
[2022-10-13 18:23:19,051]     4 |0.362	|0.9180	|0.8121
[2022-10-13 18:24:11,847]     5 |0.326	|0.9239	|0.7881
[2022-10-13 18:25:04,769]     6 |0.260	|0.9378	|0.8037
[2022-10-13 18:25:57,256]     7 |0.259	|0.9021	|0.7637
[2022-10-13 18:25:57,258] Training done.
[2022-10-13 18:25:57,258] Best validation f1: 0.8121
[2022-10-13 18:25:57,258] ----------------------------------------------------------------------------------------------------
[2022-10-13 18:25:58,989] ----------------------------------------------------------------------------------------------------
[2022-10-13 18:25:58,989] Start training for the following setup:
[2022-10-13 18:25:58,989] 	model: spacy
[2022-10-13 18:25:58,989] 	data: ['tempeval_3']
[2022-10-13 18:25:58,989] 	language: en
[2022-10-13 18:25:58,989] 	n_epochs: 30
[2022-10-13 18:25:58,989] 	dropout: 0.1
[2022-10-13 18:25:58,990] 	learning_rate: None
[2022-10-13 18:25:58,990] 	trans_hidden_width: 128
[2022-10-13 18:25:58,990] 	trans_maxout_pieces: 1
[2022-10-13 18:25:58,990] 	trans_use_upper: True
[2022-10-13 18:25:58,990] 	embed_width: 96
[2022-10-13 18:25:58,990] 	embed_depth: 5
[2022-10-13 18:25:58,990] 	embed_size: 3000
[2022-10-13 18:25:58,990] 	embed_window_size: 1
[2022-10-13 18:25:58,990] 	embed_maxout_pieces: 3
[2022-10-13 18:25:58,990] 	embed_subword_features: True
[2022-10-13 18:25:58,990] 	models_path: /home/hugosousa/Projects/tei2go/models
[2022-10-13 18:25:58,990] 	resources_path: /home/hugosousa/Projects/tei2go/resources
[2022-10-13 18:25:58,990] 	logs_path: /home/hugosousa/Projects/tei2go/logs
[2022-10-13 18:25:58,990] 	data_path: /home/hugosousa/Projects/tei2go/data
[2022-10-13 18:25:58,990] 	gpu: False
[2022-10-13 18:25:58,990] Found preprocessed data.
[2022-10-13 18:25:58,993] Corpus statistics:
[2022-10-13 18:25:58,993] 	Train:
[2022-10-13 18:25:58,993] 		# sentences: 1149
[2022-10-13 18:25:58,993] 		# timexs: 1427
[2022-10-13 18:25:58,993] 	Validation:
[2022-10-13 18:25:58,993] 		# sentences: 307
[2022-10-13 18:25:58,993] 		# timexs: 383
[2022-10-13 18:25:58,993] Initializing model for language en.
[2022-10-13 18:25:59,148] Started train loop with id 20221013182559
[2022-10-13 18:25:59,151] Created vocabulary
[2022-10-13 18:25:59,151] Finished initializing nlp object
[2022-10-13 18:25:59,287]       |Loss 	|F1
[2022-10-13 18:25:59,287] Epoch |Train	|Train	|Validation
[2022-10-13 18:26:12,723]     1 |1.365	|0.7229	|0.6792
[2022-10-13 18:26:25,962]     2 |0.459	|0.8747	|0.7692
[2022-10-13 18:26:39,174]     3 |0.340	|0.7884	|0.7047
[2022-10-13 18:26:52,345]     4 |0.290	|0.9017	|0.7866
[2022-10-13 18:27:05,668]     5 |0.232	|0.8712	|0.7393
[2022-10-13 18:27:18,920]     6 |0.198	|0.9184	|0.7891
[2022-10-13 18:27:32,166]     7 |0.161	|0.8499	|0.7531
[2022-10-13 18:27:45,415]     8 |0.143	|0.9614	|0.8076
[2022-10-13 18:27:58,794]     9 |0.131	|0.9040	|0.7308
[2022-10-13 18:28:12,014]    10 |0.121	|0.9585	|0.7995
[2022-10-13 18:28:25,282]    11 |0.110	|0.9185	|0.7472
[2022-10-13 18:28:25,284] Training done.
[2022-10-13 18:28:25,284] Best validation f1: 0.8076
[2022-10-13 18:28:25,284] ----------------------------------------------------------------------------------------------------
[2022-10-13 18:28:27,048] ----------------------------------------------------------------------------------------------------
[2022-10-13 18:28:27,048] Start training for the following setup:
[2022-10-13 18:28:27,048] 	model: spacy
[2022-10-13 18:28:27,048] 	data: ['tempeval_3']
[2022-10-13 18:28:27,048] 	language: en
[2022-10-13 18:28:27,048] 	n_epochs: 30
[2022-10-13 18:28:27,049] 	dropout: 0.3
[2022-10-13 18:28:27,049] 	learning_rate: None
[2022-10-13 18:28:27,049] 	trans_hidden_width: 32
[2022-10-13 18:28:27,049] 	trans_maxout_pieces: 3
[2022-10-13 18:28:27,049] 	trans_use_upper: True
[2022-10-13 18:28:27,049] 	embed_width: 128
[2022-10-13 18:28:27,049] 	embed_depth: 3
[2022-10-13 18:28:27,049] 	embed_size: 6000
[2022-10-13 18:28:27,049] 	embed_window_size: 2
[2022-10-13 18:28:27,049] 	embed_maxout_pieces: 2
[2022-10-13 18:28:27,049] 	embed_subword_features: True
[2022-10-13 18:28:27,049] 	models_path: /home/hugosousa/Projects/tei2go/models
[2022-10-13 18:28:27,049] 	resources_path: /home/hugosousa/Projects/tei2go/resources
[2022-10-13 18:28:27,049] 	logs_path: /home/hugosousa/Projects/tei2go/logs
[2022-10-13 18:28:27,049] 	data_path: /home/hugosousa/Projects/tei2go/data
[2022-10-13 18:28:27,049] 	gpu: False
[2022-10-13 18:28:27,049] Found preprocessed data.
[2022-10-13 18:28:27,052] Corpus statistics:
[2022-10-13 18:28:27,052] 	Train:
[2022-10-13 18:28:27,052] 		# sentences: 1149
[2022-10-13 18:28:27,052] 		# timexs: 1427
[2022-10-13 18:28:27,052] 	Validation:
[2022-10-13 18:28:27,052] 		# sentences: 307
[2022-10-13 18:28:27,052] 		# timexs: 383
[2022-10-13 18:28:27,052] Initializing model for language en.
[2022-10-13 18:28:27,205] Started train loop with id 20221013182827
[2022-10-13 18:28:27,208] Created vocabulary
[2022-10-13 18:28:27,208] Finished initializing nlp object
[2022-10-13 18:28:27,258]       |Loss 	|F1
[2022-10-13 18:28:27,258] Epoch |Train	|Train	|Validation
[2022-10-13 18:28:42,606]     1 |1.694	|0.8146	|0.7393
[2022-10-13 18:28:57,704]     2 |0.490	|0.9088	|0.8136
[2022-10-13 18:29:12,724]     3 |0.392	|0.9227	|0.7935
[2022-10-13 18:29:27,810]     4 |0.305	|0.9449	|0.8187
[2022-10-13 18:29:42,924]     5 |0.249	|0.9563	|0.8042
[2022-10-13 18:29:58,068]     6 |0.215	|0.9599	|0.8099
[2022-10-13 18:30:13,233]     7 |0.171	|0.9712	|0.8102
[2022-10-13 18:30:13,235] Training done.
[2022-10-13 18:30:13,236] Best validation f1: 0.8187
[2022-10-13 18:30:13,236] ----------------------------------------------------------------------------------------------------
[2022-10-13 18:30:14,990] ----------------------------------------------------------------------------------------------------
[2022-10-13 18:30:14,990] Start training for the following setup:
[2022-10-13 18:30:14,994] 	model: spacy
[2022-10-13 18:30:14,994] 	data: ['tempeval_3']
[2022-10-13 18:30:14,994] 	language: en
[2022-10-13 18:30:14,994] 	n_epochs: 30
[2022-10-13 18:30:14,994] 	dropout: 0.1
[2022-10-13 18:30:14,994] 	learning_rate: None
[2022-10-13 18:30:14,994] 	trans_hidden_width: 64
[2022-10-13 18:30:14,994] 	trans_maxout_pieces: 2
[2022-10-13 18:30:14,994] 	trans_use_upper: True
[2022-10-13 18:30:14,994] 	embed_width: 128
[2022-10-13 18:30:14,994] 	embed_depth: 3
[2022-10-13 18:30:14,994] 	embed_size: 9000
[2022-10-13 18:30:14,994] 	embed_window_size: 2
[2022-10-13 18:30:14,994] 	embed_maxout_pieces: 2
[2022-10-13 18:30:14,994] 	embed_subword_features: True
[2022-10-13 18:30:14,994] 	models_path: /home/hugosousa/Projects/tei2go/models
[2022-10-13 18:30:14,994] 	resources_path: /home/hugosousa/Projects/tei2go/resources
[2022-10-13 18:30:14,994] 	logs_path: /home/hugosousa/Projects/tei2go/logs
[2022-10-13 18:30:14,994] 	data_path: /home/hugosousa/Projects/tei2go/data
[2022-10-13 18:30:14,994] 	gpu: False
[2022-10-13 18:30:14,994] Found preprocessed data.
[2022-10-13 18:30:14,997] Corpus statistics:
[2022-10-13 18:30:14,997] 	Train:
[2022-10-13 18:30:14,997] 		# sentences: 1149
[2022-10-13 18:30:14,997] 		# timexs: 1427
[2022-10-13 18:30:14,997] 	Validation:
[2022-10-13 18:30:14,997] 		# sentences: 307
[2022-10-13 18:30:14,997] 		# timexs: 383
[2022-10-13 18:30:14,997] Initializing model for language en.
[2022-10-13 18:30:15,149] Started train loop with id 20221013183015
[2022-10-13 18:30:15,151] Created vocabulary
[2022-10-13 18:30:15,152] Finished initializing nlp object
[2022-10-13 18:30:15,220]       |Loss 	|F1
[2022-10-13 18:30:15,221] Epoch |Train	|Train	|Validation
[2022-10-13 18:30:32,689]     1 |1.297	|0.8518	|0.7862
[2022-10-13 18:30:49,832]     2 |0.404	|0.9156	|0.8218
[2022-10-13 18:31:06,891]     3 |0.267	|0.9332	|0.7877
[2022-10-13 18:31:23,963]     4 |0.223	|0.9545	|0.8158
[2022-10-13 18:31:40,996]     5 |0.170	|0.9493	|0.8065
[2022-10-13 18:31:40,998] Training done.
[2022-10-13 18:31:40,998] Best validation f1: 0.8218
[2022-10-13 18:31:40,998] ----------------------------------------------------------------------------------------------------
[2022-10-13 18:31:42,748] ----------------------------------------------------------------------------------------------------
[2022-10-13 18:31:42,748] Start training for the following setup:
[2022-10-13 18:31:42,748] 	model: spacy
[2022-10-13 18:31:42,748] 	data: ['tempeval_3']
[2022-10-13 18:31:42,748] 	language: en
[2022-10-13 18:31:42,748] 	n_epochs: 30
[2022-10-13 18:31:42,748] 	dropout: 0.4
[2022-10-13 18:31:42,748] 	learning_rate: None
[2022-10-13 18:31:42,748] 	trans_hidden_width: 256
[2022-10-13 18:31:42,748] 	trans_maxout_pieces: 3
[2022-10-13 18:31:42,748] 	trans_use_upper: True
[2022-10-13 18:31:42,748] 	embed_width: 128
[2022-10-13 18:31:42,748] 	embed_depth: 4
[2022-10-13 18:31:42,748] 	embed_size: 3000
[2022-10-13 18:31:42,748] 	embed_window_size: 1
[2022-10-13 18:31:42,748] 	embed_maxout_pieces: 3
[2022-10-13 18:31:42,749] 	embed_subword_features: True
[2022-10-13 18:31:42,749] 	models_path: /home/hugosousa/Projects/tei2go/models
[2022-10-13 18:31:42,749] 	resources_path: /home/hugosousa/Projects/tei2go/resources
[2022-10-13 18:31:42,749] 	logs_path: /home/hugosousa/Projects/tei2go/logs
[2022-10-13 18:31:42,749] 	data_path: /home/hugosousa/Projects/tei2go/data
[2022-10-13 18:31:42,749] 	gpu: False
[2022-10-13 18:31:42,749] Found preprocessed data.
[2022-10-13 18:31:42,751] Corpus statistics:
[2022-10-13 18:31:42,751] 	Train:
[2022-10-13 18:31:42,751] 		# sentences: 1149
[2022-10-13 18:31:42,751] 		# timexs: 1427
[2022-10-13 18:31:42,751] 	Validation:
[2022-10-13 18:31:42,752] 		# sentences: 307
[2022-10-13 18:31:42,752] 		# timexs: 383
[2022-10-13 18:31:42,752] Initializing model for language en.
[2022-10-13 18:31:42,903] Started train loop with id 20221013183142
[2022-10-13 18:31:42,906] Created vocabulary
[2022-10-13 18:31:42,906] Finished initializing nlp object
[2022-10-13 18:31:43,260]       |Loss 	|F1
[2022-10-13 18:31:43,260] Epoch |Train	|Train	|Validation
[2022-10-13 18:32:16,497]     1 |1.439	|0.7465	|0.6805
[2022-10-13 18:32:49,381]     2 |0.826	|0.8134	|0.7526
[2022-10-13 18:33:22,105]     3 |0.611	|0.8843	|0.8218
[2022-10-13 18:33:54,819]     4 |0.550	|0.8627	|0.8255
[2022-10-13 18:34:27,737]     5 |0.490	|0.8911	|0.7805
[2022-10-13 18:35:00,698]     6 |0.444	|0.9113	|0.8351
[2022-10-13 18:35:33,491]     7 |0.382	|0.9185	|0.8164
[2022-10-13 18:36:06,564]     8 |0.411	|0.9117	|0.8114
[2022-10-13 18:36:39,651]     9 |0.349	|0.9256	|0.8144
[2022-10-13 18:36:39,653] Training done.
[2022-10-13 18:36:39,653] Best validation f1: 0.8351
[2022-10-13 18:36:39,653] ----------------------------------------------------------------------------------------------------
[2022-10-13 18:36:41,397] ----------------------------------------------------------------------------------------------------
[2022-10-13 18:36:41,397] Start training for the following setup:
[2022-10-13 18:36:41,397] 	model: spacy
[2022-10-13 18:36:41,397] 	data: ['tempeval_3']
[2022-10-13 18:36:41,397] 	language: en
[2022-10-13 18:36:41,397] 	n_epochs: 30
[2022-10-13 18:36:41,397] 	dropout: 0.4
[2022-10-13 18:36:41,397] 	learning_rate: None
[2022-10-13 18:36:41,397] 	trans_hidden_width: 64
[2022-10-13 18:36:41,397] 	trans_maxout_pieces: 3
[2022-10-13 18:36:41,397] 	trans_use_upper: True
[2022-10-13 18:36:41,397] 	embed_width: 300
[2022-10-13 18:36:41,397] 	embed_depth: 2
[2022-10-13 18:36:41,397] 	embed_size: 7000
[2022-10-13 18:36:41,397] 	embed_window_size: 2
[2022-10-13 18:36:41,397] 	embed_maxout_pieces: 3
[2022-10-13 18:36:41,397] 	embed_subword_features: True
[2022-10-13 18:36:41,397] 	models_path: /home/hugosousa/Projects/tei2go/models
[2022-10-13 18:36:41,397] 	resources_path: /home/hugosousa/Projects/tei2go/resources
[2022-10-13 18:36:41,397] 	logs_path: /home/hugosousa/Projects/tei2go/logs
[2022-10-13 18:36:41,397] 	data_path: /home/hugosousa/Projects/tei2go/data
[2022-10-13 18:36:41,397] 	gpu: False
[2022-10-13 18:36:41,397] Found preprocessed data.
[2022-10-13 18:36:41,400] Corpus statistics:
[2022-10-13 18:36:41,400] 	Train:
[2022-10-13 18:36:41,400] 		# sentences: 1149
[2022-10-13 18:36:41,400] 		# timexs: 1427
[2022-10-13 18:36:41,400] 	Validation:
[2022-10-13 18:36:41,400] 		# sentences: 307
[2022-10-13 18:36:41,400] 		# timexs: 383
[2022-10-13 18:36:41,400] Initializing model for language en.
[2022-10-13 18:36:41,554] Started train loop with id 20221013183641
[2022-10-13 18:36:41,556] Created vocabulary
[2022-10-13 18:36:41,556] Finished initializing nlp object
[2022-10-13 18:36:41,686]       |Loss 	|F1
[2022-10-13 18:36:41,686] Epoch |Train	|Train	|Validation
[2022-10-13 18:37:24,075]     1 |1.332	|0.8230	|0.7608
[2022-10-13 18:38:06,108]     2 |0.533	|0.8877	|0.7934
[2022-10-13 18:38:48,080]     3 |0.405	|0.8815	|0.7703
[2022-10-13 18:39:30,454]     4 |0.319	|0.9367	|0.8246
[2022-10-13 18:40:13,643]     5 |0.255	|0.9604	|0.7979
[2022-10-13 18:40:56,890]     6 |0.232	|0.9573	|0.8318
[2022-10-13 18:41:39,680]     7 |0.180	|0.9492	|0.8296
[2022-10-13 18:42:23,588]     8 |0.151	|0.9686	|0.8266
[2022-10-13 18:43:07,172]     9 |0.148	|0.9763	|0.8268
[2022-10-13 18:43:07,176] Training done.
[2022-10-13 18:43:07,176] Best validation f1: 0.8318
[2022-10-13 18:43:07,176] ----------------------------------------------------------------------------------------------------
[2022-10-13 18:43:08,921] ----------------------------------------------------------------------------------------------------
[2022-10-13 18:43:08,921] Start training for the following setup:
[2022-10-13 18:43:08,921] 	model: spacy
[2022-10-13 18:43:08,921] 	data: ['tempeval_3']
[2022-10-13 18:43:08,922] 	language: en
[2022-10-13 18:43:08,922] 	n_epochs: 30
[2022-10-13 18:43:08,922] 	dropout: 0.3
[2022-10-13 18:43:08,922] 	learning_rate: None
[2022-10-13 18:43:08,922] 	trans_hidden_width: 64
[2022-10-13 18:43:08,922] 	trans_maxout_pieces: 2
[2022-10-13 18:43:08,922] 	trans_use_upper: True
[2022-10-13 18:43:08,922] 	embed_width: 96
[2022-10-13 18:43:08,922] 	embed_depth: 3
[2022-10-13 18:43:08,922] 	embed_size: 3000
[2022-10-13 18:43:08,922] 	embed_window_size: 1
[2022-10-13 18:43:08,922] 	embed_maxout_pieces: 2
[2022-10-13 18:43:08,922] 	embed_subword_features: True
[2022-10-13 18:43:08,922] 	models_path: /home/hugosousa/Projects/tei2go/models
[2022-10-13 18:43:08,922] 	resources_path: /home/hugosousa/Projects/tei2go/resources
[2022-10-13 18:43:08,922] 	logs_path: /home/hugosousa/Projects/tei2go/logs
[2022-10-13 18:43:08,922] 	data_path: /home/hugosousa/Projects/tei2go/data
[2022-10-13 18:43:08,922] 	gpu: False
[2022-10-13 18:43:08,922] Found preprocessed data.
[2022-10-13 18:43:08,925] Corpus statistics:
[2022-10-13 18:43:08,925] 	Train:
[2022-10-13 18:43:08,925] 		# sentences: 1149
[2022-10-13 18:43:08,925] 		# timexs: 1427
[2022-10-13 18:43:08,925] 	Validation:
[2022-10-13 18:43:08,925] 		# sentences: 307
[2022-10-13 18:43:08,925] 		# timexs: 383
[2022-10-13 18:43:08,925] Initializing model for language en.
[2022-10-13 18:43:09,076] Started train loop with id 20221013184309
[2022-10-13 18:43:09,079] Created vocabulary
[2022-10-13 18:43:09,079] Finished initializing nlp object
[2022-10-13 18:43:09,127]       |Loss 	|F1
[2022-10-13 18:43:09,127] Epoch |Train	|Train	|Validation
[2022-10-13 18:43:19,495]     1 |1.604	|0.8089	|0.7556
[2022-10-13 18:43:29,635]     2 |0.578	|0.8373	|0.7618
[2022-10-13 18:43:39,779]     3 |0.487	|0.9116	|0.8143
[2022-10-13 18:43:49,796]     4 |0.388	|0.9115	|0.8248
[2022-10-13 18:43:59,831]     5 |0.336	|0.9212	|0.8166
[2022-10-13 18:44:09,828]     6 |0.296	|0.9413	|0.8251
[2022-10-13 18:44:19,850]     7 |0.268	|0.9541	|0.8234
[2022-10-13 18:44:29,902]     8 |0.270	|0.9435	|0.8027
[2022-10-13 18:44:40,692]     9 |0.248	|0.9558	|0.8080
[2022-10-13 18:44:40,694] Training done.
[2022-10-13 18:44:40,694] Best validation f1: 0.8251
[2022-10-13 18:44:40,694] ----------------------------------------------------------------------------------------------------
[2022-10-13 18:44:42,515] ----------------------------------------------------------------------------------------------------
[2022-10-13 18:44:42,515] Start training for the following setup:
[2022-10-13 18:44:42,515] 	model: spacy
[2022-10-13 18:44:42,515] 	data: ['tempeval_3']
[2022-10-13 18:44:42,515] 	language: en
[2022-10-13 18:44:42,515] 	n_epochs: 30
[2022-10-13 18:44:42,515] 	dropout: 0.1
[2022-10-13 18:44:42,516] 	learning_rate: None
[2022-10-13 18:44:42,516] 	trans_hidden_width: 32
[2022-10-13 18:44:42,516] 	trans_maxout_pieces: 2
[2022-10-13 18:44:42,516] 	trans_use_upper: True
[2022-10-13 18:44:42,516] 	embed_width: 96
[2022-10-13 18:44:42,516] 	embed_depth: 2
[2022-10-13 18:44:42,516] 	embed_size: 9000
[2022-10-13 18:44:42,516] 	embed_window_size: 2
[2022-10-13 18:44:42,516] 	embed_maxout_pieces: 2
[2022-10-13 18:44:42,516] 	embed_subword_features: True
[2022-10-13 18:44:42,516] 	models_path: /home/hugosousa/Projects/tei2go/models
[2022-10-13 18:44:42,516] 	resources_path: /home/hugosousa/Projects/tei2go/resources
[2022-10-13 18:44:42,516] 	logs_path: /home/hugosousa/Projects/tei2go/logs
[2022-10-13 18:44:42,516] 	data_path: /home/hugosousa/Projects/tei2go/data
[2022-10-13 18:44:42,516] 	gpu: False
[2022-10-13 18:44:42,516] Found preprocessed data.
[2022-10-13 18:44:42,519] Corpus statistics:
[2022-10-13 18:44:42,519] 	Train:
[2022-10-13 18:44:42,519] 		# sentences: 1149
[2022-10-13 18:44:42,519] 		# timexs: 1427
[2022-10-13 18:44:42,519] 	Validation:
[2022-10-13 18:44:42,519] 		# sentences: 307
[2022-10-13 18:44:42,519] 		# timexs: 383
[2022-10-13 18:44:42,519] Initializing model for language en.
[2022-10-13 18:44:42,680] Started train loop with id 20221013184442
[2022-10-13 18:44:42,683] Created vocabulary
[2022-10-13 18:44:42,683] Finished initializing nlp object
[2022-10-13 18:44:42,729]       |Loss 	|F1
[2022-10-13 18:44:42,729] Epoch |Train	|Train	|Validation
[2022-10-13 18:44:55,362]     1 |1.505	|0.8456	|0.7837
[2022-10-13 18:45:07,718]     2 |0.386	|0.9163	|0.8227
[2022-10-13 18:45:19,771]     3 |0.277	|0.9472	|0.8265
[2022-10-13 18:45:32,233]     4 |0.211	|0.9484	|0.8367
[2022-10-13 18:45:44,486]     5 |0.139	|0.9714	|0.8067
[2022-10-13 18:45:56,974]     6 |0.122	|0.9783	|0.8349
[2022-10-13 18:46:09,246]     7 |0.090	|0.9764	|0.8148
[2022-10-13 18:46:09,248] Training done.
[2022-10-13 18:46:09,248] Best validation f1: 0.8367
[2022-10-13 18:46:09,248] ----------------------------------------------------------------------------------------------------
